[0.263s] DEBUG:colcon:Command line arguments: ['/usr/bin/colcon', 'build']
[0.263s] DEBUG:colcon:Parsed command line arguments: Namespace(log_base=None, log_level=None, verb_name='build', build_base='build', install_base='install', merge_install=False, symlink_install=False, test_result_base=None, continue_on_error=False, executor='parallel', parallel_workers=12, event_handlers=None, ignore_user_meta=False, metas=['./colcon.meta'], base_paths=['.'], packages_ignore=None, packages_ignore_regex=None, paths=None, packages_up_to=None, packages_up_to_regex=None, packages_above=None, packages_above_and_dependencies=None, packages_above_depth=None, packages_select_by_dep=None, packages_skip_by_dep=None, packages_skip_up_to=None, packages_select_build_failed=False, packages_skip_build_finished=False, packages_select_test_failures=False, packages_skip_test_passed=False, packages_select=None, packages_skip=None, packages_select_regex=None, packages_skip_regex=None, packages_start=None, packages_end=None, allow_overriding=[], cmake_args=None, cmake_target=None, cmake_target_skip_unavailable=False, cmake_clean_cache=False, cmake_clean_first=False, cmake_force_configure=False, ament_cmake_args=None, catkin_cmake_args=None, catkin_skip_building_tests=False, verb_parser=<colcon_defaults.argument_parser.defaults.DefaultArgumentsDecorator object at 0x7efcb7f88850>, verb_extension=<colcon_core.verb.build.BuildVerb object at 0x7efcb8115c30>, main=<bound method BuildVerb.main of <colcon_core.verb.build.BuildVerb object at 0x7efcb8115c30>>)
[0.475s] Level 1:colcon.colcon_core.package_discovery:discover_packages(colcon_meta) check parameters
[0.475s] Level 1:colcon.colcon_core.package_discovery:discover_packages(recursive) check parameters
[0.476s] Level 1:colcon.colcon_core.package_discovery:discover_packages(ignore) check parameters
[0.476s] Level 1:colcon.colcon_core.package_discovery:discover_packages(path) check parameters
[0.476s] Level 1:colcon.colcon_core.package_discovery:discover_packages(colcon_meta) discover
[0.476s] Level 1:colcon.colcon_core.package_discovery:discover_packages(recursive) discover
[0.476s] INFO:colcon.colcon_core.package_discovery:Crawling recursively for packages in '/home/dasunsanjaya080/ROS2_works/course_2'
[0.476s] Level 1:colcon.colcon_core.package_identification:_identify(.) by extensions ['ignore', 'ignore_ament_install']
[0.476s] Level 1:colcon.colcon_core.package_identification:_identify(.) by extension 'ignore'
[0.476s] Level 1:colcon.colcon_core.package_identification:_identify(.) by extension 'ignore_ament_install'
[0.476s] Level 1:colcon.colcon_core.package_identification:_identify(.) by extensions ['colcon_pkg']
[0.476s] Level 1:colcon.colcon_core.package_identification:_identify(.) by extension 'colcon_pkg'
[0.476s] Level 1:colcon.colcon_core.package_identification:_identify(.) by extensions ['colcon_meta']
[0.476s] Level 1:colcon.colcon_core.package_identification:_identify(.) by extension 'colcon_meta'
[0.476s] Level 1:colcon.colcon_core.package_identification:_identify(.) by extensions ['ros']
[0.476s] Level 1:colcon.colcon_core.package_identification:_identify(.) by extension 'ros'
[0.483s] Level 1:colcon.colcon_core.package_identification:_identify(.) by extensions ['cmake', 'python']
[0.483s] Level 1:colcon.colcon_core.package_identification:_identify(.) by extension 'cmake'
[0.483s] Level 1:colcon.colcon_core.package_identification:_identify(.) by extension 'python'
[0.483s] Level 1:colcon.colcon_core.package_identification:_identify(.) by extensions ['python_setup_py']
[0.483s] Level 1:colcon.colcon_core.package_identification:_identify(.) by extension 'python_setup_py'
[0.483s] Level 1:colcon.colcon_core.package_identification:_identify(build) by extensions ['ignore', 'ignore_ament_install']
[0.483s] Level 1:colcon.colcon_core.package_identification:_identify(build) by extension 'ignore'
[0.483s] Level 1:colcon.colcon_core.package_identification:_identify(build) ignored
[0.483s] Level 1:colcon.colcon_core.package_identification:_identify(install) by extensions ['ignore', 'ignore_ament_install']
[0.483s] Level 1:colcon.colcon_core.package_identification:_identify(install) by extension 'ignore'
[0.483s] Level 1:colcon.colcon_core.package_identification:_identify(install) ignored
[0.483s] Level 1:colcon.colcon_core.package_identification:_identify(log) by extensions ['ignore', 'ignore_ament_install']
[0.483s] Level 1:colcon.colcon_core.package_identification:_identify(log) by extension 'ignore'
[0.483s] Level 1:colcon.colcon_core.package_identification:_identify(log) ignored
[0.484s] Level 1:colcon.colcon_core.package_identification:_identify(maps) by extensions ['ignore', 'ignore_ament_install']
[0.484s] Level 1:colcon.colcon_core.package_identification:_identify(maps) by extension 'ignore'
[0.484s] Level 1:colcon.colcon_core.package_identification:_identify(maps) by extension 'ignore_ament_install'
[0.484s] Level 1:colcon.colcon_core.package_identification:_identify(maps) by extensions ['colcon_pkg']
[0.484s] Level 1:colcon.colcon_core.package_identification:_identify(maps) by extension 'colcon_pkg'
[0.484s] Level 1:colcon.colcon_core.package_identification:_identify(maps) by extensions ['colcon_meta']
[0.484s] Level 1:colcon.colcon_core.package_identification:_identify(maps) by extension 'colcon_meta'
[0.484s] Level 1:colcon.colcon_core.package_identification:_identify(maps) by extensions ['ros']
[0.484s] Level 1:colcon.colcon_core.package_identification:_identify(maps) by extension 'ros'
[0.484s] Level 1:colcon.colcon_core.package_identification:_identify(maps) by extensions ['cmake', 'python']
[0.484s] Level 1:colcon.colcon_core.package_identification:_identify(maps) by extension 'cmake'
[0.484s] Level 1:colcon.colcon_core.package_identification:_identify(maps) by extension 'python'
[0.484s] Level 1:colcon.colcon_core.package_identification:_identify(maps) by extensions ['python_setup_py']
[0.484s] Level 1:colcon.colcon_core.package_identification:_identify(maps) by extension 'python_setup_py'
[0.484s] Level 1:colcon.colcon_core.package_identification:_identify(src) by extensions ['ignore', 'ignore_ament_install']
[0.484s] Level 1:colcon.colcon_core.package_identification:_identify(src) by extension 'ignore'
[0.484s] Level 1:colcon.colcon_core.package_identification:_identify(src) by extension 'ignore_ament_install'
[0.484s] Level 1:colcon.colcon_core.package_identification:_identify(src) by extensions ['colcon_pkg']
[0.484s] Level 1:colcon.colcon_core.package_identification:_identify(src) by extension 'colcon_pkg'
[0.484s] Level 1:colcon.colcon_core.package_identification:_identify(src) by extensions ['colcon_meta']
[0.484s] Level 1:colcon.colcon_core.package_identification:_identify(src) by extension 'colcon_meta'
[0.484s] Level 1:colcon.colcon_core.package_identification:_identify(src) by extensions ['ros']
[0.484s] Level 1:colcon.colcon_core.package_identification:_identify(src) by extension 'ros'
[0.484s] Level 1:colcon.colcon_core.package_identification:_identify(src) by extensions ['cmake', 'python']
[0.484s] Level 1:colcon.colcon_core.package_identification:_identify(src) by extension 'cmake'
[0.484s] Level 1:colcon.colcon_core.package_identification:_identify(src) by extension 'python'
[0.484s] Level 1:colcon.colcon_core.package_identification:_identify(src) by extensions ['python_setup_py']
[0.484s] Level 1:colcon.colcon_core.package_identification:_identify(src) by extension 'python_setup_py'
[0.484s] Level 1:colcon.colcon_core.package_identification:_identify(src/turtlebot3_fake_node) by extensions ['ignore', 'ignore_ament_install']
[0.484s] Level 1:colcon.colcon_core.package_identification:_identify(src/turtlebot3_fake_node) by extension 'ignore'
[0.484s] Level 1:colcon.colcon_core.package_identification:_identify(src/turtlebot3_fake_node) by extension 'ignore_ament_install'
[0.484s] Level 1:colcon.colcon_core.package_identification:_identify(src/turtlebot3_fake_node) by extensions ['colcon_pkg']
[0.484s] Level 1:colcon.colcon_core.package_identification:_identify(src/turtlebot3_fake_node) by extension 'colcon_pkg'
[0.484s] Level 1:colcon.colcon_core.package_identification:_identify(src/turtlebot3_fake_node) by extensions ['colcon_meta']
[0.484s] Level 1:colcon.colcon_core.package_identification:_identify(src/turtlebot3_fake_node) by extension 'colcon_meta'
[0.484s] Level 1:colcon.colcon_core.package_identification:_identify(src/turtlebot3_fake_node) by extensions ['ros']
[0.484s] Level 1:colcon.colcon_core.package_identification:_identify(src/turtlebot3_fake_node) by extension 'ros'
[0.486s] DEBUG:colcon.colcon_core.package_identification:Package 'src/turtlebot3_fake_node' with type 'ros.ament_cmake' and name 'turtlebot3_fake_node'
[0.486s] Level 1:colcon.colcon_core.package_identification:_identify(src/turtlebot3_gazebo) by extensions ['ignore', 'ignore_ament_install']
[0.486s] Level 1:colcon.colcon_core.package_identification:_identify(src/turtlebot3_gazebo) by extension 'ignore'
[0.486s] Level 1:colcon.colcon_core.package_identification:_identify(src/turtlebot3_gazebo) by extension 'ignore_ament_install'
[0.486s] Level 1:colcon.colcon_core.package_identification:_identify(src/turtlebot3_gazebo) by extensions ['colcon_pkg']
[0.486s] Level 1:colcon.colcon_core.package_identification:_identify(src/turtlebot3_gazebo) by extension 'colcon_pkg'
[0.486s] Level 1:colcon.colcon_core.package_identification:_identify(src/turtlebot3_gazebo) by extensions ['colcon_meta']
[0.486s] Level 1:colcon.colcon_core.package_identification:_identify(src/turtlebot3_gazebo) by extension 'colcon_meta'
[0.486s] Level 1:colcon.colcon_core.package_identification:_identify(src/turtlebot3_gazebo) by extensions ['ros']
[0.486s] Level 1:colcon.colcon_core.package_identification:_identify(src/turtlebot3_gazebo) by extension 'ros'
[0.487s] DEBUG:colcon.colcon_core.package_identification:Package 'src/turtlebot3_gazebo' with type 'ros.ament_cmake' and name 'turtlebot3_gazebo'
[0.487s] Level 1:colcon.colcon_core.package_identification:_identify(src/turtlebot3_manipulation_gazebo) by extensions ['ignore', 'ignore_ament_install']
[0.487s] Level 1:colcon.colcon_core.package_identification:_identify(src/turtlebot3_manipulation_gazebo) by extension 'ignore'
[0.487s] Level 1:colcon.colcon_core.package_identification:_identify(src/turtlebot3_manipulation_gazebo) by extension 'ignore_ament_install'
[0.487s] Level 1:colcon.colcon_core.package_identification:_identify(src/turtlebot3_manipulation_gazebo) by extensions ['colcon_pkg']
[0.487s] Level 1:colcon.colcon_core.package_identification:_identify(src/turtlebot3_manipulation_gazebo) by extension 'colcon_pkg'
[0.487s] Level 1:colcon.colcon_core.package_identification:_identify(src/turtlebot3_manipulation_gazebo) by extensions ['colcon_meta']
[0.487s] Level 1:colcon.colcon_core.package_identification:_identify(src/turtlebot3_manipulation_gazebo) by extension 'colcon_meta'
[0.487s] Level 1:colcon.colcon_core.package_identification:_identify(src/turtlebot3_manipulation_gazebo) by extensions ['ros']
[0.487s] Level 1:colcon.colcon_core.package_identification:_identify(src/turtlebot3_manipulation_gazebo) by extension 'ros'
[0.487s] DEBUG:colcon.colcon_core.package_identification:Package 'src/turtlebot3_manipulation_gazebo' with type 'ros.ament_cmake' and name 'turtlebot3_manipulation_gazebo'
[0.488s] Level 1:colcon.colcon_core.package_identification:_identify(src/turtlebot3_simulations) by extensions ['ignore', 'ignore_ament_install']
[0.488s] Level 1:colcon.colcon_core.package_identification:_identify(src/turtlebot3_simulations) by extension 'ignore'
[0.488s] Level 1:colcon.colcon_core.package_identification:_identify(src/turtlebot3_simulations) by extension 'ignore_ament_install'
[0.488s] Level 1:colcon.colcon_core.package_identification:_identify(src/turtlebot3_simulations) by extensions ['colcon_pkg']
[0.488s] Level 1:colcon.colcon_core.package_identification:_identify(src/turtlebot3_simulations) by extension 'colcon_pkg'
[0.488s] Level 1:colcon.colcon_core.package_identification:_identify(src/turtlebot3_simulations) by extensions ['colcon_meta']
[0.488s] Level 1:colcon.colcon_core.package_identification:_identify(src/turtlebot3_simulations) by extension 'colcon_meta'
[0.488s] Level 1:colcon.colcon_core.package_identification:_identify(src/turtlebot3_simulations) by extensions ['ros']
[0.488s] Level 1:colcon.colcon_core.package_identification:_identify(src/turtlebot3_simulations) by extension 'ros'
[0.488s] DEBUG:colcon.colcon_core.package_identification:Package 'src/turtlebot3_simulations' with type 'ros.ament_cmake' and name 'turtlebot3_simulations'
[0.488s] Level 1:colcon.colcon_core.package_discovery:discover_packages(recursive) using defaults
[0.488s] Level 1:colcon.colcon_core.package_discovery:discover_packages(ignore) discover
[0.488s] Level 1:colcon.colcon_core.package_discovery:discover_packages(ignore) using defaults
[0.488s] Level 1:colcon.colcon_core.package_discovery:discover_packages(path) discover
[0.488s] Level 1:colcon.colcon_core.package_discovery:discover_packages(path) using defaults
[0.519s] Level 1:colcon.colcon_core.package_discovery:discover_packages(prefix_path) check parameters
[0.519s] Level 1:colcon.colcon_core.package_discovery:discover_packages(prefix_path) discover
[0.522s] DEBUG:colcon.colcon_installed_package_information.package_discovery:Found 1 installed packages in /home/dasunsanjaya080/ros2_ws/install
[0.523s] DEBUG:colcon.colcon_installed_package_information.package_discovery:Found 452 installed packages in /opt/ros/humble
[0.524s] Level 1:colcon.colcon_core.package_discovery:discover_packages(prefix_path) using defaults
[0.554s] Level 5:colcon.colcon_core.verb:set package 'turtlebot3_fake_node' build argument 'cmake_args' from command line to 'None'
[0.554s] Level 5:colcon.colcon_core.verb:set package 'turtlebot3_fake_node' build argument 'cmake_target' from command line to 'None'
[0.554s] Level 5:colcon.colcon_core.verb:set package 'turtlebot3_fake_node' build argument 'cmake_target_skip_unavailable' from command line to 'False'
[0.554s] Level 5:colcon.colcon_core.verb:set package 'turtlebot3_fake_node' build argument 'cmake_clean_cache' from command line to 'False'
[0.554s] Level 5:colcon.colcon_core.verb:set package 'turtlebot3_fake_node' build argument 'cmake_clean_first' from command line to 'False'
[0.555s] Level 5:colcon.colcon_core.verb:set package 'turtlebot3_fake_node' build argument 'cmake_force_configure' from command line to 'False'
[0.555s] Level 5:colcon.colcon_core.verb:set package 'turtlebot3_fake_node' build argument 'ament_cmake_args' from command line to 'None'
[0.555s] Level 5:colcon.colcon_core.verb:set package 'turtlebot3_fake_node' build argument 'catkin_cmake_args' from command line to 'None'
[0.555s] Level 5:colcon.colcon_core.verb:set package 'turtlebot3_fake_node' build argument 'catkin_skip_building_tests' from command line to 'False'
[0.555s] DEBUG:colcon.colcon_core.verb:Building package 'turtlebot3_fake_node' with the following arguments: {'ament_cmake_args': None, 'build_base': '/home/dasunsanjaya080/ROS2_works/course_2/build/turtlebot3_fake_node', 'catkin_cmake_args': None, 'catkin_skip_building_tests': False, 'cmake_args': None, 'cmake_clean_cache': False, 'cmake_clean_first': False, 'cmake_force_configure': False, 'cmake_target': None, 'cmake_target_skip_unavailable': False, 'install_base': '/home/dasunsanjaya080/ROS2_works/course_2/install/turtlebot3_fake_node', 'merge_install': False, 'path': '/home/dasunsanjaya080/ROS2_works/course_2/src/turtlebot3_fake_node', 'symlink_install': False, 'test_result_base': None}
[0.555s] Level 5:colcon.colcon_core.verb:set package 'turtlebot3_gazebo' build argument 'cmake_args' from command line to 'None'
[0.555s] Level 5:colcon.colcon_core.verb:set package 'turtlebot3_gazebo' build argument 'cmake_target' from command line to 'None'
[0.555s] Level 5:colcon.colcon_core.verb:set package 'turtlebot3_gazebo' build argument 'cmake_target_skip_unavailable' from command line to 'False'
[0.555s] Level 5:colcon.colcon_core.verb:set package 'turtlebot3_gazebo' build argument 'cmake_clean_cache' from command line to 'False'
[0.555s] Level 5:colcon.colcon_core.verb:set package 'turtlebot3_gazebo' build argument 'cmake_clean_first' from command line to 'False'
[0.555s] Level 5:colcon.colcon_core.verb:set package 'turtlebot3_gazebo' build argument 'cmake_force_configure' from command line to 'False'
[0.555s] Level 5:colcon.colcon_core.verb:set package 'turtlebot3_gazebo' build argument 'ament_cmake_args' from command line to 'None'
[0.555s] Level 5:colcon.colcon_core.verb:set package 'turtlebot3_gazebo' build argument 'catkin_cmake_args' from command line to 'None'
[0.555s] Level 5:colcon.colcon_core.verb:set package 'turtlebot3_gazebo' build argument 'catkin_skip_building_tests' from command line to 'False'
[0.555s] DEBUG:colcon.colcon_core.verb:Building package 'turtlebot3_gazebo' with the following arguments: {'ament_cmake_args': None, 'build_base': '/home/dasunsanjaya080/ROS2_works/course_2/build/turtlebot3_gazebo', 'catkin_cmake_args': None, 'catkin_skip_building_tests': False, 'cmake_args': None, 'cmake_clean_cache': False, 'cmake_clean_first': False, 'cmake_force_configure': False, 'cmake_target': None, 'cmake_target_skip_unavailable': False, 'install_base': '/home/dasunsanjaya080/ROS2_works/course_2/install/turtlebot3_gazebo', 'merge_install': False, 'path': '/home/dasunsanjaya080/ROS2_works/course_2/src/turtlebot3_gazebo', 'symlink_install': False, 'test_result_base': None}
[0.555s] Level 5:colcon.colcon_core.verb:set package 'turtlebot3_manipulation_gazebo' build argument 'cmake_args' from command line to 'None'
[0.555s] Level 5:colcon.colcon_core.verb:set package 'turtlebot3_manipulation_gazebo' build argument 'cmake_target' from command line to 'None'
[0.555s] Level 5:colcon.colcon_core.verb:set package 'turtlebot3_manipulation_gazebo' build argument 'cmake_target_skip_unavailable' from command line to 'False'
[0.555s] Level 5:colcon.colcon_core.verb:set package 'turtlebot3_manipulation_gazebo' build argument 'cmake_clean_cache' from command line to 'False'
[0.555s] Level 5:colcon.colcon_core.verb:set package 'turtlebot3_manipulation_gazebo' build argument 'cmake_clean_first' from command line to 'False'
[0.555s] Level 5:colcon.colcon_core.verb:set package 'turtlebot3_manipulation_gazebo' build argument 'cmake_force_configure' from command line to 'False'
[0.555s] Level 5:colcon.colcon_core.verb:set package 'turtlebot3_manipulation_gazebo' build argument 'ament_cmake_args' from command line to 'None'
[0.555s] Level 5:colcon.colcon_core.verb:set package 'turtlebot3_manipulation_gazebo' build argument 'catkin_cmake_args' from command line to 'None'
[0.555s] Level 5:colcon.colcon_core.verb:set package 'turtlebot3_manipulation_gazebo' build argument 'catkin_skip_building_tests' from command line to 'False'
[0.555s] DEBUG:colcon.colcon_core.verb:Building package 'turtlebot3_manipulation_gazebo' with the following arguments: {'ament_cmake_args': None, 'build_base': '/home/dasunsanjaya080/ROS2_works/course_2/build/turtlebot3_manipulation_gazebo', 'catkin_cmake_args': None, 'catkin_skip_building_tests': False, 'cmake_args': None, 'cmake_clean_cache': False, 'cmake_clean_first': False, 'cmake_force_configure': False, 'cmake_target': None, 'cmake_target_skip_unavailable': False, 'install_base': '/home/dasunsanjaya080/ROS2_works/course_2/install/turtlebot3_manipulation_gazebo', 'merge_install': False, 'path': '/home/dasunsanjaya080/ROS2_works/course_2/src/turtlebot3_manipulation_gazebo', 'symlink_install': False, 'test_result_base': None}
[0.555s] Level 5:colcon.colcon_core.verb:set package 'turtlebot3_simulations' build argument 'cmake_args' from command line to 'None'
[0.555s] Level 5:colcon.colcon_core.verb:set package 'turtlebot3_simulations' build argument 'cmake_target' from command line to 'None'
[0.555s] Level 5:colcon.colcon_core.verb:set package 'turtlebot3_simulations' build argument 'cmake_target_skip_unavailable' from command line to 'False'
[0.555s] Level 5:colcon.colcon_core.verb:set package 'turtlebot3_simulations' build argument 'cmake_clean_cache' from command line to 'False'
[0.555s] Level 5:colcon.colcon_core.verb:set package 'turtlebot3_simulations' build argument 'cmake_clean_first' from command line to 'False'
[0.555s] Level 5:colcon.colcon_core.verb:set package 'turtlebot3_simulations' build argument 'cmake_force_configure' from command line to 'False'
[0.555s] Level 5:colcon.colcon_core.verb:set package 'turtlebot3_simulations' build argument 'ament_cmake_args' from command line to 'None'
[0.555s] Level 5:colcon.colcon_core.verb:set package 'turtlebot3_simulations' build argument 'catkin_cmake_args' from command line to 'None'
[0.555s] Level 5:colcon.colcon_core.verb:set package 'turtlebot3_simulations' build argument 'catkin_skip_building_tests' from command line to 'False'
[0.555s] DEBUG:colcon.colcon_core.verb:Building package 'turtlebot3_simulations' with the following arguments: {'ament_cmake_args': None, 'build_base': '/home/dasunsanjaya080/ROS2_works/course_2/build/turtlebot3_simulations', 'catkin_cmake_args': None, 'catkin_skip_building_tests': False, 'cmake_args': None, 'cmake_clean_cache': False, 'cmake_clean_first': False, 'cmake_force_configure': False, 'cmake_target': None, 'cmake_target_skip_unavailable': False, 'install_base': '/home/dasunsanjaya080/ROS2_works/course_2/install/turtlebot3_simulations', 'merge_install': False, 'path': '/home/dasunsanjaya080/ROS2_works/course_2/src/turtlebot3_simulations', 'symlink_install': False, 'test_result_base': None}
[0.555s] INFO:colcon.colcon_core.executor:Executing jobs using 'parallel' executor
[0.556s] DEBUG:colcon.colcon_parallel_executor.executor.parallel:run_until_complete
[0.557s] INFO:colcon.colcon_ros.task.ament_cmake.build:Building ROS package in '/home/dasunsanjaya080/ROS2_works/course_2/src/turtlebot3_fake_node' with build type 'ament_cmake'
[0.557s] INFO:colcon.colcon_cmake.task.cmake.build:Building CMake package in '/home/dasunsanjaya080/ROS2_works/course_2/src/turtlebot3_fake_node'
[0.563s] INFO:colcon.colcon_core.plugin_system:Skipping extension 'colcon_core.shell.bat': Not used on non-Windows systems
[0.563s] INFO:colcon.colcon_core.shell:Skip shell extension 'powershell' for command environment: Not usable outside of PowerShell
[0.563s] DEBUG:colcon.colcon_core.shell:Skip shell extension 'dsv' for command environment
[0.566s] INFO:colcon.colcon_ros.task.ament_cmake.build:Building ROS package in '/home/dasunsanjaya080/ROS2_works/course_2/src/turtlebot3_gazebo' with build type 'ament_cmake'
[0.566s] INFO:colcon.colcon_cmake.task.cmake.build:Building CMake package in '/home/dasunsanjaya080/ROS2_works/course_2/src/turtlebot3_gazebo'
[0.566s] INFO:colcon.colcon_core.shell:Skip shell extension 'powershell' for command environment: Not usable outside of PowerShell
[0.566s] DEBUG:colcon.colcon_core.shell:Skip shell extension 'dsv' for command environment
[0.569s] INFO:colcon.colcon_ros.task.ament_cmake.build:Building ROS package in '/home/dasunsanjaya080/ROS2_works/course_2/src/turtlebot3_manipulation_gazebo' with build type 'ament_cmake'
[0.570s] INFO:colcon.colcon_cmake.task.cmake.build:Building CMake package in '/home/dasunsanjaya080/ROS2_works/course_2/src/turtlebot3_manipulation_gazebo'
[0.570s] INFO:colcon.colcon_core.shell:Skip shell extension 'powershell' for command environment: Not usable outside of PowerShell
[0.570s] DEBUG:colcon.colcon_core.shell:Skip shell extension 'dsv' for command environment
[0.577s] DEBUG:colcon.colcon_core.event_handler.log_command:Invoking command in '/home/dasunsanjaya080/ROS2_works/course_2/build/turtlebot3_fake_node': CMAKE_PREFIX_PATH=/home/dasunsanjaya080/ros2_ws/install/my_robot_controller:/opt/ros/humble /usr/bin/cmake /home/dasunsanjaya080/ROS2_works/course_2/src/turtlebot3_fake_node -DCMAKE_INSTALL_PREFIX=/home/dasunsanjaya080/ROS2_works/course_2/install/turtlebot3_fake_node
[0.581s] DEBUG:colcon.colcon_core.event_handler.log_command:Invoking command in '/home/dasunsanjaya080/ROS2_works/course_2/build/turtlebot3_gazebo': CMAKE_PREFIX_PATH=/home/dasunsanjaya080/ros2_ws/install/my_robot_controller:/opt/ros/humble /usr/bin/cmake /home/dasunsanjaya080/ROS2_works/course_2/src/turtlebot3_gazebo -DCMAKE_INSTALL_PREFIX=/home/dasunsanjaya080/ROS2_works/course_2/install/turtlebot3_gazebo
[0.584s] DEBUG:colcon.colcon_core.event_handler.log_command:Invoking command in '/home/dasunsanjaya080/ROS2_works/course_2/build/turtlebot3_manipulation_gazebo': CMAKE_PREFIX_PATH=/home/dasunsanjaya080/ros2_ws/install/my_robot_controller:/opt/ros/humble /usr/bin/cmake /home/dasunsanjaya080/ROS2_works/course_2/src/turtlebot3_manipulation_gazebo -DCMAKE_INSTALL_PREFIX=/home/dasunsanjaya080/ROS2_works/course_2/install/turtlebot3_manipulation_gazebo
[3.108s] DEBUG:colcon.colcon_core.event_handler.log_command:Invoked command in '/home/dasunsanjaya080/ROS2_works/course_2/build/turtlebot3_manipulation_gazebo' returned '0': CMAKE_PREFIX_PATH=/home/dasunsanjaya080/ros2_ws/install/my_robot_controller:/opt/ros/humble /usr/bin/cmake /home/dasunsanjaya080/ROS2_works/course_2/src/turtlebot3_manipulation_gazebo -DCMAKE_INSTALL_PREFIX=/home/dasunsanjaya080/ROS2_works/course_2/install/turtlebot3_manipulation_gazebo
[3.108s] DEBUG:colcon.colcon_core.event_handler.log_command:Invoking command in '/home/dasunsanjaya080/ROS2_works/course_2/build/turtlebot3_manipulation_gazebo': CMAKE_PREFIX_PATH=/home/dasunsanjaya080/ros2_ws/install/my_robot_controller:/opt/ros/humble /usr/bin/cmake --build /home/dasunsanjaya080/ROS2_works/course_2/build/turtlebot3_manipulation_gazebo -- -j12 -l12
[3.128s] DEBUG:colcon.colcon_core.event_handler.log_command:Invoked command in '/home/dasunsanjaya080/ROS2_works/course_2/build/turtlebot3_manipulation_gazebo' returned '0': CMAKE_PREFIX_PATH=/home/dasunsanjaya080/ros2_ws/install/my_robot_controller:/opt/ros/humble /usr/bin/cmake --build /home/dasunsanjaya080/ROS2_works/course_2/build/turtlebot3_manipulation_gazebo -- -j12 -l12
[3.134s] DEBUG:colcon.colcon_core.event_handler.log_command:Invoking command in '/home/dasunsanjaya080/ROS2_works/course_2/build/turtlebot3_manipulation_gazebo': CMAKE_PREFIX_PATH=/home/dasunsanjaya080/ros2_ws/install/my_robot_controller:/opt/ros/humble /usr/bin/cmake --install /home/dasunsanjaya080/ROS2_works/course_2/build/turtlebot3_manipulation_gazebo
[3.158s] Level 1:colcon.colcon_core.environment:create_environment_scripts_only(turtlebot3_manipulation_gazebo)
[3.158s] DEBUG:colcon.colcon_core.event_handler.log_command:Invoked command in '/home/dasunsanjaya080/ROS2_works/course_2/build/turtlebot3_manipulation_gazebo' returned '0': CMAKE_PREFIX_PATH=/home/dasunsanjaya080/ros2_ws/install/my_robot_controller:/opt/ros/humble /usr/bin/cmake --install /home/dasunsanjaya080/ROS2_works/course_2/build/turtlebot3_manipulation_gazebo
[3.165s] Level 1:colcon.colcon_core.environment:checking '/home/dasunsanjaya080/ROS2_works/course_2/install/turtlebot3_manipulation_gazebo' for CMake module files
[3.165s] Level 1:colcon.colcon_core.environment:checking '/home/dasunsanjaya080/ROS2_works/course_2/install/turtlebot3_manipulation_gazebo' for CMake config files
[3.165s] Level 1:colcon.colcon_core.shell:create_environment_hook('turtlebot3_manipulation_gazebo', 'cmake_prefix_path')
[3.166s] INFO:colcon.colcon_core.shell:Creating environment hook '/home/dasunsanjaya080/ROS2_works/course_2/install/turtlebot3_manipulation_gazebo/share/turtlebot3_manipulation_gazebo/hook/cmake_prefix_path.ps1'
[3.166s] INFO:colcon.colcon_core.shell:Creating environment descriptor '/home/dasunsanjaya080/ROS2_works/course_2/install/turtlebot3_manipulation_gazebo/share/turtlebot3_manipulation_gazebo/hook/cmake_prefix_path.dsv'
[3.167s] INFO:colcon.colcon_core.shell:Creating environment hook '/home/dasunsanjaya080/ROS2_works/course_2/install/turtlebot3_manipulation_gazebo/share/turtlebot3_manipulation_gazebo/hook/cmake_prefix_path.sh'
[3.168s] Level 1:colcon.colcon_core.environment:checking '/home/dasunsanjaya080/ROS2_works/course_2/install/turtlebot3_manipulation_gazebo/bin'
[3.168s] Level 1:colcon.colcon_core.environment:checking '/home/dasunsanjaya080/ROS2_works/course_2/install/turtlebot3_manipulation_gazebo/lib/pkgconfig/turtlebot3_manipulation_gazebo.pc'
[3.168s] Level 1:colcon.colcon_core.environment:checking '/home/dasunsanjaya080/ROS2_works/course_2/install/turtlebot3_manipulation_gazebo/lib/python3.10/site-packages'
[3.168s] Level 1:colcon.colcon_core.environment:checking '/home/dasunsanjaya080/ROS2_works/course_2/install/turtlebot3_manipulation_gazebo/bin'
[3.168s] INFO:colcon.colcon_core.shell:Creating package script '/home/dasunsanjaya080/ROS2_works/course_2/install/turtlebot3_manipulation_gazebo/share/turtlebot3_manipulation_gazebo/package.ps1'
[3.169s] INFO:colcon.colcon_core.shell:Creating package descriptor '/home/dasunsanjaya080/ROS2_works/course_2/install/turtlebot3_manipulation_gazebo/share/turtlebot3_manipulation_gazebo/package.dsv'
[3.169s] INFO:colcon.colcon_core.shell:Creating package script '/home/dasunsanjaya080/ROS2_works/course_2/install/turtlebot3_manipulation_gazebo/share/turtlebot3_manipulation_gazebo/package.sh'
[3.170s] INFO:colcon.colcon_core.shell:Creating package script '/home/dasunsanjaya080/ROS2_works/course_2/install/turtlebot3_manipulation_gazebo/share/turtlebot3_manipulation_gazebo/package.bash'
[3.171s] INFO:colcon.colcon_core.shell:Creating package script '/home/dasunsanjaya080/ROS2_works/course_2/install/turtlebot3_manipulation_gazebo/share/turtlebot3_manipulation_gazebo/package.zsh'
[3.172s] Level 1:colcon.colcon_core.environment:create_file_with_runtime_dependencies(/home/dasunsanjaya080/ROS2_works/course_2/install/turtlebot3_manipulation_gazebo/share/colcon-core/packages/turtlebot3_manipulation_gazebo)
[3.172s] Level 1:colcon.colcon_core.environment:create_environment_scripts_only(turtlebot3_manipulation_gazebo)
[3.173s] Level 1:colcon.colcon_core.environment:checking '/home/dasunsanjaya080/ROS2_works/course_2/install/turtlebot3_manipulation_gazebo' for CMake module files
[3.173s] Level 1:colcon.colcon_core.environment:checking '/home/dasunsanjaya080/ROS2_works/course_2/install/turtlebot3_manipulation_gazebo' for CMake config files
[3.174s] Level 1:colcon.colcon_core.shell:create_environment_hook('turtlebot3_manipulation_gazebo', 'cmake_prefix_path')
[3.174s] INFO:colcon.colcon_core.shell:Creating environment hook '/home/dasunsanjaya080/ROS2_works/course_2/install/turtlebot3_manipulation_gazebo/share/turtlebot3_manipulation_gazebo/hook/cmake_prefix_path.ps1'
[3.174s] INFO:colcon.colcon_core.shell:Creating environment descriptor '/home/dasunsanjaya080/ROS2_works/course_2/install/turtlebot3_manipulation_gazebo/share/turtlebot3_manipulation_gazebo/hook/cmake_prefix_path.dsv'
[3.174s] INFO:colcon.colcon_core.shell:Creating environment hook '/home/dasunsanjaya080/ROS2_works/course_2/install/turtlebot3_manipulation_gazebo/share/turtlebot3_manipulation_gazebo/hook/cmake_prefix_path.sh'
[3.174s] Level 1:colcon.colcon_core.environment:checking '/home/dasunsanjaya080/ROS2_works/course_2/install/turtlebot3_manipulation_gazebo/bin'
[3.175s] Level 1:colcon.colcon_core.environment:checking '/home/dasunsanjaya080/ROS2_works/course_2/install/turtlebot3_manipulation_gazebo/lib/pkgconfig/turtlebot3_manipulation_gazebo.pc'
[3.175s] Level 1:colcon.colcon_core.environment:checking '/home/dasunsanjaya080/ROS2_works/course_2/install/turtlebot3_manipulation_gazebo/lib/python3.10/site-packages'
[3.175s] Level 1:colcon.colcon_core.environment:checking '/home/dasunsanjaya080/ROS2_works/course_2/install/turtlebot3_manipulation_gazebo/bin'
[3.175s] INFO:colcon.colcon_core.shell:Creating package script '/home/dasunsanjaya080/ROS2_works/course_2/install/turtlebot3_manipulation_gazebo/share/turtlebot3_manipulation_gazebo/package.ps1'
[3.175s] INFO:colcon.colcon_core.shell:Creating package descriptor '/home/dasunsanjaya080/ROS2_works/course_2/install/turtlebot3_manipulation_gazebo/share/turtlebot3_manipulation_gazebo/package.dsv'
[3.175s] INFO:colcon.colcon_core.shell:Creating package script '/home/dasunsanjaya080/ROS2_works/course_2/install/turtlebot3_manipulation_gazebo/share/turtlebot3_manipulation_gazebo/package.sh'
[3.176s] INFO:colcon.colcon_core.shell:Creating package script '/home/dasunsanjaya080/ROS2_works/course_2/install/turtlebot3_manipulation_gazebo/share/turtlebot3_manipulation_gazebo/package.bash'
[3.176s] INFO:colcon.colcon_core.shell:Creating package script '/home/dasunsanjaya080/ROS2_works/course_2/install/turtlebot3_manipulation_gazebo/share/turtlebot3_manipulation_gazebo/package.zsh'
[3.176s] Level 1:colcon.colcon_core.environment:create_file_with_runtime_dependencies(/home/dasunsanjaya080/ROS2_works/course_2/install/turtlebot3_manipulation_gazebo/share/colcon-core/packages/turtlebot3_manipulation_gazebo)
[4.428s] DEBUG:colcon.colcon_core.event_handler.log_command:Invoked command in '/home/dasunsanjaya080/ROS2_works/course_2/build/turtlebot3_fake_node' returned '0': CMAKE_PREFIX_PATH=/home/dasunsanjaya080/ros2_ws/install/my_robot_controller:/opt/ros/humble /usr/bin/cmake /home/dasunsanjaya080/ROS2_works/course_2/src/turtlebot3_fake_node -DCMAKE_INSTALL_PREFIX=/home/dasunsanjaya080/ROS2_works/course_2/install/turtlebot3_fake_node
[4.430s] DEBUG:colcon.colcon_core.event_handler.log_command:Invoking command in '/home/dasunsanjaya080/ROS2_works/course_2/build/turtlebot3_fake_node': CMAKE_PREFIX_PATH=/home/dasunsanjaya080/ros2_ws/install/my_robot_controller:/opt/ros/humble /usr/bin/cmake --build /home/dasunsanjaya080/ROS2_works/course_2/build/turtlebot3_fake_node -- -j12 -l12
[11.858s] DEBUG:colcon.colcon_core.event_handler.log_command:Invoked command in '/home/dasunsanjaya080/ROS2_works/course_2/build/turtlebot3_fake_node' returned '0': CMAKE_PREFIX_PATH=/home/dasunsanjaya080/ros2_ws/install/my_robot_controller:/opt/ros/humble /usr/bin/cmake --build /home/dasunsanjaya080/ROS2_works/course_2/build/turtlebot3_fake_node -- -j12 -l12
[11.860s] DEBUG:colcon.colcon_core.event_handler.log_command:Invoking command in '/home/dasunsanjaya080/ROS2_works/course_2/build/turtlebot3_fake_node': CMAKE_PREFIX_PATH=/home/dasunsanjaya080/ros2_ws/install/my_robot_controller:/opt/ros/humble /usr/bin/cmake --install /home/dasunsanjaya080/ROS2_works/course_2/build/turtlebot3_fake_node
[11.871s] Level 1:colcon.colcon_core.environment:create_environment_scripts_only(turtlebot3_fake_node)
[11.871s] DEBUG:colcon.colcon_core.event_handler.log_command:Invoked command in '/home/dasunsanjaya080/ROS2_works/course_2/build/turtlebot3_fake_node' returned '0': CMAKE_PREFIX_PATH=/home/dasunsanjaya080/ros2_ws/install/my_robot_controller:/opt/ros/humble /usr/bin/cmake --install /home/dasunsanjaya080/ROS2_works/course_2/build/turtlebot3_fake_node
[11.871s] Level 1:colcon.colcon_core.environment:checking '/home/dasunsanjaya080/ROS2_works/course_2/install/turtlebot3_fake_node' for CMake module files
[11.872s] Level 1:colcon.colcon_core.environment:checking '/home/dasunsanjaya080/ROS2_works/course_2/install/turtlebot3_fake_node' for CMake config files
[11.872s] Level 1:colcon.colcon_core.shell:create_environment_hook('turtlebot3_fake_node', 'cmake_prefix_path')
[11.872s] INFO:colcon.colcon_core.shell:Creating environment hook '/home/dasunsanjaya080/ROS2_works/course_2/install/turtlebot3_fake_node/share/turtlebot3_fake_node/hook/cmake_prefix_path.ps1'
[11.872s] INFO:colcon.colcon_core.shell:Creating environment descriptor '/home/dasunsanjaya080/ROS2_works/course_2/install/turtlebot3_fake_node/share/turtlebot3_fake_node/hook/cmake_prefix_path.dsv'
[11.872s] INFO:colcon.colcon_core.shell:Creating environment hook '/home/dasunsanjaya080/ROS2_works/course_2/install/turtlebot3_fake_node/share/turtlebot3_fake_node/hook/cmake_prefix_path.sh'
[11.873s] Level 1:colcon.colcon_core.environment:checking '/home/dasunsanjaya080/ROS2_works/course_2/install/turtlebot3_fake_node/lib'
[11.873s] Level 1:colcon.colcon_core.environment:checking '/home/dasunsanjaya080/ROS2_works/course_2/install/turtlebot3_fake_node/bin'
[11.873s] Level 1:colcon.colcon_core.environment:checking '/home/dasunsanjaya080/ROS2_works/course_2/install/turtlebot3_fake_node/lib/pkgconfig/turtlebot3_fake_node.pc'
[11.873s] Level 1:colcon.colcon_core.environment:checking '/home/dasunsanjaya080/ROS2_works/course_2/install/turtlebot3_fake_node/lib/python3.10/site-packages'
[11.873s] Level 1:colcon.colcon_core.environment:checking '/home/dasunsanjaya080/ROS2_works/course_2/install/turtlebot3_fake_node/bin'
[11.874s] INFO:colcon.colcon_core.shell:Creating package script '/home/dasunsanjaya080/ROS2_works/course_2/install/turtlebot3_fake_node/share/turtlebot3_fake_node/package.ps1'
[11.874s] INFO:colcon.colcon_core.shell:Creating package descriptor '/home/dasunsanjaya080/ROS2_works/course_2/install/turtlebot3_fake_node/share/turtlebot3_fake_node/package.dsv'
[11.874s] INFO:colcon.colcon_core.shell:Creating package script '/home/dasunsanjaya080/ROS2_works/course_2/install/turtlebot3_fake_node/share/turtlebot3_fake_node/package.sh'
[11.874s] INFO:colcon.colcon_core.shell:Creating package script '/home/dasunsanjaya080/ROS2_works/course_2/install/turtlebot3_fake_node/share/turtlebot3_fake_node/package.bash'
[11.875s] INFO:colcon.colcon_core.shell:Creating package script '/home/dasunsanjaya080/ROS2_works/course_2/install/turtlebot3_fake_node/share/turtlebot3_fake_node/package.zsh'
[11.875s] Level 1:colcon.colcon_core.environment:create_file_with_runtime_dependencies(/home/dasunsanjaya080/ROS2_works/course_2/install/turtlebot3_fake_node/share/colcon-core/packages/turtlebot3_fake_node)
[11.875s] Level 1:colcon.colcon_core.environment:create_environment_scripts_only(turtlebot3_fake_node)
[11.875s] Level 1:colcon.colcon_core.environment:checking '/home/dasunsanjaya080/ROS2_works/course_2/install/turtlebot3_fake_node' for CMake module files
[11.876s] Level 1:colcon.colcon_core.environment:checking '/home/dasunsanjaya080/ROS2_works/course_2/install/turtlebot3_fake_node' for CMake config files
[11.876s] Level 1:colcon.colcon_core.shell:create_environment_hook('turtlebot3_fake_node', 'cmake_prefix_path')
[11.876s] INFO:colcon.colcon_core.shell:Creating environment hook '/home/dasunsanjaya080/ROS2_works/course_2/install/turtlebot3_fake_node/share/turtlebot3_fake_node/hook/cmake_prefix_path.ps1'
[11.876s] INFO:colcon.colcon_core.shell:Creating environment descriptor '/home/dasunsanjaya080/ROS2_works/course_2/install/turtlebot3_fake_node/share/turtlebot3_fake_node/hook/cmake_prefix_path.dsv'
[11.876s] INFO:colcon.colcon_core.shell:Creating environment hook '/home/dasunsanjaya080/ROS2_works/course_2/install/turtlebot3_fake_node/share/turtlebot3_fake_node/hook/cmake_prefix_path.sh'
[11.877s] Level 1:colcon.colcon_core.environment:checking '/home/dasunsanjaya080/ROS2_works/course_2/install/turtlebot3_fake_node/lib'
[11.877s] Level 1:colcon.colcon_core.environment:checking '/home/dasunsanjaya080/ROS2_works/course_2/install/turtlebot3_fake_node/bin'
[11.877s] Level 1:colcon.colcon_core.environment:checking '/home/dasunsanjaya080/ROS2_works/course_2/install/turtlebot3_fake_node/lib/pkgconfig/turtlebot3_fake_node.pc'
[11.877s] Level 1:colcon.colcon_core.environment:checking '/home/dasunsanjaya080/ROS2_works/course_2/install/turtlebot3_fake_node/lib/python3.10/site-packages'
[11.877s] Level 1:colcon.colcon_core.environment:checking '/home/dasunsanjaya080/ROS2_works/course_2/install/turtlebot3_fake_node/bin'
[11.877s] INFO:colcon.colcon_core.shell:Creating package script '/home/dasunsanjaya080/ROS2_works/course_2/install/turtlebot3_fake_node/share/turtlebot3_fake_node/package.ps1'
[11.877s] INFO:colcon.colcon_core.shell:Creating package descriptor '/home/dasunsanjaya080/ROS2_works/course_2/install/turtlebot3_fake_node/share/turtlebot3_fake_node/package.dsv'
[11.878s] INFO:colcon.colcon_core.shell:Creating package script '/home/dasunsanjaya080/ROS2_works/course_2/install/turtlebot3_fake_node/share/turtlebot3_fake_node/package.sh'
[11.878s] INFO:colcon.colcon_core.shell:Creating package script '/home/dasunsanjaya080/ROS2_works/course_2/install/turtlebot3_fake_node/share/turtlebot3_fake_node/package.bash'
[11.878s] INFO:colcon.colcon_core.shell:Creating package script '/home/dasunsanjaya080/ROS2_works/course_2/install/turtlebot3_fake_node/share/turtlebot3_fake_node/package.zsh'
[11.878s] Level 1:colcon.colcon_core.environment:create_file_with_runtime_dependencies(/home/dasunsanjaya080/ROS2_works/course_2/install/turtlebot3_fake_node/share/colcon-core/packages/turtlebot3_fake_node)
[49.988s] DEBUG:colcon.colcon_core.event_handler.log_command:Invoked command in '/home/dasunsanjaya080/ROS2_works/course_2/build/turtlebot3_gazebo' returned '0': CMAKE_PREFIX_PATH=/home/dasunsanjaya080/ros2_ws/install/my_robot_controller:/opt/ros/humble /usr/bin/cmake /home/dasunsanjaya080/ROS2_works/course_2/src/turtlebot3_gazebo -DCMAKE_INSTALL_PREFIX=/home/dasunsanjaya080/ROS2_works/course_2/install/turtlebot3_gazebo
[49.990s] DEBUG:colcon.colcon_core.event_handler.log_command:Invoking command in '/home/dasunsanjaya080/ROS2_works/course_2/build/turtlebot3_gazebo': CMAKE_PREFIX_PATH=/home/dasunsanjaya080/ros2_ws/install/my_robot_controller:/opt/ros/humble /usr/bin/cmake --build /home/dasunsanjaya080/ROS2_works/course_2/build/turtlebot3_gazebo -- -j12 -l12
[65.271s] DEBUG:colcon.colcon_core.event_handler.log_command:Invoked command in '/home/dasunsanjaya080/ROS2_works/course_2/build/turtlebot3_gazebo' returned '0': CMAKE_PREFIX_PATH=/home/dasunsanjaya080/ros2_ws/install/my_robot_controller:/opt/ros/humble /usr/bin/cmake --build /home/dasunsanjaya080/ROS2_works/course_2/build/turtlebot3_gazebo -- -j12 -l12
[65.273s] DEBUG:colcon.colcon_core.event_handler.log_command:Invoking command in '/home/dasunsanjaya080/ROS2_works/course_2/build/turtlebot3_gazebo': CMAKE_PREFIX_PATH=/home/dasunsanjaya080/ros2_ws/install/my_robot_controller:/opt/ros/humble /usr/bin/cmake --install /home/dasunsanjaya080/ROS2_works/course_2/build/turtlebot3_gazebo
[65.320s] Level 1:colcon.colcon_core.environment:create_environment_scripts_only(turtlebot3_gazebo)
[65.320s] Level 1:colcon.colcon_core.environment:checking '/home/dasunsanjaya080/ROS2_works/course_2/install/turtlebot3_gazebo' for CMake module files
[65.321s] DEBUG:colcon.colcon_core.event_handler.log_command:Invoked command in '/home/dasunsanjaya080/ROS2_works/course_2/build/turtlebot3_gazebo' returned '0': CMAKE_PREFIX_PATH=/home/dasunsanjaya080/ros2_ws/install/my_robot_controller:/opt/ros/humble /usr/bin/cmake --install /home/dasunsanjaya080/ROS2_works/course_2/build/turtlebot3_gazebo
[65.321s] Level 1:colcon.colcon_core.environment:checking '/home/dasunsanjaya080/ROS2_works/course_2/install/turtlebot3_gazebo' for CMake config files
[65.322s] Level 1:colcon.colcon_core.shell:create_environment_hook('turtlebot3_gazebo', 'cmake_prefix_path')
[65.322s] INFO:colcon.colcon_core.shell:Creating environment hook '/home/dasunsanjaya080/ROS2_works/course_2/install/turtlebot3_gazebo/share/turtlebot3_gazebo/hook/cmake_prefix_path.ps1'
[65.322s] INFO:colcon.colcon_core.shell:Creating environment descriptor '/home/dasunsanjaya080/ROS2_works/course_2/install/turtlebot3_gazebo/share/turtlebot3_gazebo/hook/cmake_prefix_path.dsv'
[65.322s] INFO:colcon.colcon_core.shell:Creating environment hook '/home/dasunsanjaya080/ROS2_works/course_2/install/turtlebot3_gazebo/share/turtlebot3_gazebo/hook/cmake_prefix_path.sh'
[65.323s] Level 1:colcon.colcon_core.environment:checking '/home/dasunsanjaya080/ROS2_works/course_2/install/turtlebot3_gazebo/lib'
[65.323s] Level 1:colcon.colcon_core.environment:checking '/home/dasunsanjaya080/ROS2_works/course_2/install/turtlebot3_gazebo/bin'
[65.323s] Level 1:colcon.colcon_core.environment:checking '/home/dasunsanjaya080/ROS2_works/course_2/install/turtlebot3_gazebo/lib/pkgconfig/turtlebot3_gazebo.pc'
[65.323s] Level 1:colcon.colcon_core.environment:checking '/home/dasunsanjaya080/ROS2_works/course_2/install/turtlebot3_gazebo/lib/python3.10/site-packages'
[65.323s] Level 1:colcon.colcon_core.environment:checking '/home/dasunsanjaya080/ROS2_works/course_2/install/turtlebot3_gazebo/bin'
[65.323s] INFO:colcon.colcon_core.shell:Creating package script '/home/dasunsanjaya080/ROS2_works/course_2/install/turtlebot3_gazebo/share/turtlebot3_gazebo/package.ps1'
[65.324s] INFO:colcon.colcon_core.shell:Creating package descriptor '/home/dasunsanjaya080/ROS2_works/course_2/install/turtlebot3_gazebo/share/turtlebot3_gazebo/package.dsv'
[65.324s] INFO:colcon.colcon_core.shell:Creating package script '/home/dasunsanjaya080/ROS2_works/course_2/install/turtlebot3_gazebo/share/turtlebot3_gazebo/package.sh'
[65.324s] INFO:colcon.colcon_core.shell:Creating package script '/home/dasunsanjaya080/ROS2_works/course_2/install/turtlebot3_gazebo/share/turtlebot3_gazebo/package.bash'
[65.324s] INFO:colcon.colcon_core.shell:Creating package script '/home/dasunsanjaya080/ROS2_works/course_2/install/turtlebot3_gazebo/share/turtlebot3_gazebo/package.zsh'
[65.324s] Level 1:colcon.colcon_core.environment:create_file_with_runtime_dependencies(/home/dasunsanjaya080/ROS2_works/course_2/install/turtlebot3_gazebo/share/colcon-core/packages/turtlebot3_gazebo)
[65.325s] Level 1:colcon.colcon_core.environment:create_environment_scripts_only(turtlebot3_gazebo)
[65.325s] Level 1:colcon.colcon_core.environment:checking '/home/dasunsanjaya080/ROS2_works/course_2/install/turtlebot3_gazebo' for CMake module files
[65.325s] Level 1:colcon.colcon_core.environment:checking '/home/dasunsanjaya080/ROS2_works/course_2/install/turtlebot3_gazebo' for CMake config files
[65.326s] Level 1:colcon.colcon_core.shell:create_environment_hook('turtlebot3_gazebo', 'cmake_prefix_path')
[65.326s] INFO:colcon.colcon_core.shell:Creating environment hook '/home/dasunsanjaya080/ROS2_works/course_2/install/turtlebot3_gazebo/share/turtlebot3_gazebo/hook/cmake_prefix_path.ps1'
[65.326s] INFO:colcon.colcon_core.shell:Creating environment descriptor '/home/dasunsanjaya080/ROS2_works/course_2/install/turtlebot3_gazebo/share/turtlebot3_gazebo/hook/cmake_prefix_path.dsv'
[65.326s] INFO:colcon.colcon_core.shell:Creating environment hook '/home/dasunsanjaya080/ROS2_works/course_2/install/turtlebot3_gazebo/share/turtlebot3_gazebo/hook/cmake_prefix_path.sh'
[65.327s] Level 1:colcon.colcon_core.environment:checking '/home/dasunsanjaya080/ROS2_works/course_2/install/turtlebot3_gazebo/lib'
[65.327s] Level 1:colcon.colcon_core.environment:checking '/home/dasunsanjaya080/ROS2_works/course_2/install/turtlebot3_gazebo/bin'
[65.327s] Level 1:colcon.colcon_core.environment:checking '/home/dasunsanjaya080/ROS2_works/course_2/install/turtlebot3_gazebo/lib/pkgconfig/turtlebot3_gazebo.pc'
[65.327s] Level 1:colcon.colcon_core.environment:checking '/home/dasunsanjaya080/ROS2_works/course_2/install/turtlebot3_gazebo/lib/python3.10/site-packages'
[65.327s] Level 1:colcon.colcon_core.environment:checking '/home/dasunsanjaya080/ROS2_works/course_2/install/turtlebot3_gazebo/bin'
[65.327s] INFO:colcon.colcon_core.shell:Creating package script '/home/dasunsanjaya080/ROS2_works/course_2/install/turtlebot3_gazebo/share/turtlebot3_gazebo/package.ps1'
[65.328s] INFO:colcon.colcon_core.shell:Creating package descriptor '/home/dasunsanjaya080/ROS2_works/course_2/install/turtlebot3_gazebo/share/turtlebot3_gazebo/package.dsv'
[65.328s] INFO:colcon.colcon_core.shell:Creating package script '/home/dasunsanjaya080/ROS2_works/course_2/install/turtlebot3_gazebo/share/turtlebot3_gazebo/package.sh'
[65.328s] INFO:colcon.colcon_core.shell:Creating package script '/home/dasunsanjaya080/ROS2_works/course_2/install/turtlebot3_gazebo/share/turtlebot3_gazebo/package.bash'
[65.328s] INFO:colcon.colcon_core.shell:Creating package script '/home/dasunsanjaya080/ROS2_works/course_2/install/turtlebot3_gazebo/share/turtlebot3_gazebo/package.zsh'
[65.329s] Level 1:colcon.colcon_core.environment:create_file_with_runtime_dependencies(/home/dasunsanjaya080/ROS2_works/course_2/install/turtlebot3_gazebo/share/colcon-core/packages/turtlebot3_gazebo)
[65.329s] INFO:colcon.colcon_ros.task.ament_cmake.build:Building ROS package in '/home/dasunsanjaya080/ROS2_works/course_2/src/turtlebot3_simulations' with build type 'ament_cmake'
[65.329s] INFO:colcon.colcon_cmake.task.cmake.build:Building CMake package in '/home/dasunsanjaya080/ROS2_works/course_2/src/turtlebot3_simulations'
[65.329s] INFO:colcon.colcon_core.shell:Skip shell extension 'powershell' for command environment: Not usable outside of PowerShell
[65.329s] DEBUG:colcon.colcon_core.shell:Skip shell extension 'dsv' for command environment
[65.518s] DEBUG:colcon.colcon_core.event_handler.log_command:Invoking command in '/home/dasunsanjaya080/ROS2_works/course_2/build/turtlebot3_simulations': AMENT_PREFIX_PATH=/home/dasunsanjaya080/ROS2_works/course_2/install/turtlebot3_manipulation_gazebo:/home/dasunsanjaya080/ROS2_works/course_2/install/turtlebot3_gazebo:/home/dasunsanjaya080/ROS2_works/course_2/install/turtlebot3_fake_node:${AMENT_PREFIX_PATH} CMAKE_PREFIX_PATH=/home/dasunsanjaya080/ROS2_works/course_2/install/turtlebot3_manipulation_gazebo:/home/dasunsanjaya080/ROS2_works/course_2/install/turtlebot3_gazebo:/home/dasunsanjaya080/ROS2_works/course_2/install/turtlebot3_fake_node:/home/dasunsanjaya080/ros2_ws/install/my_robot_controller:/opt/ros/humble /usr/bin/cmake /home/dasunsanjaya080/ROS2_works/course_2/src/turtlebot3_simulations -DCMAKE_INSTALL_PREFIX=/home/dasunsanjaya080/ROS2_works/course_2/install/turtlebot3_simulations
[67.463s] DEBUG:colcon.colcon_core.event_handler.log_command:Invoked command in '/home/dasunsanjaya080/ROS2_works/course_2/build/turtlebot3_simulations' returned '0': AMENT_PREFIX_PATH=/home/dasunsanjaya080/ROS2_works/course_2/install/turtlebot3_manipulation_gazebo:/home/dasunsanjaya080/ROS2_works/course_2/install/turtlebot3_gazebo:/home/dasunsanjaya080/ROS2_works/course_2/install/turtlebot3_fake_node:${AMENT_PREFIX_PATH} CMAKE_PREFIX_PATH=/home/dasunsanjaya080/ROS2_works/course_2/install/turtlebot3_manipulation_gazebo:/home/dasunsanjaya080/ROS2_works/course_2/install/turtlebot3_gazebo:/home/dasunsanjaya080/ROS2_works/course_2/install/turtlebot3_fake_node:/home/dasunsanjaya080/ros2_ws/install/my_robot_controller:/opt/ros/humble /usr/bin/cmake /home/dasunsanjaya080/ROS2_works/course_2/src/turtlebot3_simulations -DCMAKE_INSTALL_PREFIX=/home/dasunsanjaya080/ROS2_works/course_2/install/turtlebot3_simulations
[67.463s] DEBUG:colcon.colcon_core.event_handler.log_command:Invoking command in '/home/dasunsanjaya080/ROS2_works/course_2/build/turtlebot3_simulations': AMENT_PREFIX_PATH=/home/dasunsanjaya080/ROS2_works/course_2/install/turtlebot3_manipulation_gazebo:/home/dasunsanjaya080/ROS2_works/course_2/install/turtlebot3_gazebo:/home/dasunsanjaya080/ROS2_works/course_2/install/turtlebot3_fake_node:${AMENT_PREFIX_PATH} CMAKE_PREFIX_PATH=/home/dasunsanjaya080/ROS2_works/course_2/install/turtlebot3_manipulation_gazebo:/home/dasunsanjaya080/ROS2_works/course_2/install/turtlebot3_gazebo:/home/dasunsanjaya080/ROS2_works/course_2/install/turtlebot3_fake_node:/home/dasunsanjaya080/ros2_ws/install/my_robot_controller:/opt/ros/humble /usr/bin/cmake --build /home/dasunsanjaya080/ROS2_works/course_2/build/turtlebot3_simulations -- -j12 -l12
[67.483s] DEBUG:colcon.colcon_core.event_handler.log_command:Invoked command in '/home/dasunsanjaya080/ROS2_works/course_2/build/turtlebot3_simulations' returned '0': AMENT_PREFIX_PATH=/home/dasunsanjaya080/ROS2_works/course_2/install/turtlebot3_manipulation_gazebo:/home/dasunsanjaya080/ROS2_works/course_2/install/turtlebot3_gazebo:/home/dasunsanjaya080/ROS2_works/course_2/install/turtlebot3_fake_node:${AMENT_PREFIX_PATH} CMAKE_PREFIX_PATH=/home/dasunsanjaya080/ROS2_works/course_2/install/turtlebot3_manipulation_gazebo:/home/dasunsanjaya080/ROS2_works/course_2/install/turtlebot3_gazebo:/home/dasunsanjaya080/ROS2_works/course_2/install/turtlebot3_fake_node:/home/dasunsanjaya080/ros2_ws/install/my_robot_controller:/opt/ros/humble /usr/bin/cmake --build /home/dasunsanjaya080/ROS2_works/course_2/build/turtlebot3_simulations -- -j12 -l12
[67.484s] DEBUG:colcon.colcon_core.event_handler.log_command:Invoking command in '/home/dasunsanjaya080/ROS2_works/course_2/build/turtlebot3_simulations': AMENT_PREFIX_PATH=/home/dasunsanjaya080/ROS2_works/course_2/install/turtlebot3_manipulation_gazebo:/home/dasunsanjaya080/ROS2_works/course_2/install/turtlebot3_gazebo:/home/dasunsanjaya080/ROS2_works/course_2/install/turtlebot3_fake_node:${AMENT_PREFIX_PATH} CMAKE_PREFIX_PATH=/home/dasunsanjaya080/ROS2_works/course_2/install/turtlebot3_manipulation_gazebo:/home/dasunsanjaya080/ROS2_works/course_2/install/turtlebot3_gazebo:/home/dasunsanjaya080/ROS2_works/course_2/install/turtlebot3_fake_node:/home/dasunsanjaya080/ros2_ws/install/my_robot_controller:/opt/ros/humble /usr/bin/cmake --install /home/dasunsanjaya080/ROS2_works/course_2/build/turtlebot3_simulations
[67.491s] Level 1:colcon.colcon_core.environment:create_environment_scripts_only(turtlebot3_simulations)
[67.491s] Level 1:colcon.colcon_core.environment:checking '/home/dasunsanjaya080/ROS2_works/course_2/install/turtlebot3_simulations' for CMake module files
[67.491s] DEBUG:colcon.colcon_core.event_handler.log_command:Invoked command in '/home/dasunsanjaya080/ROS2_works/course_2/build/turtlebot3_simulations' returned '0': AMENT_PREFIX_PATH=/home/dasunsanjaya080/ROS2_works/course_2/install/turtlebot3_manipulation_gazebo:/home/dasunsanjaya080/ROS2_works/course_2/install/turtlebot3_gazebo:/home/dasunsanjaya080/ROS2_works/course_2/install/turtlebot3_fake_node:${AMENT_PREFIX_PATH} CMAKE_PREFIX_PATH=/home/dasunsanjaya080/ROS2_works/course_2/install/turtlebot3_manipulation_gazebo:/home/dasunsanjaya080/ROS2_works/course_2/install/turtlebot3_gazebo:/home/dasunsanjaya080/ROS2_works/course_2/install/turtlebot3_fake_node:/home/dasunsanjaya080/ros2_ws/install/my_robot_controller:/opt/ros/humble /usr/bin/cmake --install /home/dasunsanjaya080/ROS2_works/course_2/build/turtlebot3_simulations
[67.492s] Level 1:colcon.colcon_core.environment:checking '/home/dasunsanjaya080/ROS2_works/course_2/install/turtlebot3_simulations' for CMake config files
[67.492s] Level 1:colcon.colcon_core.shell:create_environment_hook('turtlebot3_simulations', 'cmake_prefix_path')
[67.492s] INFO:colcon.colcon_core.shell:Creating environment hook '/home/dasunsanjaya080/ROS2_works/course_2/install/turtlebot3_simulations/share/turtlebot3_simulations/hook/cmake_prefix_path.ps1'
[67.492s] INFO:colcon.colcon_core.shell:Creating environment descriptor '/home/dasunsanjaya080/ROS2_works/course_2/install/turtlebot3_simulations/share/turtlebot3_simulations/hook/cmake_prefix_path.dsv'
[67.492s] INFO:colcon.colcon_core.shell:Creating environment hook '/home/dasunsanjaya080/ROS2_works/course_2/install/turtlebot3_simulations/share/turtlebot3_simulations/hook/cmake_prefix_path.sh'
[67.493s] Level 1:colcon.colcon_core.environment:checking '/home/dasunsanjaya080/ROS2_works/course_2/install/turtlebot3_simulations/bin'
[67.493s] Level 1:colcon.colcon_core.environment:checking '/home/dasunsanjaya080/ROS2_works/course_2/install/turtlebot3_simulations/lib/pkgconfig/turtlebot3_simulations.pc'
[67.493s] Level 1:colcon.colcon_core.environment:checking '/home/dasunsanjaya080/ROS2_works/course_2/install/turtlebot3_simulations/lib/python3.10/site-packages'
[67.493s] Level 1:colcon.colcon_core.environment:checking '/home/dasunsanjaya080/ROS2_works/course_2/install/turtlebot3_simulations/bin'
[67.493s] INFO:colcon.colcon_core.shell:Creating package script '/home/dasunsanjaya080/ROS2_works/course_2/install/turtlebot3_simulations/share/turtlebot3_simulations/package.ps1'
[67.493s] INFO:colcon.colcon_core.shell:Creating package descriptor '/home/dasunsanjaya080/ROS2_works/course_2/install/turtlebot3_simulations/share/turtlebot3_simulations/package.dsv'
[67.494s] INFO:colcon.colcon_core.shell:Creating package script '/home/dasunsanjaya080/ROS2_works/course_2/install/turtlebot3_simulations/share/turtlebot3_simulations/package.sh'
[67.494s] INFO:colcon.colcon_core.shell:Creating package script '/home/dasunsanjaya080/ROS2_works/course_2/install/turtlebot3_simulations/share/turtlebot3_simulations/package.bash'
[67.494s] INFO:colcon.colcon_core.shell:Creating package script '/home/dasunsanjaya080/ROS2_works/course_2/install/turtlebot3_simulations/share/turtlebot3_simulations/package.zsh'
[67.494s] Level 1:colcon.colcon_core.environment:create_file_with_runtime_dependencies(/home/dasunsanjaya080/ROS2_works/course_2/install/turtlebot3_simulations/share/colcon-core/packages/turtlebot3_simulations)
[67.495s] Level 1:colcon.colcon_core.environment:create_environment_scripts_only(turtlebot3_simulations)
[67.495s] Level 1:colcon.colcon_core.environment:checking '/home/dasunsanjaya080/ROS2_works/course_2/install/turtlebot3_simulations' for CMake module files
[67.495s] Level 1:colcon.colcon_core.environment:checking '/home/dasunsanjaya080/ROS2_works/course_2/install/turtlebot3_simulations' for CMake config files
[67.495s] Level 1:colcon.colcon_core.shell:create_environment_hook('turtlebot3_simulations', 'cmake_prefix_path')
[67.495s] INFO:colcon.colcon_core.shell:Creating environment hook '/home/dasunsanjaya080/ROS2_works/course_2/install/turtlebot3_simulations/share/turtlebot3_simulations/hook/cmake_prefix_path.ps1'
[67.495s] INFO:colcon.colcon_core.shell:Creating environment descriptor '/home/dasunsanjaya080/ROS2_works/course_2/install/turtlebot3_simulations/share/turtlebot3_simulations/hook/cmake_prefix_path.dsv'
[67.496s] INFO:colcon.colcon_core.shell:Creating environment hook '/home/dasunsanjaya080/ROS2_works/course_2/install/turtlebot3_simulations/share/turtlebot3_simulations/hook/cmake_prefix_path.sh'
[67.496s] Level 1:colcon.colcon_core.environment:checking '/home/dasunsanjaya080/ROS2_works/course_2/install/turtlebot3_simulations/bin'
[67.496s] Level 1:colcon.colcon_core.environment:checking '/home/dasunsanjaya080/ROS2_works/course_2/install/turtlebot3_simulations/lib/pkgconfig/turtlebot3_simulations.pc'
[67.496s] Level 1:colcon.colcon_core.environment:checking '/home/dasunsanjaya080/ROS2_works/course_2/install/turtlebot3_simulations/lib/python3.10/site-packages'
[67.496s] Level 1:colcon.colcon_core.environment:checking '/home/dasunsanjaya080/ROS2_works/course_2/install/turtlebot3_simulations/bin'
[67.496s] INFO:colcon.colcon_core.shell:Creating package script '/home/dasunsanjaya080/ROS2_works/course_2/install/turtlebot3_simulations/share/turtlebot3_simulations/package.ps1'
[67.497s] INFO:colcon.colcon_core.shell:Creating package descriptor '/home/dasunsanjaya080/ROS2_works/course_2/install/turtlebot3_simulations/share/turtlebot3_simulations/package.dsv'
[67.497s] INFO:colcon.colcon_core.shell:Creating package script '/home/dasunsanjaya080/ROS2_works/course_2/install/turtlebot3_simulations/share/turtlebot3_simulations/package.sh'
[67.497s] INFO:colcon.colcon_core.shell:Creating package script '/home/dasunsanjaya080/ROS2_works/course_2/install/turtlebot3_simulations/share/turtlebot3_simulations/package.bash'
[67.498s] INFO:colcon.colcon_core.shell:Creating package script '/home/dasunsanjaya080/ROS2_works/course_2/install/turtlebot3_simulations/share/turtlebot3_simulations/package.zsh'
[67.498s] Level 1:colcon.colcon_core.environment:create_file_with_runtime_dependencies(/home/dasunsanjaya080/ROS2_works/course_2/install/turtlebot3_simulations/share/colcon-core/packages/turtlebot3_simulations)
[67.498s] DEBUG:colcon.colcon_parallel_executor.executor.parallel:closing loop
[67.498s] DEBUG:colcon.colcon_parallel_executor.executor.parallel:loop closed
[67.499s] DEBUG:colcon.colcon_parallel_executor.executor.parallel:run_until_complete finished with '0'
[67.499s] DEBUG:colcon.colcon_core.event_reactor:joining thread
[67.553s] INFO:colcon.colcon_core.plugin_system:Skipping extension 'colcon_notification.desktop_notification.notify_send': Could not find 'notify-send'
[67.554s] INFO:colcon.colcon_core.plugin_system:Skipping extension 'colcon_notification.desktop_notification.terminal_notifier': Not used on non-Darwin systems
[67.554s] INFO:colcon.colcon_core.plugin_system:Skipping extension 'colcon_notification.desktop_notification.win32': Not used on non-Windows systems
[67.554s] INFO:colcon.colcon_notification.desktop_notification:Sending desktop notification using 'notify2'
[67.554s] DEBUG:colcon.colcon_notification.desktop_notification.notify2:Failed to initialize notify2: org.freedesktop.DBus.Error.FileNotFound: Failed to connect to socket /run/user/1000/bus: No such file or directory
[67.554s] DEBUG:colcon.colcon_core.event_reactor:joined thread
[67.554s] INFO:colcon.colcon_core.shell:Creating prefix script '/home/dasunsanjaya080/ROS2_works/course_2/install/local_setup.ps1'
[67.555s] INFO:colcon.colcon_core.shell:Creating prefix util module '/home/dasunsanjaya080/ROS2_works/course_2/install/_local_setup_util_ps1.py'
[67.556s] INFO:colcon.colcon_core.shell:Creating prefix chain script '/home/dasunsanjaya080/ROS2_works/course_2/install/setup.ps1'
[67.557s] INFO:colcon.colcon_core.shell:Creating prefix script '/home/dasunsanjaya080/ROS2_works/course_2/install/local_setup.sh'
[67.558s] INFO:colcon.colcon_core.shell:Creating prefix util module '/home/dasunsanjaya080/ROS2_works/course_2/install/_local_setup_util_sh.py'
[67.558s] INFO:colcon.colcon_core.shell:Creating prefix chain script '/home/dasunsanjaya080/ROS2_works/course_2/install/setup.sh'
[67.558s] INFO:colcon.colcon_core.shell:Creating prefix script '/home/dasunsanjaya080/ROS2_works/course_2/install/local_setup.bash'
[67.559s] INFO:colcon.colcon_core.shell:Creating prefix chain script '/home/dasunsanjaya080/ROS2_works/course_2/install/setup.bash'
[67.560s] INFO:colcon.colcon_core.shell:Creating prefix script '/home/dasunsanjaya080/ROS2_works/course_2/install/local_setup.zsh'
[67.560s] INFO:colcon.colcon_core.shell:Creating prefix chain script '/home/dasunsanjaya080/ROS2_works/course_2/install/setup.zsh'
