[0.007s] Invoking command in '/home/dasunsanjaya080/ROS2_works/course_1/build/my_robot_description': CMAKE_PREFIX_PATH=/home/dasunsanjaya080/ros2_ws/install/my_robot_controller:/opt/ros/humble /usr/bin/cmake /home/dasunsanjaya080/ROS2_works/course_1/src/my_robot_description -DCMAKE_INSTALL_PREFIX=/home/dasunsanjaya080/ROS2_works/course_1/install/my_robot_description
[0.526s] -- The C compiler identification is GNU 11.4.0
[2.327s] -- The CXX compiler identification is GNU 11.4.0
[2.792s] -- Detecting C compiler ABI info
[2.950s] -- Detecting C compiler ABI info - done
[2.955s] -- Check for working C compiler: /usr/bin/cc - skipped
[2.956s] -- Detecting C compile features
[2.957s] -- Detecting C compile features - done
[2.960s] -- Detecting CXX compiler ABI info
[3.598s] -- Detecting CXX compiler ABI info - done
[3.603s] -- Check for working CXX compiler: /usr/bin/c++ - skipped
[3.603s] -- Detecting CXX compile features
[3.603s] -- Detecting CXX compile features - done
[3.615s] -- Found ament_cmake: 1.3.12 (/opt/ros/humble/share/ament_cmake/cmake)
[3.724s] -- Found Python3: /usr/bin/python3 (found version "3.10.12") found components: Interpreter 
[3.859s] -- Configuring done
[3.861s] -- Generating done
[3.863s] -- Build files have been written to: /home/dasunsanjaya080/ROS2_works/course_1/build/my_robot_description
[3.866s] Invoked command in '/home/dasunsanjaya080/ROS2_works/course_1/build/my_robot_description' returned '0': CMAKE_PREFIX_PATH=/home/dasunsanjaya080/ros2_ws/install/my_robot_controller:/opt/ros/humble /usr/bin/cmake /home/dasunsanjaya080/ROS2_works/course_1/src/my_robot_description -DCMAKE_INSTALL_PREFIX=/home/dasunsanjaya080/ROS2_works/course_1/install/my_robot_description
[3.867s] Invoking command in '/home/dasunsanjaya080/ROS2_works/course_1/build/my_robot_description': CMAKE_PREFIX_PATH=/home/dasunsanjaya080/ros2_ws/install/my_robot_controller:/opt/ros/humble /usr/bin/cmake --build /home/dasunsanjaya080/ROS2_works/course_1/build/my_robot_description -- -j12 -l12
[3.887s] Invoked command in '/home/dasunsanjaya080/ROS2_works/course_1/build/my_robot_description' returned '0': CMAKE_PREFIX_PATH=/home/dasunsanjaya080/ros2_ws/install/my_robot_controller:/opt/ros/humble /usr/bin/cmake --build /home/dasunsanjaya080/ROS2_works/course_1/build/my_robot_description -- -j12 -l12
[3.892s] Invoking command in '/home/dasunsanjaya080/ROS2_works/course_1/build/my_robot_description': CMAKE_PREFIX_PATH=/home/dasunsanjaya080/ros2_ws/install/my_robot_controller:/opt/ros/humble /usr/bin/cmake --install /home/dasunsanjaya080/ROS2_works/course_1/build/my_robot_description
[3.897s] -- Install configuration: ""
[3.898s] -- Installing: /home/dasunsanjaya080/ROS2_works/course_1/install/my_robot_description/share/my_robot_description/urdf
[3.898s] -- Installing: /home/dasunsanjaya080/ROS2_works/course_1/install/my_robot_description/share/my_robot_description/urdf/my_robot.urdf
[3.898s] -- Installing: /home/dasunsanjaya080/ROS2_works/course_1/install/my_robot_description/share/ament_index/resource_index/package_run_dependencies/my_robot_description
[3.899s] -- Installing: /home/dasunsanjaya080/ROS2_works/course_1/install/my_robot_description/share/ament_index/resource_index/parent_prefix_path/my_robot_description
[3.899s] -- Installing: /home/dasunsanjaya080/ROS2_works/course_1/install/my_robot_description/share/my_robot_description/environment/ament_prefix_path.sh
[3.899s] -- Installing: /home/dasunsanjaya080/ROS2_works/course_1/install/my_robot_description/share/my_robot_description/environment/ament_prefix_path.dsv
[3.899s] -- Installing: /home/dasunsanjaya080/ROS2_works/course_1/install/my_robot_description/share/my_robot_description/environment/path.sh
[3.899s] -- Installing: /home/dasunsanjaya080/ROS2_works/course_1/install/my_robot_description/share/my_robot_description/environment/path.dsv
[3.899s] -- Installing: /home/dasunsanjaya080/ROS2_works/course_1/install/my_robot_description/share/my_robot_description/local_setup.bash
[3.899s] -- Installing: /home/dasunsanjaya080/ROS2_works/course_1/install/my_robot_description/share/my_robot_description/local_setup.sh
[3.899s] -- Installing: /home/dasunsanjaya080/ROS2_works/course_1/install/my_robot_description/share/my_robot_description/local_setup.zsh
[3.899s] -- Installing: /home/dasunsanjaya080/ROS2_works/course_1/install/my_robot_description/share/my_robot_description/local_setup.dsv
[3.900s] -- Installing: /home/dasunsanjaya080/ROS2_works/course_1/install/my_robot_description/share/my_robot_description/package.dsv
[3.900s] -- Installing: /home/dasunsanjaya080/ROS2_works/course_1/install/my_robot_description/share/ament_index/resource_index/packages/my_robot_description
[3.900s] -- Installing: /home/dasunsanjaya080/ROS2_works/course_1/install/my_robot_description/share/my_robot_description/cmake/my_robot_descriptionConfig.cmake
[3.900s] -- Installing: /home/dasunsanjaya080/ROS2_works/course_1/install/my_robot_description/share/my_robot_description/cmake/my_robot_descriptionConfig-version.cmake
[3.900s] -- Installing: /home/dasunsanjaya080/ROS2_works/course_1/install/my_robot_description/share/my_robot_description/package.xml
[3.902s] Invoked command in '/home/dasunsanjaya080/ROS2_works/course_1/build/my_robot_description' returned '0': CMAKE_PREFIX_PATH=/home/dasunsanjaya080/ros2_ws/install/my_robot_controller:/opt/ros/humble /usr/bin/cmake --install /home/dasunsanjaya080/ROS2_works/course_1/build/my_robot_description
