[0.168s] Invoking command in '/home/dasunsanjaya080/ROS2_works/course_1/build/my_robot_bringup': CMAKE_PREFIX_PATH=/home/dasunsanjaya080/ROS2_works/course_1/install/my_robot_description:/home/dasunsanjaya080/ROS2_works/course_1/install/my_robot_bringup:/home/dasunsanjaya080/ros2_ws/install/my_robot_controller:/opt/ros/humble /usr/bin/cmake --build /home/dasunsanjaya080/ROS2_works/course_1/build/my_robot_bringup -- -j12 -l12
[0.183s] -- Found ament_cmake: 1.3.12 (/opt/ros/humble/share/ament_cmake/cmake)
[0.268s] -- Override CMake install command with custom implementation using symlinks instead of copying resources
[0.319s] -- Configuring done
[0.321s] -- Generating done
[0.322s] -- Build files have been written to: /home/dasunsanjaya080/ROS2_works/course_1/build/my_robot_bringup
[0.335s] Invoked command in '/home/dasunsanjaya080/ROS2_works/course_1/build/my_robot_bringup' returned '0': CMAKE_PREFIX_PATH=/home/dasunsanjaya080/ROS2_works/course_1/install/my_robot_description:/home/dasunsanjaya080/ROS2_works/course_1/install/my_robot_bringup:/home/dasunsanjaya080/ros2_ws/install/my_robot_controller:/opt/ros/humble /usr/bin/cmake --build /home/dasunsanjaya080/ROS2_works/course_1/build/my_robot_bringup -- -j12 -l12
[0.336s] Invoking command in '/home/dasunsanjaya080/ROS2_works/course_1/build/my_robot_bringup': CMAKE_PREFIX_PATH=/home/dasunsanjaya080/ROS2_works/course_1/install/my_robot_description:/home/dasunsanjaya080/ROS2_works/course_1/install/my_robot_bringup:/home/dasunsanjaya080/ros2_ws/install/my_robot_controller:/opt/ros/humble /usr/bin/cmake --install /home/dasunsanjaya080/ROS2_works/course_1/build/my_robot_bringup
[0.340s] -- Install configuration: ""
[0.341s] -- Execute custom install script
[0.341s] -- Up-to-date symlink: /home/dasunsanjaya080/ROS2_works/course_1/install/my_robot_bringup/share/my_robot_bringup/launch/my_robot_gazebo.launch.xml
[0.341s] -- Symlinking: /home/dasunsanjaya080/ROS2_works/course_1/install/my_robot_bringup/share/my_robot_bringup/rviz/urdf_config.rviz
[0.346s] -- Up-to-date symlink: /home/dasunsanjaya080/ROS2_works/course_1/install/my_robot_bringup/share/ament_index/resource_index/package_run_dependencies/my_robot_bringup
[0.347s] -- Up-to-date symlink: /home/dasunsanjaya080/ROS2_works/course_1/install/my_robot_bringup/share/ament_index/resource_index/parent_prefix_path/my_robot_bringup
[0.347s] -- Up-to-date symlink: /home/dasunsanjaya080/ROS2_works/course_1/install/my_robot_bringup/share/my_robot_bringup/environment/ament_prefix_path.sh
[0.347s] -- Up-to-date symlink: /home/dasunsanjaya080/ROS2_works/course_1/install/my_robot_bringup/share/my_robot_bringup/environment/ament_prefix_path.dsv
[0.347s] -- Up-to-date symlink: /home/dasunsanjaya080/ROS2_works/course_1/install/my_robot_bringup/share/my_robot_bringup/environment/path.sh
[0.347s] -- Up-to-date symlink: /home/dasunsanjaya080/ROS2_works/course_1/install/my_robot_bringup/share/my_robot_bringup/environment/path.dsv
[0.347s] -- Up-to-date symlink: /home/dasunsanjaya080/ROS2_works/course_1/install/my_robot_bringup/share/my_robot_bringup/local_setup.bash
[0.347s] -- Up-to-date symlink: /home/dasunsanjaya080/ROS2_works/course_1/install/my_robot_bringup/share/my_robot_bringup/local_setup.sh
[0.347s] -- Up-to-date symlink: /home/dasunsanjaya080/ROS2_works/course_1/install/my_robot_bringup/share/my_robot_bringup/local_setup.zsh
[0.347s] -- Up-to-date symlink: /home/dasunsanjaya080/ROS2_works/course_1/install/my_robot_bringup/share/my_robot_bringup/local_setup.dsv
[0.348s] -- Symlinking: /home/dasunsanjaya080/ROS2_works/course_1/install/my_robot_bringup/share/my_robot_bringup/package.dsv
[0.353s] -- Up-to-date symlink: /home/dasunsanjaya080/ROS2_works/course_1/install/my_robot_bringup/share/ament_index/resource_index/packages/my_robot_bringup
[0.353s] -- Up-to-date symlink: /home/dasunsanjaya080/ROS2_works/course_1/install/my_robot_bringup/share/my_robot_bringup/cmake/my_robot_bringupConfig.cmake
[0.353s] -- Up-to-date symlink: /home/dasunsanjaya080/ROS2_works/course_1/install/my_robot_bringup/share/my_robot_bringup/cmake/my_robot_bringupConfig-version.cmake
[0.353s] -- Up-to-date symlink: /home/dasunsanjaya080/ROS2_works/course_1/install/my_robot_bringup/share/my_robot_bringup/package.xml
[0.354s] Invoked command in '/home/dasunsanjaya080/ROS2_works/course_1/build/my_robot_bringup' returned '0': CMAKE_PREFIX_PATH=/home/dasunsanjaya080/ROS2_works/course_1/install/my_robot_description:/home/dasunsanjaya080/ROS2_works/course_1/install/my_robot_bringup:/home/dasunsanjaya080/ros2_ws/install/my_robot_controller:/opt/ros/humble /usr/bin/cmake --install /home/dasunsanjaya080/ROS2_works/course_1/build/my_robot_bringup
