[0.016s] Invoking command in '/home/dasunsanjaya080/ROS2_works/course_2/build/turtlebot3_gazebo': CMAKE_PREFIX_PATH=/home/dasunsanjaya080/ros2_ws/install/my_robot_controller:/opt/ros/humble /usr/bin/cmake /home/dasunsanjaya080/ROS2_works/course_2/src/turtlebot3_gazebo -DCMAKE_INSTALL_PREFIX=/home/dasunsanjaya080/ROS2_works/course_2/install/turtlebot3_gazebo
[0.440s] -- The C compiler identification is GNU 11.4.0
[1.588s] -- The CXX compiler identification is GNU 11.4.0
[1.984s] -- Detecting C compiler ABI info
[2.117s] -- Detecting C compiler ABI info - done
[2.122s] -- Check for working C compiler: /usr/bin/cc - skipped
[2.122s] -- Detecting C compile features
[2.122s] -- Detecting C compile features - done
[2.124s] -- Detecting CXX compiler ABI info
[2.281s] -- Detecting CXX compiler ABI info - done
[2.286s] -- Check for working CXX compiler: /usr/bin/c++ - skipped
[2.287s] -- Detecting CXX compile features
[2.287s] -- Detecting CXX compile features - done
[2.305s] -- Found ament_cmake: 1.3.12 (/opt/ros/humble/share/ament_cmake/cmake)
[2.409s] -- Found Python3: /usr/bin/python3 (found version "3.10.12") found components: Interpreter 
[2.503s] [33mCMake Warning (dev) at /usr/share/cmake-3.22/Modules/FindPackageHandleStandardArgs.cmake:438 (message):
[2.503s]   The package name passed to `find_package_handle_standard_args` (PkgConfig)
[2.503s]   does not match the name of the calling package (gazebo).  This can lead to
[2.503s]   problems in calling code that expects `find_package` result variables
[2.503s]   (e.g., `_FOUND`) to follow a certain pattern.
[2.503s] Call Stack (most recent call first):
[2.503s]   /usr/share/cmake-3.22/Modules/FindPkgConfig.cmake:99 (find_package_handle_standard_args)
[2.503s]   /usr/lib/x86_64-linux-gnu/cmake/gazebo/gazebo-config.cmake:72 (include)
[2.503s]   CMakeLists.txt:23 (find_package)
[2.503s] This warning is for project developers.  Use -Wno-dev to suppress it.
[2.503s] [0m
[2.503s] -- Found PkgConfig: /usr/bin/pkg-config (found version "0.29.2") 
[2.505s] -- Checking for module 'bullet>=2.82'
[2.513s] --   Found bullet, version 3.05
[2.647s] -- Found fcl: /usr/include (found suitable version "0.7.0", minimum required is "0.5.0") 
[2.673s] -- Found assimp: /usr/include (found version "5.2.0") 
[2.694s] -- Found DART: /usr/include (Required is at least version "6.6") found components: dart 
[3.321s] -- Found Boost: /usr/lib/x86_64-linux-gnu/cmake/Boost-1.74.0/BoostConfig.cmake (found suitable version "1.74.0", minimum required is "1.40.0") found components: thread system filesystem program_options regex iostreams date_time 
[5.427s] -- Found Protobuf: /usr/lib/x86_64-linux-gnu/libprotobuf.so (found version "3.12.4") 
[5.433s] -- Looking for ignition-math6 -- found version 6.15.1
[5.442s] -- Searching for dependencies of ignition-math6
[5.445s] -- Looking for OGRE...
[5.445s] -- OGRE_PREFIX_WATCH changed.
[5.449s] -- Checking for module 'OGRE'
[5.456s] --   Found OGRE, version 1.9.0
[5.476s] -- Found Ogre Ghadamon (1.9.0)
[6.144s] -- Found OGRE: optimized;/usr/lib/x86_64-linux-gnu/libOgreMain.so;debug;/usr/lib/x86_64-linux-gnu/libOgreMain.so
[6.151s] -- Looking for OGRE_Paging...
[6.646s] -- Found OGRE_Paging: optimized;/usr/lib/x86_64-linux-gnu/libOgrePaging.so;debug;/usr/lib/x86_64-linux-gnu/libOgrePaging.so
[6.647s] -- Looking for OGRE_Terrain...
[7.184s] -- Found OGRE_Terrain: optimized;/usr/lib/x86_64-linux-gnu/libOgreTerrain.so;debug;/usr/lib/x86_64-linux-gnu/libOgreTerrain.so
[7.184s] -- Looking for OGRE_Property...
[7.667s] -- Found OGRE_Property: optimized;/usr/lib/x86_64-linux-gnu/libOgreProperty.so;debug;/usr/lib/x86_64-linux-gnu/libOgreProperty.so
[7.667s] -- Looking for OGRE_RTShaderSystem...
[8.230s] -- Found OGRE_RTShaderSystem: optimized;/usr/lib/x86_64-linux-gnu/libOgreRTShaderSystem.so;debug;/usr/lib/x86_64-linux-gnu/libOgreRTShaderSystem.so
[8.230s] -- Looking for OGRE_Volume...
[8.825s] -- Found OGRE_Volume: optimized;/usr/lib/x86_64-linux-gnu/libOgreVolume.so;debug;/usr/lib/x86_64-linux-gnu/libOgreVolume.so
[8.825s] -- Looking for OGRE_Overlay...
[9.325s] -- Found OGRE_Overlay: optimized;/usr/lib/x86_64-linux-gnu/libOgreOverlay.so;debug;/usr/lib/x86_64-linux-gnu/libOgreOverlay.so
[37.740s] -- Looking for ignition-math6 -- found version 6.15.1
[37.745s] -- Looking for ignition-transport8 -- found version 8.2.1
[37.746s] -- Searching for dependencies of ignition-transport8
[41.653s] -- Found Protobuf: /usr/lib/x86_64-linux-gnu/libprotobuf.so (found suitable version "3.12.4", minimum required is "3") 
[43.373s] -- Config-file not installed for ZeroMQ -- checking for pkg-config
[43.377s] -- Checking for module 'libzmq >= 4'
[43.389s] --   Found libzmq , version 4.3.4
[43.405s] -- Found ZeroMQ: TRUE (Required is at least version "4") 
[43.469s] -- Checking for module 'uuid'
[43.475s] --   Found uuid, version 2.37.2
[43.489s] -- Found UUID: TRUE  
[43.492s] -- Looking for ignition-msgs5 -- found version 5.8.1
[43.492s] -- Searching for dependencies of ignition-msgs5
[45.235s] -- Looking for ignition-math6 -- found version 6.15.1
[45.241s] -- Checking for module 'tinyxml2'
[45.248s] --   Found tinyxml2, version 9.0.0
[45.264s] -- Looking for ignition-msgs5 -- found version 5.8.1
[45.268s] -- Looking for ignition-common3 -- found version 3.14.0
[45.268s] -- Searching for dependencies of ignition-common3
[45.317s] -- Looking for dlfcn.h - found
[45.371s] -- Looking for libdl - found
[45.372s] -- Found DL: TRUE  
[45.471s] -- Found tinyobjloader: /usr/lib/x86_64-linux-gnu/cmake/tinyobjloader/tinyobjloader-config.cmake (found version "2.0.0") 
[45.472s] -- Searching for <ignition-common3> component [graphics]
[45.474s] -- Looking for ignition-common3-graphics -- found version 3.14.0
[45.474s] -- Searching for dependencies of ignition-common3-graphics
[45.474s] -- Looking for ignition-math6 -- found version 6.15.1
[45.477s] -- Looking for ignition-fuel_tools4 -- found version 4.4.0
[45.478s] -- Searching for dependencies of ignition-fuel_tools4
[47.569s] -- Found CURL: /usr/lib/x86_64-linux-gnu/libcurl.so (found version "7.81.0")  
[47.576s] -- Checking for module 'jsoncpp'
[47.583s] --   Found jsoncpp, version 1.9.5
[47.598s] -- Found JSONCPP: TRUE  
[47.602s] -- Checking for module 'libzip'
[47.608s] --   Found libzip, version 1.7.3
[47.623s] -- Found ZIP: TRUE  
[47.623s] -- Looking for ignition-common3 -- found version 3.14.0
[47.623s] -- Looking for ignition-math6 -- found version 6.15.1
[47.624s] -- Looking for ignition-msgs5 -- found version 5.8.1
[47.629s] -- Found gazebo_ros_pkgs: 3.9.0 (/opt/ros/humble/share/gazebo_ros_pkgs/cmake)
[47.630s] -- Found geometry_msgs: 4.9.0 (/opt/ros/humble/share/geometry_msgs/cmake)
[47.749s] -- Found rosidl_generator_c: 3.1.7 (/opt/ros/humble/share/rosidl_generator_c/cmake)
[47.752s] -- Found rosidl_adapter: 3.1.7 (/opt/ros/humble/share/rosidl_adapter/cmake)
[47.757s] -- Found rosidl_generator_cpp: 3.1.7 (/opt/ros/humble/share/rosidl_generator_cpp/cmake)
[47.767s] -- Using all available rosidl_typesupport_c: rosidl_typesupport_fastrtps_c;rosidl_typesupport_introspection_c
[47.777s] -- Using all available rosidl_typesupport_cpp: rosidl_typesupport_fastrtps_cpp;rosidl_typesupport_introspection_cpp
[47.801s] -- Found nav_msgs: 4.9.0 (/opt/ros/humble/share/nav_msgs/cmake)
[47.811s] -- Found rclcpp: 16.0.16 (/opt/ros/humble/share/rclcpp/cmake)
[47.834s] -- Found rmw_implementation_cmake: 6.1.2 (/opt/ros/humble/share/rmw_implementation_cmake/cmake)
[47.836s] -- Found rmw_cyclonedds_cpp: 1.3.4 (/opt/ros/humble/share/rmw_cyclonedds_cpp/cmake)
[47.850s] -- Using RMW implementation 'rmw_cyclonedds_cpp' as default
[47.858s] -- Found Threads: TRUE  
[47.880s] -- Found sensor_msgs: 4.9.0 (/opt/ros/humble/share/sensor_msgs/cmake)
[47.891s] -- Found tf2: 0.25.17 (/opt/ros/humble/share/tf2/cmake)
[47.945s] -- Configuring done
[47.976s] -- Generating done
[47.982s] -- Build files have been written to: /home/dasunsanjaya080/ROS2_works/course_2/build/turtlebot3_gazebo
[47.993s] Invoked command in '/home/dasunsanjaya080/ROS2_works/course_2/build/turtlebot3_gazebo' returned '0': CMAKE_PREFIX_PATH=/home/dasunsanjaya080/ros2_ws/install/my_robot_controller:/opt/ros/humble /usr/bin/cmake /home/dasunsanjaya080/ROS2_works/course_2/src/turtlebot3_gazebo -DCMAKE_INSTALL_PREFIX=/home/dasunsanjaya080/ROS2_works/course_2/install/turtlebot3_gazebo
[47.995s] Invoking command in '/home/dasunsanjaya080/ROS2_works/course_2/build/turtlebot3_gazebo': CMAKE_PREFIX_PATH=/home/dasunsanjaya080/ros2_ws/install/my_robot_controller:/opt/ros/humble /usr/bin/cmake --build /home/dasunsanjaya080/ROS2_works/course_2/build/turtlebot3_gazebo -- -j12 -l12
[48.028s] [  8%] [32mBuilding CXX object CMakeFiles/turtlebot3_drive.dir/src/turtlebot3_drive.cpp.o[0m
[48.028s] [ 16%] [32mBuilding CXX object CMakeFiles/traffic_light_plugin.dir/src/traffic_light_plugin.cpp.o[0m
[48.029s] [ 25%] [32mBuilding CXX object CMakeFiles/obstacle1.dir/src/obstacle1.cpp.o[0m
[48.030s] [ 33%] [32mBuilding CXX object CMakeFiles/obstacle2.dir/src/obstacle2.cpp.o[0m
[48.034s] [ 41%] [32mBuilding CXX object CMakeFiles/traffic_bar_plugin.dir/src/traffic_bar_plugin.cpp.o[0m
[48.035s] [ 50%] [32mBuilding CXX object CMakeFiles/obstacles.dir/src/obstacles.cpp.o[0m
[59.471s] [ 58%] [32m[1mLinking CXX executable turtlebot3_drive[0m
[60.289s] [ 58%] Built target turtlebot3_drive
[61.174s] [ 66%] [32m[1mLinking CXX shared library libtraffic_bar_plugin.so[0m
[61.223s] [ 75%] [32m[1mLinking CXX shared library libobstacle2.so[0m
[61.337s] [ 83%] [32m[1mLinking CXX shared library libobstacle1.so[0m
[61.408s] [ 91%] [32m[1mLinking CXX shared library libtraffic_light_plugin.so[0m
[61.543s] [100%] [32m[1mLinking CXX shared library libobstacles.so[0m
[61.596s] [100%] Built target obstacle2
[61.596s] [100%] Built target traffic_bar_plugin
[61.693s] [100%] Built target obstacle1
[61.775s] [100%] Built target traffic_light_plugin
[61.864s] [100%] Built target obstacles
[61.871s] Invoked command in '/home/dasunsanjaya080/ROS2_works/course_2/build/turtlebot3_gazebo' returned '0': CMAKE_PREFIX_PATH=/home/dasunsanjaya080/ros2_ws/install/my_robot_controller:/opt/ros/humble /usr/bin/cmake --build /home/dasunsanjaya080/ROS2_works/course_2/build/turtlebot3_gazebo -- -j12 -l12
[61.873s] Invoking command in '/home/dasunsanjaya080/ROS2_works/course_2/build/turtlebot3_gazebo': CMAKE_PREFIX_PATH=/home/dasunsanjaya080/ros2_ws/install/my_robot_controller:/opt/ros/humble /usr/bin/cmake --install /home/dasunsanjaya080/ROS2_works/course_2/build/turtlebot3_gazebo
[61.877s] -- Install configuration: ""
[61.878s] -- Installing: /home/dasunsanjaya080/ROS2_works/course_2/install/turtlebot3_gazebo/lib/turtlebot3_gazebo/turtlebot3_drive
[61.880s] -- Set runtime path of "/home/dasunsanjaya080/ROS2_works/course_2/install/turtlebot3_gazebo/lib/turtlebot3_gazebo/turtlebot3_drive" to ""
[61.880s] -- Installing: /home/dasunsanjaya080/ROS2_works/course_2/install/turtlebot3_gazebo/share/turtlebot3_gazebo//launch
[61.880s] -- Installing: /home/dasunsanjaya080/ROS2_works/course_2/install/turtlebot3_gazebo/share/turtlebot3_gazebo//launch/turtlebot3_dqn_stage1.launch.py
[61.881s] -- Installing: /home/dasunsanjaya080/ROS2_works/course_2/install/turtlebot3_gazebo/share/turtlebot3_gazebo//launch/turtlebot3_house.launch.py
[61.881s] -- Installing: /home/dasunsanjaya080/ROS2_works/course_2/install/turtlebot3_gazebo/share/turtlebot3_gazebo//launch/turtlebot3_dqn_stage2.launch.py
[61.881s] -- Installing: /home/dasunsanjaya080/ROS2_works/course_2/install/turtlebot3_gazebo/share/turtlebot3_gazebo//launch/spawn_turtlebot3.launch.py
[61.881s] -- Installing: /home/dasunsanjaya080/ROS2_works/course_2/install/turtlebot3_gazebo/share/turtlebot3_gazebo//launch/turtlebot3_world.launch.py
[61.881s] -- Installing: /home/dasunsanjaya080/ROS2_works/course_2/install/turtlebot3_gazebo/share/turtlebot3_gazebo//launch/multi_spawn_turtlebot3.launch.py
[61.881s] -- Installing: /home/dasunsanjaya080/ROS2_works/course_2/install/turtlebot3_gazebo/share/turtlebot3_gazebo//launch/robot_state_publisher.launch.py
[61.881s] -- Installing: /home/dasunsanjaya080/ROS2_works/course_2/install/turtlebot3_gazebo/share/turtlebot3_gazebo//launch/empty_world.launch.py
[61.881s] -- Installing: /home/dasunsanjaya080/ROS2_works/course_2/install/turtlebot3_gazebo/share/turtlebot3_gazebo//launch/multi_robot.launch.py
[61.881s] -- Installing: /home/dasunsanjaya080/ROS2_works/course_2/install/turtlebot3_gazebo/share/turtlebot3_gazebo//launch/turtlebot3_dqn_stage3.launch.py
[61.882s] -- Installing: /home/dasunsanjaya080/ROS2_works/course_2/install/turtlebot3_gazebo/share/turtlebot3_gazebo//launch/turtlebot3_autorace_2020.launch.py
[61.882s] -- Installing: /home/dasunsanjaya080/ROS2_works/course_2/install/turtlebot3_gazebo/share/turtlebot3_gazebo//launch/turtlebot3_dqn_stage4.launch.py
[61.882s] -- Installing: /home/dasunsanjaya080/ROS2_works/course_2/install/turtlebot3_gazebo/share/turtlebot3_gazebo//models
[61.882s] -- Installing: /home/dasunsanjaya080/ROS2_works/course_2/install/turtlebot3_gazebo/share/turtlebot3_gazebo//models/turtlebot3_autorace_2020
[61.882s] -- Installing: /home/dasunsanjaya080/ROS2_works/course_2/install/turtlebot3_gazebo/share/turtlebot3_gazebo//models/turtlebot3_autorace_2020/traffic_bar
[61.882s] -- Installing: /home/dasunsanjaya080/ROS2_works/course_2/install/turtlebot3_gazebo/share/turtlebot3_gazebo//models/turtlebot3_autorace_2020/traffic_bar/materials
[61.882s] -- Installing: /home/dasunsanjaya080/ROS2_works/course_2/install/turtlebot3_gazebo/share/turtlebot3_gazebo//models/turtlebot3_autorace_2020/traffic_bar/materials/textures
[61.882s] -- Installing: /home/dasunsanjaya080/ROS2_works/course_2/install/turtlebot3_gazebo/share/turtlebot3_gazebo//models/turtlebot3_autorace_2020/traffic_bar/materials/textures/traffic_bar.png
[61.882s] -- Installing: /home/dasunsanjaya080/ROS2_works/course_2/install/turtlebot3_gazebo/share/turtlebot3_gazebo//models/turtlebot3_autorace_2020/traffic_bar/materials/scripts
[61.882s] -- Installing: /home/dasunsanjaya080/ROS2_works/course_2/install/turtlebot3_gazebo/share/turtlebot3_gazebo//models/turtlebot3_autorace_2020/traffic_bar/materials/scripts/traffic_bar.material
[61.882s] -- Installing: /home/dasunsanjaya080/ROS2_works/course_2/install/turtlebot3_gazebo/share/turtlebot3_gazebo//models/turtlebot3_autorace_2020/traffic_bar/model.config
[61.882s] -- Installing: /home/dasunsanjaya080/ROS2_works/course_2/install/turtlebot3_gazebo/share/turtlebot3_gazebo//models/turtlebot3_autorace_2020/traffic_bar/model.sdf
[61.882s] -- Installing: /home/dasunsanjaya080/ROS2_works/course_2/install/turtlebot3_gazebo/share/turtlebot3_gazebo//models/turtlebot3_autorace_2020/traffic_intersection
[61.882s] -- Installing: /home/dasunsanjaya080/ROS2_works/course_2/install/turtlebot3_gazebo/share/turtlebot3_gazebo//models/turtlebot3_autorace_2020/traffic_intersection/materials
[61.882s] -- Installing: /home/dasunsanjaya080/ROS2_works/course_2/install/turtlebot3_gazebo/share/turtlebot3_gazebo//models/turtlebot3_autorace_2020/traffic_intersection/materials/textures
[61.882s] -- Installing: /home/dasunsanjaya080/ROS2_works/course_2/install/turtlebot3_gazebo/share/turtlebot3_gazebo//models/turtlebot3_autorace_2020/traffic_intersection/materials/textures/traffic_intersection.png
[61.882s] -- Installing: /home/dasunsanjaya080/ROS2_works/course_2/install/turtlebot3_gazebo/share/turtlebot3_gazebo//models/turtlebot3_autorace_2020/traffic_intersection/materials/scripts
[61.883s] -- Installing: /home/dasunsanjaya080/ROS2_works/course_2/install/turtlebot3_gazebo/share/turtlebot3_gazebo//models/turtlebot3_autorace_2020/traffic_intersection/materials/scripts/traffic_intersection.material
[61.883s] -- Installing: /home/dasunsanjaya080/ROS2_works/course_2/install/turtlebot3_gazebo/share/turtlebot3_gazebo//models/turtlebot3_autorace_2020/traffic_intersection/model.config
[61.883s] -- Installing: /home/dasunsanjaya080/ROS2_works/course_2/install/turtlebot3_gazebo/share/turtlebot3_gazebo//models/turtlebot3_autorace_2020/traffic_intersection/model.sdf
[61.883s] -- Installing: /home/dasunsanjaya080/ROS2_works/course_2/install/turtlebot3_gazebo/share/turtlebot3_gazebo//models/turtlebot3_autorace_2020/traffic_construction
[61.883s] -- Installing: /home/dasunsanjaya080/ROS2_works/course_2/install/turtlebot3_gazebo/share/turtlebot3_gazebo//models/turtlebot3_autorace_2020/traffic_construction/materials
[61.883s] -- Installing: /home/dasunsanjaya080/ROS2_works/course_2/install/turtlebot3_gazebo/share/turtlebot3_gazebo//models/turtlebot3_autorace_2020/traffic_construction/materials/textures
[61.883s] -- Installing: /home/dasunsanjaya080/ROS2_works/course_2/install/turtlebot3_gazebo/share/turtlebot3_gazebo//models/turtlebot3_autorace_2020/traffic_construction/materials/textures/traffic_construction.png
[61.883s] -- Installing: /home/dasunsanjaya080/ROS2_works/course_2/install/turtlebot3_gazebo/share/turtlebot3_gazebo//models/turtlebot3_autorace_2020/traffic_construction/materials/scripts
[61.883s] -- Installing: /home/dasunsanjaya080/ROS2_works/course_2/install/turtlebot3_gazebo/share/turtlebot3_gazebo//models/turtlebot3_autorace_2020/traffic_construction/materials/scripts/traffic_construction.material
[61.883s] -- Installing: /home/dasunsanjaya080/ROS2_works/course_2/install/turtlebot3_gazebo/share/turtlebot3_gazebo//models/turtlebot3_autorace_2020/traffic_construction/model.config
[61.883s] -- Installing: /home/dasunsanjaya080/ROS2_works/course_2/install/turtlebot3_gazebo/share/turtlebot3_gazebo//models/turtlebot3_autorace_2020/traffic_construction/model.sdf
[61.883s] -- Installing: /home/dasunsanjaya080/ROS2_works/course_2/install/turtlebot3_gazebo/share/turtlebot3_gazebo//models/turtlebot3_autorace_2020/traffic_noentry
[61.883s] -- Installing: /home/dasunsanjaya080/ROS2_works/course_2/install/turtlebot3_gazebo/share/turtlebot3_gazebo//models/turtlebot3_autorace_2020/traffic_noentry/materials
[61.883s] -- Installing: /home/dasunsanjaya080/ROS2_works/course_2/install/turtlebot3_gazebo/share/turtlebot3_gazebo//models/turtlebot3_autorace_2020/traffic_noentry/materials/textures
[61.883s] -- Installing: /home/dasunsanjaya080/ROS2_works/course_2/install/turtlebot3_gazebo/share/turtlebot3_gazebo//models/turtlebot3_autorace_2020/traffic_noentry/materials/textures/traffic_noentry.png
[61.883s] -- Installing: /home/dasunsanjaya080/ROS2_works/course_2/install/turtlebot3_gazebo/share/turtlebot3_gazebo//models/turtlebot3_autorace_2020/traffic_noentry/materials/scripts
[61.884s] -- Installing: /home/dasunsanjaya080/ROS2_works/course_2/install/turtlebot3_gazebo/share/turtlebot3_gazebo//models/turtlebot3_autorace_2020/traffic_noentry/materials/scripts/traffic_noentry.material
[61.884s] -- Installing: /home/dasunsanjaya080/ROS2_works/course_2/install/turtlebot3_gazebo/share/turtlebot3_gazebo//models/turtlebot3_autorace_2020/traffic_noentry/model.config
[61.884s] -- Installing: /home/dasunsanjaya080/ROS2_works/course_2/install/turtlebot3_gazebo/share/turtlebot3_gazebo//models/turtlebot3_autorace_2020/traffic_noentry/model.sdf
[61.884s] -- Installing: /home/dasunsanjaya080/ROS2_works/course_2/install/turtlebot3_gazebo/share/turtlebot3_gazebo//models/turtlebot3_autorace_2020/traffic_tunnel
[61.884s] -- Installing: /home/dasunsanjaya080/ROS2_works/course_2/install/turtlebot3_gazebo/share/turtlebot3_gazebo//models/turtlebot3_autorace_2020/traffic_tunnel/materials
[61.884s] -- Installing: /home/dasunsanjaya080/ROS2_works/course_2/install/turtlebot3_gazebo/share/turtlebot3_gazebo//models/turtlebot3_autorace_2020/traffic_tunnel/materials/textures
[61.884s] -- Installing: /home/dasunsanjaya080/ROS2_works/course_2/install/turtlebot3_gazebo/share/turtlebot3_gazebo//models/turtlebot3_autorace_2020/traffic_tunnel/materials/textures/tunnel.png
[61.884s] -- Installing: /home/dasunsanjaya080/ROS2_works/course_2/install/turtlebot3_gazebo/share/turtlebot3_gazebo//models/turtlebot3_autorace_2020/traffic_tunnel/materials/scripts
[61.884s] -- Installing: /home/dasunsanjaya080/ROS2_works/course_2/install/turtlebot3_gazebo/share/turtlebot3_gazebo//models/turtlebot3_autorace_2020/traffic_tunnel/materials/scripts/tunnel.material
[61.884s] -- Installing: /home/dasunsanjaya080/ROS2_works/course_2/install/turtlebot3_gazebo/share/turtlebot3_gazebo//models/turtlebot3_autorace_2020/traffic_tunnel/model.config
[61.884s] -- Installing: /home/dasunsanjaya080/ROS2_works/course_2/install/turtlebot3_gazebo/share/turtlebot3_gazebo//models/turtlebot3_autorace_2020/traffic_tunnel/model.sdf
[61.884s] -- Installing: /home/dasunsanjaya080/ROS2_works/course_2/install/turtlebot3_gazebo/share/turtlebot3_gazebo//models/turtlebot3_autorace_2020/course
[61.884s] -- Installing: /home/dasunsanjaya080/ROS2_works/course_2/install/turtlebot3_gazebo/share/turtlebot3_gazebo//models/turtlebot3_autorace_2020/course/materials
[61.884s] -- Installing: /home/dasunsanjaya080/ROS2_works/course_2/install/turtlebot3_gazebo/share/turtlebot3_gazebo//models/turtlebot3_autorace_2020/course/materials/textures
[61.884s] -- Installing: /home/dasunsanjaya080/ROS2_works/course_2/install/turtlebot3_gazebo/share/turtlebot3_gazebo//models/turtlebot3_autorace_2020/course/materials/textures/course.png
[61.884s] -- Installing: /home/dasunsanjaya080/ROS2_works/course_2/install/turtlebot3_gazebo/share/turtlebot3_gazebo//models/turtlebot3_autorace_2020/course/materials/scripts
[61.884s] -- Installing: /home/dasunsanjaya080/ROS2_works/course_2/install/turtlebot3_gazebo/share/turtlebot3_gazebo//models/turtlebot3_autorace_2020/course/materials/scripts/course.material
[61.885s] -- Installing: /home/dasunsanjaya080/ROS2_works/course_2/install/turtlebot3_gazebo/share/turtlebot3_gazebo//models/turtlebot3_autorace_2020/course/model.config
[61.885s] -- Installing: /home/dasunsanjaya080/ROS2_works/course_2/install/turtlebot3_gazebo/share/turtlebot3_gazebo//models/turtlebot3_autorace_2020/course/model.sdf
[61.885s] -- Installing: /home/dasunsanjaya080/ROS2_works/course_2/install/turtlebot3_gazebo/share/turtlebot3_gazebo//models/turtlebot3_autorace_2020/traffic_light
[61.885s] -- Installing: /home/dasunsanjaya080/ROS2_works/course_2/install/turtlebot3_gazebo/share/turtlebot3_gazebo//models/turtlebot3_autorace_2020/traffic_light/materials
[61.885s] -- Installing: /home/dasunsanjaya080/ROS2_works/course_2/install/turtlebot3_gazebo/share/turtlebot3_gazebo//models/turtlebot3_autorace_2020/traffic_light/materials/textures
[61.885s] -- Installing: /home/dasunsanjaya080/ROS2_works/course_2/install/turtlebot3_gazebo/share/turtlebot3_gazebo//models/turtlebot3_autorace_2020/traffic_light/materials/textures/traffic_light_green.png
[61.885s] -- Installing: /home/dasunsanjaya080/ROS2_works/course_2/install/turtlebot3_gazebo/share/turtlebot3_gazebo//models/turtlebot3_autorace_2020/traffic_light/materials/textures/traffic_light.png
[61.885s] -- Installing: /home/dasunsanjaya080/ROS2_works/course_2/install/turtlebot3_gazebo/share/turtlebot3_gazebo//models/turtlebot3_autorace_2020/traffic_light/materials/textures/traffic_light_yellow.png
[61.885s] -- Installing: /home/dasunsanjaya080/ROS2_works/course_2/install/turtlebot3_gazebo/share/turtlebot3_gazebo//models/turtlebot3_autorace_2020/traffic_light/materials/textures/traffic_light_red.png
[61.885s] -- Installing: /home/dasunsanjaya080/ROS2_works/course_2/install/turtlebot3_gazebo/share/turtlebot3_gazebo//models/turtlebot3_autorace_2020/traffic_light/materials/scripts
[61.885s] -- Installing: /home/dasunsanjaya080/ROS2_works/course_2/install/turtlebot3_gazebo/share/turtlebot3_gazebo//models/turtlebot3_autorace_2020/traffic_light/materials/scripts/traffic_light.material
[61.885s] -- Installing: /home/dasunsanjaya080/ROS2_works/course_2/install/turtlebot3_gazebo/share/turtlebot3_gazebo//models/turtlebot3_autorace_2020/traffic_light/model.config
[61.885s] -- Installing: /home/dasunsanjaya080/ROS2_works/course_2/install/turtlebot3_gazebo/share/turtlebot3_gazebo//models/turtlebot3_autorace_2020/traffic_light/model.sdf
[61.885s] -- Installing: /home/dasunsanjaya080/ROS2_works/course_2/install/turtlebot3_gazebo/share/turtlebot3_gazebo//models/turtlebot3_autorace_2020/traffic_parking
[61.885s] -- Installing: /home/dasunsanjaya080/ROS2_works/course_2/install/turtlebot3_gazebo/share/turtlebot3_gazebo//models/turtlebot3_autorace_2020/traffic_parking/materials
[61.885s] -- Installing: /home/dasunsanjaya080/ROS2_works/course_2/install/turtlebot3_gazebo/share/turtlebot3_gazebo//models/turtlebot3_autorace_2020/traffic_parking/materials/textures
[61.885s] -- Installing: /home/dasunsanjaya080/ROS2_works/course_2/install/turtlebot3_gazebo/share/turtlebot3_gazebo//models/turtlebot3_autorace_2020/traffic_parking/materials/textures/traffic_parking.png
[61.885s] -- Installing: /home/dasunsanjaya080/ROS2_works/course_2/install/turtlebot3_gazebo/share/turtlebot3_gazebo//models/turtlebot3_autorace_2020/traffic_parking/materials/scripts
[61.885s] -- Installing: /home/dasunsanjaya080/ROS2_works/course_2/install/turtlebot3_gazebo/share/turtlebot3_gazebo//models/turtlebot3_autorace_2020/traffic_parking/materials/scripts/traffic_parking.material
[61.886s] -- Installing: /home/dasunsanjaya080/ROS2_works/course_2/install/turtlebot3_gazebo/share/turtlebot3_gazebo//models/turtlebot3_autorace_2020/traffic_parking/model.config
[61.886s] -- Installing: /home/dasunsanjaya080/ROS2_works/course_2/install/turtlebot3_gazebo/share/turtlebot3_gazebo//models/turtlebot3_autorace_2020/traffic_parking/model.sdf
[61.886s] -- Installing: /home/dasunsanjaya080/ROS2_works/course_2/install/turtlebot3_gazebo/share/turtlebot3_gazebo//models/turtlebot3_autorace_2020/checker
[61.886s] -- Installing: /home/dasunsanjaya080/ROS2_works/course_2/install/turtlebot3_gazebo/share/turtlebot3_gazebo//models/turtlebot3_autorace_2020/checker/materials
[61.886s] -- Installing: /home/dasunsanjaya080/ROS2_works/course_2/install/turtlebot3_gazebo/share/turtlebot3_gazebo//models/turtlebot3_autorace_2020/checker/materials/textures
[61.886s] -- Installing: /home/dasunsanjaya080/ROS2_works/course_2/install/turtlebot3_gazebo/share/turtlebot3_gazebo//models/turtlebot3_autorace_2020/checker/materials/textures/checker.png
[61.886s] -- Installing: /home/dasunsanjaya080/ROS2_works/course_2/install/turtlebot3_gazebo/share/turtlebot3_gazebo//models/turtlebot3_autorace_2020/checker/materials/checker.png
[61.886s] -- Installing: /home/dasunsanjaya080/ROS2_works/course_2/install/turtlebot3_gazebo/share/turtlebot3_gazebo//models/turtlebot3_autorace_2020/checker/materials/scripts
[61.886s] -- Installing: /home/dasunsanjaya080/ROS2_works/course_2/install/turtlebot3_gazebo/share/turtlebot3_gazebo//models/turtlebot3_autorace_2020/checker/materials/scripts/checker.material
[61.886s] -- Installing: /home/dasunsanjaya080/ROS2_works/course_2/install/turtlebot3_gazebo/share/turtlebot3_gazebo//models/turtlebot3_autorace_2020/checker/model.config
[61.886s] -- Installing: /home/dasunsanjaya080/ROS2_works/course_2/install/turtlebot3_gazebo/share/turtlebot3_gazebo//models/turtlebot3_autorace_2020/checker/model.sdf
[61.886s] -- Installing: /home/dasunsanjaya080/ROS2_works/course_2/install/turtlebot3_gazebo/share/turtlebot3_gazebo//models/turtlebot3_autorace_2020/traffic_pl_left
[61.886s] -- Installing: /home/dasunsanjaya080/ROS2_works/course_2/install/turtlebot3_gazebo/share/turtlebot3_gazebo//models/turtlebot3_autorace_2020/traffic_pl_left/materials
[61.886s] -- Installing: /home/dasunsanjaya080/ROS2_works/course_2/install/turtlebot3_gazebo/share/turtlebot3_gazebo//models/turtlebot3_autorace_2020/traffic_pl_left/materials/textures
[61.886s] -- Installing: /home/dasunsanjaya080/ROS2_works/course_2/install/turtlebot3_gazebo/share/turtlebot3_gazebo//models/turtlebot3_autorace_2020/traffic_pl_left/materials/textures/traffic_pl_left.png
[61.886s] -- Installing: /home/dasunsanjaya080/ROS2_works/course_2/install/turtlebot3_gazebo/share/turtlebot3_gazebo//models/turtlebot3_autorace_2020/traffic_pl_left/materials/scripts
[61.886s] -- Installing: /home/dasunsanjaya080/ROS2_works/course_2/install/turtlebot3_gazebo/share/turtlebot3_gazebo//models/turtlebot3_autorace_2020/traffic_pl_left/materials/scripts/traffic_pl_left.material
[61.886s] -- Installing: /home/dasunsanjaya080/ROS2_works/course_2/install/turtlebot3_gazebo/share/turtlebot3_gazebo//models/turtlebot3_autorace_2020/traffic_pl_left/model.config
[61.886s] -- Installing: /home/dasunsanjaya080/ROS2_works/course_2/install/turtlebot3_gazebo/share/turtlebot3_gazebo//models/turtlebot3_autorace_2020/traffic_pl_left/model.sdf
[61.887s] -- Installing: /home/dasunsanjaya080/ROS2_works/course_2/install/turtlebot3_gazebo/share/turtlebot3_gazebo//models/turtlebot3_autorace_2020/traffic_left
[61.887s] -- Installing: /home/dasunsanjaya080/ROS2_works/course_2/install/turtlebot3_gazebo/share/turtlebot3_gazebo//models/turtlebot3_autorace_2020/traffic_left/materials
[61.887s] -- Installing: /home/dasunsanjaya080/ROS2_works/course_2/install/turtlebot3_gazebo/share/turtlebot3_gazebo//models/turtlebot3_autorace_2020/traffic_left/materials/textures
[61.887s] -- Installing: /home/dasunsanjaya080/ROS2_works/course_2/install/turtlebot3_gazebo/share/turtlebot3_gazebo//models/turtlebot3_autorace_2020/traffic_left/materials/textures/traffic_left.png
[61.887s] -- Installing: /home/dasunsanjaya080/ROS2_works/course_2/install/turtlebot3_gazebo/share/turtlebot3_gazebo//models/turtlebot3_autorace_2020/traffic_left/materials/scripts
[61.887s] -- Installing: /home/dasunsanjaya080/ROS2_works/course_2/install/turtlebot3_gazebo/share/turtlebot3_gazebo//models/turtlebot3_autorace_2020/traffic_left/materials/scripts/traffic_is_left.material
[61.887s] -- Installing: /home/dasunsanjaya080/ROS2_works/course_2/install/turtlebot3_gazebo/share/turtlebot3_gazebo//models/turtlebot3_autorace_2020/traffic_left/model.config
[61.887s] -- Installing: /home/dasunsanjaya080/ROS2_works/course_2/install/turtlebot3_gazebo/share/turtlebot3_gazebo//models/turtlebot3_autorace_2020/traffic_left/model.sdf
[61.887s] -- Installing: /home/dasunsanjaya080/ROS2_works/course_2/install/turtlebot3_gazebo/share/turtlebot3_gazebo//models/turtlebot3_autorace_2020/traffic_right
[61.887s] -- Installing: /home/dasunsanjaya080/ROS2_works/course_2/install/turtlebot3_gazebo/share/turtlebot3_gazebo//models/turtlebot3_autorace_2020/traffic_right/materials
[61.887s] -- Installing: /home/dasunsanjaya080/ROS2_works/course_2/install/turtlebot3_gazebo/share/turtlebot3_gazebo//models/turtlebot3_autorace_2020/traffic_right/materials/textures
[61.887s] -- Installing: /home/dasunsanjaya080/ROS2_works/course_2/install/turtlebot3_gazebo/share/turtlebot3_gazebo//models/turtlebot3_autorace_2020/traffic_right/materials/textures/traffic_right.png
[61.887s] -- Installing: /home/dasunsanjaya080/ROS2_works/course_2/install/turtlebot3_gazebo/share/turtlebot3_gazebo//models/turtlebot3_autorace_2020/traffic_right/materials/scripts
[61.888s] -- Installing: /home/dasunsanjaya080/ROS2_works/course_2/install/turtlebot3_gazebo/share/turtlebot3_gazebo//models/turtlebot3_autorace_2020/traffic_right/materials/scripts/traffic_right.material
[61.888s] -- Installing: /home/dasunsanjaya080/ROS2_works/course_2/install/turtlebot3_gazebo/share/turtlebot3_gazebo//models/turtlebot3_autorace_2020/traffic_right/model.config
[61.888s] -- Installing: /home/dasunsanjaya080/ROS2_works/course_2/install/turtlebot3_gazebo/share/turtlebot3_gazebo//models/turtlebot3_autorace_2020/traffic_right/model.sdf
[61.888s] -- Installing: /home/dasunsanjaya080/ROS2_works/course_2/install/turtlebot3_gazebo/share/turtlebot3_gazebo//models/turtlebot3_autorace_2020/traffic_stop
[61.888s] -- Installing: /home/dasunsanjaya080/ROS2_works/course_2/install/turtlebot3_gazebo/share/turtlebot3_gazebo//models/turtlebot3_autorace_2020/traffic_stop/materials
[61.888s] -- Installing: /home/dasunsanjaya080/ROS2_works/course_2/install/turtlebot3_gazebo/share/turtlebot3_gazebo//models/turtlebot3_autorace_2020/traffic_stop/materials/textures
[61.888s] -- Installing: /home/dasunsanjaya080/ROS2_works/course_2/install/turtlebot3_gazebo/share/turtlebot3_gazebo//models/turtlebot3_autorace_2020/traffic_stop/materials/textures/traffic_stop.png
[61.888s] -- Installing: /home/dasunsanjaya080/ROS2_works/course_2/install/turtlebot3_gazebo/share/turtlebot3_gazebo//models/turtlebot3_autorace_2020/traffic_stop/materials/scripts
[61.888s] -- Installing: /home/dasunsanjaya080/ROS2_works/course_2/install/turtlebot3_gazebo/share/turtlebot3_gazebo//models/turtlebot3_autorace_2020/traffic_stop/materials/scripts/traffic_stop.material
[61.888s] -- Installing: /home/dasunsanjaya080/ROS2_works/course_2/install/turtlebot3_gazebo/share/turtlebot3_gazebo//models/turtlebot3_autorace_2020/traffic_stop/model.config
[61.888s] -- Installing: /home/dasunsanjaya080/ROS2_works/course_2/install/turtlebot3_gazebo/share/turtlebot3_gazebo//models/turtlebot3_autorace_2020/traffic_stop/model.sdf
[61.888s] -- Installing: /home/dasunsanjaya080/ROS2_works/course_2/install/turtlebot3_gazebo/share/turtlebot3_gazebo//models/turtlebot3_burger
[61.888s] -- Installing: /home/dasunsanjaya080/ROS2_works/course_2/install/turtlebot3_gazebo/share/turtlebot3_gazebo//models/turtlebot3_burger/model.config
[61.888s] -- Installing: /home/dasunsanjaya080/ROS2_works/course_2/install/turtlebot3_gazebo/share/turtlebot3_gazebo//models/turtlebot3_burger/model.sdf
[61.888s] -- Installing: /home/dasunsanjaya080/ROS2_works/course_2/install/turtlebot3_gazebo/share/turtlebot3_gazebo//models/turtlebot3_burger/model-1_4.sdf
[61.889s] -- Installing: /home/dasunsanjaya080/ROS2_works/course_2/install/turtlebot3_gazebo/share/turtlebot3_gazebo//models/turtlebot3_dqn_world
[61.889s] -- Installing: /home/dasunsanjaya080/ROS2_works/course_2/install/turtlebot3_gazebo/share/turtlebot3_gazebo//models/turtlebot3_dqn_world/goal_box
[61.889s] -- Installing: /home/dasunsanjaya080/ROS2_works/course_2/install/turtlebot3_gazebo/share/turtlebot3_gazebo//models/turtlebot3_dqn_world/goal_box/model.config
[61.889s] -- Installing: /home/dasunsanjaya080/ROS2_works/course_2/install/turtlebot3_gazebo/share/turtlebot3_gazebo//models/turtlebot3_dqn_world/goal_box/model.sdf
[61.889s] -- Installing: /home/dasunsanjaya080/ROS2_works/course_2/install/turtlebot3_gazebo/share/turtlebot3_gazebo//models/turtlebot3_dqn_world/model.config
[61.889s] -- Installing: /home/dasunsanjaya080/ROS2_works/course_2/install/turtlebot3_gazebo/share/turtlebot3_gazebo//models/turtlebot3_dqn_world/model.sdf
[61.889s] -- Installing: /home/dasunsanjaya080/ROS2_works/course_2/install/turtlebot3_gazebo/share/turtlebot3_gazebo//models/turtlebot3_dqn_world/obstacle2
[61.889s] -- Installing: /home/dasunsanjaya080/ROS2_works/course_2/install/turtlebot3_gazebo/share/turtlebot3_gazebo//models/turtlebot3_dqn_world/obstacle2/model.config
[61.889s] -- Installing: /home/dasunsanjaya080/ROS2_works/course_2/install/turtlebot3_gazebo/share/turtlebot3_gazebo//models/turtlebot3_dqn_world/obstacle2/model.sdf
[61.889s] -- Installing: /home/dasunsanjaya080/ROS2_works/course_2/install/turtlebot3_gazebo/share/turtlebot3_gazebo//models/turtlebot3_dqn_world/inner_walls
[61.889s] -- Installing: /home/dasunsanjaya080/ROS2_works/course_2/install/turtlebot3_gazebo/share/turtlebot3_gazebo//models/turtlebot3_dqn_world/inner_walls/model.config
[61.889s] -- Installing: /home/dasunsanjaya080/ROS2_works/course_2/install/turtlebot3_gazebo/share/turtlebot3_gazebo//models/turtlebot3_dqn_world/inner_walls/model.sdf
[61.889s] -- Installing: /home/dasunsanjaya080/ROS2_works/course_2/install/turtlebot3_gazebo/share/turtlebot3_gazebo//models/turtlebot3_dqn_world/obstacles
[61.889s] -- Installing: /home/dasunsanjaya080/ROS2_works/course_2/install/turtlebot3_gazebo/share/turtlebot3_gazebo//models/turtlebot3_dqn_world/obstacles/model.config
[61.889s] -- Installing: /home/dasunsanjaya080/ROS2_works/course_2/install/turtlebot3_gazebo/share/turtlebot3_gazebo//models/turtlebot3_dqn_world/obstacles/model.sdf
[61.889s] -- Installing: /home/dasunsanjaya080/ROS2_works/course_2/install/turtlebot3_gazebo/share/turtlebot3_gazebo//models/turtlebot3_dqn_world/obstacle1
[61.889s] -- Installing: /home/dasunsanjaya080/ROS2_works/course_2/install/turtlebot3_gazebo/share/turtlebot3_gazebo//models/turtlebot3_dqn_world/obstacle1/model.config
[61.889s] -- Installing: /home/dasunsanjaya080/ROS2_works/course_2/install/turtlebot3_gazebo/share/turtlebot3_gazebo//models/turtlebot3_dqn_world/obstacle1/model.sdf
[61.890s] -- Installing: /home/dasunsanjaya080/ROS2_works/course_2/install/turtlebot3_gazebo/share/turtlebot3_gazebo//models/turtlebot3_world
[61.890s] -- Installing: /home/dasunsanjaya080/ROS2_works/course_2/install/turtlebot3_gazebo/share/turtlebot3_gazebo//models/turtlebot3_world/meshes
[61.890s] -- Installing: /home/dasunsanjaya080/ROS2_works/course_2/install/turtlebot3_gazebo/share/turtlebot3_gazebo//models/turtlebot3_world/meshes/wall.dae
[61.890s] -- Installing: /home/dasunsanjaya080/ROS2_works/course_2/install/turtlebot3_gazebo/share/turtlebot3_gazebo//models/turtlebot3_world/meshes/hexagon.dae
[61.890s] -- Installing: /home/dasunsanjaya080/ROS2_works/course_2/install/turtlebot3_gazebo/share/turtlebot3_gazebo//models/turtlebot3_world/model.config
[61.890s] -- Installing: /home/dasunsanjaya080/ROS2_works/course_2/install/turtlebot3_gazebo/share/turtlebot3_gazebo//models/turtlebot3_world/model.sdf
[61.890s] -- Installing: /home/dasunsanjaya080/ROS2_works/course_2/install/turtlebot3_gazebo/share/turtlebot3_gazebo//models/turtlebot3_world/model-1_4.sdf
[61.890s] -- Installing: /home/dasunsanjaya080/ROS2_works/course_2/install/turtlebot3_gazebo/share/turtlebot3_gazebo//models/turtlebot3_waffle_pi
[61.890s] -- Installing: /home/dasunsanjaya080/ROS2_works/course_2/install/turtlebot3_gazebo/share/turtlebot3_gazebo//models/turtlebot3_waffle_pi/model-1_4_.sdf
[61.890s] -- Installing: /home/dasunsanjaya080/ROS2_works/course_2/install/turtlebot3_gazebo/share/turtlebot3_gazebo//models/turtlebot3_waffle_pi/model.config
[61.890s] -- Installing: /home/dasunsanjaya080/ROS2_works/course_2/install/turtlebot3_gazebo/share/turtlebot3_gazebo//models/turtlebot3_waffle_pi/model.sdf
[61.890s] -- Installing: /home/dasunsanjaya080/ROS2_works/course_2/install/turtlebot3_gazebo/share/turtlebot3_gazebo//models/turtlebot3_house
[61.890s] -- Installing: /home/dasunsanjaya080/ROS2_works/course_2/install/turtlebot3_gazebo/share/turtlebot3_gazebo//models/turtlebot3_house/model.config
[61.890s] -- Installing: /home/dasunsanjaya080/ROS2_works/course_2/install/turtlebot3_gazebo/share/turtlebot3_gazebo//models/turtlebot3_house/model.sdf
[61.890s] -- Installing: /home/dasunsanjaya080/ROS2_works/course_2/install/turtlebot3_gazebo/share/turtlebot3_gazebo//models/turtlebot3_common
[61.890s] -- Installing: /home/dasunsanjaya080/ROS2_works/course_2/install/turtlebot3_gazebo/share/turtlebot3_gazebo//models/turtlebot3_common/meshes
[61.890s] -- Installing: /home/dasunsanjaya080/ROS2_works/course_2/install/turtlebot3_gazebo/share/turtlebot3_gazebo//models/turtlebot3_common/meshes/r200.dae
[61.891s] -- Installing: /home/dasunsanjaya080/ROS2_works/course_2/install/turtlebot3_gazebo/share/turtlebot3_gazebo//models/turtlebot3_common/meshes/tire.dae
[61.891s] -- Installing: /home/dasunsanjaya080/ROS2_works/course_2/install/turtlebot3_gazebo/share/turtlebot3_gazebo//models/turtlebot3_common/meshes/waffle_pi_base.dae
[61.891s] -- Installing: /home/dasunsanjaya080/ROS2_works/course_2/install/turtlebot3_gazebo/share/turtlebot3_gazebo//models/turtlebot3_common/meshes/lds.dae
[61.891s] -- Installing: /home/dasunsanjaya080/ROS2_works/course_2/install/turtlebot3_gazebo/share/turtlebot3_gazebo//models/turtlebot3_common/meshes/wheels
[61.891s] -- Installing: /home/dasunsanjaya080/ROS2_works/course_2/install/turtlebot3_gazebo/share/turtlebot3_gazebo//models/turtlebot3_common/meshes/wheels/right_tire.stl
[61.892s] -- Installing: /home/dasunsanjaya080/ROS2_works/course_2/install/turtlebot3_gazebo/share/turtlebot3_gazebo//models/turtlebot3_common/meshes/wheels/left_tire.stl
[61.892s] -- Installing: /home/dasunsanjaya080/ROS2_works/course_2/install/turtlebot3_gazebo/share/turtlebot3_gazebo//models/turtlebot3_common/meshes/burger_base.dae
[61.892s] -- Installing: /home/dasunsanjaya080/ROS2_works/course_2/install/turtlebot3_gazebo/share/turtlebot3_gazebo//models/turtlebot3_common/meshes/waffle_base.dae
[61.892s] -- Installing: /home/dasunsanjaya080/ROS2_works/course_2/install/turtlebot3_gazebo/share/turtlebot3_gazebo//models/turtlebot3_common/meshes/bases
[61.892s] -- Installing: /home/dasunsanjaya080/ROS2_works/course_2/install/turtlebot3_gazebo/share/turtlebot3_gazebo//models/turtlebot3_common/meshes/bases/waffle_base.stl
[61.902s] -- Installing: /home/dasunsanjaya080/ROS2_works/course_2/install/turtlebot3_gazebo/share/turtlebot3_gazebo//models/turtlebot3_common/meshes/bases/burger_base.stl
[61.905s] -- Installing: /home/dasunsanjaya080/ROS2_works/course_2/install/turtlebot3_gazebo/share/turtlebot3_gazebo//models/turtlebot3_common/meshes/bases/waffle_pi_base.stl
[61.909s] -- Installing: /home/dasunsanjaya080/ROS2_works/course_2/install/turtlebot3_gazebo/share/turtlebot3_gazebo//models/turtlebot3_common/meshes/sensors
[61.909s] -- Installing: /home/dasunsanjaya080/ROS2_works/course_2/install/turtlebot3_gazebo/share/turtlebot3_gazebo//models/turtlebot3_common/meshes/sensors/lds.stl
[61.910s] -- Installing: /home/dasunsanjaya080/ROS2_works/course_2/install/turtlebot3_gazebo/share/turtlebot3_gazebo//models/turtlebot3_common/meshes/sensors/r200.dae
[61.910s] -- Installing: /home/dasunsanjaya080/ROS2_works/course_2/install/turtlebot3_gazebo/share/turtlebot3_gazebo//models/turtlebot3_common/meshes/sensors/astra.dae
[61.915s] -- Installing: /home/dasunsanjaya080/ROS2_works/course_2/install/turtlebot3_gazebo/share/turtlebot3_gazebo//models/turtlebot3_common/meshes/sensors/astra.jpg
[61.915s] -- Installing: /home/dasunsanjaya080/ROS2_works/course_2/install/turtlebot3_gazebo/share/turtlebot3_gazebo//models/turtlebot3_common/meshes/sensors/r200.jpg
[61.915s] -- Installing: /home/dasunsanjaya080/ROS2_works/course_2/install/turtlebot3_gazebo/share/turtlebot3_gazebo//models/turtlebot3_common/model.config
[61.915s] -- Installing: /home/dasunsanjaya080/ROS2_works/course_2/install/turtlebot3_gazebo/share/turtlebot3_gazebo//models/turtlebot3_waffle
[61.915s] -- Installing: /home/dasunsanjaya080/ROS2_works/course_2/install/turtlebot3_gazebo/share/turtlebot3_gazebo//models/turtlebot3_waffle/model.config
[61.916s] -- Installing: /home/dasunsanjaya080/ROS2_works/course_2/install/turtlebot3_gazebo/share/turtlebot3_gazebo//models/turtlebot3_waffle/model.sdf
[61.916s] -- Installing: /home/dasunsanjaya080/ROS2_works/course_2/install/turtlebot3_gazebo/share/turtlebot3_gazebo//models/turtlebot3_waffle/model-1_4.sdf
[61.916s] -- Installing: /home/dasunsanjaya080/ROS2_works/course_2/install/turtlebot3_gazebo/share/turtlebot3_gazebo//models/turtlebot3_burger_cam
[61.916s] -- Installing: /home/dasunsanjaya080/ROS2_works/course_2/install/turtlebot3_gazebo/share/turtlebot3_gazebo//models/turtlebot3_burger_cam/model.config
[61.916s] -- Installing: /home/dasunsanjaya080/ROS2_works/course_2/install/turtlebot3_gazebo/share/turtlebot3_gazebo//models/turtlebot3_burger_cam/model.sdf
[61.916s] -- Installing: /home/dasunsanjaya080/ROS2_works/course_2/install/turtlebot3_gazebo/share/turtlebot3_gazebo//models/turtlebot3_burger_cam/model-1_4.sdf
[61.916s] -- Installing: /home/dasunsanjaya080/ROS2_works/course_2/install/turtlebot3_gazebo/share/turtlebot3_gazebo//rviz
[61.916s] -- Installing: /home/dasunsanjaya080/ROS2_works/course_2/install/turtlebot3_gazebo/share/turtlebot3_gazebo//rviz/tb3_gazebo.rviz
[61.916s] -- Installing: /home/dasunsanjaya080/ROS2_works/course_2/install/turtlebot3_gazebo/share/turtlebot3_gazebo//urdf
[61.916s] -- Installing: /home/dasunsanjaya080/ROS2_works/course_2/install/turtlebot3_gazebo/share/turtlebot3_gazebo//urdf/turtlebot3_waffle_pi.urdf
[61.916s] -- Installing: /home/dasunsanjaya080/ROS2_works/course_2/install/turtlebot3_gazebo/share/turtlebot3_gazebo//urdf/turtlebot3_waffle.urdf
[61.916s] -- Installing: /home/dasunsanjaya080/ROS2_works/course_2/install/turtlebot3_gazebo/share/turtlebot3_gazebo//urdf/turtlebot3_burger_cam.urdf
[61.916s] -- Installing: /home/dasunsanjaya080/ROS2_works/course_2/install/turtlebot3_gazebo/share/turtlebot3_gazebo//urdf/turtlebot3_burger.urdf
[61.916s] -- Installing: /home/dasunsanjaya080/ROS2_works/course_2/install/turtlebot3_gazebo/share/turtlebot3_gazebo//urdf/common_properties.urdf
[61.916s] -- Installing: /home/dasunsanjaya080/ROS2_works/course_2/install/turtlebot3_gazebo/share/turtlebot3_gazebo//worlds
[61.916s] -- Installing: /home/dasunsanjaya080/ROS2_works/course_2/install/turtlebot3_gazebo/share/turtlebot3_gazebo//worlds/empty_world.world
[61.916s] -- Installing: /home/dasunsanjaya080/ROS2_works/course_2/install/turtlebot3_gazebo/share/turtlebot3_gazebo//worlds/turtlebot3_dqn_stage2.world
[61.917s] -- Installing: /home/dasunsanjaya080/ROS2_works/course_2/install/turtlebot3_gazebo/share/turtlebot3_gazebo//worlds/turtlebot3_autorace_2020.world
[61.917s] -- Installing: /home/dasunsanjaya080/ROS2_works/course_2/install/turtlebot3_gazebo/share/turtlebot3_gazebo//worlds/turtlebot3_world.world
[61.917s] -- Installing: /home/dasunsanjaya080/ROS2_works/course_2/install/turtlebot3_gazebo/share/turtlebot3_gazebo//worlds/turtlebot3_dqn_stage3.world
[61.917s] -- Installing: /home/dasunsanjaya080/ROS2_works/course_2/install/turtlebot3_gazebo/share/turtlebot3_gazebo//worlds/turtlebot3_house.world
[61.917s] -- Installing: /home/dasunsanjaya080/ROS2_works/course_2/install/turtlebot3_gazebo/share/turtlebot3_gazebo//worlds/turtlebot3_dqn_stage1.world
[61.917s] -- Installing: /home/dasunsanjaya080/ROS2_works/course_2/install/turtlebot3_gazebo/share/turtlebot3_gazebo//worlds/turtlebot3_dqn_stage4.world
[61.917s] -- Installing: /home/dasunsanjaya080/ROS2_works/course_2/install/turtlebot3_gazebo/include/
[61.917s] -- Installing: /home/dasunsanjaya080/ROS2_works/course_2/install/turtlebot3_gazebo/include//turtlebot3_gazebo
[61.917s] -- Installing: /home/dasunsanjaya080/ROS2_works/course_2/install/turtlebot3_gazebo/include//turtlebot3_gazebo/obstacle1.hpp
[61.917s] -- Installing: /home/dasunsanjaya080/ROS2_works/course_2/install/turtlebot3_gazebo/include//turtlebot3_gazebo/obstacle2.hpp
[61.917s] -- Installing: /home/dasunsanjaya080/ROS2_works/course_2/install/turtlebot3_gazebo/include//turtlebot3_gazebo/obstacles.hpp
[61.917s] -- Installing: /home/dasunsanjaya080/ROS2_works/course_2/install/turtlebot3_gazebo/include//turtlebot3_gazebo/traffic_bar_plugin.hpp
[61.917s] -- Installing: /home/dasunsanjaya080/ROS2_works/course_2/install/turtlebot3_gazebo/include//turtlebot3_gazebo/turtlebot3_drive.hpp
[61.917s] -- Installing: /home/dasunsanjaya080/ROS2_works/course_2/install/turtlebot3_gazebo/include//turtlebot3_gazebo/traffic_light_plugin.hpp
[61.918s] -- Installing: /home/dasunsanjaya080/ROS2_works/course_2/install/turtlebot3_gazebo/share/ament_index/resource_index/package_run_dependencies/turtlebot3_gazebo
[61.918s] -- Installing: /home/dasunsanjaya080/ROS2_works/course_2/install/turtlebot3_gazebo/share/ament_index/resource_index/parent_prefix_path/turtlebot3_gazebo
[61.918s] -- Installing: /home/dasunsanjaya080/ROS2_works/course_2/install/turtlebot3_gazebo/share/turtlebot3_gazebo/environment/ament_prefix_path.sh
[61.918s] -- Installing: /home/dasunsanjaya080/ROS2_works/course_2/install/turtlebot3_gazebo/share/turtlebot3_gazebo/environment/ament_prefix_path.dsv
[61.918s] -- Installing: /home/dasunsanjaya080/ROS2_works/course_2/install/turtlebot3_gazebo/share/turtlebot3_gazebo/environment/path.sh
[61.918s] -- Installing: /home/dasunsanjaya080/ROS2_works/course_2/install/turtlebot3_gazebo/share/turtlebot3_gazebo/environment/path.dsv
[61.918s] -- Installing: /home/dasunsanjaya080/ROS2_works/course_2/install/turtlebot3_gazebo/share/turtlebot3_gazebo/local_setup.bash
[61.918s] -- Installing: /home/dasunsanjaya080/ROS2_works/course_2/install/turtlebot3_gazebo/share/turtlebot3_gazebo/local_setup.sh
[61.919s] -- Installing: /home/dasunsanjaya080/ROS2_works/course_2/install/turtlebot3_gazebo/share/turtlebot3_gazebo/local_setup.zsh
[61.919s] -- Installing: /home/dasunsanjaya080/ROS2_works/course_2/install/turtlebot3_gazebo/share/turtlebot3_gazebo/local_setup.dsv
[61.919s] -- Installing: /home/dasunsanjaya080/ROS2_works/course_2/install/turtlebot3_gazebo/share/turtlebot3_gazebo/package.dsv
[61.919s] -- Installing: /home/dasunsanjaya080/ROS2_works/course_2/install/turtlebot3_gazebo/share/ament_index/resource_index/packages/turtlebot3_gazebo
[61.919s] -- Installing: /home/dasunsanjaya080/ROS2_works/course_2/install/turtlebot3_gazebo/share/turtlebot3_gazebo/cmake/ament_cmake_export_include_directories-extras.cmake
[61.919s] -- Installing: /home/dasunsanjaya080/ROS2_works/course_2/install/turtlebot3_gazebo/share/turtlebot3_gazebo/cmake/ament_cmake_export_dependencies-extras.cmake
[61.919s] -- Installing: /home/dasunsanjaya080/ROS2_works/course_2/install/turtlebot3_gazebo/share/turtlebot3_gazebo/cmake/turtlebot3_gazeboConfig.cmake
[61.919s] -- Installing: /home/dasunsanjaya080/ROS2_works/course_2/install/turtlebot3_gazebo/share/turtlebot3_gazebo/cmake/turtlebot3_gazeboConfig-version.cmake
[61.919s] -- Installing: /home/dasunsanjaya080/ROS2_works/course_2/install/turtlebot3_gazebo/share/turtlebot3_gazebo/package.xml
[61.921s] Invoked command in '/home/dasunsanjaya080/ROS2_works/course_2/build/turtlebot3_gazebo' returned '0': CMAKE_PREFIX_PATH=/home/dasunsanjaya080/ros2_ws/install/my_robot_controller:/opt/ros/humble /usr/bin/cmake --install /home/dasunsanjaya080/ROS2_works/course_2/build/turtlebot3_gazebo
