[0.011s] Invoking command in '/home/dasunsanjaya080/ROS2_works/course_1/src/build/my_robot_description': CMAKE_PREFIX_PATH=${CMAKE_PREFIX_PATH}:/home/dasunsanjaya080/ros2_ws/install/my_robot_controller:/opt/ros/humble /usr/bin/cmake /home/dasunsanjaya080/ROS2_works/course_1/src/my_robot_description -DAMENT_CMAKE_SYMLINK_INSTALL=1 -DCMAKE_INSTALL_PREFIX=/home/dasunsanjaya080/ROS2_works/course_1/src/install/my_robot_description
[0.301s] -- The C compiler identification is GNU 11.4.0
[1.352s] -- The CXX compiler identification is GNU 11.4.0
[1.838s] -- Detecting C compiler ABI info
[2.271s] -- Detecting C compiler ABI info - done
[2.276s] -- Check for working C compiler: /usr/bin/cc - skipped
[2.280s] -- Detecting C compile features
[2.281s] -- Detecting C compile features - done
[2.283s] -- Detecting CXX compiler ABI info
[2.441s] -- Detecting CXX compiler ABI info - done
[2.445s] -- Check for working CXX compiler: /usr/bin/c++ - skipped
[2.445s] -- Detecting CXX compile features
[2.446s] -- Detecting CXX compile features - done
[2.452s] -- Found ament_cmake: 1.3.12 (/opt/ros/humble/share/ament_cmake/cmake)
[2.554s] -- Found Python3: /usr/bin/python3 (found version "3.10.12") found components: Interpreter 
[2.599s] -- Override CMake install command with custom implementation using symlinks instead of copying resources
[2.660s] -- Configuring done
[2.663s] -- Generating done
[2.665s] -- Build files have been written to: /home/dasunsanjaya080/ROS2_works/course_1/src/build/my_robot_description
[2.669s] Invoked command in '/home/dasunsanjaya080/ROS2_works/course_1/src/build/my_robot_description' returned '0': CMAKE_PREFIX_PATH=${CMAKE_PREFIX_PATH}:/home/dasunsanjaya080/ros2_ws/install/my_robot_controller:/opt/ros/humble /usr/bin/cmake /home/dasunsanjaya080/ROS2_works/course_1/src/my_robot_description -DAMENT_CMAKE_SYMLINK_INSTALL=1 -DCMAKE_INSTALL_PREFIX=/home/dasunsanjaya080/ROS2_works/course_1/src/install/my_robot_description
[2.669s] Invoking command in '/home/dasunsanjaya080/ROS2_works/course_1/src/build/my_robot_description': CMAKE_PREFIX_PATH=${CMAKE_PREFIX_PATH}:/home/dasunsanjaya080/ros2_ws/install/my_robot_controller:/opt/ros/humble /usr/bin/cmake --build /home/dasunsanjaya080/ROS2_works/course_1/src/build/my_robot_description -- -j12 -l12
[2.692s] Invoked command in '/home/dasunsanjaya080/ROS2_works/course_1/src/build/my_robot_description' returned '0': CMAKE_PREFIX_PATH=${CMAKE_PREFIX_PATH}:/home/dasunsanjaya080/ros2_ws/install/my_robot_controller:/opt/ros/humble /usr/bin/cmake --build /home/dasunsanjaya080/ROS2_works/course_1/src/build/my_robot_description -- -j12 -l12
[2.697s] Invoking command in '/home/dasunsanjaya080/ROS2_works/course_1/src/build/my_robot_description': CMAKE_PREFIX_PATH=${CMAKE_PREFIX_PATH}:/home/dasunsanjaya080/ros2_ws/install/my_robot_controller:/opt/ros/humble /usr/bin/cmake --install /home/dasunsanjaya080/ROS2_works/course_1/src/build/my_robot_description
[2.701s] -- Install configuration: ""
[2.702s] -- Execute custom install script
[2.702s] -- Symlinking: /home/dasunsanjaya080/ROS2_works/course_1/src/install/my_robot_description/share/my_robot_description/urdf/command_properties.xacro
[2.707s] -- Symlinking: /home/dasunsanjaya080/ROS2_works/course_1/src/install/my_robot_description/share/my_robot_description/urdf/mobile_base.xacro
[2.712s] -- Symlinking: /home/dasunsanjaya080/ROS2_works/course_1/src/install/my_robot_description/share/my_robot_description/urdf/my_robot.urdf.xacro
[2.718s] -- Symlinking: /home/dasunsanjaya080/ROS2_works/course_1/src/install/my_robot_description/share/my_robot_description/launch/display.launch.py
[2.723s] -- Symlinking: /home/dasunsanjaya080/ROS2_works/course_1/src/install/my_robot_description/share/my_robot_description/launch/display.launch.xml
[2.728s] -- Symlinking: /home/dasunsanjaya080/ROS2_works/course_1/src/install/my_robot_description/share/my_robot_description/rviz/urdf_config.rviz
[2.734s] -- Symlinking: /home/dasunsanjaya080/ROS2_works/course_1/src/install/my_robot_description/share/ament_index/resource_index/package_run_dependencies/my_robot_description
[2.740s] -- Symlinking: /home/dasunsanjaya080/ROS2_works/course_1/src/install/my_robot_description/share/ament_index/resource_index/parent_prefix_path/my_robot_description
[2.746s] -- Symlinking: /home/dasunsanjaya080/ROS2_works/course_1/src/install/my_robot_description/share/my_robot_description/environment/ament_prefix_path.sh
[2.751s] -- Symlinking: /home/dasunsanjaya080/ROS2_works/course_1/src/install/my_robot_description/share/my_robot_description/environment/ament_prefix_path.dsv
[2.756s] -- Symlinking: /home/dasunsanjaya080/ROS2_works/course_1/src/install/my_robot_description/share/my_robot_description/environment/path.sh
[2.761s] -- Symlinking: /home/dasunsanjaya080/ROS2_works/course_1/src/install/my_robot_description/share/my_robot_description/environment/path.dsv
[2.767s] -- Symlinking: /home/dasunsanjaya080/ROS2_works/course_1/src/install/my_robot_description/share/my_robot_description/local_setup.bash
[2.772s] -- Symlinking: /home/dasunsanjaya080/ROS2_works/course_1/src/install/my_robot_description/share/my_robot_description/local_setup.sh
[2.777s] -- Symlinking: /home/dasunsanjaya080/ROS2_works/course_1/src/install/my_robot_description/share/my_robot_description/local_setup.zsh
[2.782s] -- Symlinking: /home/dasunsanjaya080/ROS2_works/course_1/src/install/my_robot_description/share/my_robot_description/local_setup.dsv
[2.788s] -- Symlinking: /home/dasunsanjaya080/ROS2_works/course_1/src/install/my_robot_description/share/my_robot_description/package.dsv
[2.793s] -- Symlinking: /home/dasunsanjaya080/ROS2_works/course_1/src/install/my_robot_description/share/ament_index/resource_index/packages/my_robot_description
[2.798s] -- Symlinking: /home/dasunsanjaya080/ROS2_works/course_1/src/install/my_robot_description/share/my_robot_description/cmake/my_robot_descriptionConfig.cmake
[2.803s] -- Symlinking: /home/dasunsanjaya080/ROS2_works/course_1/src/install/my_robot_description/share/my_robot_description/cmake/my_robot_descriptionConfig-version.cmake
[2.808s] -- Symlinking: /home/dasunsanjaya080/ROS2_works/course_1/src/install/my_robot_description/share/my_robot_description/package.xml
[2.815s] Invoked command in '/home/dasunsanjaya080/ROS2_works/course_1/src/build/my_robot_description' returned '0': CMAKE_PREFIX_PATH=${CMAKE_PREFIX_PATH}:/home/dasunsanjaya080/ros2_ws/install/my_robot_controller:/opt/ros/humble /usr/bin/cmake --install /home/dasunsanjaya080/ROS2_works/course_1/src/build/my_robot_description
