[0.019s] Invoking command in '/home/dasunsanjaya080/ROS2_works/course_2/build/turtlebot3_manipulation_gazebo': CMAKE_PREFIX_PATH=/home/dasunsanjaya080/ros2_ws/install/my_robot_controller:/opt/ros/humble /usr/bin/cmake --build /home/dasunsanjaya080/ROS2_works/course_2/build/turtlebot3_manipulation_gazebo -- -j12 -l12
[0.082s] Invoked command in '/home/dasunsanjaya080/ROS2_works/course_2/build/turtlebot3_manipulation_gazebo' returned '0': CMAKE_PREFIX_PATH=/home/dasunsanjaya080/ros2_ws/install/my_robot_controller:/opt/ros/humble /usr/bin/cmake --build /home/dasunsanjaya080/ROS2_works/course_2/build/turtlebot3_manipulation_gazebo -- -j12 -l12
[0.092s] Invoking command in '/home/dasunsanjaya080/ROS2_works/course_2/build/turtlebot3_manipulation_gazebo': CMAKE_PREFIX_PATH=/home/dasunsanjaya080/ros2_ws/install/my_robot_controller:/opt/ros/humble /usr/bin/cmake --install /home/dasunsanjaya080/ROS2_works/course_2/build/turtlebot3_manipulation_gazebo
[0.099s] -- Install configuration: ""
[0.103s] -- Up-to-date: /home/dasunsanjaya080/ROS2_works/course_2/install/turtlebot3_manipulation_gazebo/share/turtlebot3_manipulation_gazebo/config
[0.103s] -- Up-to-date: /home/dasunsanjaya080/ROS2_works/course_2/install/turtlebot3_manipulation_gazebo/share/turtlebot3_manipulation_gazebo/config/gazebo_controller_manager.yaml
[0.103s] -- Up-to-date: /home/dasunsanjaya080/ROS2_works/course_2/install/turtlebot3_manipulation_gazebo/share/turtlebot3_manipulation_gazebo/config/hardware_controller_manager.yaml
[0.103s] -- Up-to-date: /home/dasunsanjaya080/ROS2_works/course_2/install/turtlebot3_manipulation_gazebo/share/turtlebot3_manipulation_gazebo/gazebo
[0.104s] -- Up-to-date: /home/dasunsanjaya080/ROS2_works/course_2/install/turtlebot3_manipulation_gazebo/share/turtlebot3_manipulation_gazebo/gazebo/materials.xacro
[0.104s] -- Up-to-date: /home/dasunsanjaya080/ROS2_works/course_2/install/turtlebot3_manipulation_gazebo/share/turtlebot3_manipulation_gazebo/gazebo/turtlebot3_waffle_pi.gazebo.xacro
[0.104s] -- Up-to-date: /home/dasunsanjaya080/ROS2_works/course_2/install/turtlebot3_manipulation_gazebo/share/turtlebot3_manipulation_gazebo/gazebo/open_manipulator_x.gazebo.xacro
[0.104s] -- Up-to-date: /home/dasunsanjaya080/ROS2_works/course_2/install/turtlebot3_manipulation_gazebo/share/turtlebot3_manipulation_gazebo/launch
[0.105s] -- Up-to-date: /home/dasunsanjaya080/ROS2_works/course_2/install/turtlebot3_manipulation_gazebo/share/turtlebot3_manipulation_gazebo/launch/turtlebot3_home_service_challenge.launch.py
[0.105s] -- Up-to-date: /home/dasunsanjaya080/ROS2_works/course_2/install/turtlebot3_manipulation_gazebo/share/turtlebot3_manipulation_gazebo/launch/fake.launch.py
[0.105s] -- Up-to-date: /home/dasunsanjaya080/ROS2_works/course_2/install/turtlebot3_manipulation_gazebo/share/turtlebot3_manipulation_gazebo/launch/base.launch.py
[0.105s] -- Up-to-date: /home/dasunsanjaya080/ROS2_works/course_2/install/turtlebot3_manipulation_gazebo/share/turtlebot3_manipulation_gazebo/launch/gazebo.launch.py
[0.105s] -- Up-to-date: /home/dasunsanjaya080/ROS2_works/course_2/install/turtlebot3_manipulation_gazebo/share/turtlebot3_manipulation_gazebo/ros2_control
[0.106s] -- Up-to-date: /home/dasunsanjaya080/ROS2_works/course_2/install/turtlebot3_manipulation_gazebo/share/turtlebot3_manipulation_gazebo/ros2_control/turtlebot3_manipulation_system.ros2_control.xacro
[0.106s] -- Up-to-date: /home/dasunsanjaya080/ROS2_works/course_2/install/turtlebot3_manipulation_gazebo/share/turtlebot3_manipulation_gazebo/rviz
[0.106s] -- Up-to-date: /home/dasunsanjaya080/ROS2_works/course_2/install/turtlebot3_manipulation_gazebo/share/turtlebot3_manipulation_gazebo/rviz/turtlebot3_manipulation.rviz
[0.106s] -- Up-to-date: /home/dasunsanjaya080/ROS2_works/course_2/install/turtlebot3_manipulation_gazebo/share/turtlebot3_manipulation_gazebo/urdf
[0.107s] -- Up-to-date: /home/dasunsanjaya080/ROS2_works/course_2/install/turtlebot3_manipulation_gazebo/share/turtlebot3_manipulation_gazebo/urdf/open_manipulator_x.urdf.xacro
[0.107s] -- Up-to-date: /home/dasunsanjaya080/ROS2_works/course_2/install/turtlebot3_manipulation_gazebo/share/turtlebot3_manipulation_gazebo/urdf/turtlebot3_manipulation.urdf.xacro
[0.107s] -- Up-to-date: /home/dasunsanjaya080/ROS2_works/course_2/install/turtlebot3_manipulation_gazebo/share/turtlebot3_manipulation_gazebo/urdf/turtlebot3_waffle_pi.urdf.xacro
[0.107s] -- Up-to-date: /home/dasunsanjaya080/ROS2_works/course_2/install/turtlebot3_manipulation_gazebo/share/turtlebot3_manipulation_gazebo/worlds
[0.107s] -- Up-to-date: /home/dasunsanjaya080/ROS2_works/course_2/install/turtlebot3_manipulation_gazebo/share/turtlebot3_manipulation_gazebo/worlds/turtlebot3_home_service_challenge.world
[0.107s] -- Up-to-date: /home/dasunsanjaya080/ROS2_works/course_2/install/turtlebot3_manipulation_gazebo/share/turtlebot3_manipulation_gazebo/models
[0.108s] -- Up-to-date: /home/dasunsanjaya080/ROS2_works/course_2/install/turtlebot3_manipulation_gazebo/share/turtlebot3_manipulation_gazebo/models/turtlebot3_home_service_challenge
[0.109s] -- Up-to-date: /home/dasunsanjaya080/ROS2_works/course_2/install/turtlebot3_manipulation_gazebo/share/turtlebot3_manipulation_gazebo/models/turtlebot3_home_service_challenge/marker5
[0.110s] -- Up-to-date: /home/dasunsanjaya080/ROS2_works/course_2/install/turtlebot3_manipulation_gazebo/share/turtlebot3_manipulation_gazebo/models/turtlebot3_home_service_challenge/marker5/meshes
[0.110s] -- Up-to-date: /home/dasunsanjaya080/ROS2_works/course_2/install/turtlebot3_manipulation_gazebo/share/turtlebot3_manipulation_gazebo/models/turtlebot3_home_service_challenge/marker5/meshes/Marker5.dae
[0.111s] -- Up-to-date: /home/dasunsanjaya080/ROS2_works/course_2/install/turtlebot3_manipulation_gazebo/share/turtlebot3_manipulation_gazebo/models/turtlebot3_home_service_challenge/marker5/model-1_5.sdf
[0.111s] -- Up-to-date: /home/dasunsanjaya080/ROS2_works/course_2/install/turtlebot3_manipulation_gazebo/share/turtlebot3_manipulation_gazebo/models/turtlebot3_home_service_challenge/marker5/materials
[0.112s] -- Up-to-date: /home/dasunsanjaya080/ROS2_works/course_2/install/turtlebot3_manipulation_gazebo/share/turtlebot3_manipulation_gazebo/models/turtlebot3_home_service_challenge/marker5/materials/textures
[0.113s] -- Up-to-date: /home/dasunsanjaya080/ROS2_works/course_2/install/turtlebot3_manipulation_gazebo/share/turtlebot3_manipulation_gazebo/models/turtlebot3_home_service_challenge/marker5/materials/textures/Marker5.png
[0.113s] -- Up-to-date: /home/dasunsanjaya080/ROS2_works/course_2/install/turtlebot3_manipulation_gazebo/share/turtlebot3_manipulation_gazebo/models/turtlebot3_home_service_challenge/marker5/model.config
[0.114s] -- Up-to-date: /home/dasunsanjaya080/ROS2_works/course_2/install/turtlebot3_manipulation_gazebo/share/turtlebot3_manipulation_gazebo/models/turtlebot3_home_service_challenge/marker5/model.sdf
[0.114s] -- Up-to-date: /home/dasunsanjaya080/ROS2_works/course_2/install/turtlebot3_manipulation_gazebo/share/turtlebot3_manipulation_gazebo/models/turtlebot3_home_service_challenge/marker5/model-1_4.sdf
[0.114s] -- Up-to-date: /home/dasunsanjaya080/ROS2_works/course_2/install/turtlebot3_manipulation_gazebo/share/turtlebot3_manipulation_gazebo/models/turtlebot3_home_service_challenge/marker1
[0.114s] -- Up-to-date: /home/dasunsanjaya080/ROS2_works/course_2/install/turtlebot3_manipulation_gazebo/share/turtlebot3_manipulation_gazebo/models/turtlebot3_home_service_challenge/marker1/meshes
[0.116s] -- Up-to-date: /home/dasunsanjaya080/ROS2_works/course_2/install/turtlebot3_manipulation_gazebo/share/turtlebot3_manipulation_gazebo/models/turtlebot3_home_service_challenge/marker1/meshes/Marker1.dae
[0.116s] -- Up-to-date: /home/dasunsanjaya080/ROS2_works/course_2/install/turtlebot3_manipulation_gazebo/share/turtlebot3_manipulation_gazebo/models/turtlebot3_home_service_challenge/marker1/model-1_5.sdf
[0.116s] -- Up-to-date: /home/dasunsanjaya080/ROS2_works/course_2/install/turtlebot3_manipulation_gazebo/share/turtlebot3_manipulation_gazebo/models/turtlebot3_home_service_challenge/marker1/materials
[0.118s] -- Up-to-date: /home/dasunsanjaya080/ROS2_works/course_2/install/turtlebot3_manipulation_gazebo/share/turtlebot3_manipulation_gazebo/models/turtlebot3_home_service_challenge/marker1/materials/textures
[0.120s] -- Up-to-date: /home/dasunsanjaya080/ROS2_works/course_2/install/turtlebot3_manipulation_gazebo/share/turtlebot3_manipulation_gazebo/models/turtlebot3_home_service_challenge/marker1/materials/textures/Marker1.png
[0.120s] -- Up-to-date: /home/dasunsanjaya080/ROS2_works/course_2/install/turtlebot3_manipulation_gazebo/share/turtlebot3_manipulation_gazebo/models/turtlebot3_home_service_challenge/marker1/model.config
[0.120s] -- Up-to-date: /home/dasunsanjaya080/ROS2_works/course_2/install/turtlebot3_manipulation_gazebo/share/turtlebot3_manipulation_gazebo/models/turtlebot3_home_service_challenge/marker1/model.sdf
[0.121s] -- Up-to-date: /home/dasunsanjaya080/ROS2_works/course_2/install/turtlebot3_manipulation_gazebo/share/turtlebot3_manipulation_gazebo/models/turtlebot3_home_service_challenge/marker1/model-1_4.sdf
[0.121s] -- Up-to-date: /home/dasunsanjaya080/ROS2_works/course_2/install/turtlebot3_manipulation_gazebo/share/turtlebot3_manipulation_gazebo/models/turtlebot3_home_service_challenge/marker4
[0.121s] -- Up-to-date: /home/dasunsanjaya080/ROS2_works/course_2/install/turtlebot3_manipulation_gazebo/share/turtlebot3_manipulation_gazebo/models/turtlebot3_home_service_challenge/marker4/meshes
[0.122s] -- Up-to-date: /home/dasunsanjaya080/ROS2_works/course_2/install/turtlebot3_manipulation_gazebo/share/turtlebot3_manipulation_gazebo/models/turtlebot3_home_service_challenge/marker4/meshes/Marker4.dae
[0.122s] -- Up-to-date: /home/dasunsanjaya080/ROS2_works/course_2/install/turtlebot3_manipulation_gazebo/share/turtlebot3_manipulation_gazebo/models/turtlebot3_home_service_challenge/marker4/model-1_5.sdf
[0.122s] -- Up-to-date: /home/dasunsanjaya080/ROS2_works/course_2/install/turtlebot3_manipulation_gazebo/share/turtlebot3_manipulation_gazebo/models/turtlebot3_home_service_challenge/marker4/materials
[0.123s] -- Up-to-date: /home/dasunsanjaya080/ROS2_works/course_2/install/turtlebot3_manipulation_gazebo/share/turtlebot3_manipulation_gazebo/models/turtlebot3_home_service_challenge/marker4/materials/textures
[0.124s] -- Up-to-date: /home/dasunsanjaya080/ROS2_works/course_2/install/turtlebot3_manipulation_gazebo/share/turtlebot3_manipulation_gazebo/models/turtlebot3_home_service_challenge/marker4/materials/textures/Marker4.png
[0.124s] -- Up-to-date: /home/dasunsanjaya080/ROS2_works/course_2/install/turtlebot3_manipulation_gazebo/share/turtlebot3_manipulation_gazebo/models/turtlebot3_home_service_challenge/marker4/model.config
[0.124s] -- Up-to-date: /home/dasunsanjaya080/ROS2_works/course_2/install/turtlebot3_manipulation_gazebo/share/turtlebot3_manipulation_gazebo/models/turtlebot3_home_service_challenge/marker4/model.sdf
[0.124s] -- Up-to-date: /home/dasunsanjaya080/ROS2_works/course_2/install/turtlebot3_manipulation_gazebo/share/turtlebot3_manipulation_gazebo/models/turtlebot3_home_service_challenge/marker4/model-1_4.sdf
[0.124s] -- Up-to-date: /home/dasunsanjaya080/ROS2_works/course_2/install/turtlebot3_manipulation_gazebo/share/turtlebot3_manipulation_gazebo/models/turtlebot3_home_service_challenge/marker6
[0.125s] -- Up-to-date: /home/dasunsanjaya080/ROS2_works/course_2/install/turtlebot3_manipulation_gazebo/share/turtlebot3_manipulation_gazebo/models/turtlebot3_home_service_challenge/marker6/meshes
[0.126s] -- Up-to-date: /home/dasunsanjaya080/ROS2_works/course_2/install/turtlebot3_manipulation_gazebo/share/turtlebot3_manipulation_gazebo/models/turtlebot3_home_service_challenge/marker6/meshes/Marker6.dae
[0.126s] -- Up-to-date: /home/dasunsanjaya080/ROS2_works/course_2/install/turtlebot3_manipulation_gazebo/share/turtlebot3_manipulation_gazebo/models/turtlebot3_home_service_challenge/marker6/model-1_5.sdf
[0.126s] -- Up-to-date: /home/dasunsanjaya080/ROS2_works/course_2/install/turtlebot3_manipulation_gazebo/share/turtlebot3_manipulation_gazebo/models/turtlebot3_home_service_challenge/marker6/materials
[0.127s] -- Up-to-date: /home/dasunsanjaya080/ROS2_works/course_2/install/turtlebot3_manipulation_gazebo/share/turtlebot3_manipulation_gazebo/models/turtlebot3_home_service_challenge/marker6/materials/textures
[0.127s] -- Up-to-date: /home/dasunsanjaya080/ROS2_works/course_2/install/turtlebot3_manipulation_gazebo/share/turtlebot3_manipulation_gazebo/models/turtlebot3_home_service_challenge/marker6/materials/textures/Marker6.png
[0.127s] -- Up-to-date: /home/dasunsanjaya080/ROS2_works/course_2/install/turtlebot3_manipulation_gazebo/share/turtlebot3_manipulation_gazebo/models/turtlebot3_home_service_challenge/marker6/model.config
[0.127s] -- Up-to-date: /home/dasunsanjaya080/ROS2_works/course_2/install/turtlebot3_manipulation_gazebo/share/turtlebot3_manipulation_gazebo/models/turtlebot3_home_service_challenge/marker6/model.sdf
[0.127s] -- Up-to-date: /home/dasunsanjaya080/ROS2_works/course_2/install/turtlebot3_manipulation_gazebo/share/turtlebot3_manipulation_gazebo/models/turtlebot3_home_service_challenge/marker6/model-1_4.sdf
[0.127s] -- Up-to-date: /home/dasunsanjaya080/ROS2_works/course_2/install/turtlebot3_manipulation_gazebo/share/turtlebot3_manipulation_gazebo/models/turtlebot3_home_service_challenge/marker0
[0.128s] -- Up-to-date: /home/dasunsanjaya080/ROS2_works/course_2/install/turtlebot3_manipulation_gazebo/share/turtlebot3_manipulation_gazebo/models/turtlebot3_home_service_challenge/marker0/meshes
[0.129s] -- Up-to-date: /home/dasunsanjaya080/ROS2_works/course_2/install/turtlebot3_manipulation_gazebo/share/turtlebot3_manipulation_gazebo/models/turtlebot3_home_service_challenge/marker0/meshes/Marker0.dae
[0.129s] -- Up-to-date: /home/dasunsanjaya080/ROS2_works/course_2/install/turtlebot3_manipulation_gazebo/share/turtlebot3_manipulation_gazebo/models/turtlebot3_home_service_challenge/marker0/model-1_5.sdf
[0.129s] -- Up-to-date: /home/dasunsanjaya080/ROS2_works/course_2/install/turtlebot3_manipulation_gazebo/share/turtlebot3_manipulation_gazebo/models/turtlebot3_home_service_challenge/marker0/materials
[0.129s] -- Up-to-date: /home/dasunsanjaya080/ROS2_works/course_2/install/turtlebot3_manipulation_gazebo/share/turtlebot3_manipulation_gazebo/models/turtlebot3_home_service_challenge/marker0/materials/textures
[0.130s] -- Up-to-date: /home/dasunsanjaya080/ROS2_works/course_2/install/turtlebot3_manipulation_gazebo/share/turtlebot3_manipulation_gazebo/models/turtlebot3_home_service_challenge/marker0/materials/textures/Marker0.png
[0.130s] -- Up-to-date: /home/dasunsanjaya080/ROS2_works/course_2/install/turtlebot3_manipulation_gazebo/share/turtlebot3_manipulation_gazebo/models/turtlebot3_home_service_challenge/marker0/model.config
[0.130s] -- Up-to-date: /home/dasunsanjaya080/ROS2_works/course_2/install/turtlebot3_manipulation_gazebo/share/turtlebot3_manipulation_gazebo/models/turtlebot3_home_service_challenge/marker0/model.sdf
[0.130s] -- Up-to-date: /home/dasunsanjaya080/ROS2_works/course_2/install/turtlebot3_manipulation_gazebo/share/turtlebot3_manipulation_gazebo/models/turtlebot3_home_service_challenge/marker0/model-1_4.sdf
[0.130s] -- Up-to-date: /home/dasunsanjaya080/ROS2_works/course_2/install/turtlebot3_manipulation_gazebo/share/turtlebot3_manipulation_gazebo/models/turtlebot3_home_service_challenge/marker3
[0.131s] -- Up-to-date: /home/dasunsanjaya080/ROS2_works/course_2/install/turtlebot3_manipulation_gazebo/share/turtlebot3_manipulation_gazebo/models/turtlebot3_home_service_challenge/marker3/meshes
[0.131s] -- Up-to-date: /home/dasunsanjaya080/ROS2_works/course_2/install/turtlebot3_manipulation_gazebo/share/turtlebot3_manipulation_gazebo/models/turtlebot3_home_service_challenge/marker3/meshes/Marker3.dae
[0.132s] -- Up-to-date: /home/dasunsanjaya080/ROS2_works/course_2/install/turtlebot3_manipulation_gazebo/share/turtlebot3_manipulation_gazebo/models/turtlebot3_home_service_challenge/marker3/model-1_5.sdf
[0.132s] -- Up-to-date: /home/dasunsanjaya080/ROS2_works/course_2/install/turtlebot3_manipulation_gazebo/share/turtlebot3_manipulation_gazebo/models/turtlebot3_home_service_challenge/marker3/materials
[0.132s] -- Up-to-date: /home/dasunsanjaya080/ROS2_works/course_2/install/turtlebot3_manipulation_gazebo/share/turtlebot3_manipulation_gazebo/models/turtlebot3_home_service_challenge/marker3/materials/textures
[0.133s] -- Up-to-date: /home/dasunsanjaya080/ROS2_works/course_2/install/turtlebot3_manipulation_gazebo/share/turtlebot3_manipulation_gazebo/models/turtlebot3_home_service_challenge/marker3/materials/textures/Marker3.png
[0.133s] -- Up-to-date: /home/dasunsanjaya080/ROS2_works/course_2/install/turtlebot3_manipulation_gazebo/share/turtlebot3_manipulation_gazebo/models/turtlebot3_home_service_challenge/marker3/model.config
[0.133s] -- Up-to-date: /home/dasunsanjaya080/ROS2_works/course_2/install/turtlebot3_manipulation_gazebo/share/turtlebot3_manipulation_gazebo/models/turtlebot3_home_service_challenge/marker3/model.sdf
[0.133s] -- Up-to-date: /home/dasunsanjaya080/ROS2_works/course_2/install/turtlebot3_manipulation_gazebo/share/turtlebot3_manipulation_gazebo/models/turtlebot3_home_service_challenge/marker3/model-1_4.sdf
[0.133s] -- Up-to-date: /home/dasunsanjaya080/ROS2_works/course_2/install/turtlebot3_manipulation_gazebo/share/turtlebot3_manipulation_gazebo/models/turtlebot3_home_service_challenge/marker2
[0.133s] -- Up-to-date: /home/dasunsanjaya080/ROS2_works/course_2/install/turtlebot3_manipulation_gazebo/share/turtlebot3_manipulation_gazebo/models/turtlebot3_home_service_challenge/marker2/meshes
[0.134s] -- Up-to-date: /home/dasunsanjaya080/ROS2_works/course_2/install/turtlebot3_manipulation_gazebo/share/turtlebot3_manipulation_gazebo/models/turtlebot3_home_service_challenge/marker2/meshes/Marker2.dae
[0.134s] -- Up-to-date: /home/dasunsanjaya080/ROS2_works/course_2/install/turtlebot3_manipulation_gazebo/share/turtlebot3_manipulation_gazebo/models/turtlebot3_home_service_challenge/marker2/model-1_5.sdf
[0.134s] -- Up-to-date: /home/dasunsanjaya080/ROS2_works/course_2/install/turtlebot3_manipulation_gazebo/share/turtlebot3_manipulation_gazebo/models/turtlebot3_home_service_challenge/marker2/materials
[0.134s] -- Up-to-date: /home/dasunsanjaya080/ROS2_works/course_2/install/turtlebot3_manipulation_gazebo/share/turtlebot3_manipulation_gazebo/models/turtlebot3_home_service_challenge/marker2/materials/textures
[0.134s] -- Up-to-date: /home/dasunsanjaya080/ROS2_works/course_2/install/turtlebot3_manipulation_gazebo/share/turtlebot3_manipulation_gazebo/models/turtlebot3_home_service_challenge/marker2/materials/textures/Marker2.png
[0.135s] -- Up-to-date: /home/dasunsanjaya080/ROS2_works/course_2/install/turtlebot3_manipulation_gazebo/share/turtlebot3_manipulation_gazebo/models/turtlebot3_home_service_challenge/marker2/model.config
[0.135s] -- Up-to-date: /home/dasunsanjaya080/ROS2_works/course_2/install/turtlebot3_manipulation_gazebo/share/turtlebot3_manipulation_gazebo/models/turtlebot3_home_service_challenge/marker2/model.sdf
[0.135s] -- Up-to-date: /home/dasunsanjaya080/ROS2_works/course_2/install/turtlebot3_manipulation_gazebo/share/turtlebot3_manipulation_gazebo/models/turtlebot3_home_service_challenge/marker2/model-1_4.sdf
[0.135s] -- Up-to-date: /home/dasunsanjaya080/ROS2_works/course_2/install/turtlebot3_manipulation_gazebo/share/turtlebot3_manipulation_gazebo/models/turtlebot3_home_service_challenge/marker9
[0.136s] -- Up-to-date: /home/dasunsanjaya080/ROS2_works/course_2/install/turtlebot3_manipulation_gazebo/share/turtlebot3_manipulation_gazebo/models/turtlebot3_home_service_challenge/marker9/meshes
[0.136s] -- Up-to-date: /home/dasunsanjaya080/ROS2_works/course_2/install/turtlebot3_manipulation_gazebo/share/turtlebot3_manipulation_gazebo/models/turtlebot3_home_service_challenge/marker9/meshes/Marker9.dae
[0.137s] -- Up-to-date: /home/dasunsanjaya080/ROS2_works/course_2/install/turtlebot3_manipulation_gazebo/share/turtlebot3_manipulation_gazebo/models/turtlebot3_home_service_challenge/marker9/model-1_5.sdf
[0.137s] -- Up-to-date: /home/dasunsanjaya080/ROS2_works/course_2/install/turtlebot3_manipulation_gazebo/share/turtlebot3_manipulation_gazebo/models/turtlebot3_home_service_challenge/marker9/materials
[0.137s] -- Up-to-date: /home/dasunsanjaya080/ROS2_works/course_2/install/turtlebot3_manipulation_gazebo/share/turtlebot3_manipulation_gazebo/models/turtlebot3_home_service_challenge/marker9/materials/textures
[0.139s] -- Up-to-date: /home/dasunsanjaya080/ROS2_works/course_2/install/turtlebot3_manipulation_gazebo/share/turtlebot3_manipulation_gazebo/models/turtlebot3_home_service_challenge/marker9/materials/textures/Marker9.png
[0.139s] -- Up-to-date: /home/dasunsanjaya080/ROS2_works/course_2/install/turtlebot3_manipulation_gazebo/share/turtlebot3_manipulation_gazebo/models/turtlebot3_home_service_challenge/marker9/model.config
[0.139s] -- Up-to-date: /home/dasunsanjaya080/ROS2_works/course_2/install/turtlebot3_manipulation_gazebo/share/turtlebot3_manipulation_gazebo/models/turtlebot3_home_service_challenge/marker9/model.sdf
[0.139s] -- Up-to-date: /home/dasunsanjaya080/ROS2_works/course_2/install/turtlebot3_manipulation_gazebo/share/turtlebot3_manipulation_gazebo/models/turtlebot3_home_service_challenge/marker9/model-1_4.sdf
[0.139s] -- Up-to-date: /home/dasunsanjaya080/ROS2_works/course_2/install/turtlebot3_manipulation_gazebo/share/turtlebot3_manipulation_gazebo/models/turtlebot3_home_service_challenge/marker8
[0.139s] -- Up-to-date: /home/dasunsanjaya080/ROS2_works/course_2/install/turtlebot3_manipulation_gazebo/share/turtlebot3_manipulation_gazebo/models/turtlebot3_home_service_challenge/marker8/meshes
[0.139s] -- Up-to-date: /home/dasunsanjaya080/ROS2_works/course_2/install/turtlebot3_manipulation_gazebo/share/turtlebot3_manipulation_gazebo/models/turtlebot3_home_service_challenge/marker8/meshes/Marker8.dae
[0.139s] -- Up-to-date: /home/dasunsanjaya080/ROS2_works/course_2/install/turtlebot3_manipulation_gazebo/share/turtlebot3_manipulation_gazebo/models/turtlebot3_home_service_challenge/marker8/model-1_5.sdf
[0.140s] -- Up-to-date: /home/dasunsanjaya080/ROS2_works/course_2/install/turtlebot3_manipulation_gazebo/share/turtlebot3_manipulation_gazebo/models/turtlebot3_home_service_challenge/marker8/materials
[0.140s] -- Up-to-date: /home/dasunsanjaya080/ROS2_works/course_2/install/turtlebot3_manipulation_gazebo/share/turtlebot3_manipulation_gazebo/models/turtlebot3_home_service_challenge/marker8/materials/textures
[0.140s] -- Up-to-date: /home/dasunsanjaya080/ROS2_works/course_2/install/turtlebot3_manipulation_gazebo/share/turtlebot3_manipulation_gazebo/models/turtlebot3_home_service_challenge/marker8/materials/textures/Marker8.png
[0.140s] -- Up-to-date: /home/dasunsanjaya080/ROS2_works/course_2/install/turtlebot3_manipulation_gazebo/share/turtlebot3_manipulation_gazebo/models/turtlebot3_home_service_challenge/marker8/model.config
[0.140s] -- Up-to-date: /home/dasunsanjaya080/ROS2_works/course_2/install/turtlebot3_manipulation_gazebo/share/turtlebot3_manipulation_gazebo/models/turtlebot3_home_service_challenge/marker8/model.sdf
[0.141s] -- Up-to-date: /home/dasunsanjaya080/ROS2_works/course_2/install/turtlebot3_manipulation_gazebo/share/turtlebot3_manipulation_gazebo/models/turtlebot3_home_service_challenge/marker8/model-1_4.sdf
[0.141s] -- Up-to-date: /home/dasunsanjaya080/ROS2_works/course_2/install/turtlebot3_manipulation_gazebo/share/turtlebot3_manipulation_gazebo/models/turtlebot3_home_service_challenge/marker7
[0.141s] -- Up-to-date: /home/dasunsanjaya080/ROS2_works/course_2/install/turtlebot3_manipulation_gazebo/share/turtlebot3_manipulation_gazebo/models/turtlebot3_home_service_challenge/marker7/meshes
[0.142s] -- Up-to-date: /home/dasunsanjaya080/ROS2_works/course_2/install/turtlebot3_manipulation_gazebo/share/turtlebot3_manipulation_gazebo/models/turtlebot3_home_service_challenge/marker7/meshes/Marker7.dae
[0.142s] -- Up-to-date: /home/dasunsanjaya080/ROS2_works/course_2/install/turtlebot3_manipulation_gazebo/share/turtlebot3_manipulation_gazebo/models/turtlebot3_home_service_challenge/marker7/model-1_5.sdf
[0.142s] -- Up-to-date: /home/dasunsanjaya080/ROS2_works/course_2/install/turtlebot3_manipulation_gazebo/share/turtlebot3_manipulation_gazebo/models/turtlebot3_home_service_challenge/marker7/materials
[0.142s] -- Up-to-date: /home/dasunsanjaya080/ROS2_works/course_2/install/turtlebot3_manipulation_gazebo/share/turtlebot3_manipulation_gazebo/models/turtlebot3_home_service_challenge/marker7/materials/textures
[0.143s] -- Up-to-date: /home/dasunsanjaya080/ROS2_works/course_2/install/turtlebot3_manipulation_gazebo/share/turtlebot3_manipulation_gazebo/models/turtlebot3_home_service_challenge/marker7/materials/textures/Marker7.png
[0.143s] -- Up-to-date: /home/dasunsanjaya080/ROS2_works/course_2/install/turtlebot3_manipulation_gazebo/share/turtlebot3_manipulation_gazebo/models/turtlebot3_home_service_challenge/marker7/model.config
[0.143s] -- Up-to-date: /home/dasunsanjaya080/ROS2_works/course_2/install/turtlebot3_manipulation_gazebo/share/turtlebot3_manipulation_gazebo/models/turtlebot3_home_service_challenge/marker7/model.sdf
[0.143s] -- Up-to-date: /home/dasunsanjaya080/ROS2_works/course_2/install/turtlebot3_manipulation_gazebo/share/turtlebot3_manipulation_gazebo/models/turtlebot3_home_service_challenge/marker7/model-1_4.sdf
[0.143s] -- Up-to-date: /home/dasunsanjaya080/ROS2_works/course_2/install/turtlebot3_manipulation_gazebo/share/turtlebot3_manipulation_gazebo/meshes
[0.143s] -- Up-to-date: /home/dasunsanjaya080/ROS2_works/course_2/install/turtlebot3_manipulation_gazebo/share/turtlebot3_manipulation_gazebo/meshes/turtlebot3_waffle_pi
[0.144s] -- Up-to-date: /home/dasunsanjaya080/ROS2_works/course_2/install/turtlebot3_manipulation_gazebo/share/turtlebot3_manipulation_gazebo/meshes/turtlebot3_waffle_pi/right_tire.stl
[0.144s] -- Up-to-date: /home/dasunsanjaya080/ROS2_works/course_2/install/turtlebot3_manipulation_gazebo/share/turtlebot3_manipulation_gazebo/meshes/turtlebot3_waffle_pi/left_tire.stl
[0.144s] -- Up-to-date: /home/dasunsanjaya080/ROS2_works/course_2/install/turtlebot3_manipulation_gazebo/share/turtlebot3_manipulation_gazebo/meshes/turtlebot3_waffle_pi/ladar.stl
[0.144s] -- Up-to-date: /home/dasunsanjaya080/ROS2_works/course_2/install/turtlebot3_manipulation_gazebo/share/turtlebot3_manipulation_gazebo/meshes/turtlebot3_waffle_pi/base.stl
[0.144s] -- Up-to-date: /home/dasunsanjaya080/ROS2_works/course_2/install/turtlebot3_manipulation_gazebo/share/turtlebot3_manipulation_gazebo/meshes/open_manipulator_x
[0.145s] -- Up-to-date: /home/dasunsanjaya080/ROS2_works/course_2/install/turtlebot3_manipulation_gazebo/share/turtlebot3_manipulation_gazebo/meshes/open_manipulator_x/link1.stl
[0.145s] -- Up-to-date: /home/dasunsanjaya080/ROS2_works/course_2/install/turtlebot3_manipulation_gazebo/share/turtlebot3_manipulation_gazebo/meshes/open_manipulator_x/link5.stl
[0.145s] -- Up-to-date: /home/dasunsanjaya080/ROS2_works/course_2/install/turtlebot3_manipulation_gazebo/share/turtlebot3_manipulation_gazebo/meshes/open_manipulator_x/link3.stl
[0.145s] -- Up-to-date: /home/dasunsanjaya080/ROS2_works/course_2/install/turtlebot3_manipulation_gazebo/share/turtlebot3_manipulation_gazebo/meshes/open_manipulator_x/link2.stl
[0.145s] -- Up-to-date: /home/dasunsanjaya080/ROS2_works/course_2/install/turtlebot3_manipulation_gazebo/share/turtlebot3_manipulation_gazebo/meshes/open_manipulator_x/link4.stl
[0.145s] -- Up-to-date: /home/dasunsanjaya080/ROS2_works/course_2/install/turtlebot3_manipulation_gazebo/share/turtlebot3_manipulation_gazebo/meshes/open_manipulator_x/gripper_right_palm.stl
[0.145s] -- Up-to-date: /home/dasunsanjaya080/ROS2_works/course_2/install/turtlebot3_manipulation_gazebo/share/turtlebot3_manipulation_gazebo/meshes/open_manipulator_x/gripper_left_palm.stl
[0.146s] -- Up-to-date: /home/dasunsanjaya080/ROS2_works/course_2/install/turtlebot3_manipulation_gazebo/share/ament_index/resource_index/package_run_dependencies/turtlebot3_manipulation_gazebo
[0.146s] -- Up-to-date: /home/dasunsanjaya080/ROS2_works/course_2/install/turtlebot3_manipulation_gazebo/share/ament_index/resource_index/parent_prefix_path/turtlebot3_manipulation_gazebo
[0.147s] -- Up-to-date: /home/dasunsanjaya080/ROS2_works/course_2/install/turtlebot3_manipulation_gazebo/share/turtlebot3_manipulation_gazebo/environment/ament_prefix_path.sh
[0.147s] -- Up-to-date: /home/dasunsanjaya080/ROS2_works/course_2/install/turtlebot3_manipulation_gazebo/share/turtlebot3_manipulation_gazebo/environment/ament_prefix_path.dsv
[0.147s] -- Up-to-date: /home/dasunsanjaya080/ROS2_works/course_2/install/turtlebot3_manipulation_gazebo/share/turtlebot3_manipulation_gazebo/environment/path.sh
[0.147s] -- Up-to-date: /home/dasunsanjaya080/ROS2_works/course_2/install/turtlebot3_manipulation_gazebo/share/turtlebot3_manipulation_gazebo/environment/path.dsv
[0.147s] -- Up-to-date: /home/dasunsanjaya080/ROS2_works/course_2/install/turtlebot3_manipulation_gazebo/share/turtlebot3_manipulation_gazebo/local_setup.bash
[0.147s] -- Up-to-date: /home/dasunsanjaya080/ROS2_works/course_2/install/turtlebot3_manipulation_gazebo/share/turtlebot3_manipulation_gazebo/local_setup.sh
[0.147s] -- Up-to-date: /home/dasunsanjaya080/ROS2_works/course_2/install/turtlebot3_manipulation_gazebo/share/turtlebot3_manipulation_gazebo/local_setup.zsh
[0.147s] -- Up-to-date: /home/dasunsanjaya080/ROS2_works/course_2/install/turtlebot3_manipulation_gazebo/share/turtlebot3_manipulation_gazebo/local_setup.dsv
[0.147s] -- Installing: /home/dasunsanjaya080/ROS2_works/course_2/install/turtlebot3_manipulation_gazebo/share/turtlebot3_manipulation_gazebo/package.dsv
[0.148s] -- Up-to-date: /home/dasunsanjaya080/ROS2_works/course_2/install/turtlebot3_manipulation_gazebo/share/ament_index/resource_index/packages/turtlebot3_manipulation_gazebo
[0.149s] -- Up-to-date: /home/dasunsanjaya080/ROS2_works/course_2/install/turtlebot3_manipulation_gazebo/share/turtlebot3_manipulation_gazebo/cmake/turtlebot3_manipulation_gazeboConfig.cmake
[0.149s] -- Up-to-date: /home/dasunsanjaya080/ROS2_works/course_2/install/turtlebot3_manipulation_gazebo/share/turtlebot3_manipulation_gazebo/cmake/turtlebot3_manipulation_gazeboConfig-version.cmake
[0.149s] -- Up-to-date: /home/dasunsanjaya080/ROS2_works/course_2/install/turtlebot3_manipulation_gazebo/share/turtlebot3_manipulation_gazebo/package.xml
[0.151s] Invoked command in '/home/dasunsanjaya080/ROS2_works/course_2/build/turtlebot3_manipulation_gazebo' returned '0': CMAKE_PREFIX_PATH=/home/dasunsanjaya080/ros2_ws/install/my_robot_controller:/opt/ros/humble /usr/bin/cmake --install /home/dasunsanjaya080/ROS2_works/course_2/build/turtlebot3_manipulation_gazebo
