[0.073s] Invoking command in '/home/dasunsanjaya080/ROS2_works/course_1/build/my_robot_bringup': AMENT_PREFIX_PATH=/home/dasunsanjaya080/ROS2_works/course_1/install/my_robot_description:${AMENT_PREFIX_PATH} CMAKE_PREFIX_PATH=/home/dasunsanjaya080/ROS2_works/course_1/install/my_robot_description:/home/dasunsanjaya080/ros2_ws/install/my_robot_controller:/opt/ros/humble /usr/bin/cmake --build /home/dasunsanjaya080/ROS2_works/course_1/build/my_robot_bringup -- -j12 -l12
[0.102s] Invoked command in '/home/dasunsanjaya080/ROS2_works/course_1/build/my_robot_bringup' returned '0': AMENT_PREFIX_PATH=/home/dasunsanjaya080/ROS2_works/course_1/install/my_robot_description:${AMENT_PREFIX_PATH} CMAKE_PREFIX_PATH=/home/dasunsanjaya080/ROS2_works/course_1/install/my_robot_description:/home/dasunsanjaya080/ros2_ws/install/my_robot_controller:/opt/ros/humble /usr/bin/cmake --build /home/dasunsanjaya080/ROS2_works/course_1/build/my_robot_bringup -- -j12 -l12
[0.104s] Invoking command in '/home/dasunsanjaya080/ROS2_works/course_1/build/my_robot_bringup': AMENT_PREFIX_PATH=/home/dasunsanjaya080/ROS2_works/course_1/install/my_robot_description:${AMENT_PREFIX_PATH} CMAKE_PREFIX_PATH=/home/dasunsanjaya080/ROS2_works/course_1/install/my_robot_description:/home/dasunsanjaya080/ros2_ws/install/my_robot_controller:/opt/ros/humble /usr/bin/cmake --install /home/dasunsanjaya080/ROS2_works/course_1/build/my_robot_bringup
[0.108s] -- Install configuration: ""
[0.109s] -- Execute custom install script
[0.109s] -- Up-to-date symlink: /home/dasunsanjaya080/ROS2_works/course_1/install/my_robot_bringup/share/my_robot_bringup/launch/my_robot_gazebo.launch.xml
[0.109s] -- Up-to-date symlink: /home/dasunsanjaya080/ROS2_works/course_1/install/my_robot_bringup/share/my_robot_bringup/rviz/urdf_config.rviz
[0.110s] -- Up-to-date symlink: /home/dasunsanjaya080/ROS2_works/course_1/install/my_robot_bringup/share/my_robot_bringup/world/my_world.world
[0.110s] -- Up-to-date symlink: /home/dasunsanjaya080/ROS2_works/course_1/install/my_robot_bringup/share/ament_index/resource_index/package_run_dependencies/my_robot_bringup
[0.110s] -- Up-to-date symlink: /home/dasunsanjaya080/ROS2_works/course_1/install/my_robot_bringup/share/ament_index/resource_index/parent_prefix_path/my_robot_bringup
[0.110s] -- Up-to-date symlink: /home/dasunsanjaya080/ROS2_works/course_1/install/my_robot_bringup/share/my_robot_bringup/environment/ament_prefix_path.sh
[0.110s] -- Up-to-date symlink: /home/dasunsanjaya080/ROS2_works/course_1/install/my_robot_bringup/share/my_robot_bringup/environment/ament_prefix_path.dsv
[0.110s] -- Up-to-date symlink: /home/dasunsanjaya080/ROS2_works/course_1/install/my_robot_bringup/share/my_robot_bringup/environment/path.sh
[0.110s] -- Up-to-date symlink: /home/dasunsanjaya080/ROS2_works/course_1/install/my_robot_bringup/share/my_robot_bringup/environment/path.dsv
[0.111s] -- Up-to-date symlink: /home/dasunsanjaya080/ROS2_works/course_1/install/my_robot_bringup/share/my_robot_bringup/local_setup.bash
[0.111s] -- Up-to-date symlink: /home/dasunsanjaya080/ROS2_works/course_1/install/my_robot_bringup/share/my_robot_bringup/local_setup.sh
[0.111s] -- Up-to-date symlink: /home/dasunsanjaya080/ROS2_works/course_1/install/my_robot_bringup/share/my_robot_bringup/local_setup.zsh
[0.111s] -- Up-to-date symlink: /home/dasunsanjaya080/ROS2_works/course_1/install/my_robot_bringup/share/my_robot_bringup/local_setup.dsv
[0.111s] -- Symlinking: /home/dasunsanjaya080/ROS2_works/course_1/install/my_robot_bringup/share/my_robot_bringup/package.dsv
[0.120s] -- Up-to-date symlink: /home/dasunsanjaya080/ROS2_works/course_1/install/my_robot_bringup/share/ament_index/resource_index/packages/my_robot_bringup
[0.120s] -- Up-to-date symlink: /home/dasunsanjaya080/ROS2_works/course_1/install/my_robot_bringup/share/my_robot_bringup/cmake/my_robot_bringupConfig.cmake
[0.120s] -- Up-to-date symlink: /home/dasunsanjaya080/ROS2_works/course_1/install/my_robot_bringup/share/my_robot_bringup/cmake/my_robot_bringupConfig-version.cmake
[0.120s] -- Up-to-date symlink: /home/dasunsanjaya080/ROS2_works/course_1/install/my_robot_bringup/share/my_robot_bringup/package.xml
[0.122s] Invoked command in '/home/dasunsanjaya080/ROS2_works/course_1/build/my_robot_bringup' returned '0': AMENT_PREFIX_PATH=/home/dasunsanjaya080/ROS2_works/course_1/install/my_robot_description:${AMENT_PREFIX_PATH} CMAKE_PREFIX_PATH=/home/dasunsanjaya080/ROS2_works/course_1/install/my_robot_description:/home/dasunsanjaya080/ros2_ws/install/my_robot_controller:/opt/ros/humble /usr/bin/cmake --install /home/dasunsanjaya080/ROS2_works/course_1/build/my_robot_bringup
