[0.220s] Invoking command in '/home/dasunsanjaya080/ROS2_works/course_2/build/turtlebot3_simulations': AMENT_PREFIX_PATH=/home/dasunsanjaya080/ROS2_works/course_2/install/turtlebot3_manipulation_gazebo:/home/dasunsanjaya080/ROS2_works/course_2/install/turtlebot3_gazebo:/home/dasunsanjaya080/ROS2_works/course_2/install/turtlebot3_fake_node:${AMENT_PREFIX_PATH} CMAKE_PREFIX_PATH=/home/dasunsanjaya080/ROS2_works/course_2/install/turtlebot3_manipulation_gazebo:/home/dasunsanjaya080/ROS2_works/course_2/install/turtlebot3_gazebo:/home/dasunsanjaya080/ROS2_works/course_2/install/turtlebot3_fake_node:/home/dasunsanjaya080/ros2_ws/install/my_robot_controller:/opt/ros/humble /usr/bin/cmake --build /home/dasunsanjaya080/ROS2_works/course_2/build/turtlebot3_simulations -- -j12 -l12
[0.245s] Invoked command in '/home/dasunsanjaya080/ROS2_works/course_2/build/turtlebot3_simulations' returned '0': AMENT_PREFIX_PATH=/home/dasunsanjaya080/ROS2_works/course_2/install/turtlebot3_manipulation_gazebo:/home/dasunsanjaya080/ROS2_works/course_2/install/turtlebot3_gazebo:/home/dasunsanjaya080/ROS2_works/course_2/install/turtlebot3_fake_node:${AMENT_PREFIX_PATH} CMAKE_PREFIX_PATH=/home/dasunsanjaya080/ROS2_works/course_2/install/turtlebot3_manipulation_gazebo:/home/dasunsanjaya080/ROS2_works/course_2/install/turtlebot3_gazebo:/home/dasunsanjaya080/ROS2_works/course_2/install/turtlebot3_fake_node:/home/dasunsanjaya080/ros2_ws/install/my_robot_controller:/opt/ros/humble /usr/bin/cmake --build /home/dasunsanjaya080/ROS2_works/course_2/build/turtlebot3_simulations -- -j12 -l12
[0.247s] Invoking command in '/home/dasunsanjaya080/ROS2_works/course_2/build/turtlebot3_simulations': AMENT_PREFIX_PATH=/home/dasunsanjaya080/ROS2_works/course_2/install/turtlebot3_manipulation_gazebo:/home/dasunsanjaya080/ROS2_works/course_2/install/turtlebot3_gazebo:/home/dasunsanjaya080/ROS2_works/course_2/install/turtlebot3_fake_node:${AMENT_PREFIX_PATH} CMAKE_PREFIX_PATH=/home/dasunsanjaya080/ROS2_works/course_2/install/turtlebot3_manipulation_gazebo:/home/dasunsanjaya080/ROS2_works/course_2/install/turtlebot3_gazebo:/home/dasunsanjaya080/ROS2_works/course_2/install/turtlebot3_fake_node:/home/dasunsanjaya080/ros2_ws/install/my_robot_controller:/opt/ros/humble /usr/bin/cmake --install /home/dasunsanjaya080/ROS2_works/course_2/build/turtlebot3_simulations
[0.251s] -- Install configuration: ""
[0.252s] -- Up-to-date: /home/dasunsanjaya080/ROS2_works/course_2/install/turtlebot3_simulations/share/ament_index/resource_index/package_run_dependencies/turtlebot3_simulations
[0.252s] -- Up-to-date: /home/dasunsanjaya080/ROS2_works/course_2/install/turtlebot3_simulations/share/ament_index/resource_index/parent_prefix_path/turtlebot3_simulations
[0.252s] -- Up-to-date: /home/dasunsanjaya080/ROS2_works/course_2/install/turtlebot3_simulations/share/turtlebot3_simulations/environment/ament_prefix_path.sh
[0.252s] -- Up-to-date: /home/dasunsanjaya080/ROS2_works/course_2/install/turtlebot3_simulations/share/turtlebot3_simulations/environment/ament_prefix_path.dsv
[0.252s] -- Up-to-date: /home/dasunsanjaya080/ROS2_works/course_2/install/turtlebot3_simulations/share/turtlebot3_simulations/environment/path.sh
[0.252s] -- Up-to-date: /home/dasunsanjaya080/ROS2_works/course_2/install/turtlebot3_simulations/share/turtlebot3_simulations/environment/path.dsv
[0.252s] -- Up-to-date: /home/dasunsanjaya080/ROS2_works/course_2/install/turtlebot3_simulations/share/turtlebot3_simulations/local_setup.bash
[0.253s] -- Up-to-date: /home/dasunsanjaya080/ROS2_works/course_2/install/turtlebot3_simulations/share/turtlebot3_simulations/local_setup.sh
[0.253s] -- Up-to-date: /home/dasunsanjaya080/ROS2_works/course_2/install/turtlebot3_simulations/share/turtlebot3_simulations/local_setup.zsh
[0.253s] -- Up-to-date: /home/dasunsanjaya080/ROS2_works/course_2/install/turtlebot3_simulations/share/turtlebot3_simulations/local_setup.dsv
[0.253s] -- Installing: /home/dasunsanjaya080/ROS2_works/course_2/install/turtlebot3_simulations/share/turtlebot3_simulations/package.dsv
[0.253s] -- Up-to-date: /home/dasunsanjaya080/ROS2_works/course_2/install/turtlebot3_simulations/share/ament_index/resource_index/packages/turtlebot3_simulations
[0.253s] -- Up-to-date: /home/dasunsanjaya080/ROS2_works/course_2/install/turtlebot3_simulations/share/turtlebot3_simulations/cmake/turtlebot3_simulationsConfig.cmake
[0.253s] -- Up-to-date: /home/dasunsanjaya080/ROS2_works/course_2/install/turtlebot3_simulations/share/turtlebot3_simulations/cmake/turtlebot3_simulationsConfig-version.cmake
[0.253s] -- Up-to-date: /home/dasunsanjaya080/ROS2_works/course_2/install/turtlebot3_simulations/share/turtlebot3_simulations/package.xml
[0.254s] Invoked command in '/home/dasunsanjaya080/ROS2_works/course_2/build/turtlebot3_simulations' returned '0': AMENT_PREFIX_PATH=/home/dasunsanjaya080/ROS2_works/course_2/install/turtlebot3_manipulation_gazebo:/home/dasunsanjaya080/ROS2_works/course_2/install/turtlebot3_gazebo:/home/dasunsanjaya080/ROS2_works/course_2/install/turtlebot3_fake_node:${AMENT_PREFIX_PATH} CMAKE_PREFIX_PATH=/home/dasunsanjaya080/ROS2_works/course_2/install/turtlebot3_manipulation_gazebo:/home/dasunsanjaya080/ROS2_works/course_2/install/turtlebot3_gazebo:/home/dasunsanjaya080/ROS2_works/course_2/install/turtlebot3_fake_node:/home/dasunsanjaya080/ros2_ws/install/my_robot_controller:/opt/ros/humble /usr/bin/cmake --install /home/dasunsanjaya080/ROS2_works/course_2/build/turtlebot3_simulations
