[1.052s] DEBUG:colcon:Command line arguments: ['/usr/bin/colcon', 'build', '--symlink-install']
[1.052s] DEBUG:colcon:Parsed command line arguments: Namespace(log_base=None, log_level=None, verb_name='build', build_base='build', install_base='install', merge_install=False, symlink_install=True, test_result_base=None, continue_on_error=False, executor='parallel', parallel_workers=12, event_handlers=None, ignore_user_meta=False, metas=['./colcon.meta'], base_paths=['.'], packages_ignore=None, packages_ignore_regex=None, paths=None, packages_up_to=None, packages_up_to_regex=None, packages_above=None, packages_above_and_dependencies=None, packages_above_depth=None, packages_select_by_dep=None, packages_skip_by_dep=None, packages_skip_up_to=None, packages_select_build_failed=False, packages_skip_build_finished=False, packages_select_test_failures=False, packages_skip_test_passed=False, packages_select=None, packages_skip=None, packages_select_regex=None, packages_skip_regex=None, packages_start=None, packages_end=None, allow_overriding=[], cmake_args=None, cmake_target=None, cmake_target_skip_unavailable=False, cmake_clean_cache=False, cmake_clean_first=False, cmake_force_configure=False, ament_cmake_args=None, catkin_cmake_args=None, catkin_skip_building_tests=False, verb_parser=<colcon_defaults.argument_parser.defaults.DefaultArgumentsDecorator object at 0x7f11b65c3be0>, verb_extension=<colcon_core.verb.build.BuildVerb object at 0x7f11b6780e80>, main=<bound method BuildVerb.main of <colcon_core.verb.build.BuildVerb object at 0x7f11b6780e80>>)
[1.147s] Level 1:colcon.colcon_core.package_discovery:discover_packages(colcon_meta) check parameters
[1.147s] Level 1:colcon.colcon_core.package_discovery:discover_packages(recursive) check parameters
[1.147s] Level 1:colcon.colcon_core.package_discovery:discover_packages(ignore) check parameters
[1.147s] Level 1:colcon.colcon_core.package_discovery:discover_packages(path) check parameters
[1.147s] Level 1:colcon.colcon_core.package_discovery:discover_packages(colcon_meta) discover
[1.147s] Level 1:colcon.colcon_core.package_discovery:discover_packages(recursive) discover
[1.147s] INFO:colcon.colcon_core.package_discovery:Crawling recursively for packages in '/home/dasunsanjaya080/ROS2_works/course_1'
[1.147s] Level 1:colcon.colcon_core.package_identification:_identify(.) by extensions ['ignore', 'ignore_ament_install']
[1.148s] Level 1:colcon.colcon_core.package_identification:_identify(.) by extension 'ignore'
[1.148s] Level 1:colcon.colcon_core.package_identification:_identify(.) by extension 'ignore_ament_install'
[1.148s] Level 1:colcon.colcon_core.package_identification:_identify(.) by extensions ['colcon_pkg']
[1.148s] Level 1:colcon.colcon_core.package_identification:_identify(.) by extension 'colcon_pkg'
[1.148s] Level 1:colcon.colcon_core.package_identification:_identify(.) by extensions ['colcon_meta']
[1.148s] Level 1:colcon.colcon_core.package_identification:_identify(.) by extension 'colcon_meta'
[1.148s] Level 1:colcon.colcon_core.package_identification:_identify(.) by extensions ['ros']
[1.148s] Level 1:colcon.colcon_core.package_identification:_identify(.) by extension 'ros'
[1.155s] Level 1:colcon.colcon_core.package_identification:_identify(.) by extensions ['cmake', 'python']
[1.155s] Level 1:colcon.colcon_core.package_identification:_identify(.) by extension 'cmake'
[1.155s] Level 1:colcon.colcon_core.package_identification:_identify(.) by extension 'python'
[1.155s] Level 1:colcon.colcon_core.package_identification:_identify(.) by extensions ['python_setup_py']
[1.155s] Level 1:colcon.colcon_core.package_identification:_identify(.) by extension 'python_setup_py'
[1.156s] Level 1:colcon.colcon_core.package_identification:_identify(build) by extensions ['ignore', 'ignore_ament_install']
[1.156s] Level 1:colcon.colcon_core.package_identification:_identify(build) by extension 'ignore'
[1.156s] Level 1:colcon.colcon_core.package_identification:_identify(build) ignored
[1.156s] Level 1:colcon.colcon_core.package_identification:_identify(install) by extensions ['ignore', 'ignore_ament_install']
[1.156s] Level 1:colcon.colcon_core.package_identification:_identify(install) by extension 'ignore'
[1.156s] Level 1:colcon.colcon_core.package_identification:_identify(install) ignored
[1.156s] Level 1:colcon.colcon_core.package_identification:_identify(log) by extensions ['ignore', 'ignore_ament_install']
[1.156s] Level 1:colcon.colcon_core.package_identification:_identify(log) by extension 'ignore'
[1.156s] Level 1:colcon.colcon_core.package_identification:_identify(log) ignored
[1.156s] Level 1:colcon.colcon_core.package_identification:_identify(src) by extensions ['ignore', 'ignore_ament_install']
[1.156s] Level 1:colcon.colcon_core.package_identification:_identify(src) by extension 'ignore'
[1.156s] Level 1:colcon.colcon_core.package_identification:_identify(src) by extension 'ignore_ament_install'
[1.156s] Level 1:colcon.colcon_core.package_identification:_identify(src) by extensions ['colcon_pkg']
[1.156s] Level 1:colcon.colcon_core.package_identification:_identify(src) by extension 'colcon_pkg'
[1.156s] Level 1:colcon.colcon_core.package_identification:_identify(src) by extensions ['colcon_meta']
[1.156s] Level 1:colcon.colcon_core.package_identification:_identify(src) by extension 'colcon_meta'
[1.156s] Level 1:colcon.colcon_core.package_identification:_identify(src) by extensions ['ros']
[1.156s] Level 1:colcon.colcon_core.package_identification:_identify(src) by extension 'ros'
[1.156s] Level 1:colcon.colcon_core.package_identification:_identify(src) by extensions ['cmake', 'python']
[1.156s] Level 1:colcon.colcon_core.package_identification:_identify(src) by extension 'cmake'
[1.156s] Level 1:colcon.colcon_core.package_identification:_identify(src) by extension 'python'
[1.156s] Level 1:colcon.colcon_core.package_identification:_identify(src) by extensions ['python_setup_py']
[1.156s] Level 1:colcon.colcon_core.package_identification:_identify(src) by extension 'python_setup_py'
[1.157s] Level 1:colcon.colcon_core.package_identification:_identify(src/build) by extensions ['ignore', 'ignore_ament_install']
[1.157s] Level 1:colcon.colcon_core.package_identification:_identify(src/build) by extension 'ignore'
[1.157s] Level 1:colcon.colcon_core.package_identification:_identify(src/build) ignored
[1.157s] Level 1:colcon.colcon_core.package_identification:_identify(src/install) by extensions ['ignore', 'ignore_ament_install']
[1.157s] Level 1:colcon.colcon_core.package_identification:_identify(src/install) by extension 'ignore'
[1.157s] Level 1:colcon.colcon_core.package_identification:_identify(src/install) ignored
[1.157s] Level 1:colcon.colcon_core.package_identification:_identify(src/log) by extensions ['ignore', 'ignore_ament_install']
[1.157s] Level 1:colcon.colcon_core.package_identification:_identify(src/log) by extension 'ignore'
[1.157s] Level 1:colcon.colcon_core.package_identification:_identify(src/log) ignored
[1.157s] Level 1:colcon.colcon_core.package_identification:_identify(src/my_robot_bringup) by extensions ['ignore', 'ignore_ament_install']
[1.157s] Level 1:colcon.colcon_core.package_identification:_identify(src/my_robot_bringup) by extension 'ignore'
[1.157s] Level 1:colcon.colcon_core.package_identification:_identify(src/my_robot_bringup) by extension 'ignore_ament_install'
[1.157s] Level 1:colcon.colcon_core.package_identification:_identify(src/my_robot_bringup) by extensions ['colcon_pkg']
[1.157s] Level 1:colcon.colcon_core.package_identification:_identify(src/my_robot_bringup) by extension 'colcon_pkg'
[1.157s] Level 1:colcon.colcon_core.package_identification:_identify(src/my_robot_bringup) by extensions ['colcon_meta']
[1.157s] Level 1:colcon.colcon_core.package_identification:_identify(src/my_robot_bringup) by extension 'colcon_meta'
[1.157s] Level 1:colcon.colcon_core.package_identification:_identify(src/my_robot_bringup) by extensions ['ros']
[1.157s] Level 1:colcon.colcon_core.package_identification:_identify(src/my_robot_bringup) by extension 'ros'
[1.159s] DEBUG:colcon.colcon_core.package_identification:Package 'src/my_robot_bringup' with type 'ros.ament_cmake' and name 'my_robot_bringup'
[1.159s] Level 1:colcon.colcon_core.package_identification:_identify(src/my_robot_description) by extensions ['ignore', 'ignore_ament_install']
[1.159s] Level 1:colcon.colcon_core.package_identification:_identify(src/my_robot_description) by extension 'ignore'
[1.159s] Level 1:colcon.colcon_core.package_identification:_identify(src/my_robot_description) by extension 'ignore_ament_install'
[1.159s] Level 1:colcon.colcon_core.package_identification:_identify(src/my_robot_description) by extensions ['colcon_pkg']
[1.159s] Level 1:colcon.colcon_core.package_identification:_identify(src/my_robot_description) by extension 'colcon_pkg'
[1.159s] Level 1:colcon.colcon_core.package_identification:_identify(src/my_robot_description) by extensions ['colcon_meta']
[1.159s] Level 1:colcon.colcon_core.package_identification:_identify(src/my_robot_description) by extension 'colcon_meta'
[1.159s] Level 1:colcon.colcon_core.package_identification:_identify(src/my_robot_description) by extensions ['ros']
[1.159s] Level 1:colcon.colcon_core.package_identification:_identify(src/my_robot_description) by extension 'ros'
[1.159s] DEBUG:colcon.colcon_core.package_identification:Package 'src/my_robot_description' with type 'ros.ament_cmake' and name 'my_robot_description'
[1.159s] Level 1:colcon.colcon_core.package_discovery:discover_packages(recursive) using defaults
[1.160s] Level 1:colcon.colcon_core.package_discovery:discover_packages(ignore) discover
[1.160s] Level 1:colcon.colcon_core.package_discovery:discover_packages(ignore) using defaults
[1.160s] Level 1:colcon.colcon_core.package_discovery:discover_packages(path) discover
[1.160s] Level 1:colcon.colcon_core.package_discovery:discover_packages(path) using defaults
[1.172s] Level 1:colcon.colcon_core.package_discovery:discover_packages(prefix_path) check parameters
[1.173s] Level 1:colcon.colcon_core.package_discovery:discover_packages(prefix_path) discover
[1.174s] DEBUG:colcon.colcon_installed_package_information.package_discovery:Found 2 installed packages in /home/dasunsanjaya080/ROS2_works/course_1/install
[1.174s] DEBUG:colcon.colcon_installed_package_information.package_discovery:Found 1 installed packages in /home/dasunsanjaya080/ros2_ws/install
[1.175s] DEBUG:colcon.colcon_installed_package_information.package_discovery:Found 321 installed packages in /opt/ros/humble
[1.184s] Level 1:colcon.colcon_core.package_discovery:discover_packages(prefix_path) using defaults
[1.207s] Level 5:colcon.colcon_core.verb:set package 'my_robot_description' build argument 'cmake_args' from command line to 'None'
[1.207s] Level 5:colcon.colcon_core.verb:set package 'my_robot_description' build argument 'cmake_target' from command line to 'None'
[1.207s] Level 5:colcon.colcon_core.verb:set package 'my_robot_description' build argument 'cmake_target_skip_unavailable' from command line to 'False'
[1.207s] Level 5:colcon.colcon_core.verb:set package 'my_robot_description' build argument 'cmake_clean_cache' from command line to 'False'
[1.207s] Level 5:colcon.colcon_core.verb:set package 'my_robot_description' build argument 'cmake_clean_first' from command line to 'False'
[1.207s] Level 5:colcon.colcon_core.verb:set package 'my_robot_description' build argument 'cmake_force_configure' from command line to 'False'
[1.207s] Level 5:colcon.colcon_core.verb:set package 'my_robot_description' build argument 'ament_cmake_args' from command line to 'None'
[1.207s] Level 5:colcon.colcon_core.verb:set package 'my_robot_description' build argument 'catkin_cmake_args' from command line to 'None'
[1.207s] Level 5:colcon.colcon_core.verb:set package 'my_robot_description' build argument 'catkin_skip_building_tests' from command line to 'False'
[1.207s] DEBUG:colcon.colcon_core.verb:Building package 'my_robot_description' with the following arguments: {'ament_cmake_args': None, 'build_base': '/home/dasunsanjaya080/ROS2_works/course_1/build/my_robot_description', 'catkin_cmake_args': None, 'catkin_skip_building_tests': False, 'cmake_args': None, 'cmake_clean_cache': False, 'cmake_clean_first': False, 'cmake_force_configure': False, 'cmake_target': None, 'cmake_target_skip_unavailable': False, 'install_base': '/home/dasunsanjaya080/ROS2_works/course_1/install/my_robot_description', 'merge_install': False, 'path': '/home/dasunsanjaya080/ROS2_works/course_1/src/my_robot_description', 'symlink_install': True, 'test_result_base': None}
[1.207s] Level 5:colcon.colcon_core.verb:set package 'my_robot_bringup' build argument 'cmake_args' from command line to 'None'
[1.207s] Level 5:colcon.colcon_core.verb:set package 'my_robot_bringup' build argument 'cmake_target' from command line to 'None'
[1.207s] Level 5:colcon.colcon_core.verb:set package 'my_robot_bringup' build argument 'cmake_target_skip_unavailable' from command line to 'False'
[1.207s] Level 5:colcon.colcon_core.verb:set package 'my_robot_bringup' build argument 'cmake_clean_cache' from command line to 'False'
[1.207s] Level 5:colcon.colcon_core.verb:set package 'my_robot_bringup' build argument 'cmake_clean_first' from command line to 'False'
[1.207s] Level 5:colcon.colcon_core.verb:set package 'my_robot_bringup' build argument 'cmake_force_configure' from command line to 'False'
[1.207s] Level 5:colcon.colcon_core.verb:set package 'my_robot_bringup' build argument 'ament_cmake_args' from command line to 'None'
[1.207s] Level 5:colcon.colcon_core.verb:set package 'my_robot_bringup' build argument 'catkin_cmake_args' from command line to 'None'
[1.207s] Level 5:colcon.colcon_core.verb:set package 'my_robot_bringup' build argument 'catkin_skip_building_tests' from command line to 'False'
[1.207s] DEBUG:colcon.colcon_core.verb:Building package 'my_robot_bringup' with the following arguments: {'ament_cmake_args': None, 'build_base': '/home/dasunsanjaya080/ROS2_works/course_1/build/my_robot_bringup', 'catkin_cmake_args': None, 'catkin_skip_building_tests': False, 'cmake_args': None, 'cmake_clean_cache': False, 'cmake_clean_first': False, 'cmake_force_configure': False, 'cmake_target': None, 'cmake_target_skip_unavailable': False, 'install_base': '/home/dasunsanjaya080/ROS2_works/course_1/install/my_robot_bringup', 'merge_install': False, 'path': '/home/dasunsanjaya080/ROS2_works/course_1/src/my_robot_bringup', 'symlink_install': True, 'test_result_base': None}
[1.207s] INFO:colcon.colcon_core.executor:Executing jobs using 'parallel' executor
[1.208s] DEBUG:colcon.colcon_parallel_executor.executor.parallel:run_until_complete
[1.208s] INFO:colcon.colcon_ros.task.ament_cmake.build:Building ROS package in '/home/dasunsanjaya080/ROS2_works/course_1/src/my_robot_description' with build type 'ament_cmake'
[1.209s] INFO:colcon.colcon_cmake.task.cmake.build:Building CMake package in '/home/dasunsanjaya080/ROS2_works/course_1/src/my_robot_description'
[1.210s] INFO:colcon.colcon_core.plugin_system:Skipping extension 'colcon_core.shell.bat': Not used on non-Windows systems
[1.210s] INFO:colcon.colcon_core.shell:Skip shell extension 'powershell' for command environment: Not usable outside of PowerShell
[1.210s] DEBUG:colcon.colcon_core.shell:Skip shell extension 'dsv' for command environment
[1.219s] DEBUG:colcon.colcon_core.event_handler.log_command:Invoking command in '/home/dasunsanjaya080/ROS2_works/course_1/build/my_robot_description': CMAKE_PREFIX_PATH=${CMAKE_PREFIX_PATH}:/home/dasunsanjaya080/ros2_ws/install/my_robot_controller:/opt/ros/humble /usr/bin/cmake --build /home/dasunsanjaya080/ROS2_works/course_1/build/my_robot_description -- -j12 -l12
[1.242s] DEBUG:colcon.colcon_core.event_handler.log_command:Invoked command in '/home/dasunsanjaya080/ROS2_works/course_1/build/my_robot_description' returned '0': CMAKE_PREFIX_PATH=${CMAKE_PREFIX_PATH}:/home/dasunsanjaya080/ros2_ws/install/my_robot_controller:/opt/ros/humble /usr/bin/cmake --build /home/dasunsanjaya080/ROS2_works/course_1/build/my_robot_description -- -j12 -l12
[1.248s] DEBUG:colcon.colcon_core.event_handler.log_command:Invoking command in '/home/dasunsanjaya080/ROS2_works/course_1/build/my_robot_description': CMAKE_PREFIX_PATH=${CMAKE_PREFIX_PATH}:/home/dasunsanjaya080/ros2_ws/install/my_robot_controller:/opt/ros/humble /usr/bin/cmake --install /home/dasunsanjaya080/ROS2_works/course_1/build/my_robot_description
[1.261s] Level 1:colcon.colcon_core.environment:create_environment_scripts_only(my_robot_description)
[1.262s] DEBUG:colcon.colcon_core.event_handler.log_command:Invoked command in '/home/dasunsanjaya080/ROS2_works/course_1/build/my_robot_description' returned '0': CMAKE_PREFIX_PATH=${CMAKE_PREFIX_PATH}:/home/dasunsanjaya080/ros2_ws/install/my_robot_controller:/opt/ros/humble /usr/bin/cmake --install /home/dasunsanjaya080/ROS2_works/course_1/build/my_robot_description
[1.263s] Level 1:colcon.colcon_core.environment:checking '/home/dasunsanjaya080/ROS2_works/course_1/install/my_robot_description' for CMake module files
[1.263s] Level 1:colcon.colcon_core.environment:checking '/home/dasunsanjaya080/ROS2_works/course_1/install/my_robot_description' for CMake config files
[1.264s] Level 1:colcon.colcon_core.shell:create_environment_hook('my_robot_description', 'cmake_prefix_path')
[1.264s] INFO:colcon.colcon_core.shell:Creating environment hook '/home/dasunsanjaya080/ROS2_works/course_1/install/my_robot_description/share/my_robot_description/hook/cmake_prefix_path.ps1'
[1.264s] INFO:colcon.colcon_core.shell:Creating environment descriptor '/home/dasunsanjaya080/ROS2_works/course_1/install/my_robot_description/share/my_robot_description/hook/cmake_prefix_path.dsv'
[1.264s] INFO:colcon.colcon_core.shell:Creating environment hook '/home/dasunsanjaya080/ROS2_works/course_1/install/my_robot_description/share/my_robot_description/hook/cmake_prefix_path.sh'
[1.265s] Level 1:colcon.colcon_core.environment:checking '/home/dasunsanjaya080/ROS2_works/course_1/install/my_robot_description/bin'
[1.265s] Level 1:colcon.colcon_core.environment:checking '/home/dasunsanjaya080/ROS2_works/course_1/install/my_robot_description/lib/pkgconfig/my_robot_description.pc'
[1.265s] Level 1:colcon.colcon_core.environment:checking '/home/dasunsanjaya080/ROS2_works/course_1/install/my_robot_description/lib/python3.10/site-packages'
[1.265s] Level 1:colcon.colcon_core.environment:checking '/home/dasunsanjaya080/ROS2_works/course_1/install/my_robot_description/bin'
[1.266s] INFO:colcon.colcon_core.shell:Creating package script '/home/dasunsanjaya080/ROS2_works/course_1/install/my_robot_description/share/my_robot_description/package.ps1'
[1.266s] INFO:colcon.colcon_core.shell:Creating package descriptor '/home/dasunsanjaya080/ROS2_works/course_1/install/my_robot_description/share/my_robot_description/package.dsv'
[1.267s] INFO:colcon.colcon_core.shell:Creating package script '/home/dasunsanjaya080/ROS2_works/course_1/install/my_robot_description/share/my_robot_description/package.sh'
[1.267s] INFO:colcon.colcon_core.shell:Creating package script '/home/dasunsanjaya080/ROS2_works/course_1/install/my_robot_description/share/my_robot_description/package.bash'
[1.267s] INFO:colcon.colcon_core.shell:Creating package script '/home/dasunsanjaya080/ROS2_works/course_1/install/my_robot_description/share/my_robot_description/package.zsh'
[1.268s] Level 1:colcon.colcon_core.environment:create_file_with_runtime_dependencies(/home/dasunsanjaya080/ROS2_works/course_1/install/my_robot_description/share/colcon-core/packages/my_robot_description)
[1.268s] Level 1:colcon.colcon_core.environment:create_environment_scripts_only(my_robot_description)
[1.268s] Level 1:colcon.colcon_core.environment:checking '/home/dasunsanjaya080/ROS2_works/course_1/install/my_robot_description' for CMake module files
[1.268s] Level 1:colcon.colcon_core.environment:checking '/home/dasunsanjaya080/ROS2_works/course_1/install/my_robot_description' for CMake config files
[1.269s] Level 1:colcon.colcon_core.shell:create_environment_hook('my_robot_description', 'cmake_prefix_path')
[1.269s] INFO:colcon.colcon_core.shell:Creating environment hook '/home/dasunsanjaya080/ROS2_works/course_1/install/my_robot_description/share/my_robot_description/hook/cmake_prefix_path.ps1'
[1.269s] INFO:colcon.colcon_core.shell:Creating environment descriptor '/home/dasunsanjaya080/ROS2_works/course_1/install/my_robot_description/share/my_robot_description/hook/cmake_prefix_path.dsv'
[1.269s] INFO:colcon.colcon_core.shell:Creating environment hook '/home/dasunsanjaya080/ROS2_works/course_1/install/my_robot_description/share/my_robot_description/hook/cmake_prefix_path.sh'
[1.270s] Level 1:colcon.colcon_core.environment:checking '/home/dasunsanjaya080/ROS2_works/course_1/install/my_robot_description/bin'
[1.270s] Level 1:colcon.colcon_core.environment:checking '/home/dasunsanjaya080/ROS2_works/course_1/install/my_robot_description/lib/pkgconfig/my_robot_description.pc'
[1.270s] Level 1:colcon.colcon_core.environment:checking '/home/dasunsanjaya080/ROS2_works/course_1/install/my_robot_description/lib/python3.10/site-packages'
[1.270s] Level 1:colcon.colcon_core.environment:checking '/home/dasunsanjaya080/ROS2_works/course_1/install/my_robot_description/bin'
[1.270s] INFO:colcon.colcon_core.shell:Creating package script '/home/dasunsanjaya080/ROS2_works/course_1/install/my_robot_description/share/my_robot_description/package.ps1'
[1.270s] INFO:colcon.colcon_core.shell:Creating package descriptor '/home/dasunsanjaya080/ROS2_works/course_1/install/my_robot_description/share/my_robot_description/package.dsv'
[1.271s] INFO:colcon.colcon_core.shell:Creating package script '/home/dasunsanjaya080/ROS2_works/course_1/install/my_robot_description/share/my_robot_description/package.sh'
[1.271s] INFO:colcon.colcon_core.shell:Creating package script '/home/dasunsanjaya080/ROS2_works/course_1/install/my_robot_description/share/my_robot_description/package.bash'
[1.271s] INFO:colcon.colcon_core.shell:Creating package script '/home/dasunsanjaya080/ROS2_works/course_1/install/my_robot_description/share/my_robot_description/package.zsh'
[1.271s] Level 1:colcon.colcon_core.environment:create_file_with_runtime_dependencies(/home/dasunsanjaya080/ROS2_works/course_1/install/my_robot_description/share/colcon-core/packages/my_robot_description)
[1.272s] INFO:colcon.colcon_ros.task.ament_cmake.build:Building ROS package in '/home/dasunsanjaya080/ROS2_works/course_1/src/my_robot_bringup' with build type 'ament_cmake'
[1.272s] INFO:colcon.colcon_cmake.task.cmake.build:Building CMake package in '/home/dasunsanjaya080/ROS2_works/course_1/src/my_robot_bringup'
[1.272s] INFO:colcon.colcon_core.shell:Skip shell extension 'powershell' for command environment: Not usable outside of PowerShell
[1.272s] DEBUG:colcon.colcon_core.shell:Skip shell extension 'dsv' for command environment
[1.356s] DEBUG:colcon.colcon_core.event_handler.log_command:Invoking command in '/home/dasunsanjaya080/ROS2_works/course_1/build/my_robot_bringup': CMAKE_PREFIX_PATH=/home/dasunsanjaya080/ROS2_works/course_1/install/my_robot_description:/home/dasunsanjaya080/ROS2_works/course_1/install/my_robot_bringup:/home/dasunsanjaya080/ros2_ws/install/my_robot_controller:/opt/ros/humble /usr/bin/cmake --build /home/dasunsanjaya080/ROS2_works/course_1/build/my_robot_bringup -- -j12 -l12
[1.379s] DEBUG:colcon.colcon_core.event_handler.log_command:Invoked command in '/home/dasunsanjaya080/ROS2_works/course_1/build/my_robot_bringup' returned '0': CMAKE_PREFIX_PATH=/home/dasunsanjaya080/ROS2_works/course_1/install/my_robot_description:/home/dasunsanjaya080/ROS2_works/course_1/install/my_robot_bringup:/home/dasunsanjaya080/ros2_ws/install/my_robot_controller:/opt/ros/humble /usr/bin/cmake --build /home/dasunsanjaya080/ROS2_works/course_1/build/my_robot_bringup -- -j12 -l12
[1.380s] DEBUG:colcon.colcon_core.event_handler.log_command:Invoking command in '/home/dasunsanjaya080/ROS2_works/course_1/build/my_robot_bringup': CMAKE_PREFIX_PATH=/home/dasunsanjaya080/ROS2_works/course_1/install/my_robot_description:/home/dasunsanjaya080/ROS2_works/course_1/install/my_robot_bringup:/home/dasunsanjaya080/ros2_ws/install/my_robot_controller:/opt/ros/humble /usr/bin/cmake --install /home/dasunsanjaya080/ROS2_works/course_1/build/my_robot_bringup
[1.393s] Level 1:colcon.colcon_core.environment:create_environment_scripts_only(my_robot_bringup)
[1.393s] Level 1:colcon.colcon_core.environment:checking '/home/dasunsanjaya080/ROS2_works/course_1/install/my_robot_bringup' for CMake module files
[1.394s] DEBUG:colcon.colcon_core.event_handler.log_command:Invoked command in '/home/dasunsanjaya080/ROS2_works/course_1/build/my_robot_bringup' returned '0': CMAKE_PREFIX_PATH=/home/dasunsanjaya080/ROS2_works/course_1/install/my_robot_description:/home/dasunsanjaya080/ROS2_works/course_1/install/my_robot_bringup:/home/dasunsanjaya080/ros2_ws/install/my_robot_controller:/opt/ros/humble /usr/bin/cmake --install /home/dasunsanjaya080/ROS2_works/course_1/build/my_robot_bringup
[1.394s] Level 1:colcon.colcon_core.environment:checking '/home/dasunsanjaya080/ROS2_works/course_1/install/my_robot_bringup' for CMake config files
[1.394s] Level 1:colcon.colcon_core.shell:create_environment_hook('my_robot_bringup', 'cmake_prefix_path')
[1.395s] INFO:colcon.colcon_core.shell:Creating environment hook '/home/dasunsanjaya080/ROS2_works/course_1/install/my_robot_bringup/share/my_robot_bringup/hook/cmake_prefix_path.ps1'
[1.395s] INFO:colcon.colcon_core.shell:Creating environment descriptor '/home/dasunsanjaya080/ROS2_works/course_1/install/my_robot_bringup/share/my_robot_bringup/hook/cmake_prefix_path.dsv'
[1.395s] INFO:colcon.colcon_core.shell:Creating environment hook '/home/dasunsanjaya080/ROS2_works/course_1/install/my_robot_bringup/share/my_robot_bringup/hook/cmake_prefix_path.sh'
[1.396s] Level 1:colcon.colcon_core.environment:checking '/home/dasunsanjaya080/ROS2_works/course_1/install/my_robot_bringup/bin'
[1.396s] Level 1:colcon.colcon_core.environment:checking '/home/dasunsanjaya080/ROS2_works/course_1/install/my_robot_bringup/lib/pkgconfig/my_robot_bringup.pc'
[1.396s] Level 1:colcon.colcon_core.environment:checking '/home/dasunsanjaya080/ROS2_works/course_1/install/my_robot_bringup/lib/python3.10/site-packages'
[1.396s] Level 1:colcon.colcon_core.environment:checking '/home/dasunsanjaya080/ROS2_works/course_1/install/my_robot_bringup/bin'
[1.396s] INFO:colcon.colcon_core.shell:Creating package script '/home/dasunsanjaya080/ROS2_works/course_1/install/my_robot_bringup/share/my_robot_bringup/package.ps1'
[1.396s] INFO:colcon.colcon_core.shell:Creating package descriptor '/home/dasunsanjaya080/ROS2_works/course_1/install/my_robot_bringup/share/my_robot_bringup/package.dsv'
[1.397s] INFO:colcon.colcon_core.shell:Creating package script '/home/dasunsanjaya080/ROS2_works/course_1/install/my_robot_bringup/share/my_robot_bringup/package.sh'
[1.397s] INFO:colcon.colcon_core.shell:Creating package script '/home/dasunsanjaya080/ROS2_works/course_1/install/my_robot_bringup/share/my_robot_bringup/package.bash'
[1.397s] INFO:colcon.colcon_core.shell:Creating package script '/home/dasunsanjaya080/ROS2_works/course_1/install/my_robot_bringup/share/my_robot_bringup/package.zsh'
[1.397s] Level 1:colcon.colcon_core.environment:create_file_with_runtime_dependencies(/home/dasunsanjaya080/ROS2_works/course_1/install/my_robot_bringup/share/colcon-core/packages/my_robot_bringup)
[1.398s] Level 1:colcon.colcon_core.environment:create_environment_scripts_only(my_robot_bringup)
[1.398s] Level 1:colcon.colcon_core.environment:checking '/home/dasunsanjaya080/ROS2_works/course_1/install/my_robot_bringup' for CMake module files
[1.398s] Level 1:colcon.colcon_core.environment:checking '/home/dasunsanjaya080/ROS2_works/course_1/install/my_robot_bringup' for CMake config files
[1.398s] Level 1:colcon.colcon_core.shell:create_environment_hook('my_robot_bringup', 'cmake_prefix_path')
[1.398s] INFO:colcon.colcon_core.shell:Creating environment hook '/home/dasunsanjaya080/ROS2_works/course_1/install/my_robot_bringup/share/my_robot_bringup/hook/cmake_prefix_path.ps1'
[1.398s] INFO:colcon.colcon_core.shell:Creating environment descriptor '/home/dasunsanjaya080/ROS2_works/course_1/install/my_robot_bringup/share/my_robot_bringup/hook/cmake_prefix_path.dsv'
[1.399s] INFO:colcon.colcon_core.shell:Creating environment hook '/home/dasunsanjaya080/ROS2_works/course_1/install/my_robot_bringup/share/my_robot_bringup/hook/cmake_prefix_path.sh'
[1.399s] Level 1:colcon.colcon_core.environment:checking '/home/dasunsanjaya080/ROS2_works/course_1/install/my_robot_bringup/bin'
[1.399s] Level 1:colcon.colcon_core.environment:checking '/home/dasunsanjaya080/ROS2_works/course_1/install/my_robot_bringup/lib/pkgconfig/my_robot_bringup.pc'
[1.399s] Level 1:colcon.colcon_core.environment:checking '/home/dasunsanjaya080/ROS2_works/course_1/install/my_robot_bringup/lib/python3.10/site-packages'
[1.399s] Level 1:colcon.colcon_core.environment:checking '/home/dasunsanjaya080/ROS2_works/course_1/install/my_robot_bringup/bin'
[1.399s] INFO:colcon.colcon_core.shell:Creating package script '/home/dasunsanjaya080/ROS2_works/course_1/install/my_robot_bringup/share/my_robot_bringup/package.ps1'
[1.400s] INFO:colcon.colcon_core.shell:Creating package descriptor '/home/dasunsanjaya080/ROS2_works/course_1/install/my_robot_bringup/share/my_robot_bringup/package.dsv'
[1.400s] INFO:colcon.colcon_core.shell:Creating package script '/home/dasunsanjaya080/ROS2_works/course_1/install/my_robot_bringup/share/my_robot_bringup/package.sh'
[1.400s] INFO:colcon.colcon_core.shell:Creating package script '/home/dasunsanjaya080/ROS2_works/course_1/install/my_robot_bringup/share/my_robot_bringup/package.bash'
[1.400s] INFO:colcon.colcon_core.shell:Creating package script '/home/dasunsanjaya080/ROS2_works/course_1/install/my_robot_bringup/share/my_robot_bringup/package.zsh'
[1.401s] Level 1:colcon.colcon_core.environment:create_file_with_runtime_dependencies(/home/dasunsanjaya080/ROS2_works/course_1/install/my_robot_bringup/share/colcon-core/packages/my_robot_bringup)
[1.401s] DEBUG:colcon.colcon_parallel_executor.executor.parallel:closing loop
[1.401s] DEBUG:colcon.colcon_parallel_executor.executor.parallel:loop closed
[1.401s] DEBUG:colcon.colcon_parallel_executor.executor.parallel:run_until_complete finished with '0'
[1.401s] DEBUG:colcon.colcon_core.event_reactor:joining thread
[1.461s] INFO:colcon.colcon_core.plugin_system:Skipping extension 'colcon_notification.desktop_notification.notify_send': Could not find 'notify-send'
[1.461s] INFO:colcon.colcon_core.plugin_system:Skipping extension 'colcon_notification.desktop_notification.terminal_notifier': Not used on non-Darwin systems
[1.461s] INFO:colcon.colcon_core.plugin_system:Skipping extension 'colcon_notification.desktop_notification.win32': Not used on non-Windows systems
[1.461s] INFO:colcon.colcon_notification.desktop_notification:Sending desktop notification using 'notify2'
[1.461s] DEBUG:colcon.colcon_notification.desktop_notification.notify2:Failed to initialize notify2: org.freedesktop.DBus.Error.FileNotFound: Failed to connect to socket /run/user/1000/bus: No such file or directory
[1.462s] DEBUG:colcon.colcon_core.event_reactor:joined thread
[1.462s] INFO:colcon.colcon_core.shell:Creating prefix script '/home/dasunsanjaya080/ROS2_works/course_1/install/local_setup.ps1'
[1.463s] INFO:colcon.colcon_core.shell:Creating prefix util module '/home/dasunsanjaya080/ROS2_works/course_1/install/_local_setup_util_ps1.py'
[1.463s] INFO:colcon.colcon_core.shell:Creating prefix chain script '/home/dasunsanjaya080/ROS2_works/course_1/install/setup.ps1'
[1.464s] INFO:colcon.colcon_core.shell:Creating prefix script '/home/dasunsanjaya080/ROS2_works/course_1/install/local_setup.sh'
[1.464s] INFO:colcon.colcon_core.shell:Creating prefix util module '/home/dasunsanjaya080/ROS2_works/course_1/install/_local_setup_util_sh.py'
[1.465s] INFO:colcon.colcon_core.shell:Creating prefix chain script '/home/dasunsanjaya080/ROS2_works/course_1/install/setup.sh'
[1.465s] INFO:colcon.colcon_core.shell:Creating prefix script '/home/dasunsanjaya080/ROS2_works/course_1/install/local_setup.bash'
[1.466s] INFO:colcon.colcon_core.shell:Creating prefix chain script '/home/dasunsanjaya080/ROS2_works/course_1/install/setup.bash'
[1.466s] INFO:colcon.colcon_core.shell:Creating prefix script '/home/dasunsanjaya080/ROS2_works/course_1/install/local_setup.zsh'
[1.466s] INFO:colcon.colcon_core.shell:Creating prefix chain script '/home/dasunsanjaya080/ROS2_works/course_1/install/setup.zsh'
