[1.058s] DEBUG:colcon:Command line arguments: ['/usr/bin/colcon', 'build', '--symlink-install']
[1.058s] DEBUG:colcon:Parsed command line arguments: Namespace(log_base=None, log_level=None, verb_name='build', build_base='build', install_base='install', merge_install=False, symlink_install=True, test_result_base=None, continue_on_error=False, executor='parallel', parallel_workers=12, event_handlers=None, ignore_user_meta=False, metas=['./colcon.meta'], base_paths=['.'], packages_ignore=None, packages_ignore_regex=None, paths=None, packages_up_to=None, packages_up_to_regex=None, packages_above=None, packages_above_and_dependencies=None, packages_above_depth=None, packages_select_by_dep=None, packages_skip_by_dep=None, packages_skip_up_to=None, packages_select_build_failed=False, packages_skip_build_finished=False, packages_select_test_failures=False, packages_skip_test_passed=False, packages_select=None, packages_skip=None, packages_select_regex=None, packages_skip_regex=None, packages_start=None, packages_end=None, allow_overriding=[], cmake_args=None, cmake_target=None, cmake_target_skip_unavailable=False, cmake_clean_cache=False, cmake_clean_first=False, cmake_force_configure=False, ament_cmake_args=None, catkin_cmake_args=None, catkin_skip_building_tests=False, verb_parser=<colcon_defaults.argument_parser.defaults.DefaultArgumentsDecorator object at 0x7fafafde88b0>, verb_extension=<colcon_core.verb.build.BuildVerb object at 0x7fafaff79c30>, main=<bound method BuildVerb.main of <colcon_core.verb.build.BuildVerb object at 0x7fafaff79c30>>)
[1.996s] Level 1:colcon.colcon_core.package_discovery:discover_packages(colcon_meta) check parameters
[1.996s] Level 1:colcon.colcon_core.package_discovery:discover_packages(recursive) check parameters
[1.996s] Level 1:colcon.colcon_core.package_discovery:discover_packages(ignore) check parameters
[1.996s] Level 1:colcon.colcon_core.package_discovery:discover_packages(path) check parameters
[1.996s] Level 1:colcon.colcon_core.package_discovery:discover_packages(colcon_meta) discover
[1.996s] Level 1:colcon.colcon_core.package_discovery:discover_packages(recursive) discover
[1.997s] INFO:colcon.colcon_core.package_discovery:Crawling recursively for packages in '/home/dasunsanjaya080/ROS2_works/course_1'
[1.997s] Level 1:colcon.colcon_core.package_identification:_identify(.) by extensions ['ignore', 'ignore_ament_install']
[1.997s] Level 1:colcon.colcon_core.package_identification:_identify(.) by extension 'ignore'
[1.997s] Level 1:colcon.colcon_core.package_identification:_identify(.) by extension 'ignore_ament_install'
[1.997s] Level 1:colcon.colcon_core.package_identification:_identify(.) by extensions ['colcon_pkg']
[1.997s] Level 1:colcon.colcon_core.package_identification:_identify(.) by extension 'colcon_pkg'
[1.997s] Level 1:colcon.colcon_core.package_identification:_identify(.) by extensions ['colcon_meta']
[1.997s] Level 1:colcon.colcon_core.package_identification:_identify(.) by extension 'colcon_meta'
[1.997s] Level 1:colcon.colcon_core.package_identification:_identify(.) by extensions ['ros']
[1.997s] Level 1:colcon.colcon_core.package_identification:_identify(.) by extension 'ros'
[2.023s] Level 1:colcon.colcon_core.package_identification:_identify(.) by extensions ['cmake', 'python']
[2.023s] Level 1:colcon.colcon_core.package_identification:_identify(.) by extension 'cmake'
[2.023s] Level 1:colcon.colcon_core.package_identification:_identify(.) by extension 'python'
[2.023s] Level 1:colcon.colcon_core.package_identification:_identify(.) by extensions ['python_setup_py']
[2.023s] Level 1:colcon.colcon_core.package_identification:_identify(.) by extension 'python_setup_py'
[2.024s] Level 1:colcon.colcon_core.package_identification:_identify(build) by extensions ['ignore', 'ignore_ament_install']
[2.024s] Level 1:colcon.colcon_core.package_identification:_identify(build) by extension 'ignore'
[2.024s] Level 1:colcon.colcon_core.package_identification:_identify(build) ignored
[2.024s] Level 1:colcon.colcon_core.package_identification:_identify(install) by extensions ['ignore', 'ignore_ament_install']
[2.024s] Level 1:colcon.colcon_core.package_identification:_identify(install) by extension 'ignore'
[2.024s] Level 1:colcon.colcon_core.package_identification:_identify(install) ignored
[2.025s] Level 1:colcon.colcon_core.package_identification:_identify(log) by extensions ['ignore', 'ignore_ament_install']
[2.025s] Level 1:colcon.colcon_core.package_identification:_identify(log) by extension 'ignore'
[2.025s] Level 1:colcon.colcon_core.package_identification:_identify(log) ignored
[2.025s] Level 1:colcon.colcon_core.package_identification:_identify(src) by extensions ['ignore', 'ignore_ament_install']
[2.025s] Level 1:colcon.colcon_core.package_identification:_identify(src) by extension 'ignore'
[2.025s] Level 1:colcon.colcon_core.package_identification:_identify(src) by extension 'ignore_ament_install'
[2.025s] Level 1:colcon.colcon_core.package_identification:_identify(src) by extensions ['colcon_pkg']
[2.025s] Level 1:colcon.colcon_core.package_identification:_identify(src) by extension 'colcon_pkg'
[2.025s] Level 1:colcon.colcon_core.package_identification:_identify(src) by extensions ['colcon_meta']
[2.025s] Level 1:colcon.colcon_core.package_identification:_identify(src) by extension 'colcon_meta'
[2.025s] Level 1:colcon.colcon_core.package_identification:_identify(src) by extensions ['ros']
[2.025s] Level 1:colcon.colcon_core.package_identification:_identify(src) by extension 'ros'
[2.025s] Level 1:colcon.colcon_core.package_identification:_identify(src) by extensions ['cmake', 'python']
[2.025s] Level 1:colcon.colcon_core.package_identification:_identify(src) by extension 'cmake'
[2.025s] Level 1:colcon.colcon_core.package_identification:_identify(src) by extension 'python'
[2.025s] Level 1:colcon.colcon_core.package_identification:_identify(src) by extensions ['python_setup_py']
[2.025s] Level 1:colcon.colcon_core.package_identification:_identify(src) by extension 'python_setup_py'
[2.026s] Level 1:colcon.colcon_core.package_identification:_identify(src/build) by extensions ['ignore', 'ignore_ament_install']
[2.026s] Level 1:colcon.colcon_core.package_identification:_identify(src/build) by extension 'ignore'
[2.026s] Level 1:colcon.colcon_core.package_identification:_identify(src/build) ignored
[2.027s] Level 1:colcon.colcon_core.package_identification:_identify(src/install) by extensions ['ignore', 'ignore_ament_install']
[2.027s] Level 1:colcon.colcon_core.package_identification:_identify(src/install) by extension 'ignore'
[2.028s] Level 1:colcon.colcon_core.package_identification:_identify(src/install) ignored
[2.028s] Level 1:colcon.colcon_core.package_identification:_identify(src/log) by extensions ['ignore', 'ignore_ament_install']
[2.029s] Level 1:colcon.colcon_core.package_identification:_identify(src/log) by extension 'ignore'
[2.029s] Level 1:colcon.colcon_core.package_identification:_identify(src/log) ignored
[2.029s] Level 1:colcon.colcon_core.package_identification:_identify(src/my_robot_bringup) by extensions ['ignore', 'ignore_ament_install']
[2.029s] Level 1:colcon.colcon_core.package_identification:_identify(src/my_robot_bringup) by extension 'ignore'
[2.029s] Level 1:colcon.colcon_core.package_identification:_identify(src/my_robot_bringup) by extension 'ignore_ament_install'
[2.029s] Level 1:colcon.colcon_core.package_identification:_identify(src/my_robot_bringup) by extensions ['colcon_pkg']
[2.029s] Level 1:colcon.colcon_core.package_identification:_identify(src/my_robot_bringup) by extension 'colcon_pkg'
[2.029s] Level 1:colcon.colcon_core.package_identification:_identify(src/my_robot_bringup) by extensions ['colcon_meta']
[2.029s] Level 1:colcon.colcon_core.package_identification:_identify(src/my_robot_bringup) by extension 'colcon_meta'
[2.029s] Level 1:colcon.colcon_core.package_identification:_identify(src/my_robot_bringup) by extensions ['ros']
[2.029s] Level 1:colcon.colcon_core.package_identification:_identify(src/my_robot_bringup) by extension 'ros'
[2.035s] DEBUG:colcon.colcon_core.package_identification:Package 'src/my_robot_bringup' with type 'ros.ament_cmake' and name 'my_robot_bringup'
[2.036s] Level 1:colcon.colcon_core.package_identification:_identify(src/my_robot_description) by extensions ['ignore', 'ignore_ament_install']
[2.036s] Level 1:colcon.colcon_core.package_identification:_identify(src/my_robot_description) by extension 'ignore'
[2.036s] Level 1:colcon.colcon_core.package_identification:_identify(src/my_robot_description) by extension 'ignore_ament_install'
[2.036s] Level 1:colcon.colcon_core.package_identification:_identify(src/my_robot_description) by extensions ['colcon_pkg']
[2.036s] Level 1:colcon.colcon_core.package_identification:_identify(src/my_robot_description) by extension 'colcon_pkg'
[2.036s] Level 1:colcon.colcon_core.package_identification:_identify(src/my_robot_description) by extensions ['colcon_meta']
[2.036s] Level 1:colcon.colcon_core.package_identification:_identify(src/my_robot_description) by extension 'colcon_meta'
[2.036s] Level 1:colcon.colcon_core.package_identification:_identify(src/my_robot_description) by extensions ['ros']
[2.036s] Level 1:colcon.colcon_core.package_identification:_identify(src/my_robot_description) by extension 'ros'
[2.038s] DEBUG:colcon.colcon_core.package_identification:Package 'src/my_robot_description' with type 'ros.ament_cmake' and name 'my_robot_description'
[2.038s] Level 1:colcon.colcon_core.package_discovery:discover_packages(recursive) using defaults
[2.038s] Level 1:colcon.colcon_core.package_discovery:discover_packages(ignore) discover
[2.038s] Level 1:colcon.colcon_core.package_discovery:discover_packages(ignore) using defaults
[2.038s] Level 1:colcon.colcon_core.package_discovery:discover_packages(path) discover
[2.038s] Level 1:colcon.colcon_core.package_discovery:discover_packages(path) using defaults
[2.086s] Level 1:colcon.colcon_core.package_discovery:discover_packages(prefix_path) check parameters
[2.086s] Level 1:colcon.colcon_core.package_discovery:discover_packages(prefix_path) discover
[2.108s] DEBUG:colcon.colcon_installed_package_information.package_discovery:Found 1 installed packages in /home/dasunsanjaya080/ros2_ws/install
[2.110s] DEBUG:colcon.colcon_installed_package_information.package_discovery:Found 451 installed packages in /opt/ros/humble
[2.113s] Level 1:colcon.colcon_core.package_discovery:discover_packages(prefix_path) using defaults
[2.166s] Level 5:colcon.colcon_core.verb:set package 'my_robot_description' build argument 'cmake_args' from command line to 'None'
[2.166s] Level 5:colcon.colcon_core.verb:set package 'my_robot_description' build argument 'cmake_target' from command line to 'None'
[2.166s] Level 5:colcon.colcon_core.verb:set package 'my_robot_description' build argument 'cmake_target_skip_unavailable' from command line to 'False'
[2.166s] Level 5:colcon.colcon_core.verb:set package 'my_robot_description' build argument 'cmake_clean_cache' from command line to 'False'
[2.166s] Level 5:colcon.colcon_core.verb:set package 'my_robot_description' build argument 'cmake_clean_first' from command line to 'False'
[2.166s] Level 5:colcon.colcon_core.verb:set package 'my_robot_description' build argument 'cmake_force_configure' from command line to 'False'
[2.166s] Level 5:colcon.colcon_core.verb:set package 'my_robot_description' build argument 'ament_cmake_args' from command line to 'None'
[2.166s] Level 5:colcon.colcon_core.verb:set package 'my_robot_description' build argument 'catkin_cmake_args' from command line to 'None'
[2.166s] Level 5:colcon.colcon_core.verb:set package 'my_robot_description' build argument 'catkin_skip_building_tests' from command line to 'False'
[2.166s] DEBUG:colcon.colcon_core.verb:Building package 'my_robot_description' with the following arguments: {'ament_cmake_args': None, 'build_base': '/home/dasunsanjaya080/ROS2_works/course_1/build/my_robot_description', 'catkin_cmake_args': None, 'catkin_skip_building_tests': False, 'cmake_args': None, 'cmake_clean_cache': False, 'cmake_clean_first': False, 'cmake_force_configure': False, 'cmake_target': None, 'cmake_target_skip_unavailable': False, 'install_base': '/home/dasunsanjaya080/ROS2_works/course_1/install/my_robot_description', 'merge_install': False, 'path': '/home/dasunsanjaya080/ROS2_works/course_1/src/my_robot_description', 'symlink_install': True, 'test_result_base': None}
[2.167s] Level 5:colcon.colcon_core.verb:set package 'my_robot_bringup' build argument 'cmake_args' from command line to 'None'
[2.167s] Level 5:colcon.colcon_core.verb:set package 'my_robot_bringup' build argument 'cmake_target' from command line to 'None'
[2.167s] Level 5:colcon.colcon_core.verb:set package 'my_robot_bringup' build argument 'cmake_target_skip_unavailable' from command line to 'False'
[2.167s] Level 5:colcon.colcon_core.verb:set package 'my_robot_bringup' build argument 'cmake_clean_cache' from command line to 'False'
[2.167s] Level 5:colcon.colcon_core.verb:set package 'my_robot_bringup' build argument 'cmake_clean_first' from command line to 'False'
[2.167s] Level 5:colcon.colcon_core.verb:set package 'my_robot_bringup' build argument 'cmake_force_configure' from command line to 'False'
[2.167s] Level 5:colcon.colcon_core.verb:set package 'my_robot_bringup' build argument 'ament_cmake_args' from command line to 'None'
[2.167s] Level 5:colcon.colcon_core.verb:set package 'my_robot_bringup' build argument 'catkin_cmake_args' from command line to 'None'
[2.167s] Level 5:colcon.colcon_core.verb:set package 'my_robot_bringup' build argument 'catkin_skip_building_tests' from command line to 'False'
[2.167s] DEBUG:colcon.colcon_core.verb:Building package 'my_robot_bringup' with the following arguments: {'ament_cmake_args': None, 'build_base': '/home/dasunsanjaya080/ROS2_works/course_1/build/my_robot_bringup', 'catkin_cmake_args': None, 'catkin_skip_building_tests': False, 'cmake_args': None, 'cmake_clean_cache': False, 'cmake_clean_first': False, 'cmake_force_configure': False, 'cmake_target': None, 'cmake_target_skip_unavailable': False, 'install_base': '/home/dasunsanjaya080/ROS2_works/course_1/install/my_robot_bringup', 'merge_install': False, 'path': '/home/dasunsanjaya080/ROS2_works/course_1/src/my_robot_bringup', 'symlink_install': True, 'test_result_base': None}
[2.167s] INFO:colcon.colcon_core.executor:Executing jobs using 'parallel' executor
[2.168s] DEBUG:colcon.colcon_parallel_executor.executor.parallel:run_until_complete
[2.169s] INFO:colcon.colcon_ros.task.ament_cmake.build:Building ROS package in '/home/dasunsanjaya080/ROS2_works/course_1/src/my_robot_description' with build type 'ament_cmake'
[2.169s] INFO:colcon.colcon_cmake.task.cmake.build:Building CMake package in '/home/dasunsanjaya080/ROS2_works/course_1/src/my_robot_description'
[2.176s] INFO:colcon.colcon_core.plugin_system:Skipping extension 'colcon_core.shell.bat': Not used on non-Windows systems
[2.177s] INFO:colcon.colcon_core.shell:Skip shell extension 'powershell' for command environment: Not usable outside of PowerShell
[2.177s] DEBUG:colcon.colcon_core.shell:Skip shell extension 'dsv' for command environment
[2.192s] DEBUG:colcon.colcon_core.event_handler.log_command:Invoking command in '/home/dasunsanjaya080/ROS2_works/course_1/build/my_robot_description': CMAKE_PREFIX_PATH=/home/dasunsanjaya080/ros2_ws/install/my_robot_controller:/opt/ros/humble /usr/bin/cmake --build /home/dasunsanjaya080/ROS2_works/course_1/build/my_robot_description -- -j12 -l12
[2.329s] DEBUG:colcon.colcon_core.event_handler.log_command:Invoked command in '/home/dasunsanjaya080/ROS2_works/course_1/build/my_robot_description' returned '0': CMAKE_PREFIX_PATH=/home/dasunsanjaya080/ros2_ws/install/my_robot_controller:/opt/ros/humble /usr/bin/cmake --build /home/dasunsanjaya080/ROS2_works/course_1/build/my_robot_description -- -j12 -l12
[2.345s] DEBUG:colcon.colcon_core.event_handler.log_command:Invoking command in '/home/dasunsanjaya080/ROS2_works/course_1/build/my_robot_description': CMAKE_PREFIX_PATH=/home/dasunsanjaya080/ros2_ws/install/my_robot_controller:/opt/ros/humble /usr/bin/cmake --install /home/dasunsanjaya080/ROS2_works/course_1/build/my_robot_description
[2.393s] Level 1:colcon.colcon_core.environment:create_environment_scripts_only(my_robot_description)
[2.394s] DEBUG:colcon.colcon_core.event_handler.log_command:Invoked command in '/home/dasunsanjaya080/ROS2_works/course_1/build/my_robot_description' returned '0': CMAKE_PREFIX_PATH=/home/dasunsanjaya080/ros2_ws/install/my_robot_controller:/opt/ros/humble /usr/bin/cmake --install /home/dasunsanjaya080/ROS2_works/course_1/build/my_robot_description
[2.409s] Level 1:colcon.colcon_core.environment:checking '/home/dasunsanjaya080/ROS2_works/course_1/install/my_robot_description' for CMake module files
[2.410s] Level 1:colcon.colcon_core.environment:checking '/home/dasunsanjaya080/ROS2_works/course_1/install/my_robot_description' for CMake config files
[2.412s] Level 1:colcon.colcon_core.shell:create_environment_hook('my_robot_description', 'cmake_prefix_path')
[2.412s] INFO:colcon.colcon_core.shell:Creating environment hook '/home/dasunsanjaya080/ROS2_works/course_1/install/my_robot_description/share/my_robot_description/hook/cmake_prefix_path.ps1'
[2.414s] INFO:colcon.colcon_core.shell:Creating environment descriptor '/home/dasunsanjaya080/ROS2_works/course_1/install/my_robot_description/share/my_robot_description/hook/cmake_prefix_path.dsv'
[2.415s] INFO:colcon.colcon_core.shell:Creating environment hook '/home/dasunsanjaya080/ROS2_works/course_1/install/my_robot_description/share/my_robot_description/hook/cmake_prefix_path.sh'
[2.416s] Level 1:colcon.colcon_core.environment:checking '/home/dasunsanjaya080/ROS2_works/course_1/install/my_robot_description/bin'
[2.417s] Level 1:colcon.colcon_core.environment:checking '/home/dasunsanjaya080/ROS2_works/course_1/install/my_robot_description/lib/pkgconfig/my_robot_description.pc'
[2.417s] Level 1:colcon.colcon_core.environment:checking '/home/dasunsanjaya080/ROS2_works/course_1/install/my_robot_description/lib/python3.10/site-packages'
[2.417s] Level 1:colcon.colcon_core.environment:checking '/home/dasunsanjaya080/ROS2_works/course_1/install/my_robot_description/bin'
[2.417s] INFO:colcon.colcon_core.shell:Creating package script '/home/dasunsanjaya080/ROS2_works/course_1/install/my_robot_description/share/my_robot_description/package.ps1'
[2.419s] INFO:colcon.colcon_core.shell:Creating package descriptor '/home/dasunsanjaya080/ROS2_works/course_1/install/my_robot_description/share/my_robot_description/package.dsv'
[2.421s] INFO:colcon.colcon_core.shell:Creating package script '/home/dasunsanjaya080/ROS2_works/course_1/install/my_robot_description/share/my_robot_description/package.sh'
[2.422s] INFO:colcon.colcon_core.shell:Creating package script '/home/dasunsanjaya080/ROS2_works/course_1/install/my_robot_description/share/my_robot_description/package.bash'
[2.424s] INFO:colcon.colcon_core.shell:Creating package script '/home/dasunsanjaya080/ROS2_works/course_1/install/my_robot_description/share/my_robot_description/package.zsh'
[2.425s] Level 1:colcon.colcon_core.environment:create_file_with_runtime_dependencies(/home/dasunsanjaya080/ROS2_works/course_1/install/my_robot_description/share/colcon-core/packages/my_robot_description)
[2.427s] Level 1:colcon.colcon_core.environment:create_environment_scripts_only(my_robot_description)
[2.427s] Level 1:colcon.colcon_core.environment:checking '/home/dasunsanjaya080/ROS2_works/course_1/install/my_robot_description' for CMake module files
[2.427s] Level 1:colcon.colcon_core.environment:checking '/home/dasunsanjaya080/ROS2_works/course_1/install/my_robot_description' for CMake config files
[2.428s] Level 1:colcon.colcon_core.shell:create_environment_hook('my_robot_description', 'cmake_prefix_path')
[2.428s] INFO:colcon.colcon_core.shell:Creating environment hook '/home/dasunsanjaya080/ROS2_works/course_1/install/my_robot_description/share/my_robot_description/hook/cmake_prefix_path.ps1'
[2.428s] INFO:colcon.colcon_core.shell:Creating environment descriptor '/home/dasunsanjaya080/ROS2_works/course_1/install/my_robot_description/share/my_robot_description/hook/cmake_prefix_path.dsv'
[2.429s] INFO:colcon.colcon_core.shell:Creating environment hook '/home/dasunsanjaya080/ROS2_works/course_1/install/my_robot_description/share/my_robot_description/hook/cmake_prefix_path.sh'
[2.429s] Level 1:colcon.colcon_core.environment:checking '/home/dasunsanjaya080/ROS2_works/course_1/install/my_robot_description/bin'
[2.429s] Level 1:colcon.colcon_core.environment:checking '/home/dasunsanjaya080/ROS2_works/course_1/install/my_robot_description/lib/pkgconfig/my_robot_description.pc'
[2.430s] Level 1:colcon.colcon_core.environment:checking '/home/dasunsanjaya080/ROS2_works/course_1/install/my_robot_description/lib/python3.10/site-packages'
[2.430s] Level 1:colcon.colcon_core.environment:checking '/home/dasunsanjaya080/ROS2_works/course_1/install/my_robot_description/bin'
[2.430s] INFO:colcon.colcon_core.shell:Creating package script '/home/dasunsanjaya080/ROS2_works/course_1/install/my_robot_description/share/my_robot_description/package.ps1'
[2.431s] INFO:colcon.colcon_core.shell:Creating package descriptor '/home/dasunsanjaya080/ROS2_works/course_1/install/my_robot_description/share/my_robot_description/package.dsv'
[2.431s] INFO:colcon.colcon_core.shell:Creating package script '/home/dasunsanjaya080/ROS2_works/course_1/install/my_robot_description/share/my_robot_description/package.sh'
[2.432s] INFO:colcon.colcon_core.shell:Creating package script '/home/dasunsanjaya080/ROS2_works/course_1/install/my_robot_description/share/my_robot_description/package.bash'
[2.432s] INFO:colcon.colcon_core.shell:Creating package script '/home/dasunsanjaya080/ROS2_works/course_1/install/my_robot_description/share/my_robot_description/package.zsh'
[2.432s] Level 1:colcon.colcon_core.environment:create_file_with_runtime_dependencies(/home/dasunsanjaya080/ROS2_works/course_1/install/my_robot_description/share/colcon-core/packages/my_robot_description)
[2.433s] INFO:colcon.colcon_ros.task.ament_cmake.build:Building ROS package in '/home/dasunsanjaya080/ROS2_works/course_1/src/my_robot_bringup' with build type 'ament_cmake'
[2.433s] INFO:colcon.colcon_cmake.task.cmake.build:Building CMake package in '/home/dasunsanjaya080/ROS2_works/course_1/src/my_robot_bringup'
[2.433s] INFO:colcon.colcon_core.shell:Skip shell extension 'powershell' for command environment: Not usable outside of PowerShell
[2.433s] DEBUG:colcon.colcon_core.shell:Skip shell extension 'dsv' for command environment
[2.572s] DEBUG:colcon.colcon_core.event_handler.log_command:Invoking command in '/home/dasunsanjaya080/ROS2_works/course_1/build/my_robot_bringup': AMENT_PREFIX_PATH=/home/dasunsanjaya080/ROS2_works/course_1/install/my_robot_description:${AMENT_PREFIX_PATH} CMAKE_PREFIX_PATH=/home/dasunsanjaya080/ROS2_works/course_1/install/my_robot_description:/home/dasunsanjaya080/ros2_ws/install/my_robot_controller:/opt/ros/humble /usr/bin/cmake --build /home/dasunsanjaya080/ROS2_works/course_1/build/my_robot_bringup -- -j12 -l12
[2.626s] DEBUG:colcon.colcon_core.event_handler.log_command:Invoked command in '/home/dasunsanjaya080/ROS2_works/course_1/build/my_robot_bringup' returned '0': AMENT_PREFIX_PATH=/home/dasunsanjaya080/ROS2_works/course_1/install/my_robot_description:${AMENT_PREFIX_PATH} CMAKE_PREFIX_PATH=/home/dasunsanjaya080/ROS2_works/course_1/install/my_robot_description:/home/dasunsanjaya080/ros2_ws/install/my_robot_controller:/opt/ros/humble /usr/bin/cmake --build /home/dasunsanjaya080/ROS2_works/course_1/build/my_robot_bringup -- -j12 -l12
[2.632s] DEBUG:colcon.colcon_core.event_handler.log_command:Invoking command in '/home/dasunsanjaya080/ROS2_works/course_1/build/my_robot_bringup': AMENT_PREFIX_PATH=/home/dasunsanjaya080/ROS2_works/course_1/install/my_robot_description:${AMENT_PREFIX_PATH} CMAKE_PREFIX_PATH=/home/dasunsanjaya080/ROS2_works/course_1/install/my_robot_description:/home/dasunsanjaya080/ros2_ws/install/my_robot_controller:/opt/ros/humble /usr/bin/cmake --install /home/dasunsanjaya080/ROS2_works/course_1/build/my_robot_bringup
[2.670s] Level 1:colcon.colcon_core.environment:create_environment_scripts_only(my_robot_bringup)
[2.670s] DEBUG:colcon.colcon_core.event_handler.log_command:Invoked command in '/home/dasunsanjaya080/ROS2_works/course_1/build/my_robot_bringup' returned '0': AMENT_PREFIX_PATH=/home/dasunsanjaya080/ROS2_works/course_1/install/my_robot_description:${AMENT_PREFIX_PATH} CMAKE_PREFIX_PATH=/home/dasunsanjaya080/ROS2_works/course_1/install/my_robot_description:/home/dasunsanjaya080/ros2_ws/install/my_robot_controller:/opt/ros/humble /usr/bin/cmake --install /home/dasunsanjaya080/ROS2_works/course_1/build/my_robot_bringup
[2.671s] Level 1:colcon.colcon_core.environment:checking '/home/dasunsanjaya080/ROS2_works/course_1/install/my_robot_bringup' for CMake module files
[2.671s] Level 1:colcon.colcon_core.environment:checking '/home/dasunsanjaya080/ROS2_works/course_1/install/my_robot_bringup' for CMake config files
[2.672s] Level 1:colcon.colcon_core.shell:create_environment_hook('my_robot_bringup', 'cmake_prefix_path')
[2.672s] INFO:colcon.colcon_core.shell:Creating environment hook '/home/dasunsanjaya080/ROS2_works/course_1/install/my_robot_bringup/share/my_robot_bringup/hook/cmake_prefix_path.ps1'
[2.673s] INFO:colcon.colcon_core.shell:Creating environment descriptor '/home/dasunsanjaya080/ROS2_works/course_1/install/my_robot_bringup/share/my_robot_bringup/hook/cmake_prefix_path.dsv'
[2.673s] INFO:colcon.colcon_core.shell:Creating environment hook '/home/dasunsanjaya080/ROS2_works/course_1/install/my_robot_bringup/share/my_robot_bringup/hook/cmake_prefix_path.sh'
[2.674s] Level 1:colcon.colcon_core.environment:checking '/home/dasunsanjaya080/ROS2_works/course_1/install/my_robot_bringup/bin'
[2.674s] Level 1:colcon.colcon_core.environment:checking '/home/dasunsanjaya080/ROS2_works/course_1/install/my_robot_bringup/lib/pkgconfig/my_robot_bringup.pc'
[2.674s] Level 1:colcon.colcon_core.environment:checking '/home/dasunsanjaya080/ROS2_works/course_1/install/my_robot_bringup/lib/python3.10/site-packages'
[2.674s] Level 1:colcon.colcon_core.environment:checking '/home/dasunsanjaya080/ROS2_works/course_1/install/my_robot_bringup/bin'
[2.675s] INFO:colcon.colcon_core.shell:Creating package script '/home/dasunsanjaya080/ROS2_works/course_1/install/my_robot_bringup/share/my_robot_bringup/package.ps1'
[2.675s] INFO:colcon.colcon_core.shell:Creating package descriptor '/home/dasunsanjaya080/ROS2_works/course_1/install/my_robot_bringup/share/my_robot_bringup/package.dsv'
[2.675s] INFO:colcon.colcon_core.shell:Creating package script '/home/dasunsanjaya080/ROS2_works/course_1/install/my_robot_bringup/share/my_robot_bringup/package.sh'
[2.676s] INFO:colcon.colcon_core.shell:Creating package script '/home/dasunsanjaya080/ROS2_works/course_1/install/my_robot_bringup/share/my_robot_bringup/package.bash'
[2.676s] INFO:colcon.colcon_core.shell:Creating package script '/home/dasunsanjaya080/ROS2_works/course_1/install/my_robot_bringup/share/my_robot_bringup/package.zsh'
[2.676s] Level 1:colcon.colcon_core.environment:create_file_with_runtime_dependencies(/home/dasunsanjaya080/ROS2_works/course_1/install/my_robot_bringup/share/colcon-core/packages/my_robot_bringup)
[2.678s] Level 1:colcon.colcon_core.environment:create_environment_scripts_only(my_robot_bringup)
[2.678s] Level 1:colcon.colcon_core.environment:checking '/home/dasunsanjaya080/ROS2_works/course_1/install/my_robot_bringup' for CMake module files
[2.678s] Level 1:colcon.colcon_core.environment:checking '/home/dasunsanjaya080/ROS2_works/course_1/install/my_robot_bringup' for CMake config files
[2.679s] Level 1:colcon.colcon_core.shell:create_environment_hook('my_robot_bringup', 'cmake_prefix_path')
[2.679s] INFO:colcon.colcon_core.shell:Creating environment hook '/home/dasunsanjaya080/ROS2_works/course_1/install/my_robot_bringup/share/my_robot_bringup/hook/cmake_prefix_path.ps1'
[2.679s] INFO:colcon.colcon_core.shell:Creating environment descriptor '/home/dasunsanjaya080/ROS2_works/course_1/install/my_robot_bringup/share/my_robot_bringup/hook/cmake_prefix_path.dsv'
[2.680s] INFO:colcon.colcon_core.shell:Creating environment hook '/home/dasunsanjaya080/ROS2_works/course_1/install/my_robot_bringup/share/my_robot_bringup/hook/cmake_prefix_path.sh'
[2.680s] Level 1:colcon.colcon_core.environment:checking '/home/dasunsanjaya080/ROS2_works/course_1/install/my_robot_bringup/bin'
[2.680s] Level 1:colcon.colcon_core.environment:checking '/home/dasunsanjaya080/ROS2_works/course_1/install/my_robot_bringup/lib/pkgconfig/my_robot_bringup.pc'
[2.680s] Level 1:colcon.colcon_core.environment:checking '/home/dasunsanjaya080/ROS2_works/course_1/install/my_robot_bringup/lib/python3.10/site-packages'
[2.681s] Level 1:colcon.colcon_core.environment:checking '/home/dasunsanjaya080/ROS2_works/course_1/install/my_robot_bringup/bin'
[2.681s] INFO:colcon.colcon_core.shell:Creating package script '/home/dasunsanjaya080/ROS2_works/course_1/install/my_robot_bringup/share/my_robot_bringup/package.ps1'
[2.682s] INFO:colcon.colcon_core.shell:Creating package descriptor '/home/dasunsanjaya080/ROS2_works/course_1/install/my_robot_bringup/share/my_robot_bringup/package.dsv'
[2.683s] INFO:colcon.colcon_core.shell:Creating package script '/home/dasunsanjaya080/ROS2_works/course_1/install/my_robot_bringup/share/my_robot_bringup/package.sh'
[2.683s] INFO:colcon.colcon_core.shell:Creating package script '/home/dasunsanjaya080/ROS2_works/course_1/install/my_robot_bringup/share/my_robot_bringup/package.bash'
[2.683s] INFO:colcon.colcon_core.shell:Creating package script '/home/dasunsanjaya080/ROS2_works/course_1/install/my_robot_bringup/share/my_robot_bringup/package.zsh'
[2.684s] Level 1:colcon.colcon_core.environment:create_file_with_runtime_dependencies(/home/dasunsanjaya080/ROS2_works/course_1/install/my_robot_bringup/share/colcon-core/packages/my_robot_bringup)
[2.684s] DEBUG:colcon.colcon_parallel_executor.executor.parallel:closing loop
[2.685s] DEBUG:colcon.colcon_parallel_executor.executor.parallel:loop closed
[2.685s] DEBUG:colcon.colcon_parallel_executor.executor.parallel:run_until_complete finished with '0'
[2.685s] DEBUG:colcon.colcon_core.event_reactor:joining thread
[2.792s] INFO:colcon.colcon_core.plugin_system:Skipping extension 'colcon_notification.desktop_notification.notify_send': Could not find 'notify-send'
[2.793s] INFO:colcon.colcon_core.plugin_system:Skipping extension 'colcon_notification.desktop_notification.terminal_notifier': Not used on non-Darwin systems
[2.793s] INFO:colcon.colcon_core.plugin_system:Skipping extension 'colcon_notification.desktop_notification.win32': Not used on non-Windows systems
[2.793s] INFO:colcon.colcon_notification.desktop_notification:Sending desktop notification using 'notify2'
[2.793s] DEBUG:colcon.colcon_notification.desktop_notification.notify2:Failed to initialize notify2: org.freedesktop.DBus.Error.FileNotFound: Failed to connect to socket /run/user/1000/bus: No such file or directory
[2.794s] DEBUG:colcon.colcon_core.event_reactor:joined thread
[2.794s] INFO:colcon.colcon_core.shell:Creating prefix script '/home/dasunsanjaya080/ROS2_works/course_1/install/local_setup.ps1'
[2.796s] INFO:colcon.colcon_core.shell:Creating prefix util module '/home/dasunsanjaya080/ROS2_works/course_1/install/_local_setup_util_ps1.py'
[2.797s] INFO:colcon.colcon_core.shell:Creating prefix chain script '/home/dasunsanjaya080/ROS2_works/course_1/install/setup.ps1'
[2.799s] INFO:colcon.colcon_core.shell:Creating prefix script '/home/dasunsanjaya080/ROS2_works/course_1/install/local_setup.sh'
[2.800s] INFO:colcon.colcon_core.shell:Creating prefix util module '/home/dasunsanjaya080/ROS2_works/course_1/install/_local_setup_util_sh.py'
[2.801s] INFO:colcon.colcon_core.shell:Creating prefix chain script '/home/dasunsanjaya080/ROS2_works/course_1/install/setup.sh'
[2.803s] INFO:colcon.colcon_core.shell:Creating prefix script '/home/dasunsanjaya080/ROS2_works/course_1/install/local_setup.bash'
[2.804s] INFO:colcon.colcon_core.shell:Creating prefix chain script '/home/dasunsanjaya080/ROS2_works/course_1/install/setup.bash'
[2.806s] INFO:colcon.colcon_core.shell:Creating prefix script '/home/dasunsanjaya080/ROS2_works/course_1/install/local_setup.zsh'
[2.807s] INFO:colcon.colcon_core.shell:Creating prefix chain script '/home/dasunsanjaya080/ROS2_works/course_1/install/setup.zsh'
