[0.188s] Invoking command in '/home/dasunsanjaya080/ROS2_works/course_2/build/turtlebot3_simulations': AMENT_PREFIX_PATH=/home/dasunsanjaya080/ROS2_works/course_2/install/turtlebot3_manipulation_gazebo:/home/dasunsanjaya080/ROS2_works/course_2/install/turtlebot3_gazebo:/home/dasunsanjaya080/ROS2_works/course_2/install/turtlebot3_fake_node:${AMENT_PREFIX_PATH} CMAKE_PREFIX_PATH=/home/dasunsanjaya080/ROS2_works/course_2/install/turtlebot3_manipulation_gazebo:/home/dasunsanjaya080/ROS2_works/course_2/install/turtlebot3_gazebo:/home/dasunsanjaya080/ROS2_works/course_2/install/turtlebot3_fake_node:/home/dasunsanjaya080/ros2_ws/install/my_robot_controller:/opt/ros/humble /usr/bin/cmake /home/dasunsanjaya080/ROS2_works/course_2/src/turtlebot3_simulations -DCMAKE_INSTALL_PREFIX=/home/dasunsanjaya080/ROS2_works/course_2/install/turtlebot3_simulations
[0.345s] -- The C compiler identification is GNU 11.4.0
[0.925s] -- The CXX compiler identification is GNU 11.4.0
[1.307s] -- Detecting C compiler ABI info
[1.461s] -- Detecting C compiler ABI info - done
[1.466s] -- Check for working C compiler: /usr/bin/cc - skipped
[1.466s] -- Detecting C compile features
[1.466s] -- Detecting C compile features - done
[1.468s] -- Detecting CXX compiler ABI info
[1.918s] -- Detecting CXX compiler ABI info - done
[1.922s] -- Check for working CXX compiler: /usr/bin/c++ - skipped
[1.922s] -- Detecting CXX compile features
[1.922s] -- Detecting CXX compile features - done
[1.924s] -- Found ament_cmake: 1.3.12 (/opt/ros/humble/share/ament_cmake/cmake)
[2.022s] -- Found Python3: /usr/bin/python3 (found version "3.10.12") found components: Interpreter 
[2.126s] -- Configuring done
[2.127s] -- Generating done
[2.129s] -- Build files have been written to: /home/dasunsanjaya080/ROS2_works/course_2/build/turtlebot3_simulations
[2.133s] Invoked command in '/home/dasunsanjaya080/ROS2_works/course_2/build/turtlebot3_simulations' returned '0': AMENT_PREFIX_PATH=/home/dasunsanjaya080/ROS2_works/course_2/install/turtlebot3_manipulation_gazebo:/home/dasunsanjaya080/ROS2_works/course_2/install/turtlebot3_gazebo:/home/dasunsanjaya080/ROS2_works/course_2/install/turtlebot3_fake_node:${AMENT_PREFIX_PATH} CMAKE_PREFIX_PATH=/home/dasunsanjaya080/ROS2_works/course_2/install/turtlebot3_manipulation_gazebo:/home/dasunsanjaya080/ROS2_works/course_2/install/turtlebot3_gazebo:/home/dasunsanjaya080/ROS2_works/course_2/install/turtlebot3_fake_node:/home/dasunsanjaya080/ros2_ws/install/my_robot_controller:/opt/ros/humble /usr/bin/cmake /home/dasunsanjaya080/ROS2_works/course_2/src/turtlebot3_simulations -DCMAKE_INSTALL_PREFIX=/home/dasunsanjaya080/ROS2_works/course_2/install/turtlebot3_simulations
[2.133s] Invoking command in '/home/dasunsanjaya080/ROS2_works/course_2/build/turtlebot3_simulations': AMENT_PREFIX_PATH=/home/dasunsanjaya080/ROS2_works/course_2/install/turtlebot3_manipulation_gazebo:/home/dasunsanjaya080/ROS2_works/course_2/install/turtlebot3_gazebo:/home/dasunsanjaya080/ROS2_works/course_2/install/turtlebot3_fake_node:${AMENT_PREFIX_PATH} CMAKE_PREFIX_PATH=/home/dasunsanjaya080/ROS2_works/course_2/install/turtlebot3_manipulation_gazebo:/home/dasunsanjaya080/ROS2_works/course_2/install/turtlebot3_gazebo:/home/dasunsanjaya080/ROS2_works/course_2/install/turtlebot3_fake_node:/home/dasunsanjaya080/ros2_ws/install/my_robot_controller:/opt/ros/humble /usr/bin/cmake --build /home/dasunsanjaya080/ROS2_works/course_2/build/turtlebot3_simulations -- -j12 -l12
[2.153s] Invoked command in '/home/dasunsanjaya080/ROS2_works/course_2/build/turtlebot3_simulations' returned '0': AMENT_PREFIX_PATH=/home/dasunsanjaya080/ROS2_works/course_2/install/turtlebot3_manipulation_gazebo:/home/dasunsanjaya080/ROS2_works/course_2/install/turtlebot3_gazebo:/home/dasunsanjaya080/ROS2_works/course_2/install/turtlebot3_fake_node:${AMENT_PREFIX_PATH} CMAKE_PREFIX_PATH=/home/dasunsanjaya080/ROS2_works/course_2/install/turtlebot3_manipulation_gazebo:/home/dasunsanjaya080/ROS2_works/course_2/install/turtlebot3_gazebo:/home/dasunsanjaya080/ROS2_works/course_2/install/turtlebot3_fake_node:/home/dasunsanjaya080/ros2_ws/install/my_robot_controller:/opt/ros/humble /usr/bin/cmake --build /home/dasunsanjaya080/ROS2_works/course_2/build/turtlebot3_simulations -- -j12 -l12
[2.154s] Invoking command in '/home/dasunsanjaya080/ROS2_works/course_2/build/turtlebot3_simulations': AMENT_PREFIX_PATH=/home/dasunsanjaya080/ROS2_works/course_2/install/turtlebot3_manipulation_gazebo:/home/dasunsanjaya080/ROS2_works/course_2/install/turtlebot3_gazebo:/home/dasunsanjaya080/ROS2_works/course_2/install/turtlebot3_fake_node:${AMENT_PREFIX_PATH} CMAKE_PREFIX_PATH=/home/dasunsanjaya080/ROS2_works/course_2/install/turtlebot3_manipulation_gazebo:/home/dasunsanjaya080/ROS2_works/course_2/install/turtlebot3_gazebo:/home/dasunsanjaya080/ROS2_works/course_2/install/turtlebot3_fake_node:/home/dasunsanjaya080/ros2_ws/install/my_robot_controller:/opt/ros/humble /usr/bin/cmake --install /home/dasunsanjaya080/ROS2_works/course_2/build/turtlebot3_simulations
[2.158s] -- Install configuration: ""
[2.158s] -- Installing: /home/dasunsanjaya080/ROS2_works/course_2/install/turtlebot3_simulations/share/ament_index/resource_index/package_run_dependencies/turtlebot3_simulations
[2.159s] -- Installing: /home/dasunsanjaya080/ROS2_works/course_2/install/turtlebot3_simulations/share/ament_index/resource_index/parent_prefix_path/turtlebot3_simulations
[2.159s] -- Installing: /home/dasunsanjaya080/ROS2_works/course_2/install/turtlebot3_simulations/share/turtlebot3_simulations/environment/ament_prefix_path.sh
[2.159s] -- Installing: /home/dasunsanjaya080/ROS2_works/course_2/install/turtlebot3_simulations/share/turtlebot3_simulations/environment/ament_prefix_path.dsv
[2.159s] -- Installing: /home/dasunsanjaya080/ROS2_works/course_2/install/turtlebot3_simulations/share/turtlebot3_simulations/environment/path.sh
[2.159s] -- Installing: /home/dasunsanjaya080/ROS2_works/course_2/install/turtlebot3_simulations/share/turtlebot3_simulations/environment/path.dsv
[2.159s] -- Installing: /home/dasunsanjaya080/ROS2_works/course_2/install/turtlebot3_simulations/share/turtlebot3_simulations/local_setup.bash
[2.159s] -- Installing: /home/dasunsanjaya080/ROS2_works/course_2/install/turtlebot3_simulations/share/turtlebot3_simulations/local_setup.sh
[2.160s] -- Installing: /home/dasunsanjaya080/ROS2_works/course_2/install/turtlebot3_simulations/share/turtlebot3_simulations/local_setup.zsh
[2.160s] -- Installing: /home/dasunsanjaya080/ROS2_works/course_2/install/turtlebot3_simulations/share/turtlebot3_simulations/local_setup.dsv
[2.160s] -- Installing: /home/dasunsanjaya080/ROS2_works/course_2/install/turtlebot3_simulations/share/turtlebot3_simulations/package.dsv
[2.160s] -- Installing: /home/dasunsanjaya080/ROS2_works/course_2/install/turtlebot3_simulations/share/ament_index/resource_index/packages/turtlebot3_simulations
[2.160s] -- Installing: /home/dasunsanjaya080/ROS2_works/course_2/install/turtlebot3_simulations/share/turtlebot3_simulations/cmake/turtlebot3_simulationsConfig.cmake
[2.160s] -- Installing: /home/dasunsanjaya080/ROS2_works/course_2/install/turtlebot3_simulations/share/turtlebot3_simulations/cmake/turtlebot3_simulationsConfig-version.cmake
[2.160s] -- Installing: /home/dasunsanjaya080/ROS2_works/course_2/install/turtlebot3_simulations/share/turtlebot3_simulations/package.xml
[2.161s] Invoked command in '/home/dasunsanjaya080/ROS2_works/course_2/build/turtlebot3_simulations' returned '0': AMENT_PREFIX_PATH=/home/dasunsanjaya080/ROS2_works/course_2/install/turtlebot3_manipulation_gazebo:/home/dasunsanjaya080/ROS2_works/course_2/install/turtlebot3_gazebo:/home/dasunsanjaya080/ROS2_works/course_2/install/turtlebot3_fake_node:${AMENT_PREFIX_PATH} CMAKE_PREFIX_PATH=/home/dasunsanjaya080/ROS2_works/course_2/install/turtlebot3_manipulation_gazebo:/home/dasunsanjaya080/ROS2_works/course_2/install/turtlebot3_gazebo:/home/dasunsanjaya080/ROS2_works/course_2/install/turtlebot3_fake_node:/home/dasunsanjaya080/ros2_ws/install/my_robot_controller:/opt/ros/humble /usr/bin/cmake --install /home/dasunsanjaya080/ROS2_works/course_2/build/turtlebot3_simulations
