[0.422s] DEBUG:colcon:Command line arguments: ['/usr/bin/colcon', 'build']
[0.422s] DEBUG:colcon:Parsed command line arguments: Namespace(log_base=None, log_level=None, verb_name='build', build_base='build', install_base='install', merge_install=False, symlink_install=False, test_result_base=None, continue_on_error=False, executor='parallel', parallel_workers=12, event_handlers=None, ignore_user_meta=False, metas=['./colcon.meta'], base_paths=['.'], packages_ignore=None, packages_ignore_regex=None, paths=None, packages_up_to=None, packages_up_to_regex=None, packages_above=None, packages_above_and_dependencies=None, packages_above_depth=None, packages_select_by_dep=None, packages_skip_by_dep=None, packages_skip_up_to=None, packages_select_build_failed=False, packages_skip_build_finished=False, packages_select_test_failures=False, packages_skip_test_passed=False, packages_select=None, packages_skip=None, packages_select_regex=None, packages_skip_regex=None, packages_start=None, packages_end=None, allow_overriding=[], cmake_args=None, cmake_target=None, cmake_target_skip_unavailable=False, cmake_clean_cache=False, cmake_clean_first=False, cmake_force_configure=False, ament_cmake_args=None, catkin_cmake_args=None, catkin_skip_building_tests=False, verb_parser=<colcon_defaults.argument_parser.defaults.DefaultArgumentsDecorator object at 0x7f993c988850>, verb_extension=<colcon_core.verb.build.BuildVerb object at 0x7f993cb0dc30>, main=<bound method BuildVerb.main of <colcon_core.verb.build.BuildVerb object at 0x7f993cb0dc30>>)
[0.523s] Level 1:colcon.colcon_core.package_discovery:discover_packages(colcon_meta) check parameters
[0.523s] Level 1:colcon.colcon_core.package_discovery:discover_packages(recursive) check parameters
[0.523s] Level 1:colcon.colcon_core.package_discovery:discover_packages(ignore) check parameters
[0.523s] Level 1:colcon.colcon_core.package_discovery:discover_packages(path) check parameters
[0.523s] Level 1:colcon.colcon_core.package_discovery:discover_packages(colcon_meta) discover
[0.523s] Level 1:colcon.colcon_core.package_discovery:discover_packages(recursive) discover
[0.523s] INFO:colcon.colcon_core.package_discovery:Crawling recursively for packages in '/home/dasunsanjaya080/ROS2_works/course_2'
[0.523s] Level 1:colcon.colcon_core.package_identification:_identify(.) by extensions ['ignore', 'ignore_ament_install']
[0.523s] Level 1:colcon.colcon_core.package_identification:_identify(.) by extension 'ignore'
[0.523s] Level 1:colcon.colcon_core.package_identification:_identify(.) by extension 'ignore_ament_install'
[0.523s] Level 1:colcon.colcon_core.package_identification:_identify(.) by extensions ['colcon_pkg']
[0.523s] Level 1:colcon.colcon_core.package_identification:_identify(.) by extension 'colcon_pkg'
[0.523s] Level 1:colcon.colcon_core.package_identification:_identify(.) by extensions ['colcon_meta']
[0.524s] Level 1:colcon.colcon_core.package_identification:_identify(.) by extension 'colcon_meta'
[0.524s] Level 1:colcon.colcon_core.package_identification:_identify(.) by extensions ['ros']
[0.524s] Level 1:colcon.colcon_core.package_identification:_identify(.) by extension 'ros'
[0.531s] Level 1:colcon.colcon_core.package_identification:_identify(.) by extensions ['cmake', 'python']
[0.531s] Level 1:colcon.colcon_core.package_identification:_identify(.) by extension 'cmake'
[0.531s] Level 1:colcon.colcon_core.package_identification:_identify(.) by extension 'python'
[0.531s] Level 1:colcon.colcon_core.package_identification:_identify(.) by extensions ['python_setup_py']
[0.531s] Level 1:colcon.colcon_core.package_identification:_identify(.) by extension 'python_setup_py'
[0.531s] Level 1:colcon.colcon_core.package_identification:_identify(build) by extensions ['ignore', 'ignore_ament_install']
[0.531s] Level 1:colcon.colcon_core.package_identification:_identify(build) by extension 'ignore'
[0.531s] Level 1:colcon.colcon_core.package_identification:_identify(build) ignored
[0.531s] Level 1:colcon.colcon_core.package_identification:_identify(install) by extensions ['ignore', 'ignore_ament_install']
[0.531s] Level 1:colcon.colcon_core.package_identification:_identify(install) by extension 'ignore'
[0.531s] Level 1:colcon.colcon_core.package_identification:_identify(install) ignored
[0.531s] Level 1:colcon.colcon_core.package_identification:_identify(log) by extensions ['ignore', 'ignore_ament_install']
[0.531s] Level 1:colcon.colcon_core.package_identification:_identify(log) by extension 'ignore'
[0.531s] Level 1:colcon.colcon_core.package_identification:_identify(log) ignored
[0.531s] Level 1:colcon.colcon_core.package_identification:_identify(maps) by extensions ['ignore', 'ignore_ament_install']
[0.531s] Level 1:colcon.colcon_core.package_identification:_identify(maps) by extension 'ignore'
[0.531s] Level 1:colcon.colcon_core.package_identification:_identify(maps) by extension 'ignore_ament_install'
[0.531s] Level 1:colcon.colcon_core.package_identification:_identify(maps) by extensions ['colcon_pkg']
[0.531s] Level 1:colcon.colcon_core.package_identification:_identify(maps) by extension 'colcon_pkg'
[0.531s] Level 1:colcon.colcon_core.package_identification:_identify(maps) by extensions ['colcon_meta']
[0.531s] Level 1:colcon.colcon_core.package_identification:_identify(maps) by extension 'colcon_meta'
[0.531s] Level 1:colcon.colcon_core.package_identification:_identify(maps) by extensions ['ros']
[0.531s] Level 1:colcon.colcon_core.package_identification:_identify(maps) by extension 'ros'
[0.531s] Level 1:colcon.colcon_core.package_identification:_identify(maps) by extensions ['cmake', 'python']
[0.531s] Level 1:colcon.colcon_core.package_identification:_identify(maps) by extension 'cmake'
[0.531s] Level 1:colcon.colcon_core.package_identification:_identify(maps) by extension 'python'
[0.532s] Level 1:colcon.colcon_core.package_identification:_identify(maps) by extensions ['python_setup_py']
[0.532s] Level 1:colcon.colcon_core.package_identification:_identify(maps) by extension 'python_setup_py'
[0.532s] Level 1:colcon.colcon_core.package_identification:_identify(src) by extensions ['ignore', 'ignore_ament_install']
[0.532s] Level 1:colcon.colcon_core.package_identification:_identify(src) by extension 'ignore'
[0.532s] Level 1:colcon.colcon_core.package_identification:_identify(src) by extension 'ignore_ament_install'
[0.532s] Level 1:colcon.colcon_core.package_identification:_identify(src) by extensions ['colcon_pkg']
[0.532s] Level 1:colcon.colcon_core.package_identification:_identify(src) by extension 'colcon_pkg'
[0.532s] Level 1:colcon.colcon_core.package_identification:_identify(src) by extensions ['colcon_meta']
[0.532s] Level 1:colcon.colcon_core.package_identification:_identify(src) by extension 'colcon_meta'
[0.532s] Level 1:colcon.colcon_core.package_identification:_identify(src) by extensions ['ros']
[0.532s] Level 1:colcon.colcon_core.package_identification:_identify(src) by extension 'ros'
[0.532s] Level 1:colcon.colcon_core.package_identification:_identify(src) by extensions ['cmake', 'python']
[0.532s] Level 1:colcon.colcon_core.package_identification:_identify(src) by extension 'cmake'
[0.532s] Level 1:colcon.colcon_core.package_identification:_identify(src) by extension 'python'
[0.532s] Level 1:colcon.colcon_core.package_identification:_identify(src) by extensions ['python_setup_py']
[0.532s] Level 1:colcon.colcon_core.package_identification:_identify(src) by extension 'python_setup_py'
[0.532s] Level 1:colcon.colcon_core.package_identification:_identify(src/turtlebot3_fake_node) by extensions ['ignore', 'ignore_ament_install']
[0.532s] Level 1:colcon.colcon_core.package_identification:_identify(src/turtlebot3_fake_node) by extension 'ignore'
[0.532s] Level 1:colcon.colcon_core.package_identification:_identify(src/turtlebot3_fake_node) by extension 'ignore_ament_install'
[0.532s] Level 1:colcon.colcon_core.package_identification:_identify(src/turtlebot3_fake_node) by extensions ['colcon_pkg']
[0.532s] Level 1:colcon.colcon_core.package_identification:_identify(src/turtlebot3_fake_node) by extension 'colcon_pkg'
[0.532s] Level 1:colcon.colcon_core.package_identification:_identify(src/turtlebot3_fake_node) by extensions ['colcon_meta']
[0.532s] Level 1:colcon.colcon_core.package_identification:_identify(src/turtlebot3_fake_node) by extension 'colcon_meta'
[0.532s] Level 1:colcon.colcon_core.package_identification:_identify(src/turtlebot3_fake_node) by extensions ['ros']
[0.532s] Level 1:colcon.colcon_core.package_identification:_identify(src/turtlebot3_fake_node) by extension 'ros'
[0.534s] DEBUG:colcon.colcon_core.package_identification:Package 'src/turtlebot3_fake_node' with type 'ros.ament_cmake' and name 'turtlebot3_fake_node'
[0.534s] Level 1:colcon.colcon_core.package_identification:_identify(src/turtlebot3_gazebo) by extensions ['ignore', 'ignore_ament_install']
[0.534s] Level 1:colcon.colcon_core.package_identification:_identify(src/turtlebot3_gazebo) by extension 'ignore'
[0.534s] Level 1:colcon.colcon_core.package_identification:_identify(src/turtlebot3_gazebo) by extension 'ignore_ament_install'
[0.534s] Level 1:colcon.colcon_core.package_identification:_identify(src/turtlebot3_gazebo) by extensions ['colcon_pkg']
[0.534s] Level 1:colcon.colcon_core.package_identification:_identify(src/turtlebot3_gazebo) by extension 'colcon_pkg'
[0.534s] Level 1:colcon.colcon_core.package_identification:_identify(src/turtlebot3_gazebo) by extensions ['colcon_meta']
[0.534s] Level 1:colcon.colcon_core.package_identification:_identify(src/turtlebot3_gazebo) by extension 'colcon_meta'
[0.535s] Level 1:colcon.colcon_core.package_identification:_identify(src/turtlebot3_gazebo) by extensions ['ros']
[0.535s] Level 1:colcon.colcon_core.package_identification:_identify(src/turtlebot3_gazebo) by extension 'ros'
[0.535s] DEBUG:colcon.colcon_core.package_identification:Package 'src/turtlebot3_gazebo' with type 'ros.ament_cmake' and name 'turtlebot3_gazebo'
[0.535s] Level 1:colcon.colcon_core.package_identification:_identify(src/turtlebot3_manipulation_gazebo) by extensions ['ignore', 'ignore_ament_install']
[0.535s] Level 1:colcon.colcon_core.package_identification:_identify(src/turtlebot3_manipulation_gazebo) by extension 'ignore'
[0.535s] Level 1:colcon.colcon_core.package_identification:_identify(src/turtlebot3_manipulation_gazebo) by extension 'ignore_ament_install'
[0.535s] Level 1:colcon.colcon_core.package_identification:_identify(src/turtlebot3_manipulation_gazebo) by extensions ['colcon_pkg']
[0.535s] Level 1:colcon.colcon_core.package_identification:_identify(src/turtlebot3_manipulation_gazebo) by extension 'colcon_pkg'
[0.535s] Level 1:colcon.colcon_core.package_identification:_identify(src/turtlebot3_manipulation_gazebo) by extensions ['colcon_meta']
[0.535s] Level 1:colcon.colcon_core.package_identification:_identify(src/turtlebot3_manipulation_gazebo) by extension 'colcon_meta'
[0.535s] Level 1:colcon.colcon_core.package_identification:_identify(src/turtlebot3_manipulation_gazebo) by extensions ['ros']
[0.535s] Level 1:colcon.colcon_core.package_identification:_identify(src/turtlebot3_manipulation_gazebo) by extension 'ros'
[0.536s] DEBUG:colcon.colcon_core.package_identification:Package 'src/turtlebot3_manipulation_gazebo' with type 'ros.ament_cmake' and name 'turtlebot3_manipulation_gazebo'
[0.536s] Level 1:colcon.colcon_core.package_identification:_identify(src/turtlebot3_simulations) by extensions ['ignore', 'ignore_ament_install']
[0.536s] Level 1:colcon.colcon_core.package_identification:_identify(src/turtlebot3_simulations) by extension 'ignore'
[0.536s] Level 1:colcon.colcon_core.package_identification:_identify(src/turtlebot3_simulations) by extension 'ignore_ament_install'
[0.536s] Level 1:colcon.colcon_core.package_identification:_identify(src/turtlebot3_simulations) by extensions ['colcon_pkg']
[0.536s] Level 1:colcon.colcon_core.package_identification:_identify(src/turtlebot3_simulations) by extension 'colcon_pkg'
[0.536s] Level 1:colcon.colcon_core.package_identification:_identify(src/turtlebot3_simulations) by extensions ['colcon_meta']
[0.536s] Level 1:colcon.colcon_core.package_identification:_identify(src/turtlebot3_simulations) by extension 'colcon_meta'
[0.536s] Level 1:colcon.colcon_core.package_identification:_identify(src/turtlebot3_simulations) by extensions ['ros']
[0.536s] Level 1:colcon.colcon_core.package_identification:_identify(src/turtlebot3_simulations) by extension 'ros'
[0.536s] DEBUG:colcon.colcon_core.package_identification:Package 'src/turtlebot3_simulations' with type 'ros.ament_cmake' and name 'turtlebot3_simulations'
[0.536s] Level 1:colcon.colcon_core.package_discovery:discover_packages(recursive) using defaults
[0.536s] Level 1:colcon.colcon_core.package_discovery:discover_packages(ignore) discover
[0.536s] Level 1:colcon.colcon_core.package_discovery:discover_packages(ignore) using defaults
[0.536s] Level 1:colcon.colcon_core.package_discovery:discover_packages(path) discover
[0.537s] Level 1:colcon.colcon_core.package_discovery:discover_packages(path) using defaults
[0.556s] Level 1:colcon.colcon_core.package_discovery:discover_packages(prefix_path) check parameters
[0.556s] Level 1:colcon.colcon_core.package_discovery:discover_packages(prefix_path) discover
[0.558s] DEBUG:colcon.colcon_installed_package_information.package_discovery:Found 4 installed packages in /home/dasunsanjaya080/ROS2_works/course_2/install
[0.558s] DEBUG:colcon.colcon_installed_package_information.package_discovery:Found 1 installed packages in /home/dasunsanjaya080/ros2_ws/install
[0.559s] DEBUG:colcon.colcon_installed_package_information.package_discovery:Found 452 installed packages in /opt/ros/humble
[0.560s] Level 1:colcon.colcon_core.package_discovery:discover_packages(prefix_path) using defaults
[0.591s] Level 5:colcon.colcon_core.verb:set package 'turtlebot3_fake_node' build argument 'cmake_args' from command line to 'None'
[0.591s] Level 5:colcon.colcon_core.verb:set package 'turtlebot3_fake_node' build argument 'cmake_target' from command line to 'None'
[0.591s] Level 5:colcon.colcon_core.verb:set package 'turtlebot3_fake_node' build argument 'cmake_target_skip_unavailable' from command line to 'False'
[0.591s] Level 5:colcon.colcon_core.verb:set package 'turtlebot3_fake_node' build argument 'cmake_clean_cache' from command line to 'False'
[0.591s] Level 5:colcon.colcon_core.verb:set package 'turtlebot3_fake_node' build argument 'cmake_clean_first' from command line to 'False'
[0.591s] Level 5:colcon.colcon_core.verb:set package 'turtlebot3_fake_node' build argument 'cmake_force_configure' from command line to 'False'
[0.591s] Level 5:colcon.colcon_core.verb:set package 'turtlebot3_fake_node' build argument 'ament_cmake_args' from command line to 'None'
[0.591s] Level 5:colcon.colcon_core.verb:set package 'turtlebot3_fake_node' build argument 'catkin_cmake_args' from command line to 'None'
[0.591s] Level 5:colcon.colcon_core.verb:set package 'turtlebot3_fake_node' build argument 'catkin_skip_building_tests' from command line to 'False'
[0.591s] DEBUG:colcon.colcon_core.verb:Building package 'turtlebot3_fake_node' with the following arguments: {'ament_cmake_args': None, 'build_base': '/home/dasunsanjaya080/ROS2_works/course_2/build/turtlebot3_fake_node', 'catkin_cmake_args': None, 'catkin_skip_building_tests': False, 'cmake_args': None, 'cmake_clean_cache': False, 'cmake_clean_first': False, 'cmake_force_configure': False, 'cmake_target': None, 'cmake_target_skip_unavailable': False, 'install_base': '/home/dasunsanjaya080/ROS2_works/course_2/install/turtlebot3_fake_node', 'merge_install': False, 'path': '/home/dasunsanjaya080/ROS2_works/course_2/src/turtlebot3_fake_node', 'symlink_install': False, 'test_result_base': None}
[0.591s] Level 5:colcon.colcon_core.verb:set package 'turtlebot3_gazebo' build argument 'cmake_args' from command line to 'None'
[0.591s] Level 5:colcon.colcon_core.verb:set package 'turtlebot3_gazebo' build argument 'cmake_target' from command line to 'None'
[0.591s] Level 5:colcon.colcon_core.verb:set package 'turtlebot3_gazebo' build argument 'cmake_target_skip_unavailable' from command line to 'False'
[0.591s] Level 5:colcon.colcon_core.verb:set package 'turtlebot3_gazebo' build argument 'cmake_clean_cache' from command line to 'False'
[0.591s] Level 5:colcon.colcon_core.verb:set package 'turtlebot3_gazebo' build argument 'cmake_clean_first' from command line to 'False'
[0.592s] Level 5:colcon.colcon_core.verb:set package 'turtlebot3_gazebo' build argument 'cmake_force_configure' from command line to 'False'
[0.592s] Level 5:colcon.colcon_core.verb:set package 'turtlebot3_gazebo' build argument 'ament_cmake_args' from command line to 'None'
[0.592s] Level 5:colcon.colcon_core.verb:set package 'turtlebot3_gazebo' build argument 'catkin_cmake_args' from command line to 'None'
[0.592s] Level 5:colcon.colcon_core.verb:set package 'turtlebot3_gazebo' build argument 'catkin_skip_building_tests' from command line to 'False'
[0.592s] DEBUG:colcon.colcon_core.verb:Building package 'turtlebot3_gazebo' with the following arguments: {'ament_cmake_args': None, 'build_base': '/home/dasunsanjaya080/ROS2_works/course_2/build/turtlebot3_gazebo', 'catkin_cmake_args': None, 'catkin_skip_building_tests': False, 'cmake_args': None, 'cmake_clean_cache': False, 'cmake_clean_first': False, 'cmake_force_configure': False, 'cmake_target': None, 'cmake_target_skip_unavailable': False, 'install_base': '/home/dasunsanjaya080/ROS2_works/course_2/install/turtlebot3_gazebo', 'merge_install': False, 'path': '/home/dasunsanjaya080/ROS2_works/course_2/src/turtlebot3_gazebo', 'symlink_install': False, 'test_result_base': None}
[0.592s] Level 5:colcon.colcon_core.verb:set package 'turtlebot3_manipulation_gazebo' build argument 'cmake_args' from command line to 'None'
[0.592s] Level 5:colcon.colcon_core.verb:set package 'turtlebot3_manipulation_gazebo' build argument 'cmake_target' from command line to 'None'
[0.592s] Level 5:colcon.colcon_core.verb:set package 'turtlebot3_manipulation_gazebo' build argument 'cmake_target_skip_unavailable' from command line to 'False'
[0.592s] Level 5:colcon.colcon_core.verb:set package 'turtlebot3_manipulation_gazebo' build argument 'cmake_clean_cache' from command line to 'False'
[0.592s] Level 5:colcon.colcon_core.verb:set package 'turtlebot3_manipulation_gazebo' build argument 'cmake_clean_first' from command line to 'False'
[0.592s] Level 5:colcon.colcon_core.verb:set package 'turtlebot3_manipulation_gazebo' build argument 'cmake_force_configure' from command line to 'False'
[0.592s] Level 5:colcon.colcon_core.verb:set package 'turtlebot3_manipulation_gazebo' build argument 'ament_cmake_args' from command line to 'None'
[0.592s] Level 5:colcon.colcon_core.verb:set package 'turtlebot3_manipulation_gazebo' build argument 'catkin_cmake_args' from command line to 'None'
[0.592s] Level 5:colcon.colcon_core.verb:set package 'turtlebot3_manipulation_gazebo' build argument 'catkin_skip_building_tests' from command line to 'False'
[0.592s] DEBUG:colcon.colcon_core.verb:Building package 'turtlebot3_manipulation_gazebo' with the following arguments: {'ament_cmake_args': None, 'build_base': '/home/dasunsanjaya080/ROS2_works/course_2/build/turtlebot3_manipulation_gazebo', 'catkin_cmake_args': None, 'catkin_skip_building_tests': False, 'cmake_args': None, 'cmake_clean_cache': False, 'cmake_clean_first': False, 'cmake_force_configure': False, 'cmake_target': None, 'cmake_target_skip_unavailable': False, 'install_base': '/home/dasunsanjaya080/ROS2_works/course_2/install/turtlebot3_manipulation_gazebo', 'merge_install': False, 'path': '/home/dasunsanjaya080/ROS2_works/course_2/src/turtlebot3_manipulation_gazebo', 'symlink_install': False, 'test_result_base': None}
[0.592s] Level 5:colcon.colcon_core.verb:set package 'turtlebot3_simulations' build argument 'cmake_args' from command line to 'None'
[0.592s] Level 5:colcon.colcon_core.verb:set package 'turtlebot3_simulations' build argument 'cmake_target' from command line to 'None'
[0.592s] Level 5:colcon.colcon_core.verb:set package 'turtlebot3_simulations' build argument 'cmake_target_skip_unavailable' from command line to 'False'
[0.592s] Level 5:colcon.colcon_core.verb:set package 'turtlebot3_simulations' build argument 'cmake_clean_cache' from command line to 'False'
[0.592s] Level 5:colcon.colcon_core.verb:set package 'turtlebot3_simulations' build argument 'cmake_clean_first' from command line to 'False'
[0.592s] Level 5:colcon.colcon_core.verb:set package 'turtlebot3_simulations' build argument 'cmake_force_configure' from command line to 'False'
[0.592s] Level 5:colcon.colcon_core.verb:set package 'turtlebot3_simulations' build argument 'ament_cmake_args' from command line to 'None'
[0.592s] Level 5:colcon.colcon_core.verb:set package 'turtlebot3_simulations' build argument 'catkin_cmake_args' from command line to 'None'
[0.592s] Level 5:colcon.colcon_core.verb:set package 'turtlebot3_simulations' build argument 'catkin_skip_building_tests' from command line to 'False'
[0.592s] DEBUG:colcon.colcon_core.verb:Building package 'turtlebot3_simulations' with the following arguments: {'ament_cmake_args': None, 'build_base': '/home/dasunsanjaya080/ROS2_works/course_2/build/turtlebot3_simulations', 'catkin_cmake_args': None, 'catkin_skip_building_tests': False, 'cmake_args': None, 'cmake_clean_cache': False, 'cmake_clean_first': False, 'cmake_force_configure': False, 'cmake_target': None, 'cmake_target_skip_unavailable': False, 'install_base': '/home/dasunsanjaya080/ROS2_works/course_2/install/turtlebot3_simulations', 'merge_install': False, 'path': '/home/dasunsanjaya080/ROS2_works/course_2/src/turtlebot3_simulations', 'symlink_install': False, 'test_result_base': None}
[0.592s] INFO:colcon.colcon_core.executor:Executing jobs using 'parallel' executor
[0.593s] DEBUG:colcon.colcon_parallel_executor.executor.parallel:run_until_complete
[0.593s] INFO:colcon.colcon_ros.task.ament_cmake.build:Building ROS package in '/home/dasunsanjaya080/ROS2_works/course_2/src/turtlebot3_fake_node' with build type 'ament_cmake'
[0.593s] INFO:colcon.colcon_cmake.task.cmake.build:Building CMake package in '/home/dasunsanjaya080/ROS2_works/course_2/src/turtlebot3_fake_node'
[0.595s] INFO:colcon.colcon_core.plugin_system:Skipping extension 'colcon_core.shell.bat': Not used on non-Windows systems
[0.596s] INFO:colcon.colcon_core.shell:Skip shell extension 'powershell' for command environment: Not usable outside of PowerShell
[0.596s] DEBUG:colcon.colcon_core.shell:Skip shell extension 'dsv' for command environment
[0.599s] INFO:colcon.colcon_ros.task.ament_cmake.build:Building ROS package in '/home/dasunsanjaya080/ROS2_works/course_2/src/turtlebot3_gazebo' with build type 'ament_cmake'
[0.599s] INFO:colcon.colcon_cmake.task.cmake.build:Building CMake package in '/home/dasunsanjaya080/ROS2_works/course_2/src/turtlebot3_gazebo'
[0.599s] INFO:colcon.colcon_core.shell:Skip shell extension 'powershell' for command environment: Not usable outside of PowerShell
[0.599s] DEBUG:colcon.colcon_core.shell:Skip shell extension 'dsv' for command environment
[0.602s] INFO:colcon.colcon_ros.task.ament_cmake.build:Building ROS package in '/home/dasunsanjaya080/ROS2_works/course_2/src/turtlebot3_manipulation_gazebo' with build type 'ament_cmake'
[0.602s] INFO:colcon.colcon_cmake.task.cmake.build:Building CMake package in '/home/dasunsanjaya080/ROS2_works/course_2/src/turtlebot3_manipulation_gazebo'
[0.602s] INFO:colcon.colcon_core.shell:Skip shell extension 'powershell' for command environment: Not usable outside of PowerShell
[0.602s] DEBUG:colcon.colcon_core.shell:Skip shell extension 'dsv' for command environment
[0.609s] DEBUG:colcon.colcon_core.event_handler.log_command:Invoking command in '/home/dasunsanjaya080/ROS2_works/course_2/build/turtlebot3_fake_node': CMAKE_PREFIX_PATH=${CMAKE_PREFIX_PATH}:/home/dasunsanjaya080/ros2_ws/install/my_robot_controller:/opt/ros/humble /usr/bin/cmake --build /home/dasunsanjaya080/ROS2_works/course_2/build/turtlebot3_fake_node -- -j12 -l12
[0.611s] DEBUG:colcon.colcon_core.event_handler.log_command:Invoking command in '/home/dasunsanjaya080/ROS2_works/course_2/build/turtlebot3_gazebo': CMAKE_PREFIX_PATH=${CMAKE_PREFIX_PATH}:/home/dasunsanjaya080/ros2_ws/install/my_robot_controller:/opt/ros/humble /usr/bin/cmake --build /home/dasunsanjaya080/ROS2_works/course_2/build/turtlebot3_gazebo -- -j12 -l12
[0.619s] DEBUG:colcon.colcon_core.event_handler.log_command:Invoking command in '/home/dasunsanjaya080/ROS2_works/course_2/build/turtlebot3_manipulation_gazebo': CMAKE_PREFIX_PATH=${CMAKE_PREFIX_PATH}:/home/dasunsanjaya080/ros2_ws/install/my_robot_controller:/opt/ros/humble /usr/bin/cmake --build /home/dasunsanjaya080/ROS2_works/course_2/build/turtlebot3_manipulation_gazebo -- -j12 -l12
[0.655s] DEBUG:colcon.colcon_core.event_handler.log_command:Invoked command in '/home/dasunsanjaya080/ROS2_works/course_2/build/turtlebot3_manipulation_gazebo' returned '0': CMAKE_PREFIX_PATH=${CMAKE_PREFIX_PATH}:/home/dasunsanjaya080/ros2_ws/install/my_robot_controller:/opt/ros/humble /usr/bin/cmake --build /home/dasunsanjaya080/ROS2_works/course_2/build/turtlebot3_manipulation_gazebo -- -j12 -l12
[0.664s] DEBUG:colcon.colcon_core.event_handler.log_command:Invoking command in '/home/dasunsanjaya080/ROS2_works/course_2/build/turtlebot3_manipulation_gazebo': CMAKE_PREFIX_PATH=${CMAKE_PREFIX_PATH}:/home/dasunsanjaya080/ros2_ws/install/my_robot_controller:/opt/ros/humble /usr/bin/cmake --install /home/dasunsanjaya080/ROS2_works/course_2/build/turtlebot3_manipulation_gazebo
[0.668s] DEBUG:colcon.colcon_core.event_handler.log_command:Invoked command in '/home/dasunsanjaya080/ROS2_works/course_2/build/turtlebot3_fake_node' returned '0': CMAKE_PREFIX_PATH=${CMAKE_PREFIX_PATH}:/home/dasunsanjaya080/ros2_ws/install/my_robot_controller:/opt/ros/humble /usr/bin/cmake --build /home/dasunsanjaya080/ROS2_works/course_2/build/turtlebot3_fake_node -- -j12 -l12
[0.672s] DEBUG:colcon.colcon_core.event_handler.log_command:Invoking command in '/home/dasunsanjaya080/ROS2_works/course_2/build/turtlebot3_fake_node': CMAKE_PREFIX_PATH=${CMAKE_PREFIX_PATH}:/home/dasunsanjaya080/ros2_ws/install/my_robot_controller:/opt/ros/humble /usr/bin/cmake --install /home/dasunsanjaya080/ROS2_works/course_2/build/turtlebot3_fake_node
[0.681s] Level 1:colcon.colcon_core.environment:create_environment_scripts_only(turtlebot3_fake_node)
[0.699s] DEBUG:colcon.colcon_core.event_handler.log_command:Invoked command in '/home/dasunsanjaya080/ROS2_works/course_2/build/turtlebot3_fake_node' returned '0': CMAKE_PREFIX_PATH=${CMAKE_PREFIX_PATH}:/home/dasunsanjaya080/ros2_ws/install/my_robot_controller:/opt/ros/humble /usr/bin/cmake --install /home/dasunsanjaya080/ROS2_works/course_2/build/turtlebot3_fake_node
[0.699s] Level 1:colcon.colcon_core.environment:checking '/home/dasunsanjaya080/ROS2_works/course_2/install/turtlebot3_fake_node' for CMake module files
[0.700s] Level 1:colcon.colcon_core.environment:checking '/home/dasunsanjaya080/ROS2_works/course_2/install/turtlebot3_fake_node' for CMake config files
[0.700s] Level 1:colcon.colcon_core.shell:create_environment_hook('turtlebot3_fake_node', 'cmake_prefix_path')
[0.700s] INFO:colcon.colcon_core.shell:Creating environment hook '/home/dasunsanjaya080/ROS2_works/course_2/install/turtlebot3_fake_node/share/turtlebot3_fake_node/hook/cmake_prefix_path.ps1'
[0.701s] INFO:colcon.colcon_core.shell:Creating environment descriptor '/home/dasunsanjaya080/ROS2_works/course_2/install/turtlebot3_fake_node/share/turtlebot3_fake_node/hook/cmake_prefix_path.dsv'
[0.701s] INFO:colcon.colcon_core.shell:Creating environment hook '/home/dasunsanjaya080/ROS2_works/course_2/install/turtlebot3_fake_node/share/turtlebot3_fake_node/hook/cmake_prefix_path.sh'
[0.701s] Level 1:colcon.colcon_core.environment:checking '/home/dasunsanjaya080/ROS2_works/course_2/install/turtlebot3_fake_node/lib'
[0.702s] Level 1:colcon.colcon_core.environment:checking '/home/dasunsanjaya080/ROS2_works/course_2/install/turtlebot3_fake_node/bin'
[0.702s] Level 1:colcon.colcon_core.environment:checking '/home/dasunsanjaya080/ROS2_works/course_2/install/turtlebot3_fake_node/lib/pkgconfig/turtlebot3_fake_node.pc'
[0.702s] Level 1:colcon.colcon_core.environment:checking '/home/dasunsanjaya080/ROS2_works/course_2/install/turtlebot3_fake_node/lib/python3.10/site-packages'
[0.702s] Level 1:colcon.colcon_core.environment:checking '/home/dasunsanjaya080/ROS2_works/course_2/install/turtlebot3_fake_node/bin'
[0.702s] INFO:colcon.colcon_core.shell:Creating package script '/home/dasunsanjaya080/ROS2_works/course_2/install/turtlebot3_fake_node/share/turtlebot3_fake_node/package.ps1'
[0.703s] INFO:colcon.colcon_core.shell:Creating package descriptor '/home/dasunsanjaya080/ROS2_works/course_2/install/turtlebot3_fake_node/share/turtlebot3_fake_node/package.dsv'
[0.703s] INFO:colcon.colcon_core.shell:Creating package script '/home/dasunsanjaya080/ROS2_works/course_2/install/turtlebot3_fake_node/share/turtlebot3_fake_node/package.sh'
[0.704s] INFO:colcon.colcon_core.shell:Creating package script '/home/dasunsanjaya080/ROS2_works/course_2/install/turtlebot3_fake_node/share/turtlebot3_fake_node/package.bash'
[0.704s] INFO:colcon.colcon_core.shell:Creating package script '/home/dasunsanjaya080/ROS2_works/course_2/install/turtlebot3_fake_node/share/turtlebot3_fake_node/package.zsh'
[0.704s] Level 1:colcon.colcon_core.environment:create_file_with_runtime_dependencies(/home/dasunsanjaya080/ROS2_works/course_2/install/turtlebot3_fake_node/share/colcon-core/packages/turtlebot3_fake_node)
[0.705s] Level 1:colcon.colcon_core.environment:create_environment_scripts_only(turtlebot3_fake_node)
[0.705s] Level 1:colcon.colcon_core.environment:checking '/home/dasunsanjaya080/ROS2_works/course_2/install/turtlebot3_fake_node' for CMake module files
[0.705s] Level 1:colcon.colcon_core.environment:checking '/home/dasunsanjaya080/ROS2_works/course_2/install/turtlebot3_fake_node' for CMake config files
[0.705s] Level 1:colcon.colcon_core.shell:create_environment_hook('turtlebot3_fake_node', 'cmake_prefix_path')
[0.705s] INFO:colcon.colcon_core.shell:Creating environment hook '/home/dasunsanjaya080/ROS2_works/course_2/install/turtlebot3_fake_node/share/turtlebot3_fake_node/hook/cmake_prefix_path.ps1'
[0.706s] INFO:colcon.colcon_core.shell:Creating environment descriptor '/home/dasunsanjaya080/ROS2_works/course_2/install/turtlebot3_fake_node/share/turtlebot3_fake_node/hook/cmake_prefix_path.dsv'
[0.706s] INFO:colcon.colcon_core.shell:Creating environment hook '/home/dasunsanjaya080/ROS2_works/course_2/install/turtlebot3_fake_node/share/turtlebot3_fake_node/hook/cmake_prefix_path.sh'
[0.706s] Level 1:colcon.colcon_core.environment:checking '/home/dasunsanjaya080/ROS2_works/course_2/install/turtlebot3_fake_node/lib'
[0.706s] Level 1:colcon.colcon_core.environment:checking '/home/dasunsanjaya080/ROS2_works/course_2/install/turtlebot3_fake_node/bin'
[0.706s] Level 1:colcon.colcon_core.environment:checking '/home/dasunsanjaya080/ROS2_works/course_2/install/turtlebot3_fake_node/lib/pkgconfig/turtlebot3_fake_node.pc'
[0.706s] Level 1:colcon.colcon_core.environment:checking '/home/dasunsanjaya080/ROS2_works/course_2/install/turtlebot3_fake_node/lib/python3.10/site-packages'
[0.707s] Level 1:colcon.colcon_core.environment:checking '/home/dasunsanjaya080/ROS2_works/course_2/install/turtlebot3_fake_node/bin'
[0.707s] INFO:colcon.colcon_core.shell:Creating package script '/home/dasunsanjaya080/ROS2_works/course_2/install/turtlebot3_fake_node/share/turtlebot3_fake_node/package.ps1'
[0.708s] INFO:colcon.colcon_core.shell:Creating package descriptor '/home/dasunsanjaya080/ROS2_works/course_2/install/turtlebot3_fake_node/share/turtlebot3_fake_node/package.dsv'
[0.708s] INFO:colcon.colcon_core.shell:Creating package script '/home/dasunsanjaya080/ROS2_works/course_2/install/turtlebot3_fake_node/share/turtlebot3_fake_node/package.sh'
[0.708s] INFO:colcon.colcon_core.shell:Creating package script '/home/dasunsanjaya080/ROS2_works/course_2/install/turtlebot3_fake_node/share/turtlebot3_fake_node/package.bash'
[0.708s] INFO:colcon.colcon_core.shell:Creating package script '/home/dasunsanjaya080/ROS2_works/course_2/install/turtlebot3_fake_node/share/turtlebot3_fake_node/package.zsh'
[0.709s] Level 1:colcon.colcon_core.environment:create_file_with_runtime_dependencies(/home/dasunsanjaya080/ROS2_works/course_2/install/turtlebot3_fake_node/share/colcon-core/packages/turtlebot3_fake_node)
[0.710s] Level 1:colcon.colcon_core.environment:create_environment_scripts_only(turtlebot3_manipulation_gazebo)
[0.710s] Level 1:colcon.colcon_core.environment:checking '/home/dasunsanjaya080/ROS2_works/course_2/install/turtlebot3_manipulation_gazebo' for CMake module files
[0.712s] DEBUG:colcon.colcon_core.event_handler.log_command:Invoked command in '/home/dasunsanjaya080/ROS2_works/course_2/build/turtlebot3_manipulation_gazebo' returned '0': CMAKE_PREFIX_PATH=${CMAKE_PREFIX_PATH}:/home/dasunsanjaya080/ros2_ws/install/my_robot_controller:/opt/ros/humble /usr/bin/cmake --install /home/dasunsanjaya080/ROS2_works/course_2/build/turtlebot3_manipulation_gazebo
[0.712s] Level 1:colcon.colcon_core.environment:checking '/home/dasunsanjaya080/ROS2_works/course_2/install/turtlebot3_manipulation_gazebo' for CMake config files
[0.713s] Level 1:colcon.colcon_core.shell:create_environment_hook('turtlebot3_manipulation_gazebo', 'cmake_prefix_path')
[0.713s] INFO:colcon.colcon_core.shell:Creating environment hook '/home/dasunsanjaya080/ROS2_works/course_2/install/turtlebot3_manipulation_gazebo/share/turtlebot3_manipulation_gazebo/hook/cmake_prefix_path.ps1'
[0.713s] INFO:colcon.colcon_core.shell:Creating environment descriptor '/home/dasunsanjaya080/ROS2_works/course_2/install/turtlebot3_manipulation_gazebo/share/turtlebot3_manipulation_gazebo/hook/cmake_prefix_path.dsv'
[0.713s] INFO:colcon.colcon_core.shell:Creating environment hook '/home/dasunsanjaya080/ROS2_works/course_2/install/turtlebot3_manipulation_gazebo/share/turtlebot3_manipulation_gazebo/hook/cmake_prefix_path.sh'
[0.714s] Level 1:colcon.colcon_core.environment:checking '/home/dasunsanjaya080/ROS2_works/course_2/install/turtlebot3_manipulation_gazebo/bin'
[0.714s] Level 1:colcon.colcon_core.environment:checking '/home/dasunsanjaya080/ROS2_works/course_2/install/turtlebot3_manipulation_gazebo/lib/pkgconfig/turtlebot3_manipulation_gazebo.pc'
[0.714s] Level 1:colcon.colcon_core.environment:checking '/home/dasunsanjaya080/ROS2_works/course_2/install/turtlebot3_manipulation_gazebo/lib/python3.10/site-packages'
[0.714s] Level 1:colcon.colcon_core.environment:checking '/home/dasunsanjaya080/ROS2_works/course_2/install/turtlebot3_manipulation_gazebo/bin'
[0.714s] INFO:colcon.colcon_core.shell:Creating package script '/home/dasunsanjaya080/ROS2_works/course_2/install/turtlebot3_manipulation_gazebo/share/turtlebot3_manipulation_gazebo/package.ps1'
[0.715s] INFO:colcon.colcon_core.shell:Creating package descriptor '/home/dasunsanjaya080/ROS2_works/course_2/install/turtlebot3_manipulation_gazebo/share/turtlebot3_manipulation_gazebo/package.dsv'
[0.715s] INFO:colcon.colcon_core.shell:Creating package script '/home/dasunsanjaya080/ROS2_works/course_2/install/turtlebot3_manipulation_gazebo/share/turtlebot3_manipulation_gazebo/package.sh'
[0.715s] INFO:colcon.colcon_core.shell:Creating package script '/home/dasunsanjaya080/ROS2_works/course_2/install/turtlebot3_manipulation_gazebo/share/turtlebot3_manipulation_gazebo/package.bash'
[0.715s] INFO:colcon.colcon_core.shell:Creating package script '/home/dasunsanjaya080/ROS2_works/course_2/install/turtlebot3_manipulation_gazebo/share/turtlebot3_manipulation_gazebo/package.zsh'
[0.716s] Level 1:colcon.colcon_core.environment:create_file_with_runtime_dependencies(/home/dasunsanjaya080/ROS2_works/course_2/install/turtlebot3_manipulation_gazebo/share/colcon-core/packages/turtlebot3_manipulation_gazebo)
[0.717s] Level 1:colcon.colcon_core.environment:create_environment_scripts_only(turtlebot3_manipulation_gazebo)
[0.717s] Level 1:colcon.colcon_core.environment:checking '/home/dasunsanjaya080/ROS2_works/course_2/install/turtlebot3_manipulation_gazebo' for CMake module files
[0.717s] Level 1:colcon.colcon_core.environment:checking '/home/dasunsanjaya080/ROS2_works/course_2/install/turtlebot3_manipulation_gazebo' for CMake config files
[0.718s] Level 1:colcon.colcon_core.shell:create_environment_hook('turtlebot3_manipulation_gazebo', 'cmake_prefix_path')
[0.718s] INFO:colcon.colcon_core.shell:Creating environment hook '/home/dasunsanjaya080/ROS2_works/course_2/install/turtlebot3_manipulation_gazebo/share/turtlebot3_manipulation_gazebo/hook/cmake_prefix_path.ps1'
[0.718s] INFO:colcon.colcon_core.shell:Creating environment descriptor '/home/dasunsanjaya080/ROS2_works/course_2/install/turtlebot3_manipulation_gazebo/share/turtlebot3_manipulation_gazebo/hook/cmake_prefix_path.dsv'
[0.719s] INFO:colcon.colcon_core.shell:Creating environment hook '/home/dasunsanjaya080/ROS2_works/course_2/install/turtlebot3_manipulation_gazebo/share/turtlebot3_manipulation_gazebo/hook/cmake_prefix_path.sh'
[0.719s] Level 1:colcon.colcon_core.environment:checking '/home/dasunsanjaya080/ROS2_works/course_2/install/turtlebot3_manipulation_gazebo/bin'
[0.719s] Level 1:colcon.colcon_core.environment:checking '/home/dasunsanjaya080/ROS2_works/course_2/install/turtlebot3_manipulation_gazebo/lib/pkgconfig/turtlebot3_manipulation_gazebo.pc'
[0.719s] Level 1:colcon.colcon_core.environment:checking '/home/dasunsanjaya080/ROS2_works/course_2/install/turtlebot3_manipulation_gazebo/lib/python3.10/site-packages'
[0.719s] Level 1:colcon.colcon_core.environment:checking '/home/dasunsanjaya080/ROS2_works/course_2/install/turtlebot3_manipulation_gazebo/bin'
[0.720s] INFO:colcon.colcon_core.shell:Creating package script '/home/dasunsanjaya080/ROS2_works/course_2/install/turtlebot3_manipulation_gazebo/share/turtlebot3_manipulation_gazebo/package.ps1'
[0.720s] INFO:colcon.colcon_core.shell:Creating package descriptor '/home/dasunsanjaya080/ROS2_works/course_2/install/turtlebot3_manipulation_gazebo/share/turtlebot3_manipulation_gazebo/package.dsv'
[0.720s] INFO:colcon.colcon_core.shell:Creating package script '/home/dasunsanjaya080/ROS2_works/course_2/install/turtlebot3_manipulation_gazebo/share/turtlebot3_manipulation_gazebo/package.sh'
[0.720s] INFO:colcon.colcon_core.shell:Creating package script '/home/dasunsanjaya080/ROS2_works/course_2/install/turtlebot3_manipulation_gazebo/share/turtlebot3_manipulation_gazebo/package.bash'
[0.721s] INFO:colcon.colcon_core.shell:Creating package script '/home/dasunsanjaya080/ROS2_works/course_2/install/turtlebot3_manipulation_gazebo/share/turtlebot3_manipulation_gazebo/package.zsh'
[0.721s] Level 1:colcon.colcon_core.environment:create_file_with_runtime_dependencies(/home/dasunsanjaya080/ROS2_works/course_2/install/turtlebot3_manipulation_gazebo/share/colcon-core/packages/turtlebot3_manipulation_gazebo)
[0.722s] DEBUG:colcon.colcon_core.event_handler.log_command:Invoked command in '/home/dasunsanjaya080/ROS2_works/course_2/build/turtlebot3_gazebo' returned '0': CMAKE_PREFIX_PATH=${CMAKE_PREFIX_PATH}:/home/dasunsanjaya080/ros2_ws/install/my_robot_controller:/opt/ros/humble /usr/bin/cmake --build /home/dasunsanjaya080/ROS2_works/course_2/build/turtlebot3_gazebo -- -j12 -l12
[0.723s] DEBUG:colcon.colcon_core.event_handler.log_command:Invoking command in '/home/dasunsanjaya080/ROS2_works/course_2/build/turtlebot3_gazebo': CMAKE_PREFIX_PATH=${CMAKE_PREFIX_PATH}:/home/dasunsanjaya080/ros2_ws/install/my_robot_controller:/opt/ros/humble /usr/bin/cmake --install /home/dasunsanjaya080/ROS2_works/course_2/build/turtlebot3_gazebo
[0.738s] Level 1:colcon.colcon_core.environment:create_environment_scripts_only(turtlebot3_gazebo)
[0.738s] Level 1:colcon.colcon_core.environment:checking '/home/dasunsanjaya080/ROS2_works/course_2/install/turtlebot3_gazebo' for CMake module files
[0.740s] Level 1:colcon.colcon_core.environment:checking '/home/dasunsanjaya080/ROS2_works/course_2/install/turtlebot3_gazebo' for CMake config files
[0.754s] DEBUG:colcon.colcon_core.event_handler.log_command:Invoked command in '/home/dasunsanjaya080/ROS2_works/course_2/build/turtlebot3_gazebo' returned '0': CMAKE_PREFIX_PATH=${CMAKE_PREFIX_PATH}:/home/dasunsanjaya080/ros2_ws/install/my_robot_controller:/opt/ros/humble /usr/bin/cmake --install /home/dasunsanjaya080/ROS2_works/course_2/build/turtlebot3_gazebo
[0.755s] Level 1:colcon.colcon_core.shell:create_environment_hook('turtlebot3_gazebo', 'cmake_prefix_path')
[0.755s] INFO:colcon.colcon_core.shell:Creating environment hook '/home/dasunsanjaya080/ROS2_works/course_2/install/turtlebot3_gazebo/share/turtlebot3_gazebo/hook/cmake_prefix_path.ps1'
[0.755s] INFO:colcon.colcon_core.shell:Creating environment descriptor '/home/dasunsanjaya080/ROS2_works/course_2/install/turtlebot3_gazebo/share/turtlebot3_gazebo/hook/cmake_prefix_path.dsv'
[0.756s] INFO:colcon.colcon_core.shell:Creating environment hook '/home/dasunsanjaya080/ROS2_works/course_2/install/turtlebot3_gazebo/share/turtlebot3_gazebo/hook/cmake_prefix_path.sh'
[0.756s] Level 1:colcon.colcon_core.environment:checking '/home/dasunsanjaya080/ROS2_works/course_2/install/turtlebot3_gazebo/lib'
[0.756s] Level 1:colcon.colcon_core.environment:checking '/home/dasunsanjaya080/ROS2_works/course_2/install/turtlebot3_gazebo/bin'
[0.756s] Level 1:colcon.colcon_core.environment:checking '/home/dasunsanjaya080/ROS2_works/course_2/install/turtlebot3_gazebo/lib/pkgconfig/turtlebot3_gazebo.pc'
[0.756s] Level 1:colcon.colcon_core.environment:checking '/home/dasunsanjaya080/ROS2_works/course_2/install/turtlebot3_gazebo/lib/python3.10/site-packages'
[0.757s] Level 1:colcon.colcon_core.environment:checking '/home/dasunsanjaya080/ROS2_works/course_2/install/turtlebot3_gazebo/bin'
[0.757s] INFO:colcon.colcon_core.shell:Creating package script '/home/dasunsanjaya080/ROS2_works/course_2/install/turtlebot3_gazebo/share/turtlebot3_gazebo/package.ps1'
[0.757s] INFO:colcon.colcon_core.shell:Creating package descriptor '/home/dasunsanjaya080/ROS2_works/course_2/install/turtlebot3_gazebo/share/turtlebot3_gazebo/package.dsv'
[0.758s] INFO:colcon.colcon_core.shell:Creating package script '/home/dasunsanjaya080/ROS2_works/course_2/install/turtlebot3_gazebo/share/turtlebot3_gazebo/package.sh'
[0.758s] INFO:colcon.colcon_core.shell:Creating package script '/home/dasunsanjaya080/ROS2_works/course_2/install/turtlebot3_gazebo/share/turtlebot3_gazebo/package.bash'
[0.759s] INFO:colcon.colcon_core.shell:Creating package script '/home/dasunsanjaya080/ROS2_works/course_2/install/turtlebot3_gazebo/share/turtlebot3_gazebo/package.zsh'
[0.759s] Level 1:colcon.colcon_core.environment:create_file_with_runtime_dependencies(/home/dasunsanjaya080/ROS2_works/course_2/install/turtlebot3_gazebo/share/colcon-core/packages/turtlebot3_gazebo)
[0.760s] Level 1:colcon.colcon_core.environment:create_environment_scripts_only(turtlebot3_gazebo)
[0.761s] Level 1:colcon.colcon_core.environment:checking '/home/dasunsanjaya080/ROS2_works/course_2/install/turtlebot3_gazebo' for CMake module files
[0.761s] Level 1:colcon.colcon_core.environment:checking '/home/dasunsanjaya080/ROS2_works/course_2/install/turtlebot3_gazebo' for CMake config files
[0.762s] Level 1:colcon.colcon_core.shell:create_environment_hook('turtlebot3_gazebo', 'cmake_prefix_path')
[0.762s] INFO:colcon.colcon_core.shell:Creating environment hook '/home/dasunsanjaya080/ROS2_works/course_2/install/turtlebot3_gazebo/share/turtlebot3_gazebo/hook/cmake_prefix_path.ps1'
[0.763s] INFO:colcon.colcon_core.shell:Creating environment descriptor '/home/dasunsanjaya080/ROS2_works/course_2/install/turtlebot3_gazebo/share/turtlebot3_gazebo/hook/cmake_prefix_path.dsv'
[0.763s] INFO:colcon.colcon_core.shell:Creating environment hook '/home/dasunsanjaya080/ROS2_works/course_2/install/turtlebot3_gazebo/share/turtlebot3_gazebo/hook/cmake_prefix_path.sh'
[0.763s] Level 1:colcon.colcon_core.environment:checking '/home/dasunsanjaya080/ROS2_works/course_2/install/turtlebot3_gazebo/lib'
[0.764s] Level 1:colcon.colcon_core.environment:checking '/home/dasunsanjaya080/ROS2_works/course_2/install/turtlebot3_gazebo/bin'
[0.764s] Level 1:colcon.colcon_core.environment:checking '/home/dasunsanjaya080/ROS2_works/course_2/install/turtlebot3_gazebo/lib/pkgconfig/turtlebot3_gazebo.pc'
[0.764s] Level 1:colcon.colcon_core.environment:checking '/home/dasunsanjaya080/ROS2_works/course_2/install/turtlebot3_gazebo/lib/python3.10/site-packages'
[0.764s] Level 1:colcon.colcon_core.environment:checking '/home/dasunsanjaya080/ROS2_works/course_2/install/turtlebot3_gazebo/bin'
[0.764s] INFO:colcon.colcon_core.shell:Creating package script '/home/dasunsanjaya080/ROS2_works/course_2/install/turtlebot3_gazebo/share/turtlebot3_gazebo/package.ps1'
[0.764s] INFO:colcon.colcon_core.shell:Creating package descriptor '/home/dasunsanjaya080/ROS2_works/course_2/install/turtlebot3_gazebo/share/turtlebot3_gazebo/package.dsv'
[0.765s] INFO:colcon.colcon_core.shell:Creating package script '/home/dasunsanjaya080/ROS2_works/course_2/install/turtlebot3_gazebo/share/turtlebot3_gazebo/package.sh'
[0.765s] INFO:colcon.colcon_core.shell:Creating package script '/home/dasunsanjaya080/ROS2_works/course_2/install/turtlebot3_gazebo/share/turtlebot3_gazebo/package.bash'
[0.765s] INFO:colcon.colcon_core.shell:Creating package script '/home/dasunsanjaya080/ROS2_works/course_2/install/turtlebot3_gazebo/share/turtlebot3_gazebo/package.zsh'
[0.765s] Level 1:colcon.colcon_core.environment:create_file_with_runtime_dependencies(/home/dasunsanjaya080/ROS2_works/course_2/install/turtlebot3_gazebo/share/colcon-core/packages/turtlebot3_gazebo)
[0.766s] INFO:colcon.colcon_ros.task.ament_cmake.build:Building ROS package in '/home/dasunsanjaya080/ROS2_works/course_2/src/turtlebot3_simulations' with build type 'ament_cmake'
[0.766s] INFO:colcon.colcon_cmake.task.cmake.build:Building CMake package in '/home/dasunsanjaya080/ROS2_works/course_2/src/turtlebot3_simulations'
[0.766s] INFO:colcon.colcon_core.shell:Skip shell extension 'powershell' for command environment: Not usable outside of PowerShell
[0.766s] DEBUG:colcon.colcon_core.shell:Skip shell extension 'dsv' for command environment
[1.025s] DEBUG:colcon.colcon_core.event_handler.log_command:Invoking command in '/home/dasunsanjaya080/ROS2_works/course_2/build/turtlebot3_simulations': CMAKE_PREFIX_PATH=/home/dasunsanjaya080/ROS2_works/course_2/install/turtlebot3_manipulation_gazebo:/home/dasunsanjaya080/ROS2_works/course_2/install/turtlebot3_gazebo:/home/dasunsanjaya080/ROS2_works/course_2/install/turtlebot3_fake_node:/home/dasunsanjaya080/ROS2_works/course_2/install/turtlebot3_simulations:/home/dasunsanjaya080/ros2_ws/install/my_robot_controller:/opt/ros/humble /usr/bin/cmake --build /home/dasunsanjaya080/ROS2_works/course_2/build/turtlebot3_simulations -- -j12 -l12
[1.047s] DEBUG:colcon.colcon_core.event_handler.log_command:Invoked command in '/home/dasunsanjaya080/ROS2_works/course_2/build/turtlebot3_simulations' returned '0': CMAKE_PREFIX_PATH=/home/dasunsanjaya080/ROS2_works/course_2/install/turtlebot3_manipulation_gazebo:/home/dasunsanjaya080/ROS2_works/course_2/install/turtlebot3_gazebo:/home/dasunsanjaya080/ROS2_works/course_2/install/turtlebot3_fake_node:/home/dasunsanjaya080/ROS2_works/course_2/install/turtlebot3_simulations:/home/dasunsanjaya080/ros2_ws/install/my_robot_controller:/opt/ros/humble /usr/bin/cmake --build /home/dasunsanjaya080/ROS2_works/course_2/build/turtlebot3_simulations -- -j12 -l12
[1.048s] DEBUG:colcon.colcon_core.event_handler.log_command:Invoking command in '/home/dasunsanjaya080/ROS2_works/course_2/build/turtlebot3_simulations': CMAKE_PREFIX_PATH=/home/dasunsanjaya080/ROS2_works/course_2/install/turtlebot3_manipulation_gazebo:/home/dasunsanjaya080/ROS2_works/course_2/install/turtlebot3_gazebo:/home/dasunsanjaya080/ROS2_works/course_2/install/turtlebot3_fake_node:/home/dasunsanjaya080/ROS2_works/course_2/install/turtlebot3_simulations:/home/dasunsanjaya080/ros2_ws/install/my_robot_controller:/opt/ros/humble /usr/bin/cmake --install /home/dasunsanjaya080/ROS2_works/course_2/build/turtlebot3_simulations
[1.054s] Level 1:colcon.colcon_core.environment:create_environment_scripts_only(turtlebot3_simulations)
[1.055s] Level 1:colcon.colcon_core.environment:checking '/home/dasunsanjaya080/ROS2_works/course_2/install/turtlebot3_simulations' for CMake module files
[1.055s] DEBUG:colcon.colcon_core.event_handler.log_command:Invoked command in '/home/dasunsanjaya080/ROS2_works/course_2/build/turtlebot3_simulations' returned '0': CMAKE_PREFIX_PATH=/home/dasunsanjaya080/ROS2_works/course_2/install/turtlebot3_manipulation_gazebo:/home/dasunsanjaya080/ROS2_works/course_2/install/turtlebot3_gazebo:/home/dasunsanjaya080/ROS2_works/course_2/install/turtlebot3_fake_node:/home/dasunsanjaya080/ROS2_works/course_2/install/turtlebot3_simulations:/home/dasunsanjaya080/ros2_ws/install/my_robot_controller:/opt/ros/humble /usr/bin/cmake --install /home/dasunsanjaya080/ROS2_works/course_2/build/turtlebot3_simulations
[1.055s] Level 1:colcon.colcon_core.environment:checking '/home/dasunsanjaya080/ROS2_works/course_2/install/turtlebot3_simulations' for CMake config files
[1.055s] Level 1:colcon.colcon_core.shell:create_environment_hook('turtlebot3_simulations', 'cmake_prefix_path')
[1.056s] INFO:colcon.colcon_core.shell:Creating environment hook '/home/dasunsanjaya080/ROS2_works/course_2/install/turtlebot3_simulations/share/turtlebot3_simulations/hook/cmake_prefix_path.ps1'
[1.056s] INFO:colcon.colcon_core.shell:Creating environment descriptor '/home/dasunsanjaya080/ROS2_works/course_2/install/turtlebot3_simulations/share/turtlebot3_simulations/hook/cmake_prefix_path.dsv'
[1.056s] INFO:colcon.colcon_core.shell:Creating environment hook '/home/dasunsanjaya080/ROS2_works/course_2/install/turtlebot3_simulations/share/turtlebot3_simulations/hook/cmake_prefix_path.sh'
[1.056s] Level 1:colcon.colcon_core.environment:checking '/home/dasunsanjaya080/ROS2_works/course_2/install/turtlebot3_simulations/bin'
[1.056s] Level 1:colcon.colcon_core.environment:checking '/home/dasunsanjaya080/ROS2_works/course_2/install/turtlebot3_simulations/lib/pkgconfig/turtlebot3_simulations.pc'
[1.057s] Level 1:colcon.colcon_core.environment:checking '/home/dasunsanjaya080/ROS2_works/course_2/install/turtlebot3_simulations/lib/python3.10/site-packages'
[1.057s] Level 1:colcon.colcon_core.environment:checking '/home/dasunsanjaya080/ROS2_works/course_2/install/turtlebot3_simulations/bin'
[1.057s] INFO:colcon.colcon_core.shell:Creating package script '/home/dasunsanjaya080/ROS2_works/course_2/install/turtlebot3_simulations/share/turtlebot3_simulations/package.ps1'
[1.057s] INFO:colcon.colcon_core.shell:Creating package descriptor '/home/dasunsanjaya080/ROS2_works/course_2/install/turtlebot3_simulations/share/turtlebot3_simulations/package.dsv'
[1.058s] INFO:colcon.colcon_core.shell:Creating package script '/home/dasunsanjaya080/ROS2_works/course_2/install/turtlebot3_simulations/share/turtlebot3_simulations/package.sh'
[1.058s] INFO:colcon.colcon_core.shell:Creating package script '/home/dasunsanjaya080/ROS2_works/course_2/install/turtlebot3_simulations/share/turtlebot3_simulations/package.bash'
[1.058s] INFO:colcon.colcon_core.shell:Creating package script '/home/dasunsanjaya080/ROS2_works/course_2/install/turtlebot3_simulations/share/turtlebot3_simulations/package.zsh'
[1.058s] Level 1:colcon.colcon_core.environment:create_file_with_runtime_dependencies(/home/dasunsanjaya080/ROS2_works/course_2/install/turtlebot3_simulations/share/colcon-core/packages/turtlebot3_simulations)
[1.058s] Level 1:colcon.colcon_core.environment:create_environment_scripts_only(turtlebot3_simulations)
[1.059s] Level 1:colcon.colcon_core.environment:checking '/home/dasunsanjaya080/ROS2_works/course_2/install/turtlebot3_simulations' for CMake module files
[1.059s] Level 1:colcon.colcon_core.environment:checking '/home/dasunsanjaya080/ROS2_works/course_2/install/turtlebot3_simulations' for CMake config files
[1.059s] Level 1:colcon.colcon_core.shell:create_environment_hook('turtlebot3_simulations', 'cmake_prefix_path')
[1.059s] INFO:colcon.colcon_core.shell:Creating environment hook '/home/dasunsanjaya080/ROS2_works/course_2/install/turtlebot3_simulations/share/turtlebot3_simulations/hook/cmake_prefix_path.ps1'
[1.059s] INFO:colcon.colcon_core.shell:Creating environment descriptor '/home/dasunsanjaya080/ROS2_works/course_2/install/turtlebot3_simulations/share/turtlebot3_simulations/hook/cmake_prefix_path.dsv'
[1.060s] INFO:colcon.colcon_core.shell:Creating environment hook '/home/dasunsanjaya080/ROS2_works/course_2/install/turtlebot3_simulations/share/turtlebot3_simulations/hook/cmake_prefix_path.sh'
[1.060s] Level 1:colcon.colcon_core.environment:checking '/home/dasunsanjaya080/ROS2_works/course_2/install/turtlebot3_simulations/bin'
[1.060s] Level 1:colcon.colcon_core.environment:checking '/home/dasunsanjaya080/ROS2_works/course_2/install/turtlebot3_simulations/lib/pkgconfig/turtlebot3_simulations.pc'
[1.060s] Level 1:colcon.colcon_core.environment:checking '/home/dasunsanjaya080/ROS2_works/course_2/install/turtlebot3_simulations/lib/python3.10/site-packages'
[1.060s] Level 1:colcon.colcon_core.environment:checking '/home/dasunsanjaya080/ROS2_works/course_2/install/turtlebot3_simulations/bin'
[1.061s] INFO:colcon.colcon_core.shell:Creating package script '/home/dasunsanjaya080/ROS2_works/course_2/install/turtlebot3_simulations/share/turtlebot3_simulations/package.ps1'
[1.061s] INFO:colcon.colcon_core.shell:Creating package descriptor '/home/dasunsanjaya080/ROS2_works/course_2/install/turtlebot3_simulations/share/turtlebot3_simulations/package.dsv'
[1.061s] INFO:colcon.colcon_core.shell:Creating package script '/home/dasunsanjaya080/ROS2_works/course_2/install/turtlebot3_simulations/share/turtlebot3_simulations/package.sh'
[1.061s] INFO:colcon.colcon_core.shell:Creating package script '/home/dasunsanjaya080/ROS2_works/course_2/install/turtlebot3_simulations/share/turtlebot3_simulations/package.bash'
[1.061s] INFO:colcon.colcon_core.shell:Creating package script '/home/dasunsanjaya080/ROS2_works/course_2/install/turtlebot3_simulations/share/turtlebot3_simulations/package.zsh'
[1.062s] Level 1:colcon.colcon_core.environment:create_file_with_runtime_dependencies(/home/dasunsanjaya080/ROS2_works/course_2/install/turtlebot3_simulations/share/colcon-core/packages/turtlebot3_simulations)
[1.062s] DEBUG:colcon.colcon_parallel_executor.executor.parallel:closing loop
[1.063s] DEBUG:colcon.colcon_parallel_executor.executor.parallel:loop closed
[1.063s] DEBUG:colcon.colcon_parallel_executor.executor.parallel:run_until_complete finished with '0'
[1.063s] DEBUG:colcon.colcon_core.event_reactor:joining thread
[1.167s] INFO:colcon.colcon_core.plugin_system:Skipping extension 'colcon_notification.desktop_notification.notify_send': Could not find 'notify-send'
[1.167s] INFO:colcon.colcon_core.plugin_system:Skipping extension 'colcon_notification.desktop_notification.terminal_notifier': Not used on non-Darwin systems
[1.167s] INFO:colcon.colcon_core.plugin_system:Skipping extension 'colcon_notification.desktop_notification.win32': Not used on non-Windows systems
[1.167s] INFO:colcon.colcon_notification.desktop_notification:Sending desktop notification using 'notify2'
[1.167s] DEBUG:colcon.colcon_notification.desktop_notification.notify2:Failed to initialize notify2: org.freedesktop.DBus.Error.FileNotFound: Failed to connect to socket /run/user/1000/bus: No such file or directory
[1.167s] DEBUG:colcon.colcon_core.event_reactor:joined thread
[1.168s] INFO:colcon.colcon_core.shell:Creating prefix script '/home/dasunsanjaya080/ROS2_works/course_2/install/local_setup.ps1'
[1.168s] INFO:colcon.colcon_core.shell:Creating prefix util module '/home/dasunsanjaya080/ROS2_works/course_2/install/_local_setup_util_ps1.py'
[1.169s] INFO:colcon.colcon_core.shell:Creating prefix chain script '/home/dasunsanjaya080/ROS2_works/course_2/install/setup.ps1'
[1.170s] INFO:colcon.colcon_core.shell:Creating prefix script '/home/dasunsanjaya080/ROS2_works/course_2/install/local_setup.sh'
[1.170s] INFO:colcon.colcon_core.shell:Creating prefix util module '/home/dasunsanjaya080/ROS2_works/course_2/install/_local_setup_util_sh.py'
[1.171s] INFO:colcon.colcon_core.shell:Creating prefix chain script '/home/dasunsanjaya080/ROS2_works/course_2/install/setup.sh'
[1.171s] INFO:colcon.colcon_core.shell:Creating prefix script '/home/dasunsanjaya080/ROS2_works/course_2/install/local_setup.bash'
[1.172s] INFO:colcon.colcon_core.shell:Creating prefix chain script '/home/dasunsanjaya080/ROS2_works/course_2/install/setup.bash'
[1.172s] INFO:colcon.colcon_core.shell:Creating prefix script '/home/dasunsanjaya080/ROS2_works/course_2/install/local_setup.zsh'
[1.172s] INFO:colcon.colcon_core.shell:Creating prefix chain script '/home/dasunsanjaya080/ROS2_works/course_2/install/setup.zsh'
