[1.099s] DEBUG:colcon:Command line arguments: ['/usr/bin/colcon', 'build', '--symlink-install']
[1.099s] DEBUG:colcon:Parsed command line arguments: Namespace(log_base=None, log_level=None, verb_name='build', build_base='build', install_base='install', merge_install=False, symlink_install=True, test_result_base=None, continue_on_error=False, executor='parallel', parallel_workers=12, event_handlers=None, ignore_user_meta=False, metas=['./colcon.meta'], base_paths=['.'], packages_ignore=None, packages_ignore_regex=None, paths=None, packages_up_to=None, packages_up_to_regex=None, packages_above=None, packages_above_and_dependencies=None, packages_above_depth=None, packages_select_by_dep=None, packages_skip_by_dep=None, packages_skip_up_to=None, packages_select_build_failed=False, packages_skip_build_finished=False, packages_select_test_failures=False, packages_skip_test_passed=False, packages_select=None, packages_skip=None, packages_select_regex=None, packages_skip_regex=None, packages_start=None, packages_end=None, allow_overriding=[], cmake_args=None, cmake_target=None, cmake_target_skip_unavailable=False, cmake_clean_cache=False, cmake_clean_first=False, cmake_force_configure=False, ament_cmake_args=None, catkin_cmake_args=None, catkin_skip_building_tests=False, verb_parser=<colcon_defaults.argument_parser.defaults.DefaultArgumentsDecorator object at 0x7fbd08243be0>, verb_extension=<colcon_core.verb.build.BuildVerb object at 0x7fbd08400e80>, main=<bound method BuildVerb.main of <colcon_core.verb.build.BuildVerb object at 0x7fbd08400e80>>)
[1.193s] Level 1:colcon.colcon_core.package_discovery:discover_packages(colcon_meta) check parameters
[1.193s] Level 1:colcon.colcon_core.package_discovery:discover_packages(recursive) check parameters
[1.193s] Level 1:colcon.colcon_core.package_discovery:discover_packages(ignore) check parameters
[1.193s] Level 1:colcon.colcon_core.package_discovery:discover_packages(path) check parameters
[1.193s] Level 1:colcon.colcon_core.package_discovery:discover_packages(colcon_meta) discover
[1.193s] Level 1:colcon.colcon_core.package_discovery:discover_packages(recursive) discover
[1.193s] INFO:colcon.colcon_core.package_discovery:Crawling recursively for packages in '/home/dasunsanjaya080/ROS2_works/course_1'
[1.193s] Level 1:colcon.colcon_core.package_identification:_identify(.) by extensions ['ignore', 'ignore_ament_install']
[1.193s] Level 1:colcon.colcon_core.package_identification:_identify(.) by extension 'ignore'
[1.193s] Level 1:colcon.colcon_core.package_identification:_identify(.) by extension 'ignore_ament_install'
[1.193s] Level 1:colcon.colcon_core.package_identification:_identify(.) by extensions ['colcon_pkg']
[1.193s] Level 1:colcon.colcon_core.package_identification:_identify(.) by extension 'colcon_pkg'
[1.193s] Level 1:colcon.colcon_core.package_identification:_identify(.) by extensions ['colcon_meta']
[1.193s] Level 1:colcon.colcon_core.package_identification:_identify(.) by extension 'colcon_meta'
[1.193s] Level 1:colcon.colcon_core.package_identification:_identify(.) by extensions ['ros']
[1.193s] Level 1:colcon.colcon_core.package_identification:_identify(.) by extension 'ros'
[1.201s] Level 1:colcon.colcon_core.package_identification:_identify(.) by extensions ['cmake', 'python']
[1.202s] Level 1:colcon.colcon_core.package_identification:_identify(.) by extension 'cmake'
[1.202s] Level 1:colcon.colcon_core.package_identification:_identify(.) by extension 'python'
[1.202s] Level 1:colcon.colcon_core.package_identification:_identify(.) by extensions ['python_setup_py']
[1.202s] Level 1:colcon.colcon_core.package_identification:_identify(.) by extension 'python_setup_py'
[1.202s] Level 1:colcon.colcon_core.package_identification:_identify(build) by extensions ['ignore', 'ignore_ament_install']
[1.202s] Level 1:colcon.colcon_core.package_identification:_identify(build) by extension 'ignore'
[1.202s] Level 1:colcon.colcon_core.package_identification:_identify(build) ignored
[1.202s] Level 1:colcon.colcon_core.package_identification:_identify(install) by extensions ['ignore', 'ignore_ament_install']
[1.202s] Level 1:colcon.colcon_core.package_identification:_identify(install) by extension 'ignore'
[1.202s] Level 1:colcon.colcon_core.package_identification:_identify(install) ignored
[1.202s] Level 1:colcon.colcon_core.package_identification:_identify(log) by extensions ['ignore', 'ignore_ament_install']
[1.202s] Level 1:colcon.colcon_core.package_identification:_identify(log) by extension 'ignore'
[1.202s] Level 1:colcon.colcon_core.package_identification:_identify(log) ignored
[1.202s] Level 1:colcon.colcon_core.package_identification:_identify(src) by extensions ['ignore', 'ignore_ament_install']
[1.202s] Level 1:colcon.colcon_core.package_identification:_identify(src) by extension 'ignore'
[1.202s] Level 1:colcon.colcon_core.package_identification:_identify(src) by extension 'ignore_ament_install'
[1.202s] Level 1:colcon.colcon_core.package_identification:_identify(src) by extensions ['colcon_pkg']
[1.202s] Level 1:colcon.colcon_core.package_identification:_identify(src) by extension 'colcon_pkg'
[1.202s] Level 1:colcon.colcon_core.package_identification:_identify(src) by extensions ['colcon_meta']
[1.202s] Level 1:colcon.colcon_core.package_identification:_identify(src) by extension 'colcon_meta'
[1.203s] Level 1:colcon.colcon_core.package_identification:_identify(src) by extensions ['ros']
[1.203s] Level 1:colcon.colcon_core.package_identification:_identify(src) by extension 'ros'
[1.203s] Level 1:colcon.colcon_core.package_identification:_identify(src) by extensions ['cmake', 'python']
[1.203s] Level 1:colcon.colcon_core.package_identification:_identify(src) by extension 'cmake'
[1.203s] Level 1:colcon.colcon_core.package_identification:_identify(src) by extension 'python'
[1.203s] Level 1:colcon.colcon_core.package_identification:_identify(src) by extensions ['python_setup_py']
[1.203s] Level 1:colcon.colcon_core.package_identification:_identify(src) by extension 'python_setup_py'
[1.203s] Level 1:colcon.colcon_core.package_identification:_identify(src/build) by extensions ['ignore', 'ignore_ament_install']
[1.203s] Level 1:colcon.colcon_core.package_identification:_identify(src/build) by extension 'ignore'
[1.203s] Level 1:colcon.colcon_core.package_identification:_identify(src/build) ignored
[1.203s] Level 1:colcon.colcon_core.package_identification:_identify(src/install) by extensions ['ignore', 'ignore_ament_install']
[1.203s] Level 1:colcon.colcon_core.package_identification:_identify(src/install) by extension 'ignore'
[1.203s] Level 1:colcon.colcon_core.package_identification:_identify(src/install) ignored
[1.203s] Level 1:colcon.colcon_core.package_identification:_identify(src/log) by extensions ['ignore', 'ignore_ament_install']
[1.203s] Level 1:colcon.colcon_core.package_identification:_identify(src/log) by extension 'ignore'
[1.203s] Level 1:colcon.colcon_core.package_identification:_identify(src/log) ignored
[1.203s] Level 1:colcon.colcon_core.package_identification:_identify(src/my_robot_bringup) by extensions ['ignore', 'ignore_ament_install']
[1.203s] Level 1:colcon.colcon_core.package_identification:_identify(src/my_robot_bringup) by extension 'ignore'
[1.203s] Level 1:colcon.colcon_core.package_identification:_identify(src/my_robot_bringup) by extension 'ignore_ament_install'
[1.203s] Level 1:colcon.colcon_core.package_identification:_identify(src/my_robot_bringup) by extensions ['colcon_pkg']
[1.203s] Level 1:colcon.colcon_core.package_identification:_identify(src/my_robot_bringup) by extension 'colcon_pkg'
[1.203s] Level 1:colcon.colcon_core.package_identification:_identify(src/my_robot_bringup) by extensions ['colcon_meta']
[1.203s] Level 1:colcon.colcon_core.package_identification:_identify(src/my_robot_bringup) by extension 'colcon_meta'
[1.203s] Level 1:colcon.colcon_core.package_identification:_identify(src/my_robot_bringup) by extensions ['ros']
[1.203s] Level 1:colcon.colcon_core.package_identification:_identify(src/my_robot_bringup) by extension 'ros'
[1.205s] DEBUG:colcon.colcon_core.package_identification:Package 'src/my_robot_bringup' with type 'ros.ament_cmake' and name 'my_robot_bringup'
[1.205s] Level 1:colcon.colcon_core.package_identification:_identify(src/my_robot_description) by extensions ['ignore', 'ignore_ament_install']
[1.205s] Level 1:colcon.colcon_core.package_identification:_identify(src/my_robot_description) by extension 'ignore'
[1.205s] Level 1:colcon.colcon_core.package_identification:_identify(src/my_robot_description) by extension 'ignore_ament_install'
[1.205s] Level 1:colcon.colcon_core.package_identification:_identify(src/my_robot_description) by extensions ['colcon_pkg']
[1.205s] Level 1:colcon.colcon_core.package_identification:_identify(src/my_robot_description) by extension 'colcon_pkg'
[1.205s] Level 1:colcon.colcon_core.package_identification:_identify(src/my_robot_description) by extensions ['colcon_meta']
[1.205s] Level 1:colcon.colcon_core.package_identification:_identify(src/my_robot_description) by extension 'colcon_meta'
[1.205s] Level 1:colcon.colcon_core.package_identification:_identify(src/my_robot_description) by extensions ['ros']
[1.205s] Level 1:colcon.colcon_core.package_identification:_identify(src/my_robot_description) by extension 'ros'
[1.206s] DEBUG:colcon.colcon_core.package_identification:Package 'src/my_robot_description' with type 'ros.ament_cmake' and name 'my_robot_description'
[1.206s] Level 1:colcon.colcon_core.package_discovery:discover_packages(recursive) using defaults
[1.206s] Level 1:colcon.colcon_core.package_discovery:discover_packages(ignore) discover
[1.206s] Level 1:colcon.colcon_core.package_discovery:discover_packages(ignore) using defaults
[1.206s] Level 1:colcon.colcon_core.package_discovery:discover_packages(path) discover
[1.206s] Level 1:colcon.colcon_core.package_discovery:discover_packages(path) using defaults
[1.219s] Level 1:colcon.colcon_core.package_discovery:discover_packages(prefix_path) check parameters
[1.219s] Level 1:colcon.colcon_core.package_discovery:discover_packages(prefix_path) discover
[1.220s] DEBUG:colcon.colcon_installed_package_information.package_discovery:Found 2 installed packages in /home/dasunsanjaya080/ROS2_works/course_1/install
[1.220s] DEBUG:colcon.colcon_installed_package_information.package_discovery:Found 1 installed packages in /home/dasunsanjaya080/ros2_ws/install
[1.221s] DEBUG:colcon.colcon_installed_package_information.package_discovery:Found 321 installed packages in /opt/ros/humble
[1.230s] Level 1:colcon.colcon_core.package_discovery:discover_packages(prefix_path) using defaults
[1.258s] Level 5:colcon.colcon_core.verb:set package 'my_robot_description' build argument 'cmake_args' from command line to 'None'
[1.258s] Level 5:colcon.colcon_core.verb:set package 'my_robot_description' build argument 'cmake_target' from command line to 'None'
[1.258s] Level 5:colcon.colcon_core.verb:set package 'my_robot_description' build argument 'cmake_target_skip_unavailable' from command line to 'False'
[1.258s] Level 5:colcon.colcon_core.verb:set package 'my_robot_description' build argument 'cmake_clean_cache' from command line to 'False'
[1.258s] Level 5:colcon.colcon_core.verb:set package 'my_robot_description' build argument 'cmake_clean_first' from command line to 'False'
[1.258s] Level 5:colcon.colcon_core.verb:set package 'my_robot_description' build argument 'cmake_force_configure' from command line to 'False'
[1.258s] Level 5:colcon.colcon_core.verb:set package 'my_robot_description' build argument 'ament_cmake_args' from command line to 'None'
[1.258s] Level 5:colcon.colcon_core.verb:set package 'my_robot_description' build argument 'catkin_cmake_args' from command line to 'None'
[1.258s] Level 5:colcon.colcon_core.verb:set package 'my_robot_description' build argument 'catkin_skip_building_tests' from command line to 'False'
[1.258s] DEBUG:colcon.colcon_core.verb:Building package 'my_robot_description' with the following arguments: {'ament_cmake_args': None, 'build_base': '/home/dasunsanjaya080/ROS2_works/course_1/build/my_robot_description', 'catkin_cmake_args': None, 'catkin_skip_building_tests': False, 'cmake_args': None, 'cmake_clean_cache': False, 'cmake_clean_first': False, 'cmake_force_configure': False, 'cmake_target': None, 'cmake_target_skip_unavailable': False, 'install_base': '/home/dasunsanjaya080/ROS2_works/course_1/install/my_robot_description', 'merge_install': False, 'path': '/home/dasunsanjaya080/ROS2_works/course_1/src/my_robot_description', 'symlink_install': True, 'test_result_base': None}
[1.259s] Level 5:colcon.colcon_core.verb:set package 'my_robot_bringup' build argument 'cmake_args' from command line to 'None'
[1.259s] Level 5:colcon.colcon_core.verb:set package 'my_robot_bringup' build argument 'cmake_target' from command line to 'None'
[1.259s] Level 5:colcon.colcon_core.verb:set package 'my_robot_bringup' build argument 'cmake_target_skip_unavailable' from command line to 'False'
[1.259s] Level 5:colcon.colcon_core.verb:set package 'my_robot_bringup' build argument 'cmake_clean_cache' from command line to 'False'
[1.259s] Level 5:colcon.colcon_core.verb:set package 'my_robot_bringup' build argument 'cmake_clean_first' from command line to 'False'
[1.259s] Level 5:colcon.colcon_core.verb:set package 'my_robot_bringup' build argument 'cmake_force_configure' from command line to 'False'
[1.259s] Level 5:colcon.colcon_core.verb:set package 'my_robot_bringup' build argument 'ament_cmake_args' from command line to 'None'
[1.259s] Level 5:colcon.colcon_core.verb:set package 'my_robot_bringup' build argument 'catkin_cmake_args' from command line to 'None'
[1.259s] Level 5:colcon.colcon_core.verb:set package 'my_robot_bringup' build argument 'catkin_skip_building_tests' from command line to 'False'
[1.259s] DEBUG:colcon.colcon_core.verb:Building package 'my_robot_bringup' with the following arguments: {'ament_cmake_args': None, 'build_base': '/home/dasunsanjaya080/ROS2_works/course_1/build/my_robot_bringup', 'catkin_cmake_args': None, 'catkin_skip_building_tests': False, 'cmake_args': None, 'cmake_clean_cache': False, 'cmake_clean_first': False, 'cmake_force_configure': False, 'cmake_target': None, 'cmake_target_skip_unavailable': False, 'install_base': '/home/dasunsanjaya080/ROS2_works/course_1/install/my_robot_bringup', 'merge_install': False, 'path': '/home/dasunsanjaya080/ROS2_works/course_1/src/my_robot_bringup', 'symlink_install': True, 'test_result_base': None}
[1.259s] INFO:colcon.colcon_core.executor:Executing jobs using 'parallel' executor
[1.260s] DEBUG:colcon.colcon_parallel_executor.executor.parallel:run_until_complete
[1.260s] INFO:colcon.colcon_ros.task.ament_cmake.build:Building ROS package in '/home/dasunsanjaya080/ROS2_works/course_1/src/my_robot_description' with build type 'ament_cmake'
[1.260s] INFO:colcon.colcon_cmake.task.cmake.build:Building CMake package in '/home/dasunsanjaya080/ROS2_works/course_1/src/my_robot_description'
[1.262s] INFO:colcon.colcon_core.plugin_system:Skipping extension 'colcon_core.shell.bat': Not used on non-Windows systems
[1.262s] INFO:colcon.colcon_core.shell:Skip shell extension 'powershell' for command environment: Not usable outside of PowerShell
[1.262s] DEBUG:colcon.colcon_core.shell:Skip shell extension 'dsv' for command environment
[1.268s] DEBUG:colcon.colcon_core.event_handler.log_command:Invoking command in '/home/dasunsanjaya080/ROS2_works/course_1/build/my_robot_description': CMAKE_PREFIX_PATH=${CMAKE_PREFIX_PATH}:/home/dasunsanjaya080/ros2_ws/install/my_robot_controller:/opt/ros/humble /usr/bin/cmake --build /home/dasunsanjaya080/ROS2_works/course_1/build/my_robot_description -- -j12 -l12
[1.295s] DEBUG:colcon.colcon_core.event_handler.log_command:Invoked command in '/home/dasunsanjaya080/ROS2_works/course_1/build/my_robot_description' returned '0': CMAKE_PREFIX_PATH=${CMAKE_PREFIX_PATH}:/home/dasunsanjaya080/ros2_ws/install/my_robot_controller:/opt/ros/humble /usr/bin/cmake --build /home/dasunsanjaya080/ROS2_works/course_1/build/my_robot_description -- -j12 -l12
[1.302s] DEBUG:colcon.colcon_core.event_handler.log_command:Invoking command in '/home/dasunsanjaya080/ROS2_works/course_1/build/my_robot_description': CMAKE_PREFIX_PATH=${CMAKE_PREFIX_PATH}:/home/dasunsanjaya080/ros2_ws/install/my_robot_controller:/opt/ros/humble /usr/bin/cmake --install /home/dasunsanjaya080/ROS2_works/course_1/build/my_robot_description
[1.317s] Level 1:colcon.colcon_core.environment:create_environment_scripts_only(my_robot_description)
[1.317s] DEBUG:colcon.colcon_core.event_handler.log_command:Invoked command in '/home/dasunsanjaya080/ROS2_works/course_1/build/my_robot_description' returned '0': CMAKE_PREFIX_PATH=${CMAKE_PREFIX_PATH}:/home/dasunsanjaya080/ros2_ws/install/my_robot_controller:/opt/ros/humble /usr/bin/cmake --install /home/dasunsanjaya080/ROS2_works/course_1/build/my_robot_description
[1.319s] Level 1:colcon.colcon_core.environment:checking '/home/dasunsanjaya080/ROS2_works/course_1/install/my_robot_description' for CMake module files
[1.319s] Level 1:colcon.colcon_core.environment:checking '/home/dasunsanjaya080/ROS2_works/course_1/install/my_robot_description' for CMake config files
[1.319s] Level 1:colcon.colcon_core.shell:create_environment_hook('my_robot_description', 'cmake_prefix_path')
[1.319s] INFO:colcon.colcon_core.shell:Creating environment hook '/home/dasunsanjaya080/ROS2_works/course_1/install/my_robot_description/share/my_robot_description/hook/cmake_prefix_path.ps1'
[1.320s] INFO:colcon.colcon_core.shell:Creating environment descriptor '/home/dasunsanjaya080/ROS2_works/course_1/install/my_robot_description/share/my_robot_description/hook/cmake_prefix_path.dsv'
[1.320s] INFO:colcon.colcon_core.shell:Creating environment hook '/home/dasunsanjaya080/ROS2_works/course_1/install/my_robot_description/share/my_robot_description/hook/cmake_prefix_path.sh'
[1.321s] Level 1:colcon.colcon_core.environment:checking '/home/dasunsanjaya080/ROS2_works/course_1/install/my_robot_description/bin'
[1.321s] Level 1:colcon.colcon_core.environment:checking '/home/dasunsanjaya080/ROS2_works/course_1/install/my_robot_description/lib/pkgconfig/my_robot_description.pc'
[1.321s] Level 1:colcon.colcon_core.environment:checking '/home/dasunsanjaya080/ROS2_works/course_1/install/my_robot_description/lib/python3.10/site-packages'
[1.321s] Level 1:colcon.colcon_core.environment:checking '/home/dasunsanjaya080/ROS2_works/course_1/install/my_robot_description/bin'
[1.321s] INFO:colcon.colcon_core.shell:Creating package script '/home/dasunsanjaya080/ROS2_works/course_1/install/my_robot_description/share/my_robot_description/package.ps1'
[1.322s] INFO:colcon.colcon_core.shell:Creating package descriptor '/home/dasunsanjaya080/ROS2_works/course_1/install/my_robot_description/share/my_robot_description/package.dsv'
[1.322s] INFO:colcon.colcon_core.shell:Creating package script '/home/dasunsanjaya080/ROS2_works/course_1/install/my_robot_description/share/my_robot_description/package.sh'
[1.322s] INFO:colcon.colcon_core.shell:Creating package script '/home/dasunsanjaya080/ROS2_works/course_1/install/my_robot_description/share/my_robot_description/package.bash'
[1.323s] INFO:colcon.colcon_core.shell:Creating package script '/home/dasunsanjaya080/ROS2_works/course_1/install/my_robot_description/share/my_robot_description/package.zsh'
[1.323s] Level 1:colcon.colcon_core.environment:create_file_with_runtime_dependencies(/home/dasunsanjaya080/ROS2_works/course_1/install/my_robot_description/share/colcon-core/packages/my_robot_description)
[1.324s] Level 1:colcon.colcon_core.environment:create_environment_scripts_only(my_robot_description)
[1.324s] Level 1:colcon.colcon_core.environment:checking '/home/dasunsanjaya080/ROS2_works/course_1/install/my_robot_description' for CMake module files
[1.324s] Level 1:colcon.colcon_core.environment:checking '/home/dasunsanjaya080/ROS2_works/course_1/install/my_robot_description' for CMake config files
[1.324s] Level 1:colcon.colcon_core.shell:create_environment_hook('my_robot_description', 'cmake_prefix_path')
[1.324s] INFO:colcon.colcon_core.shell:Creating environment hook '/home/dasunsanjaya080/ROS2_works/course_1/install/my_robot_description/share/my_robot_description/hook/cmake_prefix_path.ps1'
[1.324s] INFO:colcon.colcon_core.shell:Creating environment descriptor '/home/dasunsanjaya080/ROS2_works/course_1/install/my_robot_description/share/my_robot_description/hook/cmake_prefix_path.dsv'
[1.325s] INFO:colcon.colcon_core.shell:Creating environment hook '/home/dasunsanjaya080/ROS2_works/course_1/install/my_robot_description/share/my_robot_description/hook/cmake_prefix_path.sh'
[1.325s] Level 1:colcon.colcon_core.environment:checking '/home/dasunsanjaya080/ROS2_works/course_1/install/my_robot_description/bin'
[1.325s] Level 1:colcon.colcon_core.environment:checking '/home/dasunsanjaya080/ROS2_works/course_1/install/my_robot_description/lib/pkgconfig/my_robot_description.pc'
[1.325s] Level 1:colcon.colcon_core.environment:checking '/home/dasunsanjaya080/ROS2_works/course_1/install/my_robot_description/lib/python3.10/site-packages'
[1.325s] Level 1:colcon.colcon_core.environment:checking '/home/dasunsanjaya080/ROS2_works/course_1/install/my_robot_description/bin'
[1.325s] INFO:colcon.colcon_core.shell:Creating package script '/home/dasunsanjaya080/ROS2_works/course_1/install/my_robot_description/share/my_robot_description/package.ps1'
[1.326s] INFO:colcon.colcon_core.shell:Creating package descriptor '/home/dasunsanjaya080/ROS2_works/course_1/install/my_robot_description/share/my_robot_description/package.dsv'
[1.326s] INFO:colcon.colcon_core.shell:Creating package script '/home/dasunsanjaya080/ROS2_works/course_1/install/my_robot_description/share/my_robot_description/package.sh'
[1.326s] INFO:colcon.colcon_core.shell:Creating package script '/home/dasunsanjaya080/ROS2_works/course_1/install/my_robot_description/share/my_robot_description/package.bash'
[1.327s] INFO:colcon.colcon_core.shell:Creating package script '/home/dasunsanjaya080/ROS2_works/course_1/install/my_robot_description/share/my_robot_description/package.zsh'
[1.327s] Level 1:colcon.colcon_core.environment:create_file_with_runtime_dependencies(/home/dasunsanjaya080/ROS2_works/course_1/install/my_robot_description/share/colcon-core/packages/my_robot_description)
[1.327s] INFO:colcon.colcon_ros.task.ament_cmake.build:Building ROS package in '/home/dasunsanjaya080/ROS2_works/course_1/src/my_robot_bringup' with build type 'ament_cmake'
[1.327s] INFO:colcon.colcon_cmake.task.cmake.build:Building CMake package in '/home/dasunsanjaya080/ROS2_works/course_1/src/my_robot_bringup'
[1.327s] INFO:colcon.colcon_core.shell:Skip shell extension 'powershell' for command environment: Not usable outside of PowerShell
[1.327s] DEBUG:colcon.colcon_core.shell:Skip shell extension 'dsv' for command environment
[1.599s] DEBUG:colcon.colcon_core.event_handler.log_command:Invoking command in '/home/dasunsanjaya080/ROS2_works/course_1/build/my_robot_bringup': CMAKE_PREFIX_PATH=/home/dasunsanjaya080/ROS2_works/course_1/install/my_robot_description:/home/dasunsanjaya080/ROS2_works/course_1/install/my_robot_bringup:/home/dasunsanjaya080/ros2_ws/install/my_robot_controller:/opt/ros/humble /usr/bin/cmake --build /home/dasunsanjaya080/ROS2_works/course_1/build/my_robot_bringup -- -j12 -l12
[1.825s] DEBUG:colcon.colcon_core.event_handler.log_command:Invoked command in '/home/dasunsanjaya080/ROS2_works/course_1/build/my_robot_bringup' returned '0': CMAKE_PREFIX_PATH=/home/dasunsanjaya080/ROS2_works/course_1/install/my_robot_description:/home/dasunsanjaya080/ROS2_works/course_1/install/my_robot_bringup:/home/dasunsanjaya080/ros2_ws/install/my_robot_controller:/opt/ros/humble /usr/bin/cmake --build /home/dasunsanjaya080/ROS2_works/course_1/build/my_robot_bringup -- -j12 -l12
[1.826s] DEBUG:colcon.colcon_core.event_handler.log_command:Invoking command in '/home/dasunsanjaya080/ROS2_works/course_1/build/my_robot_bringup': CMAKE_PREFIX_PATH=/home/dasunsanjaya080/ROS2_works/course_1/install/my_robot_description:/home/dasunsanjaya080/ROS2_works/course_1/install/my_robot_bringup:/home/dasunsanjaya080/ros2_ws/install/my_robot_controller:/opt/ros/humble /usr/bin/cmake --install /home/dasunsanjaya080/ROS2_works/course_1/build/my_robot_bringup
[1.843s] Level 1:colcon.colcon_core.environment:create_environment_scripts_only(my_robot_bringup)
[1.844s] Level 1:colcon.colcon_core.environment:checking '/home/dasunsanjaya080/ROS2_works/course_1/install/my_robot_bringup' for CMake module files
[1.844s] DEBUG:colcon.colcon_core.event_handler.log_command:Invoked command in '/home/dasunsanjaya080/ROS2_works/course_1/build/my_robot_bringup' returned '0': CMAKE_PREFIX_PATH=/home/dasunsanjaya080/ROS2_works/course_1/install/my_robot_description:/home/dasunsanjaya080/ROS2_works/course_1/install/my_robot_bringup:/home/dasunsanjaya080/ros2_ws/install/my_robot_controller:/opt/ros/humble /usr/bin/cmake --install /home/dasunsanjaya080/ROS2_works/course_1/build/my_robot_bringup
[1.844s] Level 1:colcon.colcon_core.environment:checking '/home/dasunsanjaya080/ROS2_works/course_1/install/my_robot_bringup' for CMake config files
[1.844s] Level 1:colcon.colcon_core.shell:create_environment_hook('my_robot_bringup', 'cmake_prefix_path')
[1.845s] INFO:colcon.colcon_core.shell:Creating environment hook '/home/dasunsanjaya080/ROS2_works/course_1/install/my_robot_bringup/share/my_robot_bringup/hook/cmake_prefix_path.ps1'
[1.845s] INFO:colcon.colcon_core.shell:Creating environment descriptor '/home/dasunsanjaya080/ROS2_works/course_1/install/my_robot_bringup/share/my_robot_bringup/hook/cmake_prefix_path.dsv'
[1.845s] INFO:colcon.colcon_core.shell:Creating environment hook '/home/dasunsanjaya080/ROS2_works/course_1/install/my_robot_bringup/share/my_robot_bringup/hook/cmake_prefix_path.sh'
[1.845s] Level 1:colcon.colcon_core.environment:checking '/home/dasunsanjaya080/ROS2_works/course_1/install/my_robot_bringup/bin'
[1.846s] Level 1:colcon.colcon_core.environment:checking '/home/dasunsanjaya080/ROS2_works/course_1/install/my_robot_bringup/lib/pkgconfig/my_robot_bringup.pc'
[1.846s] Level 1:colcon.colcon_core.environment:checking '/home/dasunsanjaya080/ROS2_works/course_1/install/my_robot_bringup/lib/python3.10/site-packages'
[1.846s] Level 1:colcon.colcon_core.environment:checking '/home/dasunsanjaya080/ROS2_works/course_1/install/my_robot_bringup/bin'
[1.846s] INFO:colcon.colcon_core.shell:Creating package script '/home/dasunsanjaya080/ROS2_works/course_1/install/my_robot_bringup/share/my_robot_bringup/package.ps1'
[1.846s] INFO:colcon.colcon_core.shell:Creating package descriptor '/home/dasunsanjaya080/ROS2_works/course_1/install/my_robot_bringup/share/my_robot_bringup/package.dsv'
[1.847s] INFO:colcon.colcon_core.shell:Creating package script '/home/dasunsanjaya080/ROS2_works/course_1/install/my_robot_bringup/share/my_robot_bringup/package.sh'
[1.847s] INFO:colcon.colcon_core.shell:Creating package script '/home/dasunsanjaya080/ROS2_works/course_1/install/my_robot_bringup/share/my_robot_bringup/package.bash'
[1.847s] INFO:colcon.colcon_core.shell:Creating package script '/home/dasunsanjaya080/ROS2_works/course_1/install/my_robot_bringup/share/my_robot_bringup/package.zsh'
[1.847s] Level 1:colcon.colcon_core.environment:create_file_with_runtime_dependencies(/home/dasunsanjaya080/ROS2_works/course_1/install/my_robot_bringup/share/colcon-core/packages/my_robot_bringup)
[1.848s] Level 1:colcon.colcon_core.environment:create_environment_scripts_only(my_robot_bringup)
[1.848s] Level 1:colcon.colcon_core.environment:checking '/home/dasunsanjaya080/ROS2_works/course_1/install/my_robot_bringup' for CMake module files
[1.848s] Level 1:colcon.colcon_core.environment:checking '/home/dasunsanjaya080/ROS2_works/course_1/install/my_robot_bringup' for CMake config files
[1.848s] Level 1:colcon.colcon_core.shell:create_environment_hook('my_robot_bringup', 'cmake_prefix_path')
[1.848s] INFO:colcon.colcon_core.shell:Creating environment hook '/home/dasunsanjaya080/ROS2_works/course_1/install/my_robot_bringup/share/my_robot_bringup/hook/cmake_prefix_path.ps1'
[1.848s] INFO:colcon.colcon_core.shell:Creating environment descriptor '/home/dasunsanjaya080/ROS2_works/course_1/install/my_robot_bringup/share/my_robot_bringup/hook/cmake_prefix_path.dsv'
[1.849s] INFO:colcon.colcon_core.shell:Creating environment hook '/home/dasunsanjaya080/ROS2_works/course_1/install/my_robot_bringup/share/my_robot_bringup/hook/cmake_prefix_path.sh'
[1.849s] Level 1:colcon.colcon_core.environment:checking '/home/dasunsanjaya080/ROS2_works/course_1/install/my_robot_bringup/bin'
[1.849s] Level 1:colcon.colcon_core.environment:checking '/home/dasunsanjaya080/ROS2_works/course_1/install/my_robot_bringup/lib/pkgconfig/my_robot_bringup.pc'
[1.849s] Level 1:colcon.colcon_core.environment:checking '/home/dasunsanjaya080/ROS2_works/course_1/install/my_robot_bringup/lib/python3.10/site-packages'
[1.849s] Level 1:colcon.colcon_core.environment:checking '/home/dasunsanjaya080/ROS2_works/course_1/install/my_robot_bringup/bin'
[1.849s] INFO:colcon.colcon_core.shell:Creating package script '/home/dasunsanjaya080/ROS2_works/course_1/install/my_robot_bringup/share/my_robot_bringup/package.ps1'
[1.850s] INFO:colcon.colcon_core.shell:Creating package descriptor '/home/dasunsanjaya080/ROS2_works/course_1/install/my_robot_bringup/share/my_robot_bringup/package.dsv'
[1.850s] INFO:colcon.colcon_core.shell:Creating package script '/home/dasunsanjaya080/ROS2_works/course_1/install/my_robot_bringup/share/my_robot_bringup/package.sh'
[1.850s] INFO:colcon.colcon_core.shell:Creating package script '/home/dasunsanjaya080/ROS2_works/course_1/install/my_robot_bringup/share/my_robot_bringup/package.bash'
[1.850s] INFO:colcon.colcon_core.shell:Creating package script '/home/dasunsanjaya080/ROS2_works/course_1/install/my_robot_bringup/share/my_robot_bringup/package.zsh'
[1.851s] Level 1:colcon.colcon_core.environment:create_file_with_runtime_dependencies(/home/dasunsanjaya080/ROS2_works/course_1/install/my_robot_bringup/share/colcon-core/packages/my_robot_bringup)
[1.851s] DEBUG:colcon.colcon_parallel_executor.executor.parallel:closing loop
[1.851s] DEBUG:colcon.colcon_parallel_executor.executor.parallel:loop closed
[1.852s] DEBUG:colcon.colcon_parallel_executor.executor.parallel:run_until_complete finished with '0'
[1.852s] DEBUG:colcon.colcon_core.event_reactor:joining thread
[1.915s] INFO:colcon.colcon_core.plugin_system:Skipping extension 'colcon_notification.desktop_notification.notify_send': Could not find 'notify-send'
[1.915s] INFO:colcon.colcon_core.plugin_system:Skipping extension 'colcon_notification.desktop_notification.terminal_notifier': Not used on non-Darwin systems
[1.915s] INFO:colcon.colcon_core.plugin_system:Skipping extension 'colcon_notification.desktop_notification.win32': Not used on non-Windows systems
[1.915s] INFO:colcon.colcon_notification.desktop_notification:Sending desktop notification using 'notify2'
[1.915s] DEBUG:colcon.colcon_notification.desktop_notification.notify2:Failed to initialize notify2: org.freedesktop.DBus.Error.FileNotFound: Failed to connect to socket /run/user/1000/bus: No such file or directory
[1.915s] DEBUG:colcon.colcon_core.event_reactor:joined thread
[1.916s] INFO:colcon.colcon_core.shell:Creating prefix script '/home/dasunsanjaya080/ROS2_works/course_1/install/local_setup.ps1'
[1.916s] INFO:colcon.colcon_core.shell:Creating prefix util module '/home/dasunsanjaya080/ROS2_works/course_1/install/_local_setup_util_ps1.py'
[1.917s] INFO:colcon.colcon_core.shell:Creating prefix chain script '/home/dasunsanjaya080/ROS2_works/course_1/install/setup.ps1'
[1.918s] INFO:colcon.colcon_core.shell:Creating prefix script '/home/dasunsanjaya080/ROS2_works/course_1/install/local_setup.sh'
[1.918s] INFO:colcon.colcon_core.shell:Creating prefix util module '/home/dasunsanjaya080/ROS2_works/course_1/install/_local_setup_util_sh.py'
[1.918s] INFO:colcon.colcon_core.shell:Creating prefix chain script '/home/dasunsanjaya080/ROS2_works/course_1/install/setup.sh'
[1.919s] INFO:colcon.colcon_core.shell:Creating prefix script '/home/dasunsanjaya080/ROS2_works/course_1/install/local_setup.bash'
[1.919s] INFO:colcon.colcon_core.shell:Creating prefix chain script '/home/dasunsanjaya080/ROS2_works/course_1/install/setup.bash'
[1.920s] INFO:colcon.colcon_core.shell:Creating prefix script '/home/dasunsanjaya080/ROS2_works/course_1/install/local_setup.zsh'
[1.920s] INFO:colcon.colcon_core.shell:Creating prefix chain script '/home/dasunsanjaya080/ROS2_works/course_1/install/setup.zsh'
