[0.016s] Invoking command in '/home/dasunsanjaya080/ROS2_works/course_2/build/turtlebot3_fake_node': CMAKE_PREFIX_PATH=${CMAKE_PREFIX_PATH}:/home/dasunsanjaya080/ros2_ws/install/my_robot_controller:/opt/ros/humble /usr/bin/cmake --build /home/dasunsanjaya080/ROS2_works/course_2/build/turtlebot3_fake_node -- -j12 -l12
[0.082s] [100%] Built target turtlebot3_fake_node
[0.103s] Invoked command in '/home/dasunsanjaya080/ROS2_works/course_2/build/turtlebot3_fake_node' returned '0': CMAKE_PREFIX_PATH=${CMAKE_PREFIX_PATH}:/home/dasunsanjaya080/ros2_ws/install/my_robot_controller:/opt/ros/humble /usr/bin/cmake --build /home/dasunsanjaya080/ROS2_works/course_2/build/turtlebot3_fake_node -- -j12 -l12
[0.104s] Invoking command in '/home/dasunsanjaya080/ROS2_works/course_2/build/turtlebot3_fake_node': CMAKE_PREFIX_PATH=${CMAKE_PREFIX_PATH}:/home/dasunsanjaya080/ros2_ws/install/my_robot_controller:/opt/ros/humble /usr/bin/cmake --install /home/dasunsanjaya080/ROS2_works/course_2/build/turtlebot3_fake_node
[0.108s] -- Install configuration: ""
[0.109s] -- Up-to-date: /home/dasunsanjaya080/ROS2_works/course_2/install/turtlebot3_fake_node/lib/turtlebot3_fake_node/turtlebot3_fake_node
[0.109s] -- Up-to-date: /home/dasunsanjaya080/ROS2_works/course_2/install/turtlebot3_fake_node/share/turtlebot3_fake_node/launch
[0.109s] -- Up-to-date: /home/dasunsanjaya080/ROS2_works/course_2/install/turtlebot3_fake_node/share/turtlebot3_fake_node/launch/rviz2.launch.py
[0.109s] -- Up-to-date: /home/dasunsanjaya080/ROS2_works/course_2/install/turtlebot3_fake_node/share/turtlebot3_fake_node/launch/turtlebot3_fake_node.launch.py
[0.109s] -- Up-to-date: /home/dasunsanjaya080/ROS2_works/course_2/install/turtlebot3_fake_node/share/turtlebot3_fake_node/param
[0.109s] -- Up-to-date: /home/dasunsanjaya080/ROS2_works/course_2/install/turtlebot3_fake_node/share/turtlebot3_fake_node/param/waffle_pi.yaml
[0.109s] -- Up-to-date: /home/dasunsanjaya080/ROS2_works/course_2/install/turtlebot3_fake_node/share/turtlebot3_fake_node/param/waffle.yaml
[0.109s] -- Up-to-date: /home/dasunsanjaya080/ROS2_works/course_2/install/turtlebot3_fake_node/share/turtlebot3_fake_node/param/burger.yaml
[0.109s] -- Up-to-date: /home/dasunsanjaya080/ROS2_works/course_2/install/turtlebot3_fake_node/include/
[0.110s] -- Up-to-date: /home/dasunsanjaya080/ROS2_works/course_2/install/turtlebot3_fake_node/include//turtlebot3_fake_node
[0.110s] -- Up-to-date: /home/dasunsanjaya080/ROS2_works/course_2/install/turtlebot3_fake_node/include//turtlebot3_fake_node/turtlebot3_fake_node.hpp
[0.110s] -- Up-to-date: /home/dasunsanjaya080/ROS2_works/course_2/install/turtlebot3_fake_node/share/ament_index/resource_index/package_run_dependencies/turtlebot3_fake_node
[0.110s] -- Up-to-date: /home/dasunsanjaya080/ROS2_works/course_2/install/turtlebot3_fake_node/share/ament_index/resource_index/parent_prefix_path/turtlebot3_fake_node
[0.110s] -- Up-to-date: /home/dasunsanjaya080/ROS2_works/course_2/install/turtlebot3_fake_node/share/turtlebot3_fake_node/environment/ament_prefix_path.sh
[0.111s] -- Up-to-date: /home/dasunsanjaya080/ROS2_works/course_2/install/turtlebot3_fake_node/share/turtlebot3_fake_node/environment/ament_prefix_path.dsv
[0.111s] -- Up-to-date: /home/dasunsanjaya080/ROS2_works/course_2/install/turtlebot3_fake_node/share/turtlebot3_fake_node/environment/path.sh
[0.111s] -- Up-to-date: /home/dasunsanjaya080/ROS2_works/course_2/install/turtlebot3_fake_node/share/turtlebot3_fake_node/environment/path.dsv
[0.111s] -- Up-to-date: /home/dasunsanjaya080/ROS2_works/course_2/install/turtlebot3_fake_node/share/turtlebot3_fake_node/local_setup.bash
[0.111s] -- Up-to-date: /home/dasunsanjaya080/ROS2_works/course_2/install/turtlebot3_fake_node/share/turtlebot3_fake_node/local_setup.sh
[0.111s] -- Up-to-date: /home/dasunsanjaya080/ROS2_works/course_2/install/turtlebot3_fake_node/share/turtlebot3_fake_node/local_setup.zsh
[0.111s] -- Up-to-date: /home/dasunsanjaya080/ROS2_works/course_2/install/turtlebot3_fake_node/share/turtlebot3_fake_node/local_setup.dsv
[0.111s] -- Installing: /home/dasunsanjaya080/ROS2_works/course_2/install/turtlebot3_fake_node/share/turtlebot3_fake_node/package.dsv
[0.112s] -- Up-to-date: /home/dasunsanjaya080/ROS2_works/course_2/install/turtlebot3_fake_node/share/ament_index/resource_index/packages/turtlebot3_fake_node
[0.112s] -- Up-to-date: /home/dasunsanjaya080/ROS2_works/course_2/install/turtlebot3_fake_node/share/turtlebot3_fake_node/cmake/ament_cmake_export_include_directories-extras.cmake
[0.112s] -- Up-to-date: /home/dasunsanjaya080/ROS2_works/course_2/install/turtlebot3_fake_node/share/turtlebot3_fake_node/cmake/ament_cmake_export_dependencies-extras.cmake
[0.112s] -- Up-to-date: /home/dasunsanjaya080/ROS2_works/course_2/install/turtlebot3_fake_node/share/turtlebot3_fake_node/cmake/turtlebot3_fake_nodeConfig.cmake
[0.112s] -- Up-to-date: /home/dasunsanjaya080/ROS2_works/course_2/install/turtlebot3_fake_node/share/turtlebot3_fake_node/cmake/turtlebot3_fake_nodeConfig-version.cmake
[0.112s] -- Up-to-date: /home/dasunsanjaya080/ROS2_works/course_2/install/turtlebot3_fake_node/share/turtlebot3_fake_node/package.xml
[0.130s] Invoked command in '/home/dasunsanjaya080/ROS2_works/course_2/build/turtlebot3_fake_node' returned '0': CMAKE_PREFIX_PATH=${CMAKE_PREFIX_PATH}:/home/dasunsanjaya080/ros2_ws/install/my_robot_controller:/opt/ros/humble /usr/bin/cmake --install /home/dasunsanjaya080/ROS2_works/course_2/build/turtlebot3_fake_node
