[0.010s] Invoking command in '/home/dasunsanjaya080/ROS2_works/course_1/build/my_robot_description': CMAKE_PREFIX_PATH=${CMAKE_PREFIX_PATH}:/home/dasunsanjaya080/ros2_ws/install/my_robot_controller:/opt/ros/humble /usr/bin/cmake --build /home/dasunsanjaya080/ROS2_works/course_1/build/my_robot_description -- -j12 -l12
[0.036s] Invoked command in '/home/dasunsanjaya080/ROS2_works/course_1/build/my_robot_description' returned '0': CMAKE_PREFIX_PATH=${CMAKE_PREFIX_PATH}:/home/dasunsanjaya080/ros2_ws/install/my_robot_controller:/opt/ros/humble /usr/bin/cmake --build /home/dasunsanjaya080/ROS2_works/course_1/build/my_robot_description -- -j12 -l12
[0.044s] Invoking command in '/home/dasunsanjaya080/ROS2_works/course_1/build/my_robot_description': CMAKE_PREFIX_PATH=${CMAKE_PREFIX_PATH}:/home/dasunsanjaya080/ros2_ws/install/my_robot_controller:/opt/ros/humble /usr/bin/cmake --install /home/dasunsanjaya080/ROS2_works/course_1/build/my_robot_description
[0.047s] -- Install configuration: ""
[0.047s] -- Up-to-date: /home/dasunsanjaya080/ROS2_works/course_1/install/my_robot_description/share/my_robot_description/urdf
[0.047s] -- Up-to-date: /home/dasunsanjaya080/ROS2_works/course_1/install/my_robot_description/share/my_robot_description/urdf/my_robot.urdf
[0.048s] -- Up-to-date: /home/dasunsanjaya080/ROS2_works/course_1/install/my_robot_description/share/my_robot_description/launch
[0.048s] -- Installing: /home/dasunsanjaya080/ROS2_works/course_1/install/my_robot_description/share/my_robot_description/launch/display.launch.py
[0.048s] -- Up-to-date: /home/dasunsanjaya080/ROS2_works/course_1/install/my_robot_description/share/my_robot_description/launch/display.launch.xml
[0.048s] -- Up-to-date: /home/dasunsanjaya080/ROS2_works/course_1/install/my_robot_description/share/ament_index/resource_index/package_run_dependencies/my_robot_description
[0.048s] -- Up-to-date: /home/dasunsanjaya080/ROS2_works/course_1/install/my_robot_description/share/ament_index/resource_index/parent_prefix_path/my_robot_description
[0.048s] -- Up-to-date: /home/dasunsanjaya080/ROS2_works/course_1/install/my_robot_description/share/my_robot_description/environment/ament_prefix_path.sh
[0.048s] -- Up-to-date: /home/dasunsanjaya080/ROS2_works/course_1/install/my_robot_description/share/my_robot_description/environment/ament_prefix_path.dsv
[0.048s] -- Up-to-date: /home/dasunsanjaya080/ROS2_works/course_1/install/my_robot_description/share/my_robot_description/environment/path.sh
[0.049s] -- Up-to-date: /home/dasunsanjaya080/ROS2_works/course_1/install/my_robot_description/share/my_robot_description/environment/path.dsv
[0.049s] -- Up-to-date: /home/dasunsanjaya080/ROS2_works/course_1/install/my_robot_description/share/my_robot_description/local_setup.bash
[0.049s] -- Up-to-date: /home/dasunsanjaya080/ROS2_works/course_1/install/my_robot_description/share/my_robot_description/local_setup.sh
[0.049s] -- Up-to-date: /home/dasunsanjaya080/ROS2_works/course_1/install/my_robot_description/share/my_robot_description/local_setup.zsh
[0.049s] -- Up-to-date: /home/dasunsanjaya080/ROS2_works/course_1/install/my_robot_description/share/my_robot_description/local_setup.dsv
[0.049s] -- Installing: /home/dasunsanjaya080/ROS2_works/course_1/install/my_robot_description/share/my_robot_description/package.dsv
[0.049s] -- Up-to-date: /home/dasunsanjaya080/ROS2_works/course_1/install/my_robot_description/share/ament_index/resource_index/packages/my_robot_description
[0.049s] -- Up-to-date: /home/dasunsanjaya080/ROS2_works/course_1/install/my_robot_description/share/my_robot_description/cmake/my_robot_descriptionConfig.cmake
[0.049s] -- Up-to-date: /home/dasunsanjaya080/ROS2_works/course_1/install/my_robot_description/share/my_robot_description/cmake/my_robot_descriptionConfig-version.cmake
[0.049s] -- Up-to-date: /home/dasunsanjaya080/ROS2_works/course_1/install/my_robot_description/share/my_robot_description/package.xml
[0.050s] Invoked command in '/home/dasunsanjaya080/ROS2_works/course_1/build/my_robot_description' returned '0': CMAKE_PREFIX_PATH=${CMAKE_PREFIX_PATH}:/home/dasunsanjaya080/ros2_ws/install/my_robot_controller:/opt/ros/humble /usr/bin/cmake --install /home/dasunsanjaya080/ROS2_works/course_1/build/my_robot_description
