[0.075s] Invoking command in '/home/dasunsanjaya080/ROS2_works/course_1/build/my_robot_bringup': AMENT_PREFIX_PATH=/home/dasunsanjaya080/ROS2_works/course_1/install/my_robot_description:${AMENT_PREFIX_PATH} CMAKE_PREFIX_PATH=/home/dasunsanjaya080/ROS2_works/course_1/install/my_robot_description:/home/dasunsanjaya080/ros2_ws/install/my_robot_controller:/opt/ros/humble /usr/bin/cmake /home/dasunsanjaya080/ROS2_works/course_1/src/my_robot_bringup -DAMENT_CMAKE_SYMLINK_INSTALL=1 -DCMAKE_INSTALL_PREFIX=/home/dasunsanjaya080/ROS2_works/course_1/install/my_robot_bringup
[0.436s] -- The C compiler identification is GNU 11.4.0
[1.773s] -- The CXX compiler identification is GNU 11.4.0
[3.830s] -- Detecting C compiler ABI info
[4.535s] -- Detecting C compiler ABI info - done
[4.541s] -- Check for working C compiler: /usr/bin/cc - skipped
[4.544s] -- Detecting C compile features
[4.545s] -- Detecting C compile features - done
[4.548s] -- Detecting CXX compiler ABI info
[4.772s] -- Detecting CXX compiler ABI info - done
[4.777s] -- Check for working CXX compiler: /usr/bin/c++ - skipped
[4.777s] -- Detecting CXX compile features
[4.777s] -- Detecting CXX compile features - done
[4.783s] -- Found ament_cmake: 1.3.12 (/opt/ros/humble/share/ament_cmake/cmake)
[4.882s] -- Found Python3: /usr/bin/python3 (found version "3.10.12") found components: Interpreter 
[4.927s] -- Override CMake install command with custom implementation using symlinks instead of copying resources
[4.991s] -- Configuring done
[4.993s] -- Generating done
[4.994s] -- Build files have been written to: /home/dasunsanjaya080/ROS2_works/course_1/build/my_robot_bringup
[4.997s] Invoked command in '/home/dasunsanjaya080/ROS2_works/course_1/build/my_robot_bringup' returned '0': AMENT_PREFIX_PATH=/home/dasunsanjaya080/ROS2_works/course_1/install/my_robot_description:${AMENT_PREFIX_PATH} CMAKE_PREFIX_PATH=/home/dasunsanjaya080/ROS2_works/course_1/install/my_robot_description:/home/dasunsanjaya080/ros2_ws/install/my_robot_controller:/opt/ros/humble /usr/bin/cmake /home/dasunsanjaya080/ROS2_works/course_1/src/my_robot_bringup -DAMENT_CMAKE_SYMLINK_INSTALL=1 -DCMAKE_INSTALL_PREFIX=/home/dasunsanjaya080/ROS2_works/course_1/install/my_robot_bringup
[4.998s] Invoking command in '/home/dasunsanjaya080/ROS2_works/course_1/build/my_robot_bringup': AMENT_PREFIX_PATH=/home/dasunsanjaya080/ROS2_works/course_1/install/my_robot_description:${AMENT_PREFIX_PATH} CMAKE_PREFIX_PATH=/home/dasunsanjaya080/ROS2_works/course_1/install/my_robot_description:/home/dasunsanjaya080/ros2_ws/install/my_robot_controller:/opt/ros/humble /usr/bin/cmake --build /home/dasunsanjaya080/ROS2_works/course_1/build/my_robot_bringup -- -j12 -l12
[5.020s] Invoked command in '/home/dasunsanjaya080/ROS2_works/course_1/build/my_robot_bringup' returned '0': AMENT_PREFIX_PATH=/home/dasunsanjaya080/ROS2_works/course_1/install/my_robot_description:${AMENT_PREFIX_PATH} CMAKE_PREFIX_PATH=/home/dasunsanjaya080/ROS2_works/course_1/install/my_robot_description:/home/dasunsanjaya080/ros2_ws/install/my_robot_controller:/opt/ros/humble /usr/bin/cmake --build /home/dasunsanjaya080/ROS2_works/course_1/build/my_robot_bringup -- -j12 -l12
[5.021s] Invoking command in '/home/dasunsanjaya080/ROS2_works/course_1/build/my_robot_bringup': AMENT_PREFIX_PATH=/home/dasunsanjaya080/ROS2_works/course_1/install/my_robot_description:${AMENT_PREFIX_PATH} CMAKE_PREFIX_PATH=/home/dasunsanjaya080/ROS2_works/course_1/install/my_robot_description:/home/dasunsanjaya080/ros2_ws/install/my_robot_controller:/opt/ros/humble /usr/bin/cmake --install /home/dasunsanjaya080/ROS2_works/course_1/build/my_robot_bringup
[5.025s] -- Install configuration: ""
[5.026s] -- Execute custom install script
[5.026s] -- Symlinking: /home/dasunsanjaya080/ROS2_works/course_1/install/my_robot_bringup/share/my_robot_bringup/launch/my_robot_gazebo.launch.xml
[5.031s] -- Symlinking: /home/dasunsanjaya080/ROS2_works/course_1/install/my_robot_bringup/share/ament_index/resource_index/package_run_dependencies/my_robot_bringup
[5.037s] -- Symlinking: /home/dasunsanjaya080/ROS2_works/course_1/install/my_robot_bringup/share/ament_index/resource_index/parent_prefix_path/my_robot_bringup
[5.042s] -- Symlinking: /home/dasunsanjaya080/ROS2_works/course_1/install/my_robot_bringup/share/my_robot_bringup/environment/ament_prefix_path.sh
[5.047s] -- Symlinking: /home/dasunsanjaya080/ROS2_works/course_1/install/my_robot_bringup/share/my_robot_bringup/environment/ament_prefix_path.dsv
[5.052s] -- Symlinking: /home/dasunsanjaya080/ROS2_works/course_1/install/my_robot_bringup/share/my_robot_bringup/environment/path.sh
[5.057s] -- Symlinking: /home/dasunsanjaya080/ROS2_works/course_1/install/my_robot_bringup/share/my_robot_bringup/environment/path.dsv
[5.062s] -- Symlinking: /home/dasunsanjaya080/ROS2_works/course_1/install/my_robot_bringup/share/my_robot_bringup/local_setup.bash
[5.067s] -- Symlinking: /home/dasunsanjaya080/ROS2_works/course_1/install/my_robot_bringup/share/my_robot_bringup/local_setup.sh
[5.072s] -- Symlinking: /home/dasunsanjaya080/ROS2_works/course_1/install/my_robot_bringup/share/my_robot_bringup/local_setup.zsh
[5.077s] -- Symlinking: /home/dasunsanjaya080/ROS2_works/course_1/install/my_robot_bringup/share/my_robot_bringup/local_setup.dsv
[5.082s] -- Symlinking: /home/dasunsanjaya080/ROS2_works/course_1/install/my_robot_bringup/share/my_robot_bringup/package.dsv
[5.087s] -- Symlinking: /home/dasunsanjaya080/ROS2_works/course_1/install/my_robot_bringup/share/ament_index/resource_index/packages/my_robot_bringup
[5.092s] -- Symlinking: /home/dasunsanjaya080/ROS2_works/course_1/install/my_robot_bringup/share/my_robot_bringup/cmake/my_robot_bringupConfig.cmake
[5.097s] -- Symlinking: /home/dasunsanjaya080/ROS2_works/course_1/install/my_robot_bringup/share/my_robot_bringup/cmake/my_robot_bringupConfig-version.cmake
[5.103s] -- Symlinking: /home/dasunsanjaya080/ROS2_works/course_1/install/my_robot_bringup/share/my_robot_bringup/package.xml
[5.110s] Invoked command in '/home/dasunsanjaya080/ROS2_works/course_1/build/my_robot_bringup' returned '0': AMENT_PREFIX_PATH=/home/dasunsanjaya080/ROS2_works/course_1/install/my_robot_description:${AMENT_PREFIX_PATH} CMAKE_PREFIX_PATH=/home/dasunsanjaya080/ROS2_works/course_1/install/my_robot_description:/home/dasunsanjaya080/ros2_ws/install/my_robot_controller:/opt/ros/humble /usr/bin/cmake --install /home/dasunsanjaya080/ROS2_works/course_1/build/my_robot_bringup
