[0.009s] Invoking command in '/home/dasunsanjaya080/ROS2_works/course_1/build/my_robot_description': CMAKE_PREFIX_PATH=${CMAKE_PREFIX_PATH}:/home/dasunsanjaya080/ros2_ws/install/my_robot_controller:/opt/ros/humble /usr/bin/cmake /home/dasunsanjaya080/ROS2_works/course_1/src/my_robot_description -DAMENT_CMAKE_SYMLINK_INSTALL=1 -DCMAKE_INSTALL_PREFIX=/home/dasunsanjaya080/ROS2_works/course_1/install/my_robot_description
[0.019s] -- Found ament_cmake: 1.3.12 (/opt/ros/humble/share/ament_cmake/cmake)
[0.104s] -- Override CMake install command with custom implementation using symlinks instead of copying resources
[0.153s] -- Configuring done
[0.154s] -- Generating done
[0.155s] -- Build files have been written to: /home/dasunsanjaya080/ROS2_works/course_1/build/my_robot_description
[0.158s] Invoked command in '/home/dasunsanjaya080/ROS2_works/course_1/build/my_robot_description' returned '0': CMAKE_PREFIX_PATH=${CMAKE_PREFIX_PATH}:/home/dasunsanjaya080/ros2_ws/install/my_robot_controller:/opt/ros/humble /usr/bin/cmake /home/dasunsanjaya080/ROS2_works/course_1/src/my_robot_description -DAMENT_CMAKE_SYMLINK_INSTALL=1 -DCMAKE_INSTALL_PREFIX=/home/dasunsanjaya080/ROS2_works/course_1/install/my_robot_description
[0.158s] Invoking command in '/home/dasunsanjaya080/ROS2_works/course_1/build/my_robot_description': CMAKE_PREFIX_PATH=${CMAKE_PREFIX_PATH}:/home/dasunsanjaya080/ros2_ws/install/my_robot_controller:/opt/ros/humble /usr/bin/cmake --build /home/dasunsanjaya080/ROS2_works/course_1/build/my_robot_description -- -j12 -l12
[0.180s] Invoked command in '/home/dasunsanjaya080/ROS2_works/course_1/build/my_robot_description' returned '0': CMAKE_PREFIX_PATH=${CMAKE_PREFIX_PATH}:/home/dasunsanjaya080/ros2_ws/install/my_robot_controller:/opt/ros/humble /usr/bin/cmake --build /home/dasunsanjaya080/ROS2_works/course_1/build/my_robot_description -- -j12 -l12
[0.186s] Invoking command in '/home/dasunsanjaya080/ROS2_works/course_1/build/my_robot_description': CMAKE_PREFIX_PATH=${CMAKE_PREFIX_PATH}:/home/dasunsanjaya080/ros2_ws/install/my_robot_controller:/opt/ros/humble /usr/bin/cmake --install /home/dasunsanjaya080/ROS2_works/course_1/build/my_robot_description
[0.190s] -- Install configuration: ""
[0.190s] -- Execute custom install script
[0.190s] -- Up-to-date symlink: /home/dasunsanjaya080/ROS2_works/course_1/install/my_robot_description/share/my_robot_description/urdf/command_properties.xacro
[0.190s] -- Up-to-date symlink: /home/dasunsanjaya080/ROS2_works/course_1/install/my_robot_description/share/my_robot_description/urdf/mobile_base.xacro
[0.191s] -- Up-to-date symlink: /home/dasunsanjaya080/ROS2_works/course_1/install/my_robot_description/share/my_robot_description/urdf/my_robot.urdf.xacro
[0.191s] -- Up-to-date symlink: /home/dasunsanjaya080/ROS2_works/course_1/install/my_robot_description/share/my_robot_description/launch/display.launch.py
[0.191s] -- Up-to-date symlink: /home/dasunsanjaya080/ROS2_works/course_1/install/my_robot_description/share/my_robot_description/launch/display.launch.xml
[0.191s] -- Up-to-date symlink: /home/dasunsanjaya080/ROS2_works/course_1/install/my_robot_description/share/my_robot_description/rviz/urdf_config.rviz
[0.191s] -- Up-to-date symlink: /home/dasunsanjaya080/ROS2_works/course_1/install/my_robot_description/share/ament_index/resource_index/package_run_dependencies/my_robot_description
[0.191s] -- Up-to-date symlink: /home/dasunsanjaya080/ROS2_works/course_1/install/my_robot_description/share/ament_index/resource_index/parent_prefix_path/my_robot_description
[0.191s] -- Up-to-date symlink: /home/dasunsanjaya080/ROS2_works/course_1/install/my_robot_description/share/my_robot_description/environment/ament_prefix_path.sh
[0.191s] -- Up-to-date symlink: /home/dasunsanjaya080/ROS2_works/course_1/install/my_robot_description/share/my_robot_description/environment/ament_prefix_path.dsv
[0.192s] -- Up-to-date symlink: /home/dasunsanjaya080/ROS2_works/course_1/install/my_robot_description/share/my_robot_description/environment/path.sh
[0.192s] -- Up-to-date symlink: /home/dasunsanjaya080/ROS2_works/course_1/install/my_robot_description/share/my_robot_description/environment/path.dsv
[0.192s] -- Up-to-date symlink: /home/dasunsanjaya080/ROS2_works/course_1/install/my_robot_description/share/my_robot_description/local_setup.bash
[0.192s] -- Up-to-date symlink: /home/dasunsanjaya080/ROS2_works/course_1/install/my_robot_description/share/my_robot_description/local_setup.sh
[0.192s] -- Up-to-date symlink: /home/dasunsanjaya080/ROS2_works/course_1/install/my_robot_description/share/my_robot_description/local_setup.zsh
[0.192s] -- Up-to-date symlink: /home/dasunsanjaya080/ROS2_works/course_1/install/my_robot_description/share/my_robot_description/local_setup.dsv
[0.192s] -- Symlinking: /home/dasunsanjaya080/ROS2_works/course_1/install/my_robot_description/share/my_robot_description/package.dsv
[0.197s] -- Up-to-date symlink: /home/dasunsanjaya080/ROS2_works/course_1/install/my_robot_description/share/ament_index/resource_index/packages/my_robot_description
[0.197s] -- Up-to-date symlink: /home/dasunsanjaya080/ROS2_works/course_1/install/my_robot_description/share/my_robot_description/cmake/my_robot_descriptionConfig.cmake
[0.197s] -- Up-to-date symlink: /home/dasunsanjaya080/ROS2_works/course_1/install/my_robot_description/share/my_robot_description/cmake/my_robot_descriptionConfig-version.cmake
[0.197s] -- Up-to-date symlink: /home/dasunsanjaya080/ROS2_works/course_1/install/my_robot_description/share/my_robot_description/package.xml
[0.198s] Invoked command in '/home/dasunsanjaya080/ROS2_works/course_1/build/my_robot_description' returned '0': CMAKE_PREFIX_PATH=${CMAKE_PREFIX_PATH}:/home/dasunsanjaya080/ros2_ws/install/my_robot_controller:/opt/ros/humble /usr/bin/cmake --install /home/dasunsanjaya080/ROS2_works/course_1/build/my_robot_description
